0.000410079956055,0,0,0,0,node1,0,topology
0.0387661457062,823296,0,1,0,node1,0,controller
0.0393459796906,397312,0,1,0,node1,1,cellSwitch
0.63320183754,294912,2490368,2,4,node2,1,cellSwitch
0.638543128967,446464,3248128,2,4,node3,1,cellSwitch
0.63493680954,1302528,1609728,2,4,node4,1,cellSwitch
0.120496034622,4730880,0,3,0,node1,3,hostCell
1.8523581028,3186688,9539584,6,12,node2,3,hostCell
1.93727898598,3870720,8597504,6,12,node3,3,hostCell
1.96248698235,4481024,10657792,6,12,node4,3,hostCell
0.113882064819,4149248,0,3,0,node1,3,hostSwitchCell
1.92633199692,3944448,9789440,6,12,node2,3,hostSwitchCell
2.01907491684,3899392,8912896,6,12,node3,3,hostSwitchCell
1.88212013245,4702208,7438336,6,12,node4,3,hostSwitchCell
0.0466649532318,4423680,0,0,0,node1,3,linkHostHostSwitch
0.0634799003601,0,1523712,0,0,node2,3,linkHostHostSwitch
0.0648560523987,0,446464,0,0,node3,3,linkHostHostSwitch
0.0630660057068,0,716800,0,0,node4,3,linkHostHostSwitch
0.0460689067841,1036288,0,0,0,node1,3,linkHostCellSwitch
0.0607678890228,0,1441792,0,0,node2,3,linkHostCellSwitch
0.0636920928955,0,843776,0,0,node3,3,linkHostCellSwitch
0.0623869895935,0,1474560,0,0,node4,3,linkHostCellSwitch
3.90998101234,1957888,761856,0,2,2,0,node1,node2,1,linkHostSwitchHostSwitch-local-remote
3.8129029274,143360,2551808,0,2,2,0,node1,node3,1,linkHostSwitchHostSwitch-local-remote
3.82062888145,1028096,1011712,0,2,2,0,node1,node4,1,linkHostSwitchHostSwitch-local-remote
7.59077000618,753664,655360,573440,2,2,2,node2,node3,1,linkHostSwitchHostSwitch-remoteX-remoteY
7.47898316383,86016,1142784,573440,2,2,2,node2,node4,1,linkHostSwitchHostSwitch-remoteX-remoteY
7.48141598701,258048,942080,372736,2,2,2,node3,node4,1,linkHostSwitchHostSwitch-remoteX-remoteY
0.901655912399,34332672,0,0,0,node1,1,start
