0.000353813171387,65519616,0,0,0,node1,0,topology
0.0867559909821,17453056,0,1,0,node1,0,controller
0.775861024857,3043328,0,9,0,node1,9,coreSwitch
6.49221086502,12369920,26566656,18,36,node2,9,coreSwitch
7.98839902878,15163392,23310336,18,36,node3,9,coreSwitch
7.1559150219,14393344,26165248,18,36,node4,9,coreSwitch
1.57167100906,10522624,0,18,0,node1,18,aggregateSwitch
13.0995321274,31879168,51920896,36,72,node2,18,aggregateSwitch
16.068901062,32837632,53981184,36,72,node3,18,aggregateSwitch
14.4541738033,32907264,52703232,36,72,node4,18,aggregateSwitch
1.59615397453,12562432,0,18,0,node1,18,edgeSwitch
13.0824530125,31453184,52027392,36,72,node2,18,edgeSwitch
16.0518128872,34451456,52269056,36,72,node3,18,edgeSwitch
14.458660841,37281792,54693888,36,72,node4,18,edgeSwitch
9.63957285881,143785984,0,108,0,node1,108,host
79.0683779716,259026944,416149504,216,432,node2,108,host
97.1199040413,280567808,414769152,216,432,node3,108,host
87.6134459972,302178304,414552064,216,432,node4,108,host
2.42701005936,13238272,0,0,0,node1,108,linkHostEdge
2.08993697166,0,9306112,0,0,node2,108,linkHostEdge
2.54267001152,0,9125888,0,0,node3,108,linkHostEdge
2.37380194664,0,9105408,0,0,node4,108,linkHostEdge
2.62659692764,9682944,0,0,0,node1,108,linkEdgeAggregate
2.15316987038,0,8925184,0,0,node2,108,linkEdgeAggregate
2.56639695168,0,10264576,0,0,node3,108,linkEdgeAggregate
2.33896207809,0,9777152,0,0,node4,108,linkEdgeAggregate
0.667379140854,3260416,0,0,0,0,0,node1,node1,27,linkAggregateCore-local-local
124.445785046,1728512,233472,0,54,54,0,node1,node2,27,linkAggregateCore-local-remote
151.869992018,2162688,3506176,0,54,54,0,node1,node3,27,linkAggregateCore-local-remote
137.378583908,856064,1748992,0,54,54,0,node1,node4,27,linkAggregateCore-local-remote
125.25880003,708608,1175552,0,54,54,0,node2,node1,27,linkAggregateCore-remote-local
0.554256916046,7376,1384448,1409024,0,0,0,node2,node2,27,linkAggregateCore-remoteX-remoteX
265.424944162,1761280,2801664,1142784,54,54,54,node2,node3,27,linkAggregateCore-remoteX-remoteY
250.932657957,1650688,2236416,2289664,54,54,54,node2,node4,27,linkAggregateCore-remoteX-remoteY
152.99770689,561152,2437120,0,54,54,0,node3,node1,27,linkAggregateCore-remote-local
266.613848925,708608,2781184,3321856,54,54,54,node3,node2,27,linkAggregateCore-remoteX-remoteY
0.678726911545,496,4042752,1859584,0,0,0,node3,node3,27,linkAggregateCore-remoteX-remoteX
279.193851948,475136,299008,2813952,54,54,54,node3,node4,27,linkAggregateCore-remoteX-remoteY
138.448752165,159744,1441792,0,54,54,0,node4,node1,27,linkAggregateCore-remote-local
252.172231913,557056,2273280,1380352,54,54,54,node4,node2,27,linkAggregateCore-remoteX-remoteY
279.974578857,1273856,1691648,1589248,54,54,54,node4,node3,27,linkAggregateCore-remoteX-remoteY
0.616268873215,5616,3305472,3465216,0,0,0,node4,node4,27,linkAggregateCore-remoteX-remoteX
4.97200894356,1253376,0,0,0,node1,1,start
