0.000348806381226,16384,0,0,0,node1,0,topology
0.0584509372711,1236992,0,1,0,node1,0,controller
0.0774490833282,61440,0,1,0,node1,1,cellSwitch
0.688802957535,176128,3268608,2,4,node2,1,cellSwitch
0.69612288475,1495040,3743744,2,4,node3,1,cellSwitch
0.694238901138,430080,3284992,2,4,node4,1,cellSwitch
0.229387998581,5316608,0,3,0,node1,3,hostCell
2.09162592888,3014656,10350592,6,12,node2,3,hostCell
2.0840139389,5029888,10371072,6,12,node3,3,hostCell
2.09277486801,5337088,11001856,6,12,node4,3,hostCell
0.231056928635,3686400,0,3,0,node1,3,hostSwitchCell
2.12153482437,4509696,8458240,6,12,node2,3,hostSwitchCell
2.12622690201,4169728,7995392,6,12,node3,3,hostSwitchCell
2.11103081703,5509120,8069120,6,12,node4,3,hostSwitchCell
0.0487179756165,3235840,0,0,0,node1,3,linkHostHostSwitch
0.0435681343079,0,479232,0,0,node2,3,linkHostHostSwitch
0.0455520153046,0,2170880,0,0,node3,3,linkHostHostSwitch
0.0435011386871,0,131072,0,0,node4,3,linkHostHostSwitch
0.0436229705811,1662976,0,0,0,node1,3,linkHostCellSwitch
0.0443539619446,0,466944,0,0,node2,3,linkHostCellSwitch
0.0410950183868,0,299008,0,0,node3,3,linkHostCellSwitch
0.038969039917,0,909312,0,0,node4,3,linkHostCellSwitch
2.11381101608,610304,1789952,0,2,2,0,node1,node2,1,linkHostSwitchHostSwitch-local-remote
2.11161780357,2465792,2248704,0,2,2,0,node1,node3,1,linkHostSwitchHostSwitch-local-remote
2.1086730957,835584,2244608,0,2,2,0,node1,node4,1,linkHostSwitchHostSwitch-local-remote
4.02998113632,966656,2416640,2383872,2,2,2,node2,node3,1,linkHostSwitchHostSwitch-remoteX-remoteY
3.99571204185,3014656,2789376,3260416,2,2,2,node2,node4,1,linkHostSwitchHostSwitch-remoteX-remoteY
4.02137184143,2203648,1183744,2056192,2,2,2,node3,node4,1,linkHostSwitchHostSwitch-remoteX-remoteY
1.00049209595,34885632,0,0,0,node1,1,start
