0.000356912612915,68083712,0,0,0,node1,0,topology
0.0737898349762,16179200,0,1,0,node1,0,controller
0.602631092072,2162688,0,9,0,node1,9,coreSwitch
6.30000400543,12894208,26824704,18,36,node2,9,coreSwitch
7.79380393028,14798848,25350144,18,36,node3,9,coreSwitch
6.23591899872,13307904,24788992,18,36,node4,9,coreSwitch
1.21366405487,11034624,0,18,0,node1,18,aggregateSwitch
12.7032670975,29667328,51044352,36,72,node2,18,aggregateSwitch
15.6668040752,31010816,52645888,36,72,node3,18,aggregateSwitch
12.4894790649,30425088,50544640,36,72,node4,18,aggregateSwitch
1.23125886917,12034048,0,18,0,node1,18,edgeSwitch
12.7562890053,32571392,51027968,36,72,node2,18,edgeSwitch
15.7243351936,31879168,53747712,36,72,node3,18,edgeSwitch
12.4715230465,34570240,54218752,36,72,node4,18,edgeSwitch
7.56305909157,146452480,0,108,0,node1,108,host
76.8343989849,246435840,415621120,216,432,node2,108,host
95.1044940948,270278656,415879168,216,432,node3,108,host
76.2009670734,287834112,414097408,216,432,node4,108,host
2.40998506546,14180352,0,0,0,node1,108,linkHostEdge
2.13008713722,0,9666560,0,0,node2,108,linkHostEdge
2.51047420502,0,8282112,0,0,node3,108,linkHostEdge
2.13749980927,0,9412608,0,0,node4,108,linkHostEdge
2.60741400719,10588160,0,0,0,node1,108,linkEdgeAggregate
2.14692616463,0,9347072,0,0,node2,108,linkEdgeAggregate
2.5150911808,0,10616832,0,0,node3,108,linkEdgeAggregate
2.08141207695,0,8536064,0,0,node4,108,linkEdgeAggregate
0.669163942337,4075520,0,0,0,0,0,node1,node1,27,linkAggregateCore-local-local
121.014663219,602112,1994752,0,54,54,0,node1,node2,27,linkAggregateCore-local-remote
148.332077026,1077248,2453504,0,54,54,0,node1,node3,27,linkAggregateCore-local-remote
119.561515093,1110016,2412544,0,54,54,0,node1,node4,27,linkAggregateCore-local-remote
121.779340982,995328,1777664,0,54,54,0,node2,node1,27,linkAggregateCore-remote-local
0.578718900681,5488,671744,1163264,0,0,0,node2,node2,27,linkAggregateCore-remoteX-remoteX
262.033224106,1527808,1265664,970752,54,54,54,node2,node3,27,linkAggregateCore-remoteX-remoteY
233.287787199,6090752,2617344,1921024,54,54,54,node2,node4,27,linkAggregateCore-remoteX-remoteY
149.146218777,45056,1957888,0,54,54,0,node3,node1,27,linkAggregateCore-remote-local
262.986755848,479232,978944,4554752,54,54,54,node3,node2,27,linkAggregateCore-remoteX-remoteY
0.668923854828,3600,884736,2928640,0,0,0,node3,node3,27,linkAggregateCore-remoteX-remoteX
261.390367985,53407744,2162688,2408448,54,54,54,node3,node4,27,linkAggregateCore-remoteX-remoteY
120.49080801,303104,1921024,0,54,54,0,node4,node1,27,linkAggregateCore-remote-local
234.836046219,630784,3436544,2387968,54,54,54,node4,node2,27,linkAggregateCore-remoteX-remoteY
262.221940994,348160,2445312,2396160,54,54,54,node4,node3,27,linkAggregateCore-remoteX-remoteY
0.545933008194,8880,3117056,2859008,0,0,0,node4,node4,27,linkAggregateCore-remoteX-remoteX
4.91588497162,643072,0,0,0,node1,1,start
