0.0003981590271,0,0,0,0,node1,0,topology
0.0433430671692,1978368,0,1,0,node1,0,controller
0.0385520458221,1056768,0,1,0,node1,1,coreSwitch
0.655324935913,188416,2846720,2,4,node2,1,coreSwitch
0.683936834335,1310720,1662976,2,4,node3,1,coreSwitch
0.632381916046,1064960,2793472,2,4,node4,1,coreSwitch
0.0808610916138,1716224,0,2,0,node1,2,aggregateSwitch
1.28473305702,2908160,3522560,4,8,node2,2,aggregateSwitch
1.28137111664,2510848,5742592,4,8,node3,2,aggregateSwitch
1.251475811,2273280,6754304,4,8,node4,2,aggregateSwitch
0.0834679603577,4415488,0,2,0,node1,2,edgeSwitch
1.31203198433,2002944,6176768,4,8,node2,2,edgeSwitch
1.28867197037,1462272,5685248,4,8,node3,2,edgeSwitch
1.32708001137,3670016,4739072,4,8,node4,2,edgeSwitch
0.158915996552,5619712,0,4,0,node1,4,host
2.55708289146,4849664,13152256,8,16,node2,4,host
2.54130291939,6176768,12742656,8,16,node3,4,host
2.5424311161,5836800,12943360,8,16,node4,4,host
0.0623729228973,5410816,0,0,0,node1,4,linkHostEdge
0.0834178924561,0,1286144,0,0,node2,4,linkHostEdge
0.0770199298859,0,573440,0,0,node3,4,linkHostEdge
0.0854909420013,0,192512,0,0,node4,4,linkHostEdge
0.0643849372864,950272,0,0,0,node1,4,linkEdgeAggregate
0.0773868560791,0,1552384,0,0,node2,4,linkEdgeAggregate
0.0806641578674,0,417792,0,0,node3,4,linkEdgeAggregate
0.0739531517029,0,548864,0,0,node4,4,linkEdgeAggregate
0.0186920166016,589824,0,0,0,0,0,node1,node1,1,linkAggregateCore-local-local
3.82087898254,1908736,499712,0,2,2,0,node1,node2,1,linkAggregateCore-local-remote
3.83253717422,274432,331776,0,2,2,0,node1,node3,1,linkAggregateCore-local-remote
3.84795689583,757760,958464,0,2,2,0,node1,node4,1,linkAggregateCore-local-remote
3.87997198105,663552,397312,0,2,2,0,node2,node1,1,linkAggregateCore-remote-local
0.0203070640564,780763,323584,1437696,0,0,0,node2,node2,1,linkAggregateCore-remoteX-remoteX
7.4280269146,225280,487424,1110016,2,2,2,node2,node3,1,linkAggregateCore-remoteX-remoteY
7.53046989441,954368,577536,409600,2,2,2,node2,node4,1,linkAggregateCore-remoteX-remoteY
3.82270288467,1208320,823296,0,2,2,0,node3,node1,1,linkAggregateCore-remote-local
7.45076084137,233472,495616,94208,2,2,2,node3,node2,1,linkAggregateCore-remoteX-remoteY
0.0210399627686,140134,438272,872448,0,0,0,node3,node3,1,linkAggregateCore-remoteX-remoteX
7.46343517303,364544,638976,856064,2,2,2,node3,node4,1,linkAggregateCore-remoteX-remoteY
3.78986287117,1413120,233472,0,2,2,0,node4,node1,1,linkAggregateCore-remote-local
7.6070420742,1224704,892928,831488,2,2,2,node4,node2,1,linkAggregateCore-remoteX-remoteY
7.51193904877,4345856,380928,356352,2,2,2,node4,node3,1,linkAggregateCore-remoteX-remoteY
0.0220191478729,246336,12288,8192,0,0,0,node4,node4,1,linkAggregateCore-remoteX-remoteX
1.11083292961,36216832,0,0,0,node1,1,start
