0.000428915023804,135168,0,0,0,node1,0,topology
0.0605809688568,3919872,0,1,0,node1,0,controller
0.211673021317,217088,0,3,0,node1,3,cellSwitch
2.11919093132,2060288,8716288,6,12,node2,3,cellSwitch
2.58952116966,5099520,9269248,6,12,node3,3,cellSwitch
2.08718681335,4669440,8261632,6,12,node4,3,cellSwitch
2.29291009903,40484864,0,33,0,node1,33,hostCell
23.3563928604,55259136,119021568,66,132,node2,33,hostCell
28.83832407,59052032,118116352,66,132,node3,33,hostCell
23.0485100746,60743680,117850112,66,132,node4,33,hostCell
2.38890194893,20926464,0,33,0,node1,33,hostSwitchCell
23.4215669632,66199552,98869248,66,132,node2,33,hostSwitchCell
28.9172861576,68722688,100364288,66,132,node3,33,hostSwitchCell
23.1375520229,71491584,99475456,66,132,node4,33,hostSwitchCell
0.685600996017,6938624,0,0,0,node1,33,linkHostHostSwitch
0.680281877518,0,3571712,0,0,node2,33,linkHostHostSwitch
0.769823074341,0,2195456,0,0,node3,33,linkHostHostSwitch
0.683123826981,0,2396160,0,0,node4,33,linkHostHostSwitch
4.95494699478,5402624,0,0,0,node1,33,linkHostCellSwitch
0.629898071289,0,2777088,0,0,node2,33,linkHostCellSwitch
0.742819786072,0,3174400,0,0,node3,33,linkHostCellSwitch
0.634392023087,0,1658880,0,0,node4,33,linkHostCellSwitch
0.0689301490784,495616,0,0,0,0,0,node1,node1,3,linkHostSwitchHostSwitch-local-local
39.0663762093,376832,1867776,0,18,18,0,node1,node2,9,linkHostSwitchHostSwitch-local-remote
47.9771668911,1064960,888832,0,18,18,0,node1,node3,9,linkHostSwitchHostSwitch-local-remote
34.2756969929,1503232,1339392,0,16,16,0,node1,node4,8,linkHostSwitchHostSwitch-local-remote
0.091689825058,0256,24576,2281472,0,0,0,node4,node4,4,linkHostSwitchHostSwitch-remoteX-remoteX
0.0636689662933,9920,1601536,1679360,0,0,0,node2,node2,3,linkHostSwitchHostSwitch-remoteX-remoteX
84.0909669399,1531904,651264,1748992,18,18,18,node2,node3,9,linkHostSwitchHostSwitch-remoteX-remoteY
74.9165570736,139264,28672,724992,18,18,18,node2,node4,9,linkHostSwitchHostSwitch-remoteX-remoteY
0.0739769935608,7744,1019904,1134592,0,0,0,node3,node3,3,linkHostSwitchHostSwitch-remoteX-remoteX
83.5830559731,1015808,1638400,2551808,18,18,18,node3,node4,9,linkHostSwitchHostSwitch-remoteX-remoteY
1.37989187241,16384,0,0,0,node1,1,start
