6.01675391197,24559616,0,4,0,node1,2,MaxiNetFrontendServer
3.57551121712,0,13176832,0,3,node2,1,MaxiNetWorker
0.728897094727,1560576,0,0,0,node1,0,topology
0.199642896652,34623488,0,2,0,node1,2,coreSwitch
0.196440935135,0,34078720,4,8,node2,2,coreSwitch
0.312711000443,2265088,0,4,0,node1,4,aggregateSwitch
0.306335926056,126976,1835008,8,16,node2,4,aggregateSwitch
0.325835943222,2129920,0,4,0,node1,4,edgeSwitch
0.309211969376,49152,1290240,8,16,node2,4,edgeSwitch
0.264665126801,8830976,0,8,0,node1,8,host
0.244923114777,16384,6270976,16,32,node2,8,host
0.372769832611,1449984,0,0,0,node1,8,linkHostEdge
0.383394956589,0,368640,0,0,node2,8,linkHostEdge
0.563357830048,1060864,0,0,0,node1,8,linkEdgeAggregate
0.546195030212,0,1007616,0,0,node2,8,linkEdgeAggregate
0.311120033264,450560,0,0,0,0,0,node1,node1,4,linkAggregateCore-local-local
1.36106705666,53248,204800,0,8,8,0,node1,node2,4,linkAggregateCore-local-remote
1.37421989441,45056,2912256,0,8,8,0,node2,node1,4,linkAggregateCore-remote-local
0.319947957993,177981,102400,389120,0,0,0,node2,node2,4,linkAggregateCore-remoteX-remoteX
6.91413879395e-06,0,0,0,0,node1,1,start
