0.000309944152832,0,0,0,0,node1,0,topology
0.035492181778,458752,0,1,0,node1,0,controller
0.0495309829712,32768,0,1,0,node1,1,cellSwitch
0.676694869995,49152,2662400,2,4,node2,1,cellSwitch
0.628538131714,1249280,2572288,2,4,node3,1,cellSwitch
0.634392023087,868352,3649536,2,4,node4,1,cellSwitch
0.139606952667,4370432,0,3,0,node1,3,hostCell
1.91617083549,3633152,10186752,6,12,node2,3,hostCell
1.93992209435,3923968,8417280,6,12,node3,3,hostCell
1.90093684196,5357568,9969664,6,12,node4,3,hostCell
0.137979030609,3244032,0,3,0,node1,3,hostSwitchCell
1.92059397697,3723264,8097792,6,12,node2,3,hostSwitchCell
1.91229295731,5181440,10104832,6,12,node3,3,hostSwitchCell
1.95182490349,3358720,7131136,6,12,node4,3,hostSwitchCell
0.0298290252686,4964352,0,0,0,node1,3,linkHostHostSwitch
0.0421879291534,0,1118208,0,0,node2,3,linkHostHostSwitch
0.0417590141296,0,1052672,0,0,node3,3,linkHostHostSwitch
0.0480830669403,0,32768,0,0,node4,3,linkHostHostSwitch
0.0372149944305,950272,0,0,0,node1,3,linkHostCellSwitch
0.0393860340118,0,102400,0,0,node2,3,linkHostCellSwitch
0.041540145874,0,1269760,0,0,node3,3,linkHostCellSwitch
0.0553979873657,0,831488,0,0,node4,3,linkHostCellSwitch
1.93152809143,225280,1409024,0,2,2,0,node1,node2,1,linkHostSwitchHostSwitch-local-remote
1.95560598373,1671168,1732608,0,2,2,0,node1,node3,1,linkHostSwitchHostSwitch-local-remote
1.99730706215,1167360,2134016,0,2,2,0,node1,node4,1,linkHostSwitchHostSwitch-local-remote
3.66732788086,806912,3608576,2584576,2,2,2,node2,node3,1,linkHostSwitchHostSwitch-remoteX-remoteY
3.71276092529,3219456,3719168,1880064,2,2,2,node2,node4,1,linkHostSwitchHostSwitch-remoteX-remoteY
3.74463510513,1544192,1822720,1572864,2,2,2,node3,node4,1,linkHostSwitchHostSwitch-remoteX-remoteY
0.881072044373,36249600,0,0,0,node1,1,start
