6.01383900642,28532736,0,4,0,node1,2,MaxiNetFrontendServer
3.57626605034,0,11816960,0,3,node2,1,MaxiNetWorker
1.03287386894,1630208,0,0,0,node1,0,topology
0.20291686058,36122624,0,2,0,node1,2,coreSwitch
0.200786113739,0,33157120,4,8,node2,2,coreSwitch
0.315620183945,2019328,0,4,0,node1,4,aggregateSwitch
0.31459903717,0,1818624,8,16,node2,4,aggregateSwitch
0.327573060989,1495040,0,4,0,node1,4,edgeSwitch
0.337543964386,16384,1830912,8,16,node2,4,edgeSwitch
0.262880086899,9465856,0,8,0,node1,8,host
0.243665933609,16384,8343552,16,32,node2,8,host
0.375881910324,1339392,0,0,0,node1,8,linkHostEdge
0.3908598423,0,1544192,0,0,node2,8,linkHostEdge
0.56813287735,450560,0,0,0,node1,8,linkEdgeAggregate
0.550920963287,0,458752,0,0,node2,8,linkEdgeAggregate
0.307661056519,466944,0,0,0,0,0,node1,node1,4,linkAggregateCore-local-local
1.41410398483,651264,1605632,0,8,8,0,node1,node2,4,linkAggregateCore-local-remote
1.36211490631,528384,741376,0,8,8,0,node2,node1,4,linkAggregateCore-remote-local
0.31699180603,177757,966656,311296,0,0,0,node2,node2,4,linkAggregateCore-remoteX-remoteX
6.91413879395e-06,0,0,0,0,node1,1,start
