6.01633501053,24555520,0,4,0,node1,2,MaxiNetFrontendServer
3.57405090332,0,13676544,0,3,node2,1,MaxiNetWorker
1.15374016762,557056,0,0,0,node1,0,topology
0.200612068176,36130816,0,2,0,node1,2,coreSwitch
0.193615913391,0,34439168,4,8,node2,2,coreSwitch
0.316058158875,1859584,0,4,0,node1,4,aggregateSwitch
0.308728933334,0,77824,8,16,node2,4,aggregateSwitch
0.328202009201,1859584,0,4,0,node1,4,edgeSwitch
0.317195892334,77824,1937408,8,16,node2,4,edgeSwitch
0.263130903244,9412608,0,8,0,node1,8,host
0.237133026123,16384,8978432,16,32,node2,8,host
0.376118898392,1806336,0,0,0,node1,8,linkHostEdge
0.383785009384,0,229376,0,0,node2,8,linkHostEdge
0.561642169952,798720,0,0,0,node1,8,linkEdgeAggregate
0.560203075409,0,999424,0,0,node2,8,linkEdgeAggregate
0.312058925629,581632,0,0,0,0,0,node1,node1,4,linkAggregateCore-local-local
1.35324788094,253952,1720320,0,8,8,0,node1,node2,4,linkAggregateCore-local-remote
1.35620093346,409600,323584,0,8,8,0,node2,node1,4,linkAggregateCore-remote-local
0.323563098907,178057,724992,221184,0,0,0,node2,node2,4,linkAggregateCore-remoteX-remoteX
6.19888305664e-06,0,0,0,0,node1,1,start
