6.01824617386,101871616,0,4,0,node1,2,MaxiNetFrontendServer
3.57739114761,0,56373248,0,3,node2,1,MaxiNetWorker
1.19979381561,12824576,0,0,0,node1,0,topology
1.80070996284,42512384,0,18,0,node1,18,coreSwitch
1.5080010891,0,42303488,36,72,node2,18,coreSwitch
4.46242690086,18804736,0,36,0,node1,36,aggregateSwitch
3.64575886726,126976,16289792,72,144,node2,36,aggregateSwitch
5.95072102547,12398592,0,36,0,node1,36,edgeSwitch
4.82780098915,253952,16449536,72,144,node2,36,edgeSwitch
8.86231589317,288980992,0,216,0,node1,216,host
8.47690296173,516096,295428096,432,864,node2,216,host
58.2183589935,26099712,0,0,0,node1,216,linkHostEdge
55.1331877708,0,22040576,0,0,node2,216,linkHostEdge
257.560137987,29892608,0,0,0,node1,216,linkEdgeAggregate
255.657057047,0,24457216,0,0,node2,216,linkEdgeAggregate
199.120670795,14704640,0,0,0,0,0,node1,node1,108,linkAggregateCore-local-local
281.0324049,14245888,8540160,0,216,216,0,node1,node2,108,linkAggregateCore-local-remote
311.968695879,13275136,7688192,0,216,216,0,node2,node1,108,linkAggregateCore-remote-local
263.350644112,169094,16625664,17117184,0,0,0,node2,node2,108,linkAggregateCore-remoteX-remoteX
8.10623168945e-06,0,0,0,0,node1,1,start
