0.000360012054443,8192,0,0,0,node1,0,topology
0.0363328456879,1032192,0,1,0,node1,0,controller
0.0374348163605,839680,0,1,0,node1,1,coreSwitch
0.670632123947,557056,10149888,2,4,node2,1,coreSwitch
0.660786867142,200704,10457088,2,4,node3,1,coreSwitch
0.617875099182,40960,1896448,2,4,node4,1,coreSwitch
0.0694189071655,4050944,0,2,0,node1,2,aggregateSwitch
1.27548098564,1122304,6172672,4,8,node2,2,aggregateSwitch
1.30701899529,3534848,4517888,4,8,node3,2,aggregateSwitch
1.30830287933,3399680,4739072,4,8,node4,2,aggregateSwitch
0.076071023941,2756608,0,2,0,node1,2,edgeSwitch
1.28186106682,1130496,5312512,4,8,node2,2,edgeSwitch
1.2672829628,3932160,5210112,4,8,node3,2,edgeSwitch
1.29070782661,2383872,5931008,4,8,node4,2,edgeSwitch
0.145009040833,6516736,0,4,0,node1,4,host
2.54293417931,4894720,13553664,8,16,node2,4,host
2.60749316216,4681728,14540800,8,16,node3,4,host
2.49887394905,7012352,12394496,8,16,node4,4,host
0.0591380596161,3174400,0,0,0,node1,4,linkHostEdge
0.0799360275269,0,360448,0,0,node2,4,linkHostEdge
0.0817959308624,0,2031616,0,0,node3,4,linkHostEdge
0.073655128479,0,372736,0,0,node4,4,linkHostEdge
0.0646598339081,1662976,0,0,0,node1,4,linkEdgeAggregate
0.0982060432434,0,200704,0,0,node2,4,linkEdgeAggregate
0.0786390304565,0,397312,0,0,node3,4,linkEdgeAggregate
0.0802919864655,0,921600,0,0,node4,4,linkEdgeAggregate
0.0195231437683,405504,0,0,0,0,0,node1,node1,1,linkAggregateCore-local-local
3.86882686615,692224,2289664,0,2,2,0,node1,node2,1,linkAggregateCore-local-remote
3.83143210411,970752,180224,0,2,2,0,node1,node3,1,linkAggregateCore-local-remote
3.78929901123,458752,9990144,0,2,2,0,node1,node4,1,linkAggregateCore-local-remote
3.8689160347,2150400,106496,0,2,2,0,node2,node1,1,linkAggregateCore-remote-local
0.0220520496368,1248,1286144,499712,0,0,0,node2,node2,1,linkAggregateCore-remoteX-remoteX
7.51443219185,901120,581632,356352,2,2,2,node2,node3,1,linkAggregateCore-remoteX-remoteY
7.4445400238,1466368,73728,421888,2,2,2,node2,node4,1,linkAggregateCore-remoteX-remoteY
3.86279201508,2412544,237568,0,2,2,0,node3,node1,1,linkAggregateCore-remote-local
7.55524492264,835584,253952,909312,2,2,2,node3,node2,1,linkAggregateCore-remoteX-remoteY
0.0221798419952,7536,548864,499712,0,0,0,node3,node3,1,linkAggregateCore-remoteX-remoteX
7.52372002602,409600,565248,319488,2,2,2,node3,node4,1,linkAggregateCore-remoteX-remoteY
3.76673793793,2662400,1388544,0,2,2,0,node4,node1,1,linkAggregateCore-remote-local
7.50800204277,647168,229376,143360,2,2,2,node4,node2,1,linkAggregateCore-remoteX-remoteY
7.47287678719,552960,237568,208896,2,2,2,node4,node3,1,linkAggregateCore-remoteX-remoteY
0.0231349468231,6864,991232,303104,0,0,0,node4,node4,1,linkAggregateCore-remoteX-remoteX
1.10968708992,35315712,0,0,0,node1,1,start
