6.01560211182,104235008,0,4,0,node1,2,MaxiNetFrontendServer
3.60961103439,0,46284800,0,3,node2,1,MaxiNetWorker
1.80305790901,13824000,0,0,0,node1,0,topology
1.80786299706,39374848,0,18,0,node1,18,coreSwitch
1.49091815948,24576,42344448,36,72,node2,18,coreSwitch
4.44978809357,18300928,0,36,0,node1,36,aggregateSwitch
3.69083809853,126976,18481152,72,144,node2,36,aggregateSwitch
5.94092798233,12738560,0,36,0,node1,36,edgeSwitch
4.89225697517,126976,19845120,72,144,node2,36,edgeSwitch
8.86862897873,292098048,0,216,0,node1,216,host
7.34908008575,110592,295325696,432,864,node2,216,host
59.6433339119,25509888,0,0,0,node1,216,linkHostEdge
44.2484769821,0,21106688,0,0,node2,216,linkHostEdge
244.67672205,32174080,0,0,0,node1,216,linkEdgeAggregate
192.81158185,0,30482432,0,0,node2,216,linkEdgeAggregate
191.791177988,30924800,0,0,0,0,0,node1,node1,108,linkAggregateCore-local-local
232.641848803,13082624,10018816,0,216,216,0,node1,node2,108,linkAggregateCore-local-remote
282.852567911,12640256,9994240,0,216,216,0,node2,node1,108,linkAggregateCore-remote-local
214.895465136,112512,19341312,19337216,0,0,0,node2,node2,108,linkAggregateCore-remoteX-remoteX
7.86781311035e-06,16384,0,0,0,node1,1,start
