6.01614713669,25030656,0,4,0,node1,2,MaxiNetFrontendServer
3.60959386826,0,12632064,0,3,node2,1,MaxiNetWorker
3.60844278336,0,13766656,0,3,node3,1,MaxiNetWorker
3.61001491547,0,13000704,0,3,node4,1,MaxiNetWorker
1.29249000549,2338816,0,0,0,node1,0,topology
0.121782064438,35336192,0,1,0,node1,1,cellSwitch
0.133453845978,0,1253376,2,4,node2,1,cellSwitch
0.13865685463,0,1441792,2,4,node3,1,cellSwitch
0.127038002014,0,31461376,2,4,node4,1,cellSwitch
0.104938983917,2744320,0,3,0,node1,3,hostCell
0.117819070816,0,2011136,6,12,node2,3,hostCell
0.112547874451,0,24576,6,12,node3,3,hostCell
0.112509965897,0,4935680,6,12,node4,3,hostCell
0.226438999176,2797568,0,3,0,node1,3,hostSwitchCell
0.246344089508,8192,561152,6,12,node2,3,hostSwitchCell
0.233721971512,0,1273856,6,12,node3,3,hostSwitchCell
0.228255033493,0,1671168,6,12,node4,3,hostSwitchCell
0.130270004272,1318912,0,0,0,node1,3,linkHostHostSwitch
0.137372016907,0,1499136,0,0,node2,3,linkHostHostSwitch
0.141204118729,0,249856,0,0,node3,3,linkHostHostSwitch
0.141566038132,0,954368,0,0,node4,3,linkHostHostSwitch
0.180289983749,1044480,0,0,0,node1,3,linkHostCellSwitch
0.175899982452,0,802816,0,0,node2,3,linkHostCellSwitch
0.187913894653,0,1667072,0,0,node3,3,linkHostCellSwitch
0.175914049149,0,86016,0,0,node4,3,linkHostCellSwitch
0.345606088638,761856,946176,0,2,2,0,node1,node2,1,linkHostSwitchHostSwitch-local-remote
0.329221010208,208896,24576,0,2,2,0,node1,node3,1,linkHostSwitchHostSwitch-local-remote
0.334115028381,413696,245760,0,2,2,0,node1,node4,1,linkHostSwitchHostSwitch-local-remote
0.321166038513,0,851968,786432,2,2,2,node2,node3,1,linkHostSwitchHostSwitch-remoteX-remoteY
0.325562000275,0,196608,2379776,2,2,2,node2,node4,1,linkHostSwitchHostSwitch-remoteX-remoteY
0.320588111877,0,1445888,356352,2,2,2,node3,node4,1,linkHostSwitchHostSwitch-remoteX-remoteY
1.09672546387e-05,0,0,0,0,node1,1,start
