6.01567101479,25821184,0,4,0,node1,2,MaxiNetFrontendServer
3.60940003395,0,16248832,0,3,node2,1,MaxiNetWorker
3.57775712013,0,13463552,0,3,node3,1,MaxiNetWorker
3.57685017586,0,14667776,0,3,node4,1,MaxiNetWorker
1.25130391121,638976,0,0,0,node1,0,topology
0.123548984528,36233216,0,1,0,node1,1,cellSwitch
0.12718296051,0,1273856,2,4,node2,1,cellSwitch
0.141727924347,0,1118208,2,4,node3,1,cellSwitch
0.114082098007,0,34357248,2,4,node4,1,cellSwitch
0.105734109879,3330048,0,3,0,node1,3,hostCell
0.110904216766,0,811008,6,12,node2,3,hostCell
0.110205888748,0,28672,6,12,node3,3,hostCell
0.0995740890503,0,3276800,6,12,node4,3,hostCell
0.223413944244,81920,0,3,0,node1,3,hostSwitchCell
0.238718032837,0,28672,6,12,node2,3,hostSwitchCell
0.240438938141,0,593920,6,12,node3,3,hostSwitchCell
0.238352060318,0,2650112,6,12,node4,3,hostSwitchCell
0.131719827652,2080768,0,0,0,node1,3,linkHostHostSwitch
0.137510061264,0,86016,0,0,node2,3,linkHostHostSwitch
0.145539045334,0,204800,0,0,node3,3,linkHostHostSwitch
0.135363101959,0,1085440,0,0,node4,3,linkHostHostSwitch
0.173973083496,237568,0,0,0,node1,3,linkHostCellSwitch
0.179000139236,0,1110016,0,0,node2,3,linkHostCellSwitch
0.177343130112,0,229376,0,0,node3,3,linkHostCellSwitch
0.181556940079,0,602112,0,0,node4,3,linkHostCellSwitch
0.328379154205,806912,503808,0,2,2,0,node1,node2,1,linkHostSwitchHostSwitch-local-remote
0.348540067673,442368,176128,0,2,2,0,node1,node3,1,linkHostSwitchHostSwitch-local-remote
0.340667963028,1523712,933888,0,2,2,0,node1,node4,1,linkHostSwitchHostSwitch-local-remote
0.319874048233,0,176128,1581056,2,2,2,node2,node3,1,linkHostSwitchHostSwitch-remoteX-remoteY
0.334134101868,16384,1552384,618496,2,2,2,node2,node4,1,linkHostSwitchHostSwitch-remoteX-remoteY
0.349851131439,0,1253376,929792,2,2,2,node3,node4,1,linkHostSwitchHostSwitch-remoteX-remoteY
1.09672546387e-05,262144,0,0,0,node1,1,start
