6.0144200325,24678400,0,4,0,node1,2,MaxiNetFrontendServer
3.60993385315,0,12484608,0,3,node2,1,MaxiNetWorker
0.865139007568,2572288,0,0,0,node1,0,topology
0.186964988708,33837056,0,2,0,node1,2,coreSwitch
0.203600883484,16384,36130816,4,8,node2,2,coreSwitch
0.303000926971,2383872,0,4,0,node1,4,aggregateSwitch
0.30016207695,0,1015808,8,16,node2,4,aggregateSwitch
0.342314004898,2510848,0,4,0,node1,4,edgeSwitch
0.325123071671,110592,2088960,8,16,node2,4,edgeSwitch
0.257500171661,8171520,0,8,0,node1,8,host
0.270068883896,16384,9699328,16,32,node2,8,host
0.392796039581,2179072,0,0,0,node1,8,linkHostEdge
0.397747993469,0,90112,0,0,node2,8,linkHostEdge
0.566469907761,606208,0,0,0,node1,8,linkEdgeAggregate
0.588036060333,0,675840,0,0,node2,8,linkEdgeAggregate
0.315418958664,180224,0,0,0,0,0,node1,node1,4,linkAggregateCore-local-local
1.34584903717,1867776,1372160,0,8,8,0,node1,node2,4,linkAggregateCore-local-remote
1.38776302338,139264,8192,0,8,8,0,node2,node1,4,linkAggregateCore-remote-local
0.332410812378,178438,552960,1433600,0,0,0,node2,node2,4,linkAggregateCore-remoteX-remoteX
6.19888305664e-06,0,0,0,0,node1,1,start
