6.01722383499,25157632,0,4,0,node1,2,MaxiNetFrontendServer
3.61154603958,0,12906496,0,3,node2,1,MaxiNetWorker
3.6089758873,0,14196736,0,3,node3,1,MaxiNetWorker
3.61066102982,0,14680064,0,3,node4,1,MaxiNetWorker
2.21384000778,20480,0,0,0,node1,0,topology
0.173557043076,35590144,0,1,0,node1,1,coreSwitch
0.136422157288,0,1429504,2,4,node2,1,coreSwitch
0.128988027573,0,712704,2,4,node3,1,coreSwitch
0.128566980362,0,35823616,2,4,node4,1,coreSwitch
0.221077919006,946176,0,2,0,node1,2,aggregateSwitch
0.159252166748,0,77824,4,8,node2,2,aggregateSwitch
0.160276889801,0,409600,4,8,node3,2,aggregateSwitch
0.146647930145,0,409600,4,8,node4,2,aggregateSwitch
0.226269006729,1081344,0,2,0,node1,2,edgeSwitch
0.173193216324,0,2596864,4,8,node2,2,edgeSwitch
0.168055057526,0,147456,4,8,node3,2,edgeSwitch
0.158802032471,0,462848,4,8,node4,2,edgeSwitch
0.218418121338,4292608,0,4,0,node1,4,host
0.14512014389,16384,618496,8,16,node2,4,host
0.14528298378,126976,843776,8,16,node3,4,host
0.144855976105,0,4853760,8,16,node4,4,host
0.241487979889,937984,0,0,0,node1,4,linkHostEdge
0.200183868408,0,708608,0,0,node2,4,linkHostEdge
0.188556194305,0,872448,0,0,node3,4,linkHostEdge
0.185943126678,0,1314816,0,0,node4,4,linkHostEdge
0.347826004028,679936,0,0,0,node1,4,linkEdgeAggregate
0.254329919815,0,765952,0,0,node2,4,linkEdgeAggregate
0.24466586113,0,831488,0,0,node3,4,linkEdgeAggregate
0.240716934204,0,176128,0,0,node4,4,linkEdgeAggregate
0.0918309688568,761856,0,0,0,0,0,node1,node1,1,linkAggregateCore-local-local
0.395927906036,614400,266240,0,2,2,0,node1,node2,1,linkAggregateCore-local-remote
0.403307914734,1839104,1232896,0,2,2,0,node1,node3,1,linkAggregateCore-local-remote
0.417021989822,221184,2314240,0,2,2,0,node1,node4,1,linkAggregateCore-local-remote
0.394697904587,1187840,684032,0,2,2,0,node2,node1,1,linkAggregateCore-remote-local
0.0702638626099,5632,724992,8192,0,0,0,node2,node2,1,linkAggregateCore-remoteX-remoteX
0.338955879211,126976,1179648,1748992,2,2,2,node2,node3,1,linkAggregateCore-remoteX-remoteY
0.351947069168,0,987136,716800,2,2,2,node2,node4,1,linkAggregateCore-remoteX-remoteY
0.398772001266,245760,892928,0,2,2,0,node3,node1,1,linkAggregateCore-remote-local
0.332122087479,0,319488,110592,2,2,2,node3,node2,1,linkAggregateCore-remoteX-remoteY
0.0701961517334,7888,1482752,655360,0,0,0,node3,node3,1,linkAggregateCore-remoteX-remoteX
0.365410089493,0,299008,876544,2,2,2,node3,node4,1,linkAggregateCore-remoteX-remoteY
0.387603998184,659456,913408,0,2,2,0,node4,node1,1,linkAggregateCore-remote-local
0.373490810394,16384,507904,200704,2,2,2,node4,node2,1,linkAggregateCore-remoteX-remoteY
0.349472999573,143360,1511424,1282048,2,2,2,node4,node3,1,linkAggregateCore-remoteX-remoteY
0.0735330581665,0,499712,581632,0,0,0,node4,node4,1,linkAggregateCore-remoteX-remoteX
1.09672546387e-05,0,0,0,0,node1,1,start
