6.01822495461,25538560,0,4,0,node1,2,MaxiNetFrontendServer
3.61096405983,0,13250560,0,3,node2,1,MaxiNetWorker
3.61114382744,0,13873152,0,3,node3,1,MaxiNetWorker
3.6110098362,0,14139392,0,3,node4,1,MaxiNetWorker
3.48170495033,364544,0,0,0,node1,0,topology
0.17279291153,35758080,0,1,0,node1,1,coreSwitch
0.137954950333,0,1835008,2,4,node2,1,coreSwitch
0.119792938232,126976,126976,2,4,node3,1,coreSwitch
0.117388963699,16384,33959936,2,4,node4,1,coreSwitch
0.219907999039,1220608,0,2,0,node1,2,aggregateSwitch
0.157921075821,0,1081344,4,8,node2,2,aggregateSwitch
0.164525985718,16384,1236992,4,8,node3,2,aggregateSwitch
0.146929979324,0,65536,4,8,node4,2,aggregateSwitch
0.225476026535,1183744,0,2,0,node1,2,edgeSwitch
0.168023824692,0,53248,4,8,node2,2,edgeSwitch
0.16465306282,126976,811008,4,8,node3,2,edgeSwitch
0.156913995743,126976,385024,4,8,node4,2,edgeSwitch
0.203989028931,4141056,0,4,0,node1,4,host
0.143927812576,8192,1900544,8,16,node2,4,host
0.160889148712,0,536576,8,16,node3,4,host
0.145914077759,0,5693440,8,16,node4,4,host
0.242958068848,348160,0,0,0,node1,4,linkHostEdge
0.188931941986,0,53248,0,0,node2,4,linkHostEdge
0.192033052444,0,237568,0,0,node3,4,linkHostEdge
0.180814981461,0,729088,0,0,node4,4,linkHostEdge
0.345324039459,1224704,0,0,0,node1,4,linkEdgeAggregate
0.253803014755,0,331776,0,0,node2,4,linkEdgeAggregate
0.270895004272,0,1667072,0,0,node3,4,linkEdgeAggregate
0.247309923172,0,1638400,0,0,node4,4,linkEdgeAggregate
0.0966231822968,409600,0,0,0,0,0,node1,node1,1,linkAggregateCore-local-local
0.394539117813,1277952,417792,0,2,2,0,node1,node2,1,linkAggregateCore-local-remote
0.407478094101,880640,86016,0,2,2,0,node1,node3,1,linkAggregateCore-local-remote
0.399112939835,172032,1601536,0,2,2,0,node1,node4,1,linkAggregateCore-local-remote
0.434537887573,114688,286720,0,2,2,0,node2,node1,1,linkAggregateCore-remote-local
0.0686450004578,3824,307200,1056768,0,0,0,node2,node2,1,linkAggregateCore-remoteX-remoteX
0.332031965256,0,425984,24576,2,2,2,node2,node3,1,linkAggregateCore-remoteX-remoteY
0.368989944458,126976,1404928,733184,2,2,2,node2,node4,1,linkAggregateCore-remoteX-remoteY
0.402662038803,524288,1372160,0,2,2,0,node3,node1,1,linkAggregateCore-remote-local
0.326241016388,0,1011712,65536,2,2,2,node3,node2,1,linkAggregateCore-remoteX-remoteY
0.0829470157623,3968,999424,2097152,0,0,0,node3,node3,1,linkAggregateCore-remoteX-remoteX
0.337702989578,32768,282624,1036288,2,2,2,node3,node4,1,linkAggregateCore-remoteX-remoteY
0.398241996765,413696,638976,0,2,2,0,node4,node1,1,linkAggregateCore-remote-local
0.34522986412,0,765952,221184,2,2,2,node4,node2,1,linkAggregateCore-remoteX-remoteY
0.369115114212,0,835584,159744,2,2,2,node4,node3,1,linkAggregateCore-remoteX-remoteY
0.0698320865631,1096,1167360,106496,0,0,0,node4,node4,1,linkAggregateCore-remoteX-remoteX
1.00135803223e-05,0,0,0,0,node1,1,start
