6.01613497734,103596032,0,4,0,node1,2,MaxiNetFrontendServer
3.57527208328,0,65089536,0,3,node2,1,MaxiNetWorker
0.926612138748,11919360,0,0,0,node1,0,topology
1.80362892151,36184064,0,18,0,node1,18,coreSwitch
1.52166199684,24576,41447424,36,72,node2,18,coreSwitch
4.46544504166,17793024,0,36,0,node1,36,aggregateSwitch
3.6293451786,0,17117184,72,144,node2,36,aggregateSwitch
5.97226810455,19365888,0,36,0,node1,36,edgeSwitch
4.98729300499,126976,19636224,72,144,node2,36,edgeSwitch
8.86766600609,292990976,0,216,0,node1,216,host
7.22078680992,245760,293015552,432,864,node2,216,host
59.628770113,24924160,0,0,0,node1,216,linkHostEdge
44.1153318882,0,21405696,0,0,node2,216,linkHostEdge
245.912872791,31715328,0,0,0,node1,216,linkEdgeAggregate
194.933349133,0,27525120,0,0,node2,216,linkEdgeAggregate
193.668245077,21487616,0,0,0,0,0,node1,node1,108,linkAggregateCore-local-local
238.513902903,12640256,11272192,0,216,216,0,node1,node2,108,linkAggregateCore-local-remote
272.413562059,12230656,11206656,0,216,216,0,node2,node1,108,linkAggregateCore-remote-local
215.893028975,12112,7421952,7413760,0,0,0,node2,node2,108,linkAggregateCore-remoteX-remoteX
7.86781311035e-06,0,0,0,0,node1,1,start
