0.000347852706909,0,0,0,0,node1,0,topology
0.0686848163605,151552,0,1,0,node1,0,controller
0.304885864258,376832,0,3,0,node1,3,cellSwitch
2.20496296883,2744320,8298496,6,12,node2,3,cellSwitch
2.70025086403,5005312,8396800,6,12,node3,3,cellSwitch
2.42950606346,5214208,7421952,6,12,node4,3,cellSwitch
3.28552103043,39972864,0,33,0,node1,33,hostCell
24.3856179714,62144512,117747712,66,132,node2,33,hostCell
29.829613924,62582784,118091776,66,132,node3,33,hostCell
26.8710780144,66269184,119738368,66,132,node4,33,hostCell
3.36818313599,17674240,0,33,0,node1,33,hostSwitchCell
24.529392004,72863744,98852864,66,132,node2,33,hostSwitchCell
29.983412981,75644928,99659776,66,132,node3,33,hostSwitchCell
27.0436019897,78336000,100032512,66,132,node4,33,hostSwitchCell
0.478895902634,5591040,0,0,0,node1,33,linkHostHostSwitch
0.498659133911,0,2924544,0,0,node2,33,linkHostHostSwitch
0.567523956299,0,3407872,0,0,node3,33,linkHostHostSwitch
0.513729095459,0,909312,0,0,node4,33,linkHostHostSwitch
2.99822616577,7528448,0,0,0,node1,33,linkHostCellSwitch
0.466423034668,0,1925120,0,0,node2,33,linkHostCellSwitch
0.552248001099,0,3620864,0,0,node3,33,linkHostCellSwitch
0.507724046707,0,2707456,0,0,node4,33,linkHostCellSwitch
0.0451321601868,790528,0,0,0,0,0,node1,node1,3,linkHostSwitchHostSwitch-local-local
20.20469594,21557248,17358848,0,18,18,0,node1,node2,9,linkHostSwitchHostSwitch-local-remote
24.5743079185,20660224,15978496,0,18,18,0,node1,node3,9,linkHostSwitchHostSwitch-local-remote
19.6789138317,19865600,14643200,0,16,16,0,node1,node4,8,linkHostSwitchHostSwitch-local-remote
0.0660519599915,65634,1048576,1245184,0,0,0,node4,node4,4,linkHostSwitchHostSwitch-remoteX-remoteX
0.0476801395416,08096,126976,536576,0,0,0,node2,node2,3,linkHostSwitchHostSwitch-remoteX-remoteX
42.0471351147,18886656,24088576,16818176,18,18,18,node2,node3,9,linkHostSwitchHostSwitch-remoteX-remoteY
39.6519360542,22179840,25579520,17338368,18,18,18,node2,node4,9,linkHostSwitchHostSwitch-remoteX-remoteY
0.0466179847717,65352,1183744,380928,0,0,0,node3,node3,3,linkHostSwitchHostSwitch-remoteX-remoteX
44.5394570827,20291584,26017792,17924096,18,18,18,node3,node4,9,linkHostSwitchHostSwitch-remoteX-remoteY
1.42782187462,204800,0,0,0,node1,1,start
