0.000335931777954,0,0,0,0,node1,0,topology
0.0537419319153,151552,0,1,0,node1,0,controller
0.0675570964813,1318912,0,1,0,node1,1,coreSwitch
0.698338985443,442368,2678784,2,4,node2,1,coreSwitch
0.69252204895,45056,3457024,2,4,node3,1,coreSwitch
0.693618059158,1835008,1990656,2,4,node4,1,coreSwitch
0.135102987289,4677632,0,2,0,node1,2,aggregateSwitch
1.38824820518,978944,3674112,4,8,node2,2,aggregateSwitch
1.3753619194,2011136,6488064,4,8,node3,2,aggregateSwitch
1.38394784927,2732032,6950912,4,8,node4,2,aggregateSwitch
0.135624885559,3821568,0,2,0,node1,2,edgeSwitch
1.41003990173,2105344,6168576,4,8,node2,2,edgeSwitch
1.40287685394,3502080,4407296,4,8,node3,2,edgeSwitch
1.40367007256,2207744,5435392,4,8,node4,2,edgeSwitch
0.267127037048,6438912,0,4,0,node1,4,host
2.74614191055,4648960,15024128,8,16,node2,4,host
2.76483011246,7372800,14434304,8,16,node3,4,host
2.7782201767,6983680,12836864,8,16,node4,4,host
0.0568158626556,4960256,0,0,0,node1,4,linkHostEdge
0.0549578666687,0,393216,0,0,node2,4,linkHostEdge
0.0567631721497,0,380928,0,0,node3,4,linkHostEdge
0.0606410503387,0,1576960,0,0,node4,4,linkHostEdge
0.0593409538269,1060864,0,0,0,node1,4,linkEdgeAggregate
0.0596649646759,0,1658880,0,0,node2,4,linkEdgeAggregate
0.0539469718933,0,1458176,0,0,node3,4,linkEdgeAggregate
0.0520679950714,0,880640,0,0,node4,4,linkEdgeAggregate
0.0154960155487,245760,0,0,0,0,0,node1,node1,1,linkAggregateCore-local-local
2.08817601204,94208,2236416,0,2,2,0,node1,node2,1,linkAggregateCore-local-remote
2.07643890381,2256896,1994752,0,2,2,0,node1,node3,1,linkAggregateCore-local-remote
2.08443808556,1642496,1208320,0,2,2,0,node1,node4,1,linkAggregateCore-local-remote
2.10403084755,675840,2174976,0,2,2,0,node2,node1,1,linkAggregateCore-remote-local
0.0198421478271,4544,172032,438272,0,0,0,node2,node2,1,linkAggregateCore-remoteX-remoteX
3.97246694565,1118208,3543040,1531904,2,2,2,node2,node3,1,linkAggregateCore-remoteX-remoteY
4.02109003067,774144,3203072,1970176,2,2,2,node2,node4,1,linkAggregateCore-remoteX-remoteY
2.07896399498,241664,1630208,0,2,2,0,node3,node1,1,linkAggregateCore-remote-local
3.96117115021,2371584,3010560,1150976,2,2,2,node3,node2,1,linkAggregateCore-remoteX-remoteY
0.0153789520264,4224,225280,225280,0,0,0,node3,node3,1,linkAggregateCore-remoteX-remoteX
3.98229312897,262144,2813952,2039808,2,2,2,node3,node4,1,linkAggregateCore-remoteX-remoteY
2.12435793877,98304,2199552,0,2,2,0,node4,node1,1,linkAggregateCore-remote-local
4.00706195831,1196032,3391488,1343488,2,2,2,node4,node2,1,linkAggregateCore-remoteX-remoteY
3.95963811874,2187264,3543040,913408,2,2,2,node4,node3,1,linkAggregateCore-remoteX-remoteY
0.0432758331299,7904,204800,544768,0,0,0,node4,node4,1,linkAggregateCore-remoteX-remoteX
1.22806501389,36347904,0,0,0,node1,1,start
