6.01758790016,26562560,0,4,0,node1,2,MaxiNetFrontendServer
3.57612705231,0,12836864,0,3,node2,1,MaxiNetWorker
1.23637700081,671744,0,0,0,node1,0,topology
0.201256990433,36163584,0,2,0,node1,2,coreSwitch
0.19678902626,0,32800768,4,8,node2,2,coreSwitch
0.317065000534,1105920,0,4,0,node1,4,aggregateSwitch
0.299190044403,0,3530752,8,16,node2,4,aggregateSwitch
0.327387094498,3207168,0,4,0,node1,4,edgeSwitch
0.329867124557,126976,2244608,8,16,node2,4,edgeSwitch
0.26347899437,8761344,0,8,0,node1,8,host
0.257391214371,16384,10055680,16,32,node2,8,host
0.374113082886,2723840,0,0,0,node1,8,linkHostEdge
0.393807888031,0,495616,0,0,node2,8,linkHostEdge
0.563856124878,212992,0,0,0,node1,8,linkEdgeAggregate
0.567080974579,0,892928,0,0,node2,8,linkEdgeAggregate
0.313875198364,450560,0,0,0,0,0,node1,node1,4,linkAggregateCore-local-local
1.37921285629,770048,585728,0,8,8,0,node1,node2,4,linkAggregateCore-local-remote
1.41535997391,376832,1040384,0,8,8,0,node2,node1,4,linkAggregateCore-remote-local
0.310883045197,177703,200704,466944,0,0,0,node2,node2,4,linkAggregateCore-remoteX-remoteX
5.96046447754e-06,0,0,0,0,node1,1,start
