6.02747511864,25006080,0,4,0,node1,2,MaxiNetFrontendServer
3.61163282394,0,13783040,0,3,node2,1,MaxiNetWorker
3.73314499855,0,13144064,0,3,node3,1,MaxiNetWorker
3.6800429821,0,14016512,0,3,node4,1,MaxiNetWorker
2.39705204964,3379200,0,0,0,node1,0,topology
0.40212392807,35274752,0,3,0,node1,3,cellSwitch
0.342607975006,73728,1507328,6,12,node2,3,cellSwitch
0.268099069595,0,1171456,6,12,node3,3,cellSwitch
0.308449029922,0,19918848,6,12,node4,3,cellSwitch
1.5791349411,39071744,0,33,0,node1,33,hostCell
1.3354549408,40960,385024,66,132,node2,33,hostCell
1.02831506729,0,86016,66,132,node3,33,hostCell
1.1818459034,126976,37470208,66,132,node4,33,hostCell
4.40776920319,450560,0,33,0,node1,33,hostSwitchCell
3.73662304878,0,507904,66,132,node2,33,hostSwitchCell
3.02962207794,0,524288,66,132,node3,33,hostSwitchCell
3.28711390495,0,13647872,66,132,node4,33,hostSwitchCell
3.5289618969,3895296,0,0,0,node1,33,linkHostHostSwitch
3.37935996056,0,405504,0,0,node2,33,linkHostHostSwitch
2.33429121971,0,1208320,0,0,node3,33,linkHostHostSwitch
2.5722990036,0,2543616,0,0,node4,33,linkHostHostSwitch
9.55909109116,4636672,0,0,0,node1,33,linkHostCellSwitch
8.77370095253,0,1179648,0,0,node2,33,linkHostCellSwitch
6.21560311317,0,319488,0,0,node3,33,linkHostCellSwitch
6.77061510086,0,2781184,0,0,node4,33,linkHostCellSwitch
1.05840682983,40960,0,0,0,0,0,node1,node1,3,linkHostSwitchHostSwitch-local-local
6.21651291847,151552,471040,0,18,18,0,node1,node2,9,linkHostSwitchHostSwitch-local-remote
5.1532959938,962560,532480,0,18,18,0,node1,node3,9,linkHostSwitchHostSwitch-local-remote
4.89962387085,483328,1425408,0,16,16,0,node1,node4,8,linkHostSwitchHostSwitch-local-remote
1.13441801071,19872,1015808,1232896,0,0,0,node4,node4,4,linkHostSwitchHostSwitch-remoteX-remoteX
1.19341087341,17760,200704,532480,0,0,0,node2,node2,3,linkHostSwitchHostSwitch-remoteX-remoteX
4.8341588974,0,241664,1261568,18,18,18,node2,node3,9,linkHostSwitchHostSwitch-remoteX-remoteY
5.03063702583,126976,778240,499712,18,18,18,node2,node4,9,linkHostSwitchHostSwitch-remoteX-remoteY
0.724644899368,55904,1277952,585728,0,0,0,node3,node3,3,linkHostSwitchHostSwitch-remoteX-remoteX
4.93052601814,16384,475136,1314816,18,18,18,node3,node4,9,linkHostSwitchHostSwitch-remoteX-remoteY
1.00135803223e-05,16384,0,0,0,node1,1,start
