0.000356912612915,0,0,0,0,node1,0,topology
0.0419631004333,212992,0,1,0,node1,0,controller
0.0408999919891,929792,0,1,0,node1,1,coreSwitch
0.68877696991,311296,2670592,2,4,node2,1,coreSwitch
0.636608123779,1368064,2899968,2,4,node3,1,coreSwitch
0.651846170425,962560,2338816,2,4,node4,1,coreSwitch
0.0870468616486,2613248,0,2,0,node1,2,aggregateSwitch
1.29926514626,1527808,4661248,4,8,node2,2,aggregateSwitch
1.26321601868,2871296,5894144,4,8,node3,2,aggregateSwitch
1.27075910568,3006464,7327744,4,8,node4,2,aggregateSwitch
0.0811419487,3440640,0,2,0,node1,2,edgeSwitch
1.2733809948,1073152,5292032,4,8,node2,2,edgeSwitch
1.2934961319,2613248,7577600,4,8,node3,2,edgeSwitch
1.27741312981,3215360,5693440,4,8,node4,2,edgeSwitch
0.160639047623,5558272,0,4,0,node1,4,host
2.61719417572,5058560,13590528,8,16,node2,4,host
2.53221678734,7610368,12591104,8,16,node3,4,host
2.57120108604,7532544,12840960,8,16,node4,4,host
0.042051076889,4042752,0,0,0,node1,4,linkHostEdge
0.0550100803375,0,274432,0,0,node2,4,linkHostEdge
0.0559439659119,0,524288,0,0,node3,4,linkHostEdge
0.0617029666901,0,585728,0,0,node4,4,linkHostEdge
0.0435199737549,1454080,0,0,0,node1,4,linkEdgeAggregate
0.0542459487915,0,258048,0,0,node2,4,linkEdgeAggregate
0.0541939735413,0,954368,0,0,node3,4,linkEdgeAggregate
0.052994966507,0,786432,0,0,node4,4,linkEdgeAggregate
0.0180909633636,1314816,0,0,0,0,0,node1,node1,1,linkAggregateCore-local-local
1.97835922241,901120,794624,0,2,2,0,node1,node2,1,linkAggregateCore-local-remote
1.94680809975,1077248,2191360,0,2,2,0,node1,node3,1,linkAggregateCore-local-remote
1.9667699337,2318336,4009984,0,2,2,0,node1,node4,1,linkAggregateCore-local-remote
1.9042699337,237568,2142208,0,2,2,0,node2,node1,1,linkAggregateCore-remote-local
0.0145461559296,245056,512000,204800,0,0,0,node2,node2,1,linkAggregateCore-remoteX-remoteX
3.79822182655,1527808,2621440,712704,2,2,2,node2,node3,1,linkAggregateCore-remoteX-remoteY
3.70417189598,1486848,4132864,1863680,2,2,2,node2,node4,1,linkAggregateCore-remoteX-remoteY
1.92774510384,335872,1429504,0,2,2,0,node3,node1,1,linkAggregateCore-remote-local
3.76573395729,1699840,2461696,1384448,2,2,2,node3,node2,1,linkAggregateCore-remoteX-remoteY
0.01411485672,591872,815104,389120,0,0,0,node3,node3,1,linkAggregateCore-remoteX-remoteX
3.67017698288,368640,2646016,2068480,2,2,2,node3,node4,1,linkAggregateCore-remoteX-remoteY
1.95648908615,1425408,1904640,0,2,2,0,node4,node1,1,linkAggregateCore-remote-local
3.79280114174,1982464,2564096,1101824,2,2,2,node4,node2,1,linkAggregateCore-remoteX-remoteY
3.69400906563,2019328,1978368,2801664,2,2,2,node4,node3,1,linkAggregateCore-remoteX-remoteY
0.0174920558929,387008,356352,917504,0,0,0,node4,node4,1,linkAggregateCore-remoteX-remoteX
1.11188220978,37326848,0,0,0,node1,1,start
