6.01926016808,25018368,0,4,0,node1,2,MaxiNetFrontendServer
3.61097693443,0,13582336,0,3,node2,1,MaxiNetWorker
3.71670794487,0,13254656,0,3,node3,1,MaxiNetWorker
3.61133909225,0,13496320,0,3,node4,1,MaxiNetWorker
1.46612501144,2064384,0,0,0,node1,0,topology
0.395963907242,19562496,0,3,0,node1,3,cellSwitch
0.341974020004,0,1052672,6,12,node2,3,cellSwitch
0.265982151031,0,827392,6,12,node3,3,cellSwitch
0.275994062424,0,36364288,6,12,node4,3,cellSwitch
1.58928585052,37724160,0,33,0,node1,33,hostCell
1.32465004921,0,995328,66,132,node2,33,hostCell
1.02235102654,0,1179648,66,132,node3,33,hostCell
1.06619381905,0,39563264,66,132,node4,33,hostCell
4.37821912766,19005440,0,33,0,node1,33,hostSwitchCell
3.71410298347,0,249856,66,132,node2,33,hostSwitchCell
3.00167512894,40960,626688,66,132,node3,33,hostSwitchCell
2.99646186829,0,5435392,66,132,node4,33,hostSwitchCell
3.45673799515,3444736,0,0,0,node1,33,linkHostHostSwitch
3.22685003281,0,2285568,0,0,node2,33,linkHostHostSwitch
2.29649281502,0,167936,0,0,node3,33,linkHostHostSwitch
2.21566200256,0,2928640,0,0,node4,33,linkHostHostSwitch
9.42661905289,4517888,0,0,0,node1,33,linkHostCellSwitch
8.87506198883,0,151552,0,0,node2,33,linkHostCellSwitch
6.12582397461,0,1200128,0,0,node3,33,linkHostCellSwitch
5.33260607719,0,2277376,0,0,node4,33,linkHostCellSwitch
1.02912902832,819200,0,0,0,0,0,node1,node1,3,linkHostSwitchHostSwitch-local-local
5.62104296684,8192,135168,0,18,18,0,node1,node2,9,linkHostSwitchHostSwitch-local-remote
5.37655806541,786432,1368064,0,18,18,0,node1,node3,9,linkHostSwitchHostSwitch-local-remote
4.75883197784,16384,2674688,0,16,16,0,node1,node4,8,linkHostSwitchHostSwitch-local-remote
0.903829097748,9344,1433600,1085440,0,0,0,node4,node4,4,linkHostSwitchHostSwitch-remoteX-remoteX
0.926691055298,2992,1531904,405504,0,0,0,node2,node2,3,linkHostSwitchHostSwitch-remoteX-remoteX
5.43633794785,0,532480,1003520,18,18,18,node2,node3,9,linkHostSwitchHostSwitch-remoteX-remoteY
5.10431790352,16384,1040384,741376,18,18,18,node2,node4,9,linkHostSwitchHostSwitch-remoteX-remoteY
0.696405887604,3568,1552384,1019904,0,0,0,node3,node3,3,linkHostSwitchHostSwitch-remoteX-remoteX
4.51345705986,0,1204224,589824,18,18,18,node3,node4,9,linkHostSwitchHostSwitch-remoteX-remoteY
1.00135803223e-05,65536,0,0,0,node1,1,start
