6.02136707306,101683200,0,4,0,node1,2,MaxiNetFrontendServer
3.6775021553,0,56680448,0,3,node2,1,MaxiNetWorker
0.816169977188,14233600,0,0,0,node1,0,topology
1.80369400978,36306944,0,18,0,node1,18,coreSwitch
1.72638702393,8192,42545152,36,72,node2,18,coreSwitch
4.487377882,19144704,0,36,0,node1,36,aggregateSwitch
4.26638698578,16384,16764928,72,144,node2,36,aggregateSwitch
5.94227409363,18747392,0,36,0,node1,36,edgeSwitch
5.85591983795,126976,17813504,72,144,node2,36,edgeSwitch
8.87297105789,289320960,0,216,0,node1,216,host
8.45207095146,110592,295067648,432,864,node2,216,host
59.1544840336,26083328,0,0,0,node1,216,linkHostEdge
56.8048009872,0,12509184,0,0,node2,216,linkHostEdge
253.551396847,29175808,0,0,0,node1,216,linkEdgeAggregate
254.349793911,0,26529792,0,0,node2,216,linkEdgeAggregate
197.466639042,22306816,0,0,0,0,0,node1,node1,108,linkAggregateCore-local-local
285.415663004,12754944,9023488,0,216,216,0,node1,node2,108,linkAggregateCore-local-remote
307.559943914,1814528,10051584,0,216,216,0,node2,node1,108,linkAggregateCore-remote-local
286.004848003,68634,16277504,17870848,0,0,0,node2,node2,108,linkAggregateCore-remoteX-remoteX
7.86781311035e-06,0,0,0,0,node1,1,start
