0.00036096572876,66961408,0,0,0,node1,0,topology
0.0890200138092,16318464,0,1,0,node1,0,controller
0.830717086792,2535424,0,9,0,node1,9,coreSwitch
6.59577298164,12369920,25890816,18,36,node2,9,coreSwitch
8.07029008865,15880192,23719936,18,36,node3,9,coreSwitch
7.27308702469,15290368,25440256,18,36,node4,9,coreSwitch
1.6785159111,11808768,0,18,0,node1,18,aggregateSwitch
13.1730308533,30834688,50425856,36,72,node2,18,aggregateSwitch
16.1264710426,33837056,52899840,36,72,node3,18,aggregateSwitch
14.567387104,32899072,51380224,36,72,node4,18,aggregateSwitch
1.67135810852,11747328,0,18,0,node1,18,edgeSwitch
13.1755981445,33337344,52367360,36,72,node2,18,edgeSwitch
16.2239022255,35848192,54300672,36,72,node3,18,edgeSwitch
14.5864531994,34754560,52191232,36,72,node4,18,edgeSwitch
10.2541539669,144875520,0,108,0,node1,108,host
79.5739159584,264077312,414154752,216,432,node2,108,host
97.7615499496,284991488,413999104,216,432,node3,108,host
88.2887179852,307195904,415657984,216,432,node4,108,host
2.41851496696,11714560,0,0,0,node1,108,linkHostEdge
2.10795092583,0,9617408,0,0,node2,108,linkHostEdge
2.54277801514,0,9302016,0,0,node3,108,linkHostEdge
2.31301307678,0,9940992,0,0,node4,108,linkHostEdge
2.64767098427,11464704,0,0,0,node1,108,linkEdgeAggregate
2.18084788322,0,8269824,0,0,node2,108,linkEdgeAggregate
2.57895302773,0,8888320,0,0,node3,108,linkEdgeAggregate
2.35767889023,0,9043968,0,0,node4,108,linkEdgeAggregate
0.660533189774,1781760,0,0,0,0,0,node1,node1,27,linkAggregateCore-local-local
125.095824957,61440,2355200,0,54,54,0,node1,node2,27,linkAggregateCore-local-remote
152.83121419,24576,2375680,0,54,54,0,node1,node3,27,linkAggregateCore-local-remote
138.181332111,929792,4730880,0,54,54,0,node1,node4,27,linkAggregateCore-local-remote
125.953092098,712704,2732032,0,54,54,0,node2,node1,27,linkAggregateCore-remote-local
0.564564943314,9056,1949696,1900544,0,0,0,node2,node2,27,linkAggregateCore-remoteX-remoteX
266.390309095,393216,2084864,1163264,54,54,54,node2,node3,27,linkAggregateCore-remoteX-remoteY
251.619128942,245760,1748992,2772992,54,54,54,node2,node4,27,linkAggregateCore-remoteX-remoteY
153.582421064,1654784,684032,0,54,54,0,node3,node1,27,linkAggregateCore-remote-local
267.513267994,618496,1622016,2699264,54,54,54,node3,node2,27,linkAggregateCore-remoteX-remoteY
0.669188976288,4320,2105344,1581056,0,0,0,node3,node3,27,linkAggregateCore-remoteX-remoteX
280.01446414,1392640,1728512,3645440,54,54,54,node3,node4,27,linkAggregateCore-remoteX-remoteY
139.141921043,905216,2502656,0,54,54,0,node4,node1,27,linkAggregateCore-remote-local
253.221559048,1060864,585728,1896448,54,54,54,node4,node2,27,linkAggregateCore-remoteX-remoteY
281.083278894,860160,2203648,2248704,54,54,54,node4,node3,27,linkAggregateCore-remoteX-remoteY
0.616739034653,7968,2191360,1859584,0,0,0,node4,node4,27,linkAggregateCore-remoteX-remoteX
4.82794904709,897024,0,0,0,node1,1,start
