6.01704192162,100220928,0,4,0,node1,2,MaxiNetFrontendServer
3.67744421959,0,54968320,0,3,node2,1,MaxiNetWorker
1.06352806091,14913536,0,0,0,node1,0,topology
1.8029859066,45096960,0,18,0,node1,18,coreSwitch
1.72749304771,110592,42012672,36,72,node2,18,coreSwitch
4.47554802895,17596416,0,36,0,node1,36,aggregateSwitch
4.27655982971,16384,16961536,72,144,node2,36,aggregateSwitch
5.95419692993,14245888,0,36,0,node1,36,edgeSwitch
5.87643408775,0,8925184,72,144,node2,36,edgeSwitch
8.89135289192,286896128,0,216,0,node1,216,host
8.4485180378,16384,295092224,432,864,node2,216,host
59.5602200031,24723456,0,0,0,node1,216,linkHostEdge
55.8997700214,0,20979712,0,0,node2,216,linkHostEdge
259.114236116,29929472,0,0,0,node1,216,linkEdgeAggregate
254.210811138,0,28516352,0,0,node2,216,linkEdgeAggregate
201.728315115,20140032,0,0,0,0,0,node1,node1,108,linkAggregateCore-local-local
280.456315994,11517952,1007616,0,216,216,0,node1,node2,108,linkAggregateCore-local-remote
309.467886925,13139968,9289728,0,216,216,0,node2,node1,108,linkAggregateCore-remote-local
287.412703037,105536,17686528,20393984,0,0,0,node2,node2,108,linkAggregateCore-remoteX-remoteX
7.86781311035e-06,0,0,0,0,node1,1,start
