0.000317811965942,25022464,0,0,0,node1,0,topology
0.0500569343567,16596992,0,1,0,node1,0,controller
0.311230897903,3215360,0,9,0,node1,9,coreSwitch
5.64240312576,11751424,24862720,18,36,node2,9,coreSwitch
5.77159309387,14290944,26939392,18,36,node3,9,coreSwitch
5.73031687737,12378112,26718208,18,36,node4,9,coreSwitch
0.658463001251,11644928,0,18,0,node1,18,aggregateSwitch
11.496997118,28377088,50475008,36,72,node2,18,aggregateSwitch
11.4324150085,29851648,51945472,36,72,node3,18,aggregateSwitch
11.4055659771,32014336,50442240,36,72,node4,18,aggregateSwitch
0.671172857285,11649024,0,18,0,node1,18,edgeSwitch
11.2358520031,29925376,53256192,36,72,node2,18,edgeSwitch
11.2537250519,33497088,60641280,36,72,node3,18,edgeSwitch
11.426347971,33865728,61165568,36,72,node4,18,edgeSwitch
4.06767392159,143794176,0,108,0,node1,108,host
68.6695690155,248061952,418607104,216,432,node2,108,host
68.8065199852,259788800,411688960,216,432,node3,108,host
69.0157279968,281505792,410284032,216,432,node4,108,host
1.63550305367,13516800,0,0,0,node1,108,linkHostEdge
2.09627008438,0,10141696,0,0,node2,108,linkHostEdge
2.12715601921,0,9072640,0,0,node3,108,linkHostEdge
2.0864508152,0,9469952,0,0,node4,108,linkHostEdge
1.83248090744,12066816,0,0,0,node1,108,linkEdgeAggregate
2.06570219994,0,11010048,0,0,node2,108,linkEdgeAggregate
2.09065508842,0,12222464,0,0,node3,108,linkEdgeAggregate
2.08928179741,0,9895936,0,0,node4,108,linkEdgeAggregate
0.481086969376,2682880,0,0,0,0,0,node1,node1,27,linkAggregateCore-local-local
105.461436033,8294400,11599872,0,54,54,0,node1,node2,27,linkAggregateCore-local-remote
105.602551937,2416640,11558912,0,54,54,0,node1,node3,27,linkAggregateCore-local-remote
105.302786112,1204224,11800576,0,54,54,0,node1,node4,27,linkAggregateCore-local-remote
105.521608829,1130496,1990656,0,54,54,0,node2,node1,27,linkAggregateCore-remote-local
0.549115180969,976,3174400,11489280,0,0,0,node2,node2,27,linkAggregateCore-remoteX-remoteX
207.916445017,593920,339968,12091392,54,54,54,node2,node3,27,linkAggregateCore-remoteX-remoteY
207.9710989,966656,3305472,12087296,54,54,54,node2,node4,27,linkAggregateCore-remoteX-remoteY
105.815499067,577536,3772416,0,54,54,0,node3,node1,27,linkAggregateCore-remote-local
208.711177826,9191424,2629632,11915264,54,54,54,node3,node2,27,linkAggregateCore-remoteX-remoteY
0.543351888657,6608,3059712,2445312,0,0,0,node3,node3,27,linkAggregateCore-remoteX-remoteX
208.875007153,851968,9056256,3588096,54,54,54,node3,node4,27,linkAggregateCore-remoteX-remoteY
106.099591017,516096,2093056,0,54,54,0,node4,node1,27,linkAggregateCore-remote-local
209.242519855,1540096,10518528,3551232,54,54,54,node4,node2,27,linkAggregateCore-remoteX-remoteY
209.41236496,0,2854912,1650688,54,54,54,node4,node3,27,linkAggregateCore-remoteX-remoteY
0.569526910782,504,1372160,2064384,0,0,0,node4,node4,27,linkAggregateCore-remoteX-remoteX
4.67225813866,1273856,0,0,0,node1,1,start
