0.000375986099243,0,0,0,0,node1,0,topology
0.0565390586853,921600,0,1,0,node1,0,controller
0.0762741565704,942080,0,1,0,node1,1,cellSwitch
0.705757856369,212992,2002944,2,4,node2,1,cellSwitch
0.702061891556,684032,2183168,2,4,node3,1,cellSwitch
0.709941148758,937984,1994752,2,4,node4,1,cellSwitch
0.227612018585,4751360,0,3,0,node1,3,hostCell
2.11398816109,3829760,12447744,6,12,node2,3,hostCell
2.09507703781,4210688,10473472,6,12,node3,3,hostCell
2.10131001472,5050368,9281536,6,12,node4,3,hostCell
0.229546070099,3751936,0,3,0,node1,3,hostSwitchCell
2.12397098541,3985408,7479296,6,12,node2,3,hostSwitchCell
2.12176394463,4718592,7876608,6,12,node3,3,hostSwitchCell
2.1062040329,5640192,9887744,6,12,node4,3,hostSwitchCell
0.0608239173889,3772416,0,0,0,node1,3,linkHostHostSwitch
0.0638058185577,0,151552,0,0,node2,3,linkHostHostSwitch
0.0625369548798,0,413696,0,0,node3,3,linkHostHostSwitch
0.061635017395,0,393216,0,0,node4,3,linkHostHostSwitch
0.0632739067078,905216,0,0,0,node1,3,linkHostCellSwitch
0.0583739280701,0,155648,0,0,node2,3,linkHostCellSwitch
0.0610389709473,0,700416,0,0,node3,3,linkHostCellSwitch
0.0591099262238,0,2351104,0,0,node4,3,linkHostCellSwitch
4.26394701004,2650112,241664,0,2,2,0,node1,node2,1,linkHostSwitchHostSwitch-local-remote
4.22142601013,1093632,1490944,0,2,2,0,node1,node3,1,linkHostSwitchHostSwitch-local-remote
4.23212599754,581632,1429504,0,2,2,0,node1,node4,1,linkHostSwitchHostSwitch-local-remote
8.13956189156,270336,4096,987136,2,2,2,node2,node3,1,linkHostSwitchHostSwitch-remoteX-remoteY
8.15906500816,303104,397312,626688,2,2,2,node2,node4,1,linkHostSwitchHostSwitch-remoteX-remoteY
8.12803411484,946176,106496,143360,2,2,2,node3,node4,1,linkHostSwitchHostSwitch-remoteX-remoteY
0.990663051605,33931264,0,0,0,node1,1,start
