6.01929211617,24793088,0,4,0,node1,2,MaxiNetFrontendServer
3.61109399796,0,14168064,0,3,node2,1,MaxiNetWorker
3.61091113091,0,14053376,0,3,node3,1,MaxiNetWorker
3.57864403725,0,13897728,0,3,node4,1,MaxiNetWorker
2.53663492203,708608,0,0,0,node1,0,topology
0.177872896194,34996224,0,1,0,node1,1,cellSwitch
0.135293006897,126976,12288,2,4,node2,1,cellSwitch
0.130495071411,0,81920,2,4,node3,1,cellSwitch
0.121784925461,0,34160640,2,4,node4,1,cellSwitch
0.160972833633,4599808,0,3,0,node1,3,hostCell
0.118358850479,0,999424,6,12,node2,3,hostCell
0.116204023361,0,102400,6,12,node3,3,hostCell
0.104907035828,0,4165632,6,12,node4,3,hostCell
0.338517904282,1630208,0,3,0,node1,3,hostSwitchCell
0.237414121628,0,335872,6,12,node2,3,hostSwitchCell
0.230686903,0,1318912,6,12,node3,3,hostSwitchCell
0.224884033203,0,1593344,6,12,node4,3,hostSwitchCell
0.179324865341,471040,0,0,0,node1,3,linkHostHostSwitch
0.136653184891,0,778240,0,0,node2,3,linkHostHostSwitch
0.135520935059,0,487424,0,0,node3,3,linkHostHostSwitch
0.131613969803,0,327680,0,0,node4,3,linkHostHostSwitch
0.252022027969,507904,0,0,0,node1,3,linkHostCellSwitch
0.181808948517,0,638976,0,0,node2,3,linkHostCellSwitch
0.184325933456,0,1388544,0,0,node3,3,linkHostCellSwitch
0.184998989105,0,344064,0,0,node4,3,linkHostCellSwitch
0.408241987228,126976,548864,0,2,2,0,node1,node2,1,linkHostSwitchHostSwitch-local-remote
0.409962892532,81920,409600,0,2,2,0,node1,node3,1,linkHostSwitchHostSwitch-local-remote
0.383905172348,667648,40960,0,2,2,0,node1,node4,1,linkHostSwitchHostSwitch-local-remote
0.337437868118,0,1646592,847872,2,2,2,node2,node3,1,linkHostSwitchHostSwitch-remoteX-remoteY
0.326772928238,126976,483328,1835008,2,2,2,node2,node4,1,linkHostSwitchHostSwitch-remoteX-remoteY
0.342141151428,0,790528,778240,2,2,2,node3,node4,1,linkHostSwitchHostSwitch-remoteX-remoteY
1.00135803223e-05,0,0,0,0,node1,1,start
