0.0063099861145,389120,0,0,0,node1,0,topology
0.05206990242,946176,0,1,0,node1,0,controller
0.338248968124,11472896,0,9,0,node1,9,coreSwitch
5.69752192497,14348288,29147136,18,36,node2,9,coreSwitch
5.71008396149,14938112,29081600,18,36,node3,9,coreSwitch
5.77337193489,14921728,29073408,18,36,node4,9,coreSwitch
0.629405021667,12042240,0,18,0,node1,18,aggregateSwitch
11.2117469311,29433856,53108736,36,72,node2,18,aggregateSwitch
11.3867359161,32407552,53743616,36,72,node3,18,aggregateSwitch
11.3625469208,32292864,55377920,36,72,node4,18,aggregateSwitch
0.625196933746,11743232,0,18,0,node1,18,edgeSwitch
11.4206600189,31264768,55492608,36,72,node2,18,edgeSwitch
11.3978478909,34648064,54956032,36,72,node3,18,edgeSwitch
11.4051389694,35491840,55328768,36,72,node4,18,edgeSwitch
3.79415798187,156798976,0,108,0,node1,108,host
67.8885040283,241623040,428363776,216,432,node2,108,host
68.4676139355,261779456,430092288,216,432,node3,108,host
68.7597990036,282005504,429559808,216,432,node4,108,host
1.19177603722,21278720,0,0,0,node1,108,linkHostEdge
1.56184887886,0,16474112,0,0,node2,108,linkHostEdge
1.51860117912,0,14553088,0,0,node3,108,linkHostEdge
1.52148199081,0,14307328,0,0,node4,108,linkHostEdge
1.46024012566,21934080,0,0,0,node1,108,linkEdgeAggregate
1.54458999634,0,17907712,0,0,node2,108,linkEdgeAggregate
1.52377200127,0,16863232,0,0,node3,108,linkEdgeAggregate
1.55679702759,0,19075072,0,0,node4,108,linkEdgeAggregate
0.356441020966,5435392,0,0,0,0,0,node1,node1,27,linkAggregateCore-local-local
52.3342528343,72650752,53624832,0,54,54,0,node1,node2,27,linkAggregateCore-local-remote
52.4028258324,78852096,53272576,0,54,54,0,node1,node3,27,linkAggregateCore-local-remote
52.4014058113,77201408,52748288,0,54,54,0,node1,node4,27,linkAggregateCore-local-remote
52.8069028854,75755520,52908032,0,54,54,0,node2,node1,27,linkAggregateCore-remote-local
0.382544994354,352,4812800,6074368,0,0,0,node2,node2,27,linkAggregateCore-remoteX-remoteX
102.031940937,76288000,86257664,54788096,54,54,54,node2,node3,27,linkAggregateCore-remoteX-remoteY
101.955287933,76345344,80715776,54587392,54,54,54,node2,node4,27,linkAggregateCore-remoteX-remoteY
52.5993590355,75911168,52977664,0,54,54,0,node3,node1,27,linkAggregateCore-remote-local
102.782320023,76455936,89600000,53714944,54,54,54,node3,node2,27,linkAggregateCore-remoteX-remoteY
0.39056801796,688,5120000,5406720,0,0,0,node3,node3,27,linkAggregateCore-remoteX-remoteX
101.949627161,75907072,78012416,52957184,54,54,54,node3,node4,27,linkAggregateCore-remoteX-remoteY
52.9408099651,77180928,63422464,0,54,54,0,node4,node1,27,linkAggregateCore-remote-local
102.474848986,75673600,80072704,55660544,54,54,54,node4,node2,27,linkAggregateCore-remoteX-remoteY
102.977381945,76578816,79429632,54521856,54,54,54,node4,node3,27,linkAggregateCore-remoteX-remoteY
0.390468120575,408,5578752,5898240,0,0,0,node4,node4,27,linkAggregateCore-remoteX-remoteX
4.82839488983,1376256,0,0,0,node1,1,start
