6.017359972,24301568,0,4,0,node1,2,MaxiNetFrontendServer
3.64747309685,0,13664256,0,3,node2,1,MaxiNetWorker
3.61078500748,0,13107200,0,3,node3,1,MaxiNetWorker
3.61240005493,0,13336576,0,3,node4,1,MaxiNetWorker
1.38103795052,1511424,0,0,0,node1,0,topology
0.173686981201,35278848,0,1,0,node1,1,cellSwitch
0.141793012619,0,1683456,2,4,node2,1,cellSwitch
0.133077859879,0,389120,2,4,node3,1,cellSwitch
0.115965127945,0,32210944,2,4,node4,1,cellSwitch
0.156339883804,4218880,0,3,0,node1,3,hostCell
0.120731115341,0,286720,6,12,node2,3,hostCell
0.121598958969,0,585728,6,12,node3,3,hostCell
0.114082098007,0,3117056,6,12,node4,3,hostCell
0.334259033203,1183744,0,3,0,node1,3,hostSwitchCell
0.229970932007,24576,135168,6,12,node2,3,hostSwitchCell
0.236171007156,0,409600,6,12,node3,3,hostSwitchCell
0.230767965317,0,1785856,6,12,node4,3,hostSwitchCell
0.175581932068,270336,0,0,0,node1,3,linkHostHostSwitch
0.139196872711,0,712704,0,0,node2,3,linkHostHostSwitch
0.138744115829,0,1024000,0,0,node3,3,linkHostHostSwitch
0.132401943207,0,724992,0,0,node4,3,linkHostHostSwitch
0.251384973526,1622016,0,0,0,node1,3,linkHostCellSwitch
0.180716991425,0,843776,0,0,node2,3,linkHostCellSwitch
0.182386159897,0,94208,0,0,node3,3,linkHostCellSwitch
0.184897899628,0,811008,0,0,node4,3,linkHostCellSwitch
0.403096199036,286720,421888,0,2,2,0,node1,node2,1,linkHostSwitchHostSwitch-local-remote
0.392141819,270336,192512,0,2,2,0,node1,node3,1,linkHostSwitchHostSwitch-local-remote
0.404629945755,0,1429504,0,2,2,0,node1,node4,1,linkHostSwitchHostSwitch-local-remote
0.324033021927,32768,1196032,720896,2,2,2,node2,node3,1,linkHostSwitchHostSwitch-remoteX-remoteY
0.344161987305,0,1216512,73728,2,2,2,node2,node4,1,linkHostSwitchHostSwitch-remoteX-remoteY
0.336875915527,0,389120,339968,2,2,2,node3,node4,1,linkHostSwitchHostSwitch-remoteX-remoteY
1.00135803223e-05,0,0,0,0,node1,1,start
