0.000216007232666,16384,0,0,0,node1,0,topology
0.0327479839325,991232,0,1,0,node1,0,controller
0.0381810665131,970752,0,1,0,node1,1,coreSwitch
0.631060123444,53248,3264512,2,4,node2,1,coreSwitch
0.670304059982,1708032,2150400,2,4,node3,1,coreSwitch
0.635350942612,819200,3416064,2,4,node4,1,coreSwitch
0.0851950645447,2289664,0,2,0,node1,2,aggregateSwitch
1.24751710892,1544192,3842048,4,8,node2,2,aggregateSwitch
1.3110101223,2703360,5718016,4,8,node3,2,aggregateSwitch
1.2792160511,4403200,5918720,4,8,node4,2,aggregateSwitch
0.0811989307404,2695168,0,2,0,node1,2,edgeSwitch
1.29118680954,2236416,5525504,4,8,node2,2,edgeSwitch
1.30373692513,2252800,5021696,4,8,node3,2,edgeSwitch
1.29942989349,2334720,5050368,4,8,node4,2,edgeSwitch
0.175362825394,6148096,0,4,0,node1,4,host
2.58544707298,5509120,14360576,8,16,node2,4,host
2.60751008987,6082560,12750848,8,16,node3,4,host
2.64613199234,7901184,13148160,8,16,node4,4,host
0.043251991272,4988928,0,0,0,node1,4,linkHostEdge
0.0527219772339,0,1449984,0,0,node2,4,linkHostEdge
0.0546550750732,0,286720,0,0,node3,4,linkHostEdge
0.0582149028778,0,1220608,0,0,node4,4,linkHostEdge
0.0483710765839,3063808,0,0,0,node1,4,linkEdgeAggregate
0.0548069477081,0,577536,0,0,node2,4,linkEdgeAggregate
0.0520870685577,0,262144,0,0,node3,4,linkEdgeAggregate
0.0584359169006,0,720896,0,0,node4,4,linkEdgeAggregate
0.0173668861389,1175552,0,0,0,0,0,node1,node1,1,linkAggregateCore-local-local
1.9039080143,827392,1802240,0,2,2,0,node1,node2,1,linkAggregateCore-local-remote
1.96979379654,1155072,4345856,0,2,2,0,node1,node3,1,linkAggregateCore-local-remote
1.965457201,1658880,1343488,0,2,2,0,node1,node4,1,linkAggregateCore-local-remote
2.01008796692,880640,1744896,0,2,2,0,node2,node1,1,linkAggregateCore-remote-local
0.0219020843506,779744,274432,540672,0,0,0,node2,node2,1,linkAggregateCore-remoteX-remoteX
3.73351597786,909312,1667072,48824320,2,2,2,node2,node3,1,linkAggregateCore-remoteX-remoteY
3.74059915543,1032192,2539520,1437696,2,2,2,node2,node4,1,linkAggregateCore-remoteX-remoteY
1.90159296989,319488,4313088,0,2,2,0,node3,node1,1,linkAggregateCore-remote-local
3.71702003479,1064960,1474560,2138112,2,2,2,node3,node2,1,linkAggregateCore-remoteX-remoteY
0.0127468109131,262316,1445888,16384,0,0,0,node3,node3,1,linkAggregateCore-remoteX-remoteX
3.69240283966,2002944,2707456,1949696,2,2,2,node3,node4,1,linkAggregateCore-remoteX-remoteY
1.88537287712,1306624,2117632,0,2,2,0,node4,node1,1,linkAggregateCore-remote-local
3.72687196732,2482176,3534848,1966080,2,2,2,node4,node2,1,linkAggregateCore-remoteX-remoteY
3.7736749649,466944,2007040,430080,2,2,2,node4,node3,1,linkAggregateCore-remoteX-remoteY
0.0187549591064,785180,819200,1101824,0,0,0,node4,node4,1,linkAggregateCore-remoteX-remoteX
1.11206483841,34689024,0,0,0,node1,1,start
