0.000339984893799,0,0,0,0,node1,0,topology
0.0584099292755,339968,0,1,0,node1,0,controller
0.716693162918,3170304,0,9,0,node1,9,coreSwitch
6.45187091827,11997184,25894912,18,36,node2,9,coreSwitch
7.91872310638,15949824,26374144,18,36,node3,9,coreSwitch
6.2800359726,15503360,25108480,18,36,node4,9,coreSwitch
1.44886994362,12001280,0,18,0,node1,18,aggregateSwitch
12.9312460423,29884416,50974720,36,72,node2,18,aggregateSwitch
15.9471590519,32018432,53112832,36,72,node3,18,aggregateSwitch
12.7012071609,33247232,52465664,36,72,node4,18,aggregateSwitch
1.45597410202,10977280,0,18,0,node1,18,edgeSwitch
12.9134891033,32141312,53350400,36,72,node2,18,edgeSwitch
15.9113168716,35688448,54079488,36,72,node3,18,edgeSwitch
12.7393949032,37371904,52670464,36,72,node4,18,edgeSwitch
8.86562609673,150327296,0,108,0,node1,108,host
78.1969120502,254828544,420687872,216,432,node2,108,host
96.3472731113,278331392,422133760,216,432,node3,108,host
77.4349989891,300478464,661315584,216,432,node4,108,host
1.6938700676,11567104,0,0,0,node1,108,linkHostEdge
1.48381590843,0,10752000,0,0,node2,108,linkHostEdge
1.8049890995,0,8638464,0,0,node3,108,linkHostEdge
1.49421310425,0,8671232,0,0,node4,108,linkHostEdge
2.00459885597,11853824,0,0,0,node1,108,linkEdgeAggregate
1.57585096359,0,10072064,0,0,node2,108,linkEdgeAggregate
1.89718389511,0,9572352,0,0,node3,108,linkEdgeAggregate
1.53476214409,0,9134080,0,0,node4,108,linkEdgeAggregate
0.485325813293,1953792,0,0,0,0,0,node1,node1,27,linkAggregateCore-local-local
60.9314899445,76451840,51089408,0,54,54,0,node1,node2,27,linkAggregateCore-local-remote
74.5725848675,81764352,51388416,0,54,54,0,node1,node3,27,linkAggregateCore-local-remote
60.2961909771,79319040,51019776,0,54,54,0,node1,node4,27,linkAggregateCore-local-remote
61.2499978542,78786560,52031488,0,54,54,0,node2,node1,27,linkAggregateCore-remote-local
0.393546104431,55456,2424832,4456448,0,0,0,node2,node2,27,linkAggregateCore-remoteX-remoteX
128.573647022,79843328,78942208,52228096,54,54,54,node2,node3,27,linkAggregateCore-remoteX-remoteY
114.389398098,79732736,79478784,52318208,54,54,54,node2,node4,27,linkAggregateCore-remoteX-remoteY
74.8723340034,79294464,52363264,0,54,54,0,node3,node1,27,linkAggregateCore-remote-local
130.246568203,79261696,77770752,54894592,54,54,54,node3,node2,27,linkAggregateCore-remoteX-remoteY
0.46559381485,69312,3301376,2617344,0,0,0,node3,node3,27,linkAggregateCore-remoteX-remoteX
129.19395113,79667200,76361728,53420032,54,54,54,node3,node4,27,linkAggregateCore-remoteX-remoteY
60.6632881165,81305600,52387840,0,54,54,0,node4,node1,27,linkAggregateCore-remote-local
114.918401003,78032896,79306752,53346304,54,54,54,node4,node2,27,linkAggregateCore-remoteX-remoteY
128.497237921,80879616,78503936,53174272,54,54,54,node4,node3,27,linkAggregateCore-remoteX-remoteY
0.393165111542,22176,3772416,3604480,0,0,0,node4,node4,27,linkAggregateCore-remoteX-remoteX
4.94743800163,1343488,0,0,0,node1,1,start
