6.01879787445,23408640,0,4,0,node1,2,MaxiNetFrontendServer
3.61003398895,0,12156928,0,3,node2,1,MaxiNetWorker
3.61101388931,0,13312000,0,3,node3,1,MaxiNetWorker
3.61104989052,0,12353536,0,3,node4,1,MaxiNetWorker
1.59655380249,1597440,0,0,0,node1,0,topology
0.173670053482,36360192,0,1,0,node1,1,coreSwitch
0.139595031738,0,2129920,2,4,node2,1,coreSwitch
0.141084909439,0,290816,2,4,node3,1,coreSwitch
0.126050949097,0,34201600,2,4,node4,1,coreSwitch
0.22213602066,409600,0,2,0,node1,2,aggregateSwitch
0.161430120468,126976,376832,4,8,node2,2,aggregateSwitch
0.169784069061,0,1208320,4,8,node3,2,aggregateSwitch
0.150720119476,0,1548288,4,8,node4,2,aggregateSwitch
0.230868816376,225280,0,2,0,node1,2,edgeSwitch
0.164434909821,126976,299008,4,8,node2,2,edgeSwitch
0.161807060242,0,344064,4,8,node3,2,edgeSwitch
0.152074098587,126976,311296,4,8,node4,2,edgeSwitch
0.208193778992,4734976,0,4,0,node1,4,host
0.15089392662,0,1155072,8,16,node2,4,host
0.144083023071,0,692224,8,16,node3,4,host
0.135293960571,0,4206592,8,16,node4,4,host
0.240416049957,2048000,0,0,0,node1,4,linkHostEdge
0.188886880875,0,36864,0,0,node2,4,linkHostEdge
0.188714981079,0,516096,0,0,node3,4,linkHostEdge
0.18744802475,0,1024000,0,0,node4,4,linkHostEdge
0.346319913864,221184,0,0,0,node1,4,linkEdgeAggregate
0.250190019608,0,1482752,0,0,node2,4,linkEdgeAggregate
0.250204086304,0,1355776,0,0,node3,4,linkEdgeAggregate
0.250195980072,0,1232896,0,0,node4,4,linkEdgeAggregate
0.0937280654907,761856,0,0,0,0,0,node1,node1,1,linkAggregateCore-local-local
0.396780967712,544768,1470464,0,2,2,0,node1,node2,1,linkAggregateCore-local-remote
0.407123088837,409600,1331200,0,2,2,0,node1,node3,1,linkAggregateCore-local-remote
0.385620832443,712704,671744,0,2,2,0,node1,node4,1,linkAggregateCore-local-remote
0.415446996689,32768,421888,0,2,2,0,node2,node1,1,linkAggregateCore-remote-local
0.0727150440216,1712,278528,876544,0,0,0,node2,node2,1,linkAggregateCore-remoteX-remoteX
0.334388971329,0,962560,339968,2,2,2,node2,node3,1,linkAggregateCore-remoteX-remoteY
0.337017059326,0,958464,356352,2,2,2,node2,node4,1,linkAggregateCore-remoteX-remoteY
0.399996042252,761856,90112,0,2,2,0,node3,node1,1,linkAggregateCore-remote-local
0.324793100357,380928,1822720,1368064,2,2,2,node3,node2,1,linkAggregateCore-remoteX-remoteY
0.0746898651123,8496,774144,1519616,0,0,0,node3,node3,1,linkAggregateCore-remoteX-remoteX
0.334446907043,0,1003520,8192,2,2,2,node3,node4,1,linkAggregateCore-remoteX-remoteY
0.397526979446,2318336,1216512,0,2,2,0,node4,node1,1,linkAggregateCore-remote-local
0.35468506813,0,827392,831488,2,2,2,node4,node2,1,linkAggregateCore-remoteX-remoteY
0.346040964127,126976,851968,1044480,2,2,2,node4,node3,1,linkAggregateCore-remoteX-remoteY
0.0722289085388,7408,860160,753664,0,0,0,node4,node4,1,linkAggregateCore-remoteX-remoteX
1.00135803223e-05,0,0,0,0,node1,1,start
