0.000298023223877,0,0,0,0,node1,0,topology
0.0418479442596,1445888,0,1,0,node1,0,controller
0.0402820110321,847872,0,1,0,node1,1,coreSwitch
0.649716854095,167936,2375680,2,4,node2,1,coreSwitch
0.622820854187,684032,2838528,2,4,node3,1,coreSwitch
0.649740934372,1961984,1785856,2,4,node4,1,coreSwitch
0.0762047767639,4653056,0,2,0,node1,2,aggregateSwitch
1.30733013153,20480,4423680,4,8,node2,2,aggregateSwitch
1.31454205513,2510848,6742016,4,8,node3,2,aggregateSwitch
1.28664493561,2891776,6901760,4,8,node4,2,aggregateSwitch
0.0851359367371,2605056,0,2,0,node1,2,edgeSwitch
1.28115391731,1605632,5726208,4,8,node2,2,edgeSwitch
1.27875900269,3026944,5840896,4,8,node3,2,edgeSwitch
1.30502486229,1892352,3952640,4,8,node4,2,edgeSwitch
0.168208837509,7630848,0,4,0,node1,4,host
2.58006191254,4456448,12775424,8,16,node2,4,host
2.63505220413,7196672,13828096,8,16,node3,4,host
2.59554600716,6090752,13426688,8,16,node4,4,host
0.0597860813141,4186112,0,0,0,node1,4,linkHostEdge
0.0828859806061,0,1155072,0,0,node2,4,linkHostEdge
0.126163959503,0,557056,0,0,node3,4,linkHostEdge
0.0814199447632,0,720896,0,0,node4,4,linkHostEdge
0.0637929439545,679936,0,0,0,node1,4,linkEdgeAggregate
0.082170009613,0,1024000,0,0,node2,4,linkEdgeAggregate
0.0758910179138,0,155648,0,0,node3,4,linkEdgeAggregate
0.0759799480438,0,741376,0,0,node4,4,linkEdgeAggregate
0.018807888031,1048576,0,0,0,0,0,node1,node1,1,linkAggregateCore-local-local
3.84426188469,1953792,1015808,0,2,2,0,node1,node2,1,linkAggregateCore-local-remote
3.86315488815,569344,585728,0,2,2,0,node1,node3,1,linkAggregateCore-local-remote
3.84991693497,528384,974848,0,2,2,0,node1,node4,1,linkAggregateCore-local-remote
3.94413208961,2064384,417792,0,2,2,0,node2,node1,1,linkAggregateCore-remote-local
0.0286891460419,4112,700416,835584,0,0,0,node2,node2,1,linkAggregateCore-remoteX-remoteX
7.48700118065,880640,516096,434176,2,2,2,node2,node3,1,linkAggregateCore-remoteX-remoteY
7.97430801392,122880,548864,385024,2,2,2,node2,node4,1,linkAggregateCore-remoteX-remoteY
4.10157799721,1576960,995328,0,2,2,0,node3,node1,1,linkAggregateCore-remote-local
8.01161408424,462848,794624,1658880,2,2,2,node3,node2,1,linkAggregateCore-remoteX-remoteY
0.0240700244904,9600,1441792,1024000,0,0,0,node3,node3,1,linkAggregateCore-remoteX-remoteX
8.02912116051,782336,823296,1069056,2,2,2,node3,node4,1,linkAggregateCore-remoteX-remoteY
4.15390896797,3485696,704512,0,2,2,0,node4,node1,1,linkAggregateCore-remote-local
8.10613393784,589824,196608,1077248,2,2,2,node4,node2,1,linkAggregateCore-remoteX-remoteY
8.08003306389,495616,729088,581632,2,2,2,node4,node3,1,linkAggregateCore-remoteX-remoteY
0.0231699943542,9264,8192,1028096,0,0,0,node4,node4,1,linkAggregateCore-remoteX-remoteX
1.23586416245,36585472,0,0,0,node1,1,start
