6.01969408989,26251264,0,4,0,node1,2,MaxiNetFrontendServer
3.60946989059,0,14520320,0,3,node2,1,MaxiNetWorker
3.60997796059,0,14618624,0,3,node3,1,MaxiNetWorker
3.60876297951,0,13856768,0,3,node4,1,MaxiNetWorker
1.59755396843,233472,0,0,0,node1,0,topology
0.173547029495,35979264,0,1,0,node1,1,coreSwitch
0.138480901718,0,77824,2,4,node2,1,coreSwitch
0.118378162384,0,774144,2,4,node3,1,coreSwitch
0.125164031982,32768,34582528,2,4,node4,1,coreSwitch
0.221498966217,1011712,0,2,0,node1,2,aggregateSwitch
0.152735948563,0,487424,4,8,node2,2,aggregateSwitch
0.148342132568,0,53248,4,8,node3,2,aggregateSwitch
0.153583049774,0,270336,4,8,node4,2,aggregateSwitch
0.223896026611,1572864,0,2,0,node1,2,edgeSwitch
0.168889045715,0,1482752,4,8,node2,2,edgeSwitch
0.150350093842,0,684032,4,8,node3,2,edgeSwitch
0.150990962982,0,1372160,4,8,node4,2,edgeSwitch
0.206833124161,4513792,0,4,0,node1,4,host
0.152570009232,0,1486848,8,16,node2,4,host
0.132686853409,0,1191936,8,16,node3,4,host
0.137695074081,0,3858432,8,16,node4,4,host
0.243136882782,598016,0,0,0,node1,4,linkHostEdge
0.183840036392,0,225280,0,0,node2,4,linkHostEdge
0.165121078491,0,364544,0,0,node3,4,linkHostEdge
0.211585044861,0,1896448,0,0,node4,4,linkHostEdge
0.344509124756,217088,0,0,0,node1,4,linkEdgeAggregate
0.255362033844,0,299008,0,0,node2,4,linkEdgeAggregate
0.230325937271,0,217088,0,0,node3,4,linkEdgeAggregate
0.247978925705,0,1298432,0,0,node4,4,linkEdgeAggregate
0.0953459739685,372736,0,0,0,0,0,node1,node1,1,linkAggregateCore-local-local
0.396696090698,712704,897024,0,2,2,0,node1,node2,1,linkAggregateCore-local-remote
0.391416072845,0,208896,0,2,2,0,node1,node3,1,linkAggregateCore-local-remote
0.391242027283,966656,430080,0,2,2,0,node1,node4,1,linkAggregateCore-local-remote
0.407959938049,0,315392,0,2,2,0,node2,node1,1,linkAggregateCore-remote-local
0.0737090110779,2832,1765376,561152,0,0,0,node2,node2,1,linkAggregateCore-remoteX-remoteX
0.339763879776,0,1617920,663552,2,2,2,node2,node3,1,linkAggregateCore-remoteX-remoteY
0.363341093063,0,1122304,708608,2,2,2,node2,node4,1,linkAggregateCore-remoteX-remoteY
0.379692077637,94208,782336,0,2,2,0,node3,node1,1,linkAggregateCore-remote-local
0.339086055756,0,909312,1470464,2,2,2,node3,node2,1,linkAggregateCore-remoteX-remoteY
0.0683350563049,7696,352256,208896,0,0,0,node3,node3,1,linkAggregateCore-remoteX-remoteX
0.31810593605,0,557056,630784,2,2,2,node3,node4,1,linkAggregateCore-remoteX-remoteY
0.421051025391,380928,1585152,0,2,2,0,node4,node1,1,linkAggregateCore-remote-local
0.341668844223,0,1060864,81920,2,2,2,node4,node2,1,linkAggregateCore-remoteX-remoteY
0.34455704689,0,1757184,49152,2,2,2,node4,node3,1,linkAggregateCore-remoteX-remoteY
0.0807719230652,1392,790528,266240,0,0,0,node4,node4,1,linkAggregateCore-remoteX-remoteX
1.00135803223e-05,0,0,0,0,node1,1,start
