6.01941418648,65978368,0,4,0,node1,2,MaxiNetFrontendServer
3.63765001297,0,13238272,0,3,node2,1,MaxiNetWorker
3.7209250927,0,13946880,0,3,node3,1,MaxiNetWorker
3.61100196838,0,14589952,0,3,node4,1,MaxiNetWorker
1.63558387756,16384000,0,0,0,node1,0,topology
1.09685087204,37093376,0,9,0,node1,9,coreSwitch
0.928038835526,16384,450560,18,36,node2,9,coreSwitch
0.722840070724,0,614400,18,36,node3,9,coreSwitch
0.733116865158,0,37437440,18,36,node4,9,coreSwitch
2.33251190186,8273920,0,18,0,node1,18,aggregateSwitch
1.98584604263,0,1196032,36,72,node2,18,aggregateSwitch
1.54570889473,0,1138688,36,72,node3,18,aggregateSwitch
1.6030318737,0,8159232,36,72,node4,18,aggregateSwitch
2.75689888,11251712,0,18,0,node1,18,edgeSwitch
2.57977390289,253952,655360,36,72,node2,18,edgeSwitch
1.77870488167,0,950272,36,72,node3,18,edgeSwitch
1.833370924,675840,7634944,36,72,node4,18,edgeSwitch
5.34901022911,142675968,0,108,0,node1,108,host
4.5039498806,0,73728,216,432,node2,108,host
3.47427582741,102400,544768,216,432,node3,108,host
3.65699005127,126976,143323136,216,432,node4,108,host
17.8305459023,12107776,0,0,0,node1,108,linkHostEdge
16.2210059166,0,958464,0,0,node2,108,linkHostEdge
11.9399280548,0,671744,0,0,node3,108,linkHostEdge
10.6036710739,0,12931072,0,0,node4,108,linkHostEdge
66.3741779327,24231936,0,0,0,node1,108,linkEdgeAggregate
52.0155799389,0,978944,0,0,node2,108,linkEdgeAggregate
37.7338559628,0,155648,0,0,node3,108,linkEdgeAggregate
38.439057827,0,13893632,0,0,node4,108,linkEdgeAggregate
18.5068750381,4046848,0,0,0,0,0,node1,node1,27,linkAggregateCore-local-local
31.8694198132,2002944,200704,0,54,54,0,node1,node2,27,linkAggregateCore-local-remote
30.1111180782,1560576,278528,0,54,54,0,node1,node3,27,linkAggregateCore-local-remote
30.4543609619,2482176,1310720,0,54,54,0,node1,node4,27,linkAggregateCore-local-remote
34.8838860989,1351680,536576,0,54,54,0,node2,node1,27,linkAggregateCore-remote-local
22.2221059799,6800,942080,733184,0,0,0,node2,node2,27,linkAggregateCore-remoteX-remoteX
31.463973999,28672,1105920,1253376,54,54,54,node2,node3,27,linkAggregateCore-remoteX-remoteY
31.983538866,237568,331776,1974272,54,54,54,node2,node4,27,linkAggregateCore-remoteX-remoteY
33.8210818768,2736128,1949696,0,54,54,0,node3,node1,27,linkAggregateCore-remote-local
31.9701678753,16384,1331200,483328,54,54,54,node3,node2,27,linkAggregateCore-remoteX-remoteY
16.6080200672,176,413696,786432,0,0,0,node3,node3,27,linkAggregateCore-remoteX-remoteX
27.3851251602,126976,28672,2592768,54,54,54,node3,node4,27,linkAggregateCore-remoteX-remoteY
35.7440669537,1642496,1896448,0,54,54,0,node4,node1,27,linkAggregateCore-remote-local
33.9840819836,126976,2813952,450560,54,54,54,node4,node2,27,linkAggregateCore-remoteX-remoteY
28.6723690033,253952,2813952,585728,54,54,54,node4,node3,27,linkAggregateCore-remoteX-remoteY
13.9904961586,1600,3657728,4587520,0,0,0,node4,node4,27,linkAggregateCore-remoteX-remoteX
1.00135803223e-05,0,0,0,0,node1,1,start
