6.01738190651,24612864,0,4,0,node1,2,MaxiNetFrontendServer
3.57609009743,0,14585856,0,3,node2,1,MaxiNetWorker
0.783914804459,1871872,0,0,0,node1,0,topology
0.198950052261,36790272,0,2,0,node1,2,coreSwitch
0.192560911179,151552,35385344,4,8,node2,2,coreSwitch
0.314482927322,1785856,0,4,0,node1,4,aggregateSwitch
0.308932065964,0,2301952,8,16,node2,4,aggregateSwitch
0.32498884201,1732608,0,4,0,node1,4,edgeSwitch
0.318648099899,0,1531904,8,16,node2,4,edgeSwitch
0.26323390007,8609792,0,8,0,node1,8,host
0.263974905014,126976,7712768,16,32,node2,8,host
0.369818925858,1470464,0,0,0,node1,8,linkHostEdge
0.383194923401,0,73728,0,0,node2,8,linkHostEdge
0.562111139297,1470464,0,0,0,node1,8,linkEdgeAggregate
0.552058935165,0,266240,0,0,node2,8,linkEdgeAggregate
0.311183214188,565248,0,0,0,0,0,node1,node1,4,linkAggregateCore-local-local
1.36365890503,614400,118784,0,8,8,0,node1,node2,4,linkAggregateCore-local-remote
1.3615500927,638976,1093632,0,8,8,0,node2,node1,4,linkAggregateCore-remote-local
0.3193359375,177835,1576960,135168,0,0,0,node2,node2,4,linkAggregateCore-remoteX-remoteX
7.15255737305e-06,0,0,0,0,node1,1,start
