0.000338792800903,0,0,0,0,node1,0,topology
0.0530331134796,286720,0,1,0,node1,0,controller
0.208639144897,4096,0,3,0,node1,3,cellSwitch
2.12464404106,2760704,8118272,6,12,node2,3,cellSwitch
2.60783195496,5218304,8368128,6,12,node3,3,cellSwitch
2.07320404053,4190208,8540160,6,12,node4,3,cellSwitch
2.287088871,41205760,0,33,0,node1,33,hostCell
23.3169529438,56410112,119717888,66,132,node2,33,hostCell
28.785243988,57548800,118263808,66,132,node3,33,hostCell
23.0721700191,62365696,119291904,66,132,node4,33,hostCell
2.38128399849,19378176,0,33,0,node1,33,hostSwitchCell
23.4748020172,66170880,101048320,66,132,node2,33,hostSwitchCell
28.9443318844,69984256,100327424,66,132,node3,33,hostSwitchCell
23.1662478447,70680576,99684352,66,132,node4,33,hostSwitchCell
0.473081111908,7626752,0,0,0,node1,33,linkHostHostSwitch
0.465538024902,0,3338240,0,0,node2,33,linkHostHostSwitch
0.548632860184,0,3911680,0,0,node3,33,linkHostHostSwitch
0.480469942093,0,3604480,0,0,node4,33,linkHostHostSwitch
2.64299201965,7573504,0,0,0,node1,33,linkHostCellSwitch
0.483300924301,0,2662400,0,0,node2,33,linkHostCellSwitch
0.552770853043,0,2691072,0,0,node3,33,linkHostCellSwitch
0.481184005737,0,4145152,0,0,node4,33,linkHostCellSwitch
0.0458810329437,806912,0,0,0,0,0,node1,node1,3,linkHostSwitchHostSwitch-local-local
19.4453039169,18472960,17084416,0,18,18,0,node1,node2,9,linkHostSwitchHostSwitch-local-remote
23.7667748928,20692992,18628608,0,18,18,0,node1,node3,9,linkHostSwitchHostSwitch-local-remote
17.1412878036,18649088,14082048,0,16,16,0,node1,node4,8,linkHostSwitchHostSwitch-local-remote
0.0611290931702,9728,1646592,1269760,0,0,0,node4,node4,4,linkHostSwitchHostSwitch-remoteX-remoteX
0.0417029857635,5408,98304,778240,0,0,0,node2,node2,3,linkHostSwitchHostSwitch-remoteX-remoteX
41.2977859974,15687680,24231936,17219584,18,18,18,node2,node3,9,linkHostSwitchHostSwitch-remoteX-remoteY
36.6301758289,21577728,24133632,16064512,18,18,18,node2,node4,9,linkHostSwitchHostSwitch-remoteX-remoteY
0.0503718852997,2720,749568,2019328,0,0,0,node3,node3,3,linkHostSwitchHostSwitch-remoteX-remoteX
41.2685558796,16764928,24854528,16793600,18,18,18,node3,node4,9,linkHostSwitchHostSwitch-remoteX-remoteY
1.39967393875,2355200,0,0,0,node1,1,start
