0.000370025634766,0,0,0,0,node1,0,topology
0.0655951499939,4120576,0,1,0,node1,0,controller
0.248399019241,139264,0,3,0,node1,3,cellSwitch
2.13743305206,3067904,7655424,6,12,node2,3,cellSwitch
2.63383793831,5353472,8736768,6,12,node3,3,cellSwitch
2.38343501091,2678784,8630272,6,12,node4,3,cellSwitch
2.72823095322,41377792,0,33,0,node1,33,hostCell
23.8278739452,57438208,119341056,66,132,node2,33,hostCell
29.2463600636,59944960,118513664,66,132,node3,33,hostCell
26.3796889782,64851968,118505472,66,132,node4,33,hostCell
2.80404305458,19263488,0,33,0,node1,33,hostSwitchCell
23.9273579121,67158016,99721216,66,132,node2,33,hostSwitchCell
29.4698779583,71168000,98492416,66,132,node3,33,hostSwitchCell
26.5170149803,73760768,100909056,66,132,node4,33,hostSwitchCell
0.696314096451,8531968,0,0,0,node1,33,linkHostHostSwitch
0.684988975525,0,2797568,0,0,node2,33,linkHostHostSwitch
0.803495168686,0,3084288,0,0,node3,33,linkHostHostSwitch
0.720432043076,0,1941504,0,0,node4,33,linkHostHostSwitch
5.55763792992,3821568,0,0,0,node1,33,linkHostCellSwitch
0.63849902153,0,2191360,0,0,node2,33,linkHostCellSwitch
0.791908979416,0,2879488,0,0,node3,33,linkHostCellSwitch
0.702552080154,0,3964928,0,0,node4,33,linkHostCellSwitch
0.0663599967957,659456,0,0,0,0,0,node1,node1,3,linkHostSwitchHostSwitch-local-local
39.6825108528,2666496,1150976,0,18,18,0,node1,node2,9,linkHostSwitchHostSwitch-local-remote
48.7234129906,90112,651264,0,18,18,0,node1,node3,9,linkHostSwitchHostSwitch-local-remote
39.0555269718,512000,942080,0,16,16,0,node1,node4,8,linkHostSwitchHostSwitch-local-remote
0.0951309204102,31648,1495040,274432,0,0,0,node4,node4,4,linkHostSwitchHostSwitch-remoteX-remoteX
0.0651671886444,63584,270336,278528,0,0,0,node2,node2,3,linkHostSwitchHostSwitch-remoteX-remoteX
84.9609251022,3837952,843776,307200,18,18,18,node2,node3,9,linkHostSwitchHostSwitch-remoteX-remoteY
80.1493928432,1228800,380928,380928,18,18,18,node2,node4,9,linkHostSwitchHostSwitch-remoteX-remoteY
0.07772397995,87168,12288,331776,0,0,0,node3,node3,3,linkHostSwitchHostSwitch-remoteX-remoteX
89.0282919407,2637824,708608,106496,18,18,18,node3,node4,9,linkHostSwitchHostSwitch-remoteX-remoteY
1.38069915771,1617920,0,0,0,node1,1,start
