0.000331878662109,8192,0,0,0,node1,0,topology
0.0372269153595,1126400,0,1,0,node1,0,controller
0.0304660797119,991232,0,1,0,node1,1,coreSwitch
0.6965239048,184320,1671168,2,4,node2,1,coreSwitch
0.678374052048,1445888,2777088,2,4,node3,1,coreSwitch
0.707489967346,176128,950272,2,4,node4,1,coreSwitch
0.0642750263214,3977216,0,2,0,node1,2,aggregateSwitch
1.26717710495,1368064,6774784,4,8,node2,2,aggregateSwitch
1.2474257946,2519040,4698112,4,8,node3,2,aggregateSwitch
1.24153518677,1994752,5160960,4,8,node4,2,aggregateSwitch
0.0613479614258,3678208,0,2,0,node1,2,edgeSwitch
1.31260108948,1122304,4456448,4,8,node2,2,edgeSwitch
1.26151299477,4042752,5226496,4,8,node3,2,edgeSwitch
1.29825782776,2527232,5787648,4,8,node4,2,edgeSwitch
0.128257036209,6586368,0,4,0,node1,4,host
2.55025792122,3887104,13434880,8,16,node2,4,host
2.59824299812,5681152,14802944,8,16,node3,4,host
2.50634384155,7348224,13565952,8,16,node4,4,host
0.059159040451,4980736,0,0,0,node1,4,linkHostEdge
0.0738310813904,0,8192,0,0,node2,4,linkHostEdge
0.0826461315155,0,1200128,0,0,node3,4,linkHostEdge
0.0775120258331,0,1863680,0,0,node4,4,linkHostEdge
0.0616021156311,24576,0,0,0,node1,4,linkEdgeAggregate
0.071182012558,0,1343488,0,0,node2,4,linkEdgeAggregate
0.076896905899,0,20480,0,0,node3,4,linkEdgeAggregate
0.076947927475,0,684032,0,0,node4,4,linkEdgeAggregate
0.0203320980072,593920,0,0,0,0,0,node1,node1,1,linkAggregateCore-local-local
3.78991007805,933888,307200,0,2,2,0,node1,node2,1,linkAggregateCore-local-remote
3.83067202568,761856,860160,0,2,2,0,node1,node3,1,linkAggregateCore-local-remote
3.80202293396,1597440,196608,0,2,2,0,node1,node4,1,linkAggregateCore-local-remote
3.77652001381,389120,1368064,0,2,2,0,node2,node1,1,linkAggregateCore-remote-local
0.0249660015106,2128,745472,294912,0,0,0,node2,node2,1,linkAggregateCore-remoteX-remoteX
7.46142506599,954368,565248,790528,2,2,2,node2,node3,1,linkAggregateCore-remoteX-remoteY
7.34389591217,212992,176128,204800,2,2,2,node2,node4,1,linkAggregateCore-remoteX-remoteY
3.84665799141,1798144,643072,0,2,2,0,node3,node1,1,linkAggregateCore-remote-local
7.52511191368,851968,266240,1073152,2,2,2,node3,node2,1,linkAggregateCore-remoteX-remoteY
0.0292718410492,9632,860160,745472,0,0,0,node3,node3,1,linkAggregateCore-remoteX-remoteX
7.55511784554,856064,917504,569344,2,2,2,node3,node4,1,linkAggregateCore-remoteX-remoteY
3.83782100677,1277952,1110016,0,2,2,0,node4,node1,1,linkAggregateCore-remote-local
7.45821690559,73728,479232,245760,2,2,2,node4,node2,1,linkAggregateCore-remoteX-remoteY
7.4713280201,4055040,950272,204800,2,2,2,node4,node3,1,linkAggregateCore-remoteX-remoteY
0.0215208530426,5824,557056,737280,0,0,0,node4,node4,1,linkAggregateCore-remoteX-remoteX
1.10400485992,34480128,0,0,0,node1,1,start
