6.02307415009,61181952,0,4,0,node1,2,MaxiNetFrontendServer
3.61164498329,0,12800000,0,3,node2,1,MaxiNetWorker
3.73628091812,0,14274560,0,3,node3,1,MaxiNetWorker
3.68062496185,0,14221312,0,3,node4,1,MaxiNetWorker
2.08152604103,16515072,0,0,0,node1,0,topology
1.10330510139,38928384,0,9,0,node1,9,coreSwitch
0.933007955551,0,884736,18,36,node2,9,coreSwitch
0.726225852966,0,2072576,18,36,node3,9,coreSwitch
0.83291387558,8192,39739392,18,36,node4,9,coreSwitch
2.35140585899,9437184,0,18,0,node1,18,aggregateSwitch
2.0004119873,126976,1531904,36,72,node2,18,aggregateSwitch
1.6802520752,0,385024,36,72,node3,18,aggregateSwitch
1.76107907295,0,7577600,36,72,node4,18,aggregateSwitch
2.770373106,8740864,0,18,0,node1,18,edgeSwitch
2.50159096718,0,647168,36,72,node2,18,edgeSwitch
1.78213191032,0,1875968,36,72,node3,18,edgeSwitch
2.05407595634,0,7069696,36,72,node4,18,edgeSwitch
5.38728308678,140271616,0,108,0,node1,108,host
4.50152611732,16384,573440,216,432,node2,108,host
3.48854780197,77824,106496,216,432,node3,108,host
4.03284502029,118784,143155200,216,432,node4,108,host
17.9774558544,11935744,0,0,0,node1,108,linkHostEdge
16.7349760532,0,1478656,0,0,node2,108,linkHostEdge
12.272495985,0,1126400,0,0,node3,108,linkHostEdge
13.058442831,0,11661312,0,0,node4,108,linkHostEdge
67.5275781155,12767232,0,0,0,node1,108,linkEdgeAggregate
54.4323689938,0,1736704,0,0,node2,108,linkEdgeAggregate
38.1115908623,0,180224,0,0,node3,108,linkEdgeAggregate
46.3572289944,0,11800576,0,0,node4,108,linkEdgeAggregate
18.652941227,1576960,0,0,0,0,0,node1,node1,27,linkAggregateCore-local-local
33.1287071705,3227648,405504,0,54,54,0,node1,node2,27,linkAggregateCore-local-remote
29.977214098,1720320,1527808,0,54,54,0,node1,node3,27,linkAggregateCore-local-remote
31.6220440865,2289664,1339392,0,54,54,0,node1,node4,27,linkAggregateCore-local-remote
37.151006937,2826240,761856,0,54,54,0,node2,node1,27,linkAggregateCore-remote-local
23.3677868843,61184,86016,159744,0,0,0,node2,node2,27,linkAggregateCore-remoteX-remoteX
30.8906168938,131072,2056192,2478080,54,54,54,node2,node3,27,linkAggregateCore-remoteX-remoteY
32.0830090046,253952,1138688,208896,54,54,54,node2,node4,27,linkAggregateCore-remoteX-remoteY
34.9519529343,2506752,233472,0,54,54,0,node3,node1,27,linkAggregateCore-remote-local
34.3003411293,126976,1130496,1789952,54,54,54,node3,node2,27,linkAggregateCore-remoteX-remoteY
18.979183197,68016,348160,1323008,0,0,0,node3,node3,27,linkAggregateCore-remoteX-remoteX
28.5360209942,0,655360,3100672,54,54,54,node3,node4,27,linkAggregateCore-remoteX-remoteY
36.8779881001,2289664,704512,0,54,54,0,node4,node1,27,linkAggregateCore-remote-local
35.4810369015,0,1871872,180224,54,54,54,node4,node2,27,linkAggregateCore-remoteX-remoteY
30.7814638615,253952,3305472,847872,54,54,54,node4,node3,27,linkAggregateCore-remoteX-remoteY
17.9820728302,6832,3166208,5304320,0,0,0,node4,node4,27,linkAggregateCore-remoteX-remoteX
1.00135803223e-05,0,0,0,0,node1,1,start
