6.01923298836,25165824,0,4,0,node1,2,MaxiNetFrontendServer
3.57689285278,0,14147584,0,3,node2,1,MaxiNetWorker
3.57526707649,0,13189120,0,3,node3,1,MaxiNetWorker
3.57524585724,0,16687104,0,3,node4,1,MaxiNetWorker
1.19724416733,811008,0,0,0,node1,0,topology
0.126358032227,36630528,0,1,0,node1,1,cellSwitch
0.139478206635,0,1798144,2,4,node2,1,cellSwitch
0.127959012985,0,442368,2,4,node3,1,cellSwitch
0.115160942078,253952,35299328,2,4,node4,1,cellSwitch
0.102352142334,2576384,0,3,0,node1,3,hostCell
0.124836921692,0,1064960,6,12,node2,3,hostCell
0.112162828445,0,1650688,6,12,node3,3,hostCell
0.119814872742,0,2625536,6,12,node4,3,hostCell
0.223577976227,1916928,0,3,0,node1,3,hostSwitchCell
0.244283914566,0,1064960,6,12,node2,3,hostSwitchCell
0.234575986862,0,741376,6,12,node3,3,hostSwitchCell
0.226918935776,0,1794048,6,12,node4,3,hostSwitchCell
0.139477968216,1667072,0,0,0,node1,3,linkHostHostSwitch
0.143254041672,0,163840,0,0,node2,3,linkHostHostSwitch
0.151529073715,0,503808,0,0,node3,3,linkHostHostSwitch
0.134598016739,0,577536,0,0,node4,3,linkHostHostSwitch
0.181679010391,262144,0,0,0,node1,3,linkHostCellSwitch
0.180208921432,0,684032,0,0,node2,3,linkHostCellSwitch
0.184855937958,0,1728512,0,0,node3,3,linkHostCellSwitch
0.177139997482,0,323584,0,0,node4,3,linkHostCellSwitch
0.33665895462,270336,962560,0,2,2,0,node1,node2,1,linkHostSwitchHostSwitch-local-remote
0.347724199295,368640,1654784,0,2,2,0,node1,node3,1,linkHostSwitchHostSwitch-local-remote
0.324515104294,364544,1163264,0,2,2,0,node1,node4,1,linkHostSwitchHostSwitch-local-remote
0.336123943329,0,626688,536576,2,2,2,node2,node3,1,linkHostSwitchHostSwitch-remoteX-remoteY
0.31856584549,0,589824,172032,2,2,2,node2,node4,1,linkHostSwitchHostSwitch-remoteX-remoteY
0.336297035217,0,557056,557056,2,2,2,node3,node4,1,linkHostSwitchHostSwitch-remoteX-remoteY
1.00135803223e-05,0,0,0,0,node1,1,start
