6.0223429203,102408192,0,4,0,node1,2,MaxiNetFrontendServer
3.67773103714,0,57413632,0,3,node2,1,MaxiNetWorker
1.55992388725,11030528,0,0,0,node1,0,topology
1.81212091446,43421696,0,18,0,node1,18,coreSwitch
1.72478199005,24576,40554496,36,72,node2,18,coreSwitch
4.46905398369,17362944,0,36,0,node1,36,aggregateSwitch
4.28065085411,118784,18432000,72,144,node2,36,aggregateSwitch
5.95818519592,14503936,0,36,0,node1,36,edgeSwitch
5.72753405571,126976,16982016,72,144,node2,36,edgeSwitch
8.91628479958,286244864,0,216,0,node1,216,host
8.46985793114,176128,295976960,432,864,node2,216,host
58.4143238068,23412736,0,0,0,node1,216,linkHostEdge
55.7038760185,0,12476416,0,0,node2,216,linkHostEdge
253.32217598,31215616,0,0,0,node1,216,linkEdgeAggregate
256.183986187,0,23678976,0,0,node2,216,linkEdgeAggregate
200.794826984,19734528,0,0,0,0,0,node1,node1,108,linkAggregateCore-local-local
282.323951006,12525568,8413184,0,216,216,0,node1,node2,108,linkAggregateCore-local-remote
311.200618029,7254016,7819264,0,216,216,0,node2,node1,108,linkAggregateCore-remote-local
278.593194962,162496,16809984,14950400,0,0,0,node2,node2,108,linkAggregateCore-remoteX-remoteX
7.86781311035e-06,0,0,0,0,node1,1,start
