0.000326156616211,0,0,0,0,node1,0,topology
0.0357828140259,86016,0,1,0,node1,0,controller
0.0351479053497,1437696,0,1,0,node1,1,cellSwitch
0.66715502739,339968,3452928,2,4,node2,1,cellSwitch
0.620330810547,258048,2543616,2,4,node3,1,cellSwitch
0.662415981293,311296,2007040,2,4,node4,1,cellSwitch
0.100487947464,5681152,0,3,0,node1,3,hostCell
1.96333003044,3584000,9580544,6,12,node2,3,hostCell
1.89053177834,4468736,10223616,6,12,node3,3,hostCell
1.95700883865,5238784,10412032,6,12,node4,3,hostCell
0.103757143021,2076672,0,3,0,node1,3,hostSwitchCell
2.00822496414,3481600,8654848,6,12,node2,3,hostSwitchCell
1.95623707771,4468736,8974336,6,12,node3,3,hostSwitchCell
1.92868900299,4882432,8949760,6,12,node4,3,hostSwitchCell
0.0321140289307,5074944,0,0,0,node1,3,linkHostHostSwitch
0.0423679351807,0,139264,0,0,node2,3,linkHostHostSwitch
0.0421371459961,0,1310720,0,0,node3,3,linkHostHostSwitch
0.0458190441132,0,651264,0,0,node4,3,linkHostHostSwitch
0.0343790054321,675840,0,0,0,node1,3,linkHostCellSwitch
0.0423510074615,0,516096,0,0,node2,3,linkHostCellSwitch
0.0409450531006,0,131072,0,0,node3,3,linkHostCellSwitch
0.0395731925964,0,757760,0,0,node4,3,linkHostCellSwitch
1.9260840416,167936,1646592,0,2,2,0,node1,node2,1,linkHostSwitchHostSwitch-local-remote
1.90775203705,1703936,1429504,0,2,2,0,node1,node3,1,linkHostSwitchHostSwitch-local-remote
1.87533092499,1781760,524288,0,2,2,0,node1,node4,1,linkHostSwitchHostSwitch-local-remote
3.6984770298,700416,2813952,1122304,2,2,2,node2,node3,1,linkHostSwitchHostSwitch-remoteX-remoteY
3.68483114243,1064960,3047424,1200128,2,2,2,node2,node4,1,linkHostSwitchHostSwitch-remoteX-remoteY
3.77356290817,999424,2916352,2007040,2,2,2,node3,node4,1,linkHostSwitchHostSwitch-remoteX-remoteY
0.886339902878,38084608,0,0,0,node1,1,start
