0.000370025634766,0,0,0,0,node1,0,topology
0.0724849700928,4161536,0,1,0,node1,0,controller
0.28800702095,4096,0,3,0,node1,3,cellSwitch
2.19720411301,2187264,7688192,6,12,node2,3,cellSwitch
2.67460799217,5488640,7655424,6,12,node3,3,cellSwitch
2.39933419228,4329472,9199616,6,12,node4,3,cellSwitch
3.13671803474,39469056,0,33,0,node1,33,hostCell
24.1634850502,59527168,117850112,66,132,node2,33,hostCell
29.6906831264,63234048,117985280,66,132,node3,33,hostCell
26.8378241062,64684032,119267328,66,132,node4,33,hostCell
3.22635698318,19943424,0,33,0,node1,33,hostSwitchCell
24.3811080456,69705728,100823040,66,132,node2,33,hostSwitchCell
29.7984127998,74326016,98729984,66,132,node3,33,hostSwitchCell
26.9124519825,76668928,100552704,66,132,node4,33,hostSwitchCell
0.686161994934,5484544,0,0,0,node1,33,linkHostHostSwitch
0.684000015259,0,2981888,0,0,node2,33,linkHostHostSwitch
0.772966861725,0,2523136,0,0,node3,33,linkHostHostSwitch
0.703933000565,0,3342336,0,0,node4,33,linkHostHostSwitch
5.63734412193,5783552,0,0,0,node1,33,linkHostCellSwitch
0.642663955688,0,3424256,0,0,node2,33,linkHostCellSwitch
0.74649310112,0,2666496,0,0,node3,33,linkHostCellSwitch
0.687983036041,0,1929216,0,0,node4,33,linkHostCellSwitch
0.0666151046753,131072,0,0,0,0,0,node1,node1,3,linkHostSwitchHostSwitch-local-local
40.5718560219,3923968,1187840,0,18,18,0,node1,node2,9,linkHostSwitchHostSwitch-local-remote
49.4124059677,2334720,126976,0,18,18,0,node1,node3,9,linkHostSwitchHostSwitch-local-remote
39.7201941013,1081344,188416,0,16,16,0,node1,node4,8,linkHostSwitchHostSwitch-local-remote
0.0896611213684,8624,57344,1069056,0,0,0,node4,node4,4,linkHostSwitchHostSwitch-remoteX-remoteX
0.0655779838562,4592,561152,192512,0,0,0,node2,node2,3,linkHostSwitchHostSwitch-remoteX-remoteX
85.5048029423,3616768,552960,1925120,18,18,18,node2,node3,9,linkHostSwitchHostSwitch-remoteX-remoteY
80.8973250389,319488,102400,1302528,18,18,18,node2,node4,9,linkHostSwitchHostSwitch-remoteX-remoteY
0.0760679244995,8256,102400,974848,0,0,0,node3,node3,3,linkHostSwitchHostSwitch-remoteX-remoteX
89.6819210052,3088384,622592,311296,18,18,18,node3,node4,9,linkHostSwitchHostSwitch-remoteX-remoteY
1.3718829155,2289664,0,0,0,node1,1,start
