6.02538585663,61554688,0,4,0,node1,2,MaxiNetFrontendServer
3.6114590168,0,12689408,0,3,node2,1,MaxiNetWorker
3.73252010345,0,13627392,0,3,node3,1,MaxiNetWorker
3.67924499512,0,14471168,0,3,node4,1,MaxiNetWorker
1.55523920059,15777792,0,0,0,node1,0,topology
1.10450005531,39165952,0,9,0,node1,9,coreSwitch
0.930624008179,110592,114688,18,36,node2,9,coreSwitch
0.728306055069,0,937984,18,36,node3,9,coreSwitch
0.824660778046,0,36700160,18,36,node4,9,coreSwitch
2.36432909966,8245248,0,18,0,node1,18,aggregateSwitch
1.99566292763,0,1159168,36,72,node2,18,aggregateSwitch
1.59710788727,126976,1994752,36,72,node3,18,aggregateSwitch
1.75734496117,0,8581120,36,72,node4,18,aggregateSwitch
2.77199220657,9416704,0,18,0,node1,18,edgeSwitch
2.32570409775,0,401408,36,72,node2,18,edgeSwitch
1.78322911263,0,258048,36,72,node3,18,edgeSwitch
2.04902601242,0,8859648,36,72,node4,18,edgeSwitch
5.37802386284,139038720,0,108,0,node1,108,host
4.51507210732,0,905216,216,432,node2,108,host
3.47864103317,237568,978944,216,432,node3,108,host
4.05282592773,126976,143536128,216,432,node4,108,host
17.8187451363,11866112,0,0,0,node1,108,linkHostEdge
16.9091351032,0,1761280,0,0,node2,108,linkHostEdge
12.150603056,0,356352,0,0,node3,108,linkHostEdge
13.1370809078,0,10846208,0,0,node4,108,linkHostEdge
66.6749091148,12169216,0,0,0,node1,108,linkEdgeAggregate
54.4934351444,0,1212416,0,0,node2,108,linkEdgeAggregate
38.6660289764,0,917504,0,0,node3,108,linkEdgeAggregate
46.8567900658,0,12210176,0,0,node4,108,linkEdgeAggregate
19.185710907,2199552,0,0,0,0,0,node1,node1,27,linkAggregateCore-local-local
33.3319749832,3919872,946176,0,54,54,0,node1,node2,27,linkAggregateCore-local-remote
30.2975959778,790528,49152,0,54,54,0,node1,node3,27,linkAggregateCore-local-remote
31.6656689644,1880064,2293760,0,54,54,0,node1,node4,27,linkAggregateCore-local-remote
35.1963148117,2473984,1265664,0,54,54,0,node2,node1,27,linkAggregateCore-remote-local
23.2790651321,68556,1122304,1044480,0,0,0,node2,node2,27,linkAggregateCore-remoteX-remoteX
32.1346800327,131072,1040384,724992,54,54,54,node2,node3,27,linkAggregateCore-remoteX-remoteY
33.3247110844,110592,475136,2736128,54,54,54,node2,node4,27,linkAggregateCore-remoteX-remoteY
34.9404389858,999424,663552,0,54,54,0,node3,node1,27,linkAggregateCore-remote-local
34.0385930538,8192,1122304,1527808,54,54,54,node3,node2,27,linkAggregateCore-remoteX-remoteY
17.5902769566,6828,1024000,917504,0,0,0,node3,node3,27,linkAggregateCore-remoteX-remoteX
28.4354848862,253952,192512,1871872,54,54,54,node3,node4,27,linkAggregateCore-remoteX-remoteY
36.9144217968,2232320,860160,0,54,54,0,node4,node1,27,linkAggregateCore-remote-local
36.0549230576,126976,507904,86016,54,54,54,node4,node2,27,linkAggregateCore-remoteX-remoteY
30.3757920265,0,2232320,737280,54,54,54,node4,node3,27,linkAggregateCore-remoteX-remoteY
17.7900729179,6848,4489216,5058560,0,0,0,node4,node4,27,linkAggregateCore-remoteX-remoteX
1.00135803223e-05,0,0,0,0,node1,1,start
