6.02083587646,24170496,0,4,0,node1,2,MaxiNetFrontendServer
3.61200499535,0,14106624,0,3,node2,1,MaxiNetWorker
3.72103285789,0,14249984,0,3,node3,1,MaxiNetWorker
3.61102795601,0,14000128,0,3,node4,1,MaxiNetWorker
2.0370490551,3608576,0,0,0,node1,0,topology
0.399318933487,39034880,0,3,0,node1,3,cellSwitch
0.345022916794,0,1191936,6,12,node2,3,cellSwitch
0.269010066986,0,1249280,6,12,node3,3,cellSwitch
0.275611877441,126976,35397632,6,12,node4,3,cellSwitch
1.57487988472,37830656,0,33,0,node1,33,hostCell
1.32718896866,0,86016,66,132,node2,33,hostCell
1.03089094162,32768,1548288,66,132,node3,33,hostCell
1.11296486855,126976,38973440,66,132,node4,33,hostCell
4.39579606056,2183168,0,33,0,node1,33,hostSwitchCell
3.71391415596,0,1536000,66,132,node2,33,hostSwitchCell
2.89065217972,0,524288,66,132,node3,33,hostSwitchCell
2.99453210831,126976,1060864,66,132,node4,33,hostSwitchCell
3.45724797249,2592768,0,0,0,node1,33,linkHostHostSwitch
3.12651109695,0,2031616,0,0,node2,33,linkHostHostSwitch
2.47320985794,0,8192,0,0,node3,33,linkHostHostSwitch
2.30218100548,0,823296,0,0,node4,33,linkHostHostSwitch
9.46007013321,3932160,0,0,0,node1,33,linkHostCellSwitch
8.46064805984,0,811008,0,0,node2,33,linkHostCellSwitch
6.16573309898,0,999424,0,0,node3,33,linkHostCellSwitch
5.50220513344,0,1970176,0,0,node4,33,linkHostCellSwitch
1.03610086441,307200,0,0,0,0,0,node1,node1,3,linkHostSwitchHostSwitch-local-local
6.13398098946,901120,839680,0,18,18,0,node1,node2,9,linkHostSwitchHostSwitch-local-remote
5.24447202682,897024,94208,0,18,18,0,node1,node3,9,linkHostSwitchHostSwitch-local-remote
4.82153511047,626688,364544,0,16,16,0,node1,node4,8,linkHostSwitchHostSwitch-local-remote
1.00291419029,4368,1048576,274432,0,0,0,node4,node4,4,linkHostSwitchHostSwitch-remoteX-remoteX
1.29644989967,6016,929792,2433024,0,0,0,node2,node2,3,linkHostSwitchHostSwitch-remoteX-remoteX
4.74717307091,126976,344064,729088,18,18,18,node2,node3,9,linkHostSwitchHostSwitch-remoteX-remoteY
5.16387701035,491520,69632,598016,18,18,18,node2,node4,9,linkHostSwitchHostSwitch-remoteX-remoteY
0.709354877472,2512,704512,663552,0,0,0,node3,node3,3,linkHostSwitchHostSwitch-remoteX-remoteX
4.27672100067,0,2715648,348160,18,18,18,node3,node4,9,linkHostSwitchHostSwitch-remoteX-remoteY
1.00135803223e-05,0,0,0,0,node1,1,start
