0.000340938568115,0,0,0,0,node1,0,topology
0.0676300525665,737280,0,1,0,node1,0,controller
0.882390022278,3162112,0,9,0,node1,9,coreSwitch
6.62723016739,12263424,24502272,18,36,node2,9,coreSwitch
8.07093310356,16732160,26775552,18,36,node3,9,coreSwitch
7.30222582817,16613376,25165824,18,36,node4,9,coreSwitch
1.77496194839,11665408,0,18,0,node1,18,aggregateSwitch
13.2696471214,30482432,52498432,36,72,node2,18,aggregateSwitch
16.2195749283,35995648,53260288,36,72,node3,18,aggregateSwitch
14.6602201462,34476032,50786304,36,72,node4,18,aggregateSwitch
1.77841901779,11534336,0,18,0,node1,18,edgeSwitch
13.2984080315,33095680,53264384,36,72,node2,18,edgeSwitch
16.2675130367,35897344,51449856,36,72,node3,18,edgeSwitch
14.6644740105,38416384,52658176,36,72,node4,18,edgeSwitch
10.8113920689,148738048,0,108,0,node1,108,host
80.2266829014,267923456,421638144,216,432,node2,108,host
98.4646821022,291143680,418861056,216,432,node3,108,host
88.8729941845,310312960,420065280,216,432,node4,108,host
1.70797085762,12738560,0,0,0,node1,108,linkHostEdge
1.49357295036,0,9138176,0,0,node2,108,linkHostEdge
1.80832219124,0,8081408,0,0,node3,108,linkHostEdge
1.66180801392,0,8527872,0,0,node4,108,linkHostEdge
2.01354694366,12218368,0,0,0,node1,108,linkEdgeAggregate
1.67692399025,0,10088448,0,0,node2,108,linkEdgeAggregate
1.85488915443,0,11067392,0,0,node3,108,linkEdgeAggregate
1.6982460022,0,9162752,0,0,node4,108,linkEdgeAggregate
0.486968994141,1826816,0,0,0,0,0,node1,node1,27,linkAggregateCore-local-local
62.3083188534,79540224,50065408,0,54,54,0,node1,node2,27,linkAggregateCore-local-remote
75.7899489403,82763776,50188288,0,54,54,0,node1,node3,27,linkAggregateCore-local-remote
68.5041267872,84119552,52129792,0,54,54,0,node1,node4,27,linkAggregateCore-local-remote
62.564399004,81838080,51445760,0,54,54,0,node2,node1,27,linkAggregateCore-remote-local
0.395828962326,3856,3481600,3563520,0,0,0,node2,node2,27,linkAggregateCore-remoteX-remoteX
130.044620037,83632128,78778368,52404224,54,54,54,node2,node3,27,linkAggregateCore-remoteX-remoteY
123.059736013,82268160,78708736,52731904,54,54,54,node2,node4,27,linkAggregateCore-remoteX-remoteY
76.3541300297,83177472,52019200,0,54,54,0,node3,node1,27,linkAggregateCore-remote-local
131.625125885,81928192,77783040,52019200,54,54,54,node3,node2,27,linkAggregateCore-remoteX-remoteY
0.472188949585,47360,2658304,2830336,0,0,0,node3,node3,27,linkAggregateCore-remoteX-remoteX
137.784888983,82939904,77807616,52158464,54,54,54,node3,node4,27,linkAggregateCore-remoteX-remoteY
69.2026429176,85569536,52879360,0,54,54,0,node4,node1,27,linkAggregateCore-remote-local
124.430141211,81657856,79626240,53653504,54,54,54,node4,node2,27,linkAggregateCore-remoteX-remoteY
137.276648998,83550208,80052224,52604928,54,54,54,node4,node3,27,linkAggregateCore-remoteX-remoteY
0.437516927719,1744,4001792,2936832,0,0,0,node4,node4,27,linkAggregateCore-remoteX-remoteX
4.97669482231,2158592,0,0,0,node1,1,start
