6.02415204048,62066688,0,4,0,node1,2,MaxiNetFrontendServer
3.61167001724,0,13758464,0,3,node2,1,MaxiNetWorker
3.72380185127,0,13959168,0,3,node3,1,MaxiNetWorker
3.71108984947,0,13914112,0,3,node4,1,MaxiNetWorker
1.72873497009,14929920,0,0,0,node1,0,topology
1.09833788872,38768640,0,9,0,node1,9,coreSwitch
0.934092998505,16384,942080,18,36,node2,9,coreSwitch
0.725973129272,241664,1277952,18,36,node3,9,coreSwitch
0.824018955231,0,36970496,18,36,node4,9,coreSwitch
2.35977101326,7737344,0,18,0,node1,18,aggregateSwitch
1.99398899078,0,1028096,36,72,node2,18,aggregateSwitch
1.5468711853,0,266240,36,72,node3,18,aggregateSwitch
1.76740813255,0,8339456,36,72,node4,18,aggregateSwitch
2.77840685844,10547200,0,18,0,node1,18,edgeSwitch
2.37909412384,118784,1507328,36,72,node2,18,edgeSwitch
1.7843079567,126976,1699840,36,72,node3,18,edgeSwitch
2.03831005096,0,9601024,36,72,node4,18,edgeSwitch
5.36717510223,140136448,0,108,0,node1,108,host
4.48603606224,49152,823296,216,432,node2,108,host
3.49215602875,0,778240,216,432,node3,108,host
4.00558495522,0,144695296,216,432,node4,108,host
17.8947589397,10604544,0,0,0,node1,108,linkHostEdge
16.678003788,0,417792,0,0,node2,108,linkHostEdge
12.2154049873,0,1187840,0,0,node3,108,linkHostEdge
13.0435650349,0,8523776,0,0,node4,108,linkHostEdge
67.3606650829,13201408,0,0,0,node1,108,linkEdgeAggregate
54.1272959709,0,73728,0,0,node2,108,linkEdgeAggregate
38.7981579304,0,1802240,0,0,node3,108,linkEdgeAggregate
47.8184669018,0,12877824,0,0,node4,108,linkEdgeAggregate
20.9930980206,3477504,0,0,0,0,0,node1,node1,27,linkAggregateCore-local-local
33.6573460102,2666496,417792,0,54,54,0,node1,node2,27,linkAggregateCore-local-remote
30.8027880192,2154496,188416,0,54,54,0,node1,node3,27,linkAggregateCore-local-remote
31.2963590622,2347008,3346432,0,54,54,0,node1,node4,27,linkAggregateCore-local-remote
35.6333458424,2252800,770048,0,54,54,0,node2,node1,27,linkAggregateCore-remote-local
23.7706501484,5168,483328,258048,0,0,0,node2,node2,27,linkAggregateCore-remoteX-remoteX
31.4332079887,65536,1138688,1626112,54,54,54,node2,node3,27,linkAggregateCore-remoteX-remoteY
32.6668219566,253952,708608,819200,54,54,54,node2,node4,27,linkAggregateCore-remoteX-remoteY
34.1534659863,2228224,1040384,0,54,54,0,node3,node1,27,linkAggregateCore-remote-local
34.0314760208,126976,1490944,2072576,54,54,54,node3,node2,27,linkAggregateCore-remoteX-remoteY
17.8822131157,7440,552960,258048,0,0,0,node3,node3,27,linkAggregateCore-remoteX-remoteX
28.5002088547,0,692224,1019904,54,54,54,node3,node4,27,linkAggregateCore-remoteX-remoteY
37.5197789669,2527232,1769472,0,54,54,0,node4,node1,27,linkAggregateCore-remote-local
36.2821681499,126976,864256,1417216,54,54,54,node4,node2,27,linkAggregateCore-remoteX-remoteY
30.7440531254,126976,1146880,421888,54,54,54,node4,node3,27,linkAggregateCore-remoteX-remoteY
17.3441231251,8384,5029888,3641344,0,0,0,node4,node4,27,linkAggregateCore-remoteX-remoteX
1.09672546387e-05,0,0,0,0,node1,1,start
