0.000369071960449,66519040,0,0,0,node1,0,topology
0.0835449695587,16883712,0,1,0,node1,0,controller
0.720213890076,2646016,0,9,0,node1,9,coreSwitch
6.44386911392,12558336,25206784,18,36,node2,9,coreSwitch
7.94117498398,14573568,25260032,18,36,node3,9,coreSwitch
6.35477399826,15028224,26157056,18,36,node4,9,coreSwitch
1.4503428936,10526720,0,18,0,node1,18,aggregateSwitch
12.9810659885,31379456,51630080,36,72,node2,18,aggregateSwitch
15.9142119884,32972800,52011008,36,72,node3,18,aggregateSwitch
12.6907389164,31666176,50896896,36,72,node4,18,aggregateSwitch
1.46877789497,10874880,0,18,0,node1,18,edgeSwitch
13.0442018509,32378880,275939328,36,72,node2,18,edgeSwitch
15.9310750961,34185216,52248576,36,72,node3,18,edgeSwitch
12.7655529976,35467264,53362688,36,72,node4,18,edgeSwitch
8.9562830925,145907712,0,108,0,node1,108,host
78.4807670116,254889984,415612928,216,432,node2,108,host
96.4566128254,275804160,414363648,216,432,node3,108,host
77.3168568611,298684416,414187520,216,432,node4,108,host
2.40974783897,11816960,0,0,0,node1,108,linkHostEdge
2.11809706688,0,8073216,0,0,node2,108,linkHostEdge
2.55694818497,0,9015296,0,0,node3,108,linkHostEdge
2.11695408821,0,8785920,0,0,node4,108,linkHostEdge
2.60960102081,11362304,0,0,0,node1,108,linkEdgeAggregate
2.1365480423,0,9183232,0,0,node2,108,linkEdgeAggregate
2.55793404579,0,10633216,0,0,node3,108,linkEdgeAggregate
2.11654901505,0,8908800,0,0,node4,108,linkEdgeAggregate
0.661404848099,2514944,0,0,0,0,0,node1,node1,27,linkAggregateCore-local-local
123.385288954,1404928,561152,0,54,54,0,node1,node2,27,linkAggregateCore-local-remote
150.735862017,2252800,1429504,0,54,54,0,node1,node3,27,linkAggregateCore-local-remote
121.807709932,307200,3567616,0,54,54,0,node1,node4,27,linkAggregateCore-local-remote
124.176858902,4096,1003520,0,54,54,0,node2,node1,27,linkAggregateCore-remote-local
0.563174962997,1568,1650688,2236416,0,0,0,node2,node2,27,linkAggregateCore-remoteX-remoteX
264.400333881,1294336,2478080,1585152,54,54,54,node2,node3,27,linkAggregateCore-remoteX-remoteY
236.232097149,417792,3608576,1384448,54,54,54,node2,node4,27,linkAggregateCore-remoteX-remoteY
151.505829811,561152,503808,0,54,54,0,node3,node1,27,linkAggregateCore-remote-local
265.663587809,1499136,872448,2273280,54,54,54,node3,node2,27,linkAggregateCore-remoteX-remoteY
0.666131973267,5632,3067904,2809856,0,0,0,node3,node3,27,linkAggregateCore-remoteX-remoteX
264.040363073,8192,1576960,438272,54,54,54,node3,node4,27,linkAggregateCore-remoteX-remoteY
122.881127119,1687552,2551808,0,54,54,0,node4,node1,27,linkAggregateCore-remote-local
237.396128178,954368,3534848,2170880,54,54,54,node4,node2,27,linkAggregateCore-remoteX-remoteY
264.812556028,1622016,839680,3911680,54,54,54,node4,node3,27,linkAggregateCore-remoteX-remoteY
0.551187992096,88704,1335296,2224128,0,0,0,node4,node4,27,linkAggregateCore-remoteX-remoteX
4.94115400314,708608,0,0,0,node1,1,start
