6.02432608604,25075712,0,4,0,node1,2,MaxiNetFrontendServer
3.61100292206,0,14151680,0,3,node2,1,MaxiNetWorker
3.7302968502,0,13180928,0,3,node3,1,MaxiNetWorker
3.64734601974,0,13918208,0,3,node4,1,MaxiNetWorker
2.96205186844,3248128,0,0,0,node1,0,topology
0.404201030731,19722240,0,3,0,node1,3,cellSwitch
0.341413974762,32768,1011712,6,12,node2,3,cellSwitch
0.270076990128,0,798720,6,12,node3,3,cellSwitch
0.303639888763,8192,35688448,6,12,node4,3,cellSwitch
1.57940196991,38334464,0,33,0,node1,33,hostCell
1.33389616013,0,290816,66,132,node2,33,hostCell
1.03673887253,110592,299008,66,132,node3,33,hostCell
1.1786570549,0,37724160,66,132,node4,33,hostCell
4.4046831131,18161664,0,33,0,node1,33,hostSwitchCell
3.73260903358,126976,1531904,66,132,node2,33,hostSwitchCell
2.93946003914,0,1302528,66,132,node3,33,hostSwitchCell
3.3002281189,0,1789952,66,132,node4,33,hostSwitchCell
3.7866230011,3760128,0,0,0,node1,33,linkHostHostSwitch
3.18173599243,0,1245184,0,0,node2,33,linkHostHostSwitch
2.45192313194,0,204800,0,0,node3,33,linkHostHostSwitch
2.61351108551,0,2592768,0,0,node4,33,linkHostHostSwitch
9.48821902275,3842048,0,0,0,node1,33,linkHostCellSwitch
8.73679590225,0,241664,0,0,node2,33,linkHostCellSwitch
6.17913913727,0,1904640,0,0,node3,33,linkHostCellSwitch
6.67386507988,0,3633152,0,0,node4,33,linkHostCellSwitch
1.06137394905,1073152,0,0,0,0,0,node1,node1,3,linkHostSwitchHostSwitch-local-local
6.03676199913,1310720,176128,0,18,18,0,node1,node2,9,linkHostSwitchHostSwitch-local-remote
5.31660604477,749568,217088,0,18,18,0,node1,node3,9,linkHostSwitchHostSwitch-local-remote
5.04877209663,2199552,192512,0,16,16,0,node1,node4,8,linkHostSwitchHostSwitch-local-remote
1.12456893921,7600,94208,970752,0,0,0,node4,node4,4,linkHostSwitchHostSwitch-remoteX-remoteX
0.956291913986,2720,278528,303104,0,0,0,node2,node2,3,linkHostSwitchHostSwitch-remoteX-remoteX
4.76885795593,0,692224,901120,18,18,18,node2,node3,9,linkHostSwitchHostSwitch-remoteX-remoteY
5.75163793564,126976,1224704,364544,18,18,18,node2,node4,9,linkHostSwitchHostSwitch-remoteX-remoteY
0.727673053741,8496,229376,77824,0,0,0,node3,node3,3,linkHostSwitchHostSwitch-remoteX-remoteX
4.67603206635,0,991232,536576,18,18,18,node3,node4,9,linkHostSwitchHostSwitch-remoteX-remoteY
3.69548797607e-05,0,0,0,0,node1,1,start
