0.000343084335327,0,0,0,0,node1,0,topology
0.0524871349335,94208,0,1,0,node1,0,controller
0.0682611465454,569344,0,1,0,node1,1,cellSwitch
0.701148033142,327680,2568192,2,4,node2,1,cellSwitch
0.677718877792,589824,2699264,2,4,node3,1,cellSwitch
0.697199106216,851968,1900544,2,4,node4,1,cellSwitch
0.194199085236,5840896,0,3,0,node1,3,hostCell
2.06025195122,2289664,9105408,6,12,node2,3,hostCell
2.06658101082,3956736,9887744,6,12,node3,3,hostCell
2.08251881599,5951488,8069120,6,12,node4,3,hostCell
0.19505906105,3878912,0,3,0,node1,3,hostSwitchCell
2.06087088585,3506176,9015296,6,12,node2,3,hostSwitchCell
2.08112001419,4268032,10047488,6,12,node3,3,hostSwitchCell
2.05887389183,6578176,9457664,6,12,node4,3,hostSwitchCell
0.0414729118347,4218880,0,0,0,node1,3,linkHostHostSwitch
0.0451309680939,0,1146880,0,0,node2,3,linkHostHostSwitch
0.0451009273529,0,327680,0,0,node3,3,linkHostHostSwitch
0.0441009998322,0,1609728,0,0,node4,3,linkHostHostSwitch
0.042631149292,528384,0,0,0,node1,3,linkHostCellSwitch
0.042906999588,0,188416,0,0,node2,3,linkHostCellSwitch
0.0476698875427,0,28672,0,0,node3,3,linkHostCellSwitch
0.0427598953247,0,892928,0,0,node4,3,linkHostCellSwitch
2.09567785263,1441792,3575808,0,2,2,0,node1,node2,1,linkHostSwitchHostSwitch-local-remote
2.05539679527,1441792,921600,0,2,2,0,node1,node3,1,linkHostSwitchHostSwitch-local-remote
2.07911610603,1875968,978944,0,2,2,0,node1,node4,1,linkHostSwitchHostSwitch-local-remote
3.9496281147,2072576,3051520,1597440,2,2,2,node2,node3,1,linkHostSwitchHostSwitch-remoteX-remoteY
4.0032889843,1437696,1400832,3915776,2,2,2,node2,node4,1,linkHostSwitchHostSwitch-remoteX-remoteY
3.94994115829,1409024,4046848,1818624,2,2,2,node3,node4,1,linkHostSwitchHostSwitch-remoteX-remoteY
0.961181163788,35487744,0,0,0,node1,1,start
