0.000342845916748,0,0,0,0,node1,0,topology
0.0415108203888,61440,0,1,0,node1,0,controller
0.0409519672394,319488,0,1,0,node1,1,cellSwitch
0.628638982773,561152,2453504,2,4,node2,1,cellSwitch
0.639367103577,438272,3653632,2,4,node3,1,cellSwitch
0.612380981445,1961984,2514944,2,4,node4,1,cellSwitch
0.113229036331,3633152,0,3,0,node1,3,hostCell
1.90348386765,3108864,8998912,6,12,node2,3,hostCell
1.93272900581,4562944,9998336,6,12,node3,3,hostCell
1.91402220726,4620288,10092544,6,12,node4,3,hostCell
0.12522482872,5537792,0,3,0,node1,3,hostSwitchCell
1.93000197411,2265088,8695808,6,12,node2,3,hostSwitchCell
1.95867800713,4075520,8187904,6,12,node3,3,hostSwitchCell
1.90415787697,6090752,8077312,6,12,node4,3,hostSwitchCell
0.030914068222,3260416,0,0,0,node1,3,linkHostHostSwitch
0.0448770523071,0,843776,0,0,node2,3,linkHostHostSwitch
0.0416011810303,0,315392,0,0,node3,3,linkHostHostSwitch
0.0427770614624,0,12288,0,0,node4,3,linkHostHostSwitch
0.0349650382996,1007616,0,0,0,node1,3,linkHostCellSwitch
0.0425250530243,0,462848,0,0,node2,3,linkHostCellSwitch
0.0445170402527,0,745472,0,0,node3,3,linkHostCellSwitch
0.0427708625793,0,413696,0,0,node4,3,linkHostCellSwitch
1.9075319767,1564672,1404928,0,2,2,0,node1,node2,1,linkHostSwitchHostSwitch-local-remote
1.98300504684,3108864,1527808,0,2,2,0,node1,node3,1,linkHostSwitchHostSwitch-local-remote
1.95818805695,647168,495616,0,2,2,0,node1,node4,1,linkHostSwitchHostSwitch-local-remote
3.81802487373,1368064,2146304,2416640,2,2,2,node2,node3,1,linkHostSwitchHostSwitch-remoteX-remoteY
3.70541405678,176128,1822720,917504,2,2,2,node2,node4,1,linkHostSwitchHostSwitch-remoteX-remoteY
3.71798110008,3923968,2404352,2928640,2,2,2,node3,node4,1,linkHostSwitchHostSwitch-remoteX-remoteY
0.88573884964,34639872,0,0,0,node1,1,start
