6.01625585556,24768512,0,4,0,node1,2,MaxiNetFrontendServer
3.60686397552,0,14168064,0,3,node2,1,MaxiNetWorker
3.60934209824,0,13844480,0,3,node3,1,MaxiNetWorker
3.60969209671,0,13701120,0,3,node4,1,MaxiNetWorker
1.43460702896,1646592,0,0,0,node1,0,topology
0.123998880386,34234368,0,1,0,node1,1,coreSwitch
0.136512994766,0,614400,2,4,node2,1,coreSwitch
0.133394002914,0,1118208,2,4,node3,1,coreSwitch
0.134745836258,0,33992704,2,4,node4,1,coreSwitch
0.154850959778,2588672,0,2,0,node1,2,aggregateSwitch
0.154937982559,126976,528384,4,8,node2,2,aggregateSwitch
0.158196926117,16384,200704,4,8,node3,2,aggregateSwitch
0.155257940292,0,1499136,4,8,node4,2,aggregateSwitch
0.15617609024,602112,0,2,0,node1,2,edgeSwitch
0.160562038422,126976,253952,4,8,node2,2,edgeSwitch
0.164881944656,0,1925120,4,8,node3,2,edgeSwitch
0.170019865036,0,1146880,4,8,node4,2,edgeSwitch
0.1348528862,5111808,0,4,0,node1,4,host
0.148486852646,0,1486848,8,16,node2,4,host
0.180311918259,32768,995328,8,16,node3,4,host
0.144953012466,126976,4157440,8,16,node4,4,host
0.180340051651,1568768,0,0,0,node1,4,linkHostEdge
0.184231996536,0,192512,0,0,node2,4,linkHostEdge
0.189984083176,0,421888,0,0,node3,4,linkHostEdge
0.184199094772,0,753664,0,0,node4,4,linkHostEdge
0.238270998001,188416,0,0,0,node1,4,linkEdgeAggregate
0.244372844696,0,299008,0,0,node2,4,linkEdgeAggregate
0.249871015549,0,815104,0,0,node3,4,linkEdgeAggregate
0.24268078804,0,487424,0,0,node4,4,linkEdgeAggregate
0.0687320232391,831488,0,0,0,0,0,node1,node1,1,linkAggregateCore-local-local
0.33482003212,380928,425984,0,2,2,0,node1,node2,1,linkAggregateCore-local-remote
0.3466360569,98304,122880,0,2,2,0,node1,node3,1,linkAggregateCore-local-remote
0.32576084137,737280,942080,0,2,2,0,node1,node4,1,linkAggregateCore-local-remote
0.342679977417,143360,593920,0,2,2,0,node2,node1,1,linkAggregateCore-remote-local
0.0693628787994,6784,385024,536576,0,0,0,node2,node2,1,linkAggregateCore-remoteX-remoteX
0.322134971619,0,393216,307200,2,2,2,node2,node3,1,linkAggregateCore-remoteX-remoteY
0.330468893051,0,368640,1687552,2,2,2,node2,node4,1,linkAggregateCore-remoteX-remoteY
0.359970092773,516096,479232,0,2,2,0,node3,node1,1,linkAggregateCore-remote-local
0.34157204628,0,184320,2260992,2,2,2,node3,node2,1,linkAggregateCore-remoteX-remoteY
0.0689270496368,4832,8192,266240,0,0,0,node3,node3,1,linkAggregateCore-remoteX-remoteX
0.341121912003,0,376832,466944,2,2,2,node3,node4,1,linkAggregateCore-remoteX-remoteY
0.342893123627,204800,200704,0,2,2,0,node4,node1,1,linkAggregateCore-remote-local
0.342564821243,0,8192,913408,2,2,2,node4,node2,1,linkAggregateCore-remoteX-remoteY
0.345059156418,0,892928,1060864,2,2,2,node4,node3,1,linkAggregateCore-remoteX-remoteY
0.0736591815948,3200,491520,1740800,0,0,0,node4,node4,1,linkAggregateCore-remoteX-remoteX
1.09672546387e-05,0,0,0,0,node1,1,start
