6.02092695236,24723456,0,4,0,node1,2,MaxiNetFrontendServer
3.61091399193,0,13357056,0,3,node2,1,MaxiNetWorker
3.71924686432,0,14012416,0,3,node3,1,MaxiNetWorker
3.5797059536,0,12992512,0,3,node4,1,MaxiNetWorker
1.71148991585,2183168,0,0,0,node1,0,topology
0.399377822876,18948096,0,3,0,node1,3,cellSwitch
0.343333959579,8192,61440,6,12,node2,3,cellSwitch
0.266450881958,0,278528,6,12,node3,3,cellSwitch
0.280636072159,0,35368960,6,12,node4,3,cellSwitch
1.58111405373,38031360,0,33,0,node1,33,hostCell
1.33466887474,32768,1204224,66,132,node2,33,hostCell
1.03590011597,0,622592,66,132,node3,33,hostCell
1.11517810822,0,38502400,66,132,node4,33,hostCell
4.41258907318,18644992,0,33,0,node1,33,hostSwitchCell
3.73493409157,126976,385024,66,132,node2,33,hostSwitchCell
2.88351607323,0,528384,66,132,node3,33,hostSwitchCell
3.11005997658,0,966656,66,132,node4,33,hostSwitchCell
3.46477007866,3641344,0,0,0,node1,33,linkHostHostSwitch
3.11291408539,0,684032,0,0,node2,33,linkHostHostSwitch
2.31062197685,0,1757184,0,0,node3,33,linkHostHostSwitch
2.2223110199,0,2351104,0,0,node4,33,linkHostHostSwitch
9.31582593918,3887104,0,0,0,node1,33,linkHostCellSwitch
8.82013320923,0,8192,0,0,node2,33,linkHostCellSwitch
6.21000099182,0,196608,0,0,node3,33,linkHostCellSwitch
5.49384498596,0,3993600,0,0,node4,33,linkHostCellSwitch
1.06540703773,217088,0,0,0,0,0,node1,node1,3,linkHostSwitchHostSwitch-local-local
5.91354703903,217088,1507328,0,18,18,0,node1,node2,9,linkHostSwitchHostSwitch-local-remote
5.11065101624,1708032,532480,0,18,18,0,node1,node3,9,linkHostSwitchHostSwitch-local-remote
4.66062092781,118784,1355776,0,16,16,0,node1,node4,8,linkHostSwitchHostSwitch-local-remote
0.909654855728,35872,20480,40960,0,0,0,node4,node4,4,linkHostSwitchHostSwitch-remoteX-remoteX
0.960253953934,27264,1998848,167936,0,0,0,node2,node2,3,linkHostSwitchHostSwitch-remoteX-remoteX
5.16454982758,126976,983040,782336,18,18,18,node2,node3,9,linkHostSwitchHostSwitch-remoteX-remoteY
5.10962796211,0,839680,28672,18,18,18,node2,node4,9,linkHostSwitchHostSwitch-remoteX-remoteY
0.718695163727,13568,782336,1032192,0,0,0,node3,node3,3,linkHostSwitchHostSwitch-remoteX-remoteX
4.28861689568,126976,1003520,1155072,18,18,18,node3,node4,9,linkHostSwitchHostSwitch-remoteX-remoteY
1.09672546387e-05,32768,0,0,0,node1,1,start
