6.01618790627,26324992,0,4,0,node1,2,MaxiNetFrontendServer
3.60912394524,0,12996608,0,3,node2,1,MaxiNetWorker
3.60882210732,0,14495744,0,3,node3,1,MaxiNetWorker
3.61820697784,0,12255232,0,3,node4,1,MaxiNetWorker
1.35720086098,729088,0,0,0,node1,0,topology
0.119368076324,35598336,0,1,0,node1,1,cellSwitch
0.132021188736,0,786432,2,4,node2,1,cellSwitch
0.137471914291,0,376832,2,4,node3,1,cellSwitch
0.119578123093,0,33378304,2,4,node4,1,cellSwitch
0.101608037949,4075520,0,3,0,node1,3,hostCell
0.11282491684,126976,36864,6,12,node2,3,hostCell
0.111395120621,0,184320,6,12,node3,3,hostCell
0.0946850776672,0,1519616,6,12,node4,3,hostCell
0.228765964508,200704,0,3,0,node1,3,hostSwitchCell
0.234668016434,0,1916928,6,12,node2,3,hostSwitchCell
0.243715047836,0,2609152,6,12,node3,3,hostSwitchCell
0.235795021057,307200,651264,6,12,node4,3,hostSwitchCell
0.141463041306,286720,0,0,0,node1,3,linkHostHostSwitch
0.136826992035,0,225280,0,0,node2,3,linkHostHostSwitch
0.140089035034,0,438272,0,0,node3,3,linkHostHostSwitch
0.137891054153,0,839680,0,0,node4,3,linkHostHostSwitch
0.171417951584,413696,0,0,0,node1,3,linkHostCellSwitch
0.180295944214,0,475136,0,0,node2,3,linkHostCellSwitch
0.182811021805,0,53248,0,0,node3,3,linkHostCellSwitch
0.18291592598,0,1331200,0,0,node4,3,linkHostCellSwitch
0.340110063553,987136,364544,0,2,2,0,node1,node2,1,linkHostSwitchHostSwitch-local-remote
0.350326061249,856064,1011712,0,2,2,0,node1,node3,1,linkHostSwitchHostSwitch-local-remote
0.323754787445,888832,266240,0,2,2,0,node1,node4,1,linkHostSwitchHostSwitch-local-remote
0.34520316124,0,712704,671744,2,2,2,node2,node3,1,linkHostSwitchHostSwitch-remoteX-remoteY
0.351115942001,0,524288,1384448,2,2,2,node2,node4,1,linkHostSwitchHostSwitch-remoteX-remoteY
0.319396018982,0,1933312,1101824,2,2,2,node3,node4,1,linkHostSwitchHostSwitch-remoteX-remoteY
1.09672546387e-05,0,0,0,0,node1,1,start
