0.000339031219482,0,0,0,0,node1,0,topology
0.0740270614624,610304,0,1,0,node1,0,controller
0.335562944412,1044480,0,3,0,node1,3,cellSwitch
2.22868394852,2711552,10551296,6,12,node2,3,cellSwitch
2.72984600067,5476352,8273920,6,12,node3,3,cellSwitch
2.47697591782,3919872,8798208,6,12,node4,3,cellSwitch
3.64903593063,39047168,0,33,0,node1,33,hostCell
24.78510499,64237568,116797440,66,132,node2,33,hostCell
30.2463850975,65417216,118730752,66,132,node3,33,hostCell
27.2702579498,67305472,117239808,66,132,node4,33,hostCell
3.74258112907,19324928,0,33,0,node1,33,hostSwitchCell
24.955286026,73433088,100757504,66,132,node2,33,hostSwitchCell
30.3921821117,78360576,98963456,66,132,node3,33,hostSwitchCell
27.4456620216,79745024,98979840,66,132,node4,33,hostSwitchCell
0.472826957703,7294976,0,0,0,node1,33,linkHostHostSwitch
0.49424290657,0,2408448,0,0,node2,33,linkHostHostSwitch
0.557883024216,0,2449408,0,0,node3,33,linkHostHostSwitch
0.537106990814,0,4075520,0,0,node4,33,linkHostHostSwitch
2.99916791916,6909952,0,0,0,node1,33,linkHostCellSwitch
0.471391201019,0,4796416,0,0,node2,33,linkHostCellSwitch
0.569494962692,0,4108288,0,0,node3,33,linkHostCellSwitch
0.524714946747,0,3190784,0,0,node4,33,linkHostCellSwitch
0.0478401184082,495616,0,0,0,0,0,node1,node1,3,linkHostSwitchHostSwitch-local-local
20.3657839298,19722240,17272832,0,18,18,0,node1,node2,9,linkHostSwitchHostSwitch-local-remote
24.7649581432,23019520,17551360,0,18,18,0,node1,node3,9,linkHostSwitchHostSwitch-local-remote
19.9742789268,20697088,14327808,0,16,16,0,node1,node4,8,linkHostSwitchHostSwitch-local-remote
0.0664918422699,53728,229376,409600,0,0,0,node4,node4,4,linkHostSwitchHostSwitch-remoteX-remoteX
0.0442349910736,5136,217088,798720,0,0,0,node2,node2,3,linkHostSwitchHostSwitch-remoteX-remoteX
42.3833179474,21004288,23740416,15577088,18,18,18,node2,node3,9,linkHostSwitchHostSwitch-remoteX-remoteY
40.0405430794,21741568,23699456,18137088,18,18,18,node2,node4,9,linkHostSwitchHostSwitch-remoteX-remoteY
0.0549590587616,9200,28672,122880,0,0,0,node3,node3,3,linkHostSwitchHostSwitch-remoteX-remoteX
44.8311138153,20037632,23482368,18104320,18,18,18,node3,node4,9,linkHostSwitchHostSwitch-remoteX-remoteY
1.4447991848,1904640,0,0,0,node1,1,start
