6.01835298538,25411584,0,4,0,node1,2,MaxiNetFrontendServer
3.61031198502,0,14864384,0,3,node2,1,MaxiNetWorker
3.60867094994,0,13828096,0,3,node3,1,MaxiNetWorker
3.61200499535,0,13836288,0,3,node4,1,MaxiNetWorker
1.24772405624,1376256,0,0,0,node1,0,topology
0.121218919754,36614144,0,1,0,node1,1,coreSwitch
0.143682003021,0,106496,2,4,node2,1,coreSwitch
0.138150215149,0,1052672,2,4,node3,1,coreSwitch
0.124418973923,0,34684928,2,4,node4,1,coreSwitch
0.149835109711,2088960,0,2,0,node1,2,aggregateSwitch
0.159764051437,0,679936,4,8,node2,2,aggregateSwitch
0.160998106003,16384,770048,4,8,node3,2,aggregateSwitch
0.150013923645,0,413696,4,8,node4,2,aggregateSwitch
0.150809049606,458752,0,2,0,node1,2,edgeSwitch
0.163161039352,0,1945600,4,8,node2,2,edgeSwitch
0.159368991852,0,790528,4,8,node3,2,edgeSwitch
0.15661907196,126976,2134016,4,8,node4,2,edgeSwitch
0.134124994278,4259840,0,4,0,node1,4,host
0.155079126358,0,1671168,8,16,node2,4,host
0.16236782074,0,409600,8,16,node3,4,host
0.137028932571,0,3801088,8,16,node4,4,host
0.180956125259,2113536,0,0,0,node1,4,linkHostEdge
0.191651821136,0,16384,0,0,node2,4,linkHostEdge
0.18376994133,0,294912,0,0,node3,4,linkHostEdge
0.182155132294,0,1626112,0,0,node4,4,linkHostEdge
0.241970062256,430080,0,0,0,node1,4,linkEdgeAggregate
0.265995025635,0,1257472,0,0,node2,4,linkEdgeAggregate
0.255676984787,0,65536,0,0,node3,4,linkEdgeAggregate
0.248596906662,0,245760,0,0,node4,4,linkEdgeAggregate
0.0692729949951,475136,0,0,0,0,0,node1,node1,1,linkAggregateCore-local-local
0.331804037094,299008,548864,0,2,2,0,node1,node2,1,linkAggregateCore-local-remote
0.344210147858,913408,1802240,0,2,2,0,node1,node3,1,linkAggregateCore-local-remote
0.357008934021,782336,1249280,0,2,2,0,node1,node4,1,linkAggregateCore-local-remote
0.362026929855,319488,81920,0,2,2,0,node2,node1,1,linkAggregateCore-remote-local
0.0717651844025,3984,892928,774144,0,0,0,node2,node2,1,linkAggregateCore-remoteX-remoteX
0.358406066895,0,413696,286720,2,2,2,node2,node3,1,linkAggregateCore-remoteX-remoteY
0.345973014832,0,667648,77824,2,2,2,node2,node4,1,linkAggregateCore-remoteX-remoteY
0.341608047485,557056,1052672,0,2,2,0,node3,node1,1,linkAggregateCore-remote-local
0.364204883575,0,593920,516096,2,2,2,node3,node2,1,linkAggregateCore-remoteX-remoteY
0.0697090625763,9600,122880,303104,0,0,0,node3,node3,1,linkAggregateCore-remoteX-remoteX
0.344160079956,16384,937984,299008,2,2,2,node3,node4,1,linkAggregateCore-remoteX-remoteY
0.361394882202,380928,1220608,0,2,2,0,node4,node1,1,linkAggregateCore-remote-local
0.361071109772,0,462848,1261568,2,2,2,node4,node2,1,linkAggregateCore-remoteX-remoteY
0.335213899612,45056,1925120,1306624,2,2,2,node4,node3,1,linkAggregateCore-remoteX-remoteY
0.0773160457611,1616,282624,753664,0,0,0,node4,node4,1,linkAggregateCore-remoteX-remoteX
1.00135803223e-05,0,0,0,0,node1,1,start
