6.01411700249,29327360,0,4,0,node1,2,MaxiNetFrontendServer
3.66241121292,0,23052288,0,3,node2,1,MaxiNetWorker
14.8790471554,208896,0,0,0,node1,0,topology
0.216400146484,80097280,0,2,0,node1,2,coreSwitch
0.226941108704,0,78573568,4,8,node2,2,coreSwitch
0.322432994843,1900544,0,4,0,node1,4,aggregateSwitch
0.32390499115,253952,2482176,8,16,node2,4,aggregateSwitch
0.316263914108,2297856,0,4,0,node1,4,edgeSwitch
0.327394962311,0,3518464,8,16,node2,4,edgeSwitch
0.264256000519,9728000,0,8,0,node1,8,host
0.257910966873,8192,8732672,16,32,node2,8,host
0.408089876175,2273280,0,0,0,node1,8,linkHostEdge
0.420696973801,0,1343488,0,0,node2,8,linkHostEdge
0.563169002533,1138688,0,0,0,node1,8,linkEdgeAggregate
0.550992012024,0,81920,0,0,node2,8,linkEdgeAggregate
0.324696063995,1810432,0,0,0,0,0,node1,node1,4,linkAggregateCore-local-local
1.40032505989,909312,1105920,0,8,8,0,node1,node2,4,linkAggregateCore-local-remote
1.35140299797,49152,811008,0,8,8,0,node2,node1,4,linkAggregateCore-remote-local
0.325040817261,178565,163840,180224,0,0,0,node2,node2,4,linkAggregateCore-remoteX-remoteX
9.05990600586e-06,0,0,0,0,node1,1,start
