6.02625894547,24449024,0,4,0,node1,2,MaxiNetFrontendServer
3.61165189743,0,14970880,0,3,node2,1,MaxiNetWorker
3.72451591492,0,12582912,0,3,node3,1,MaxiNetWorker
3.67959713936,0,12943360,0,3,node4,1,MaxiNetWorker
1.94904088974,3317760,0,0,0,node1,0,topology
0.405938863754,19881984,0,3,0,node1,3,cellSwitch
0.341582775116,16384,143360,6,12,node2,3,cellSwitch
0.2685110569,8192,516096,6,12,node3,3,cellSwitch
0.303861856461,8192,16695296,6,12,node4,3,cellSwitch
1.60062599182,37928960,0,33,0,node1,33,hostCell
1.32875204086,0,1409024,66,132,node2,33,hostCell
1.02661108971,0,741376,66,132,node3,33,hostCell
1.19194698334,0,36466688,66,132,node4,33,hostCell
4.41846299171,19324928,0,33,0,node1,33,hostSwitchCell
3.73740410805,0,176128,66,132,node2,33,hostSwitchCell
2.98224401474,0,1839104,66,132,node3,33,hostSwitchCell
3.29070591927,0,17801216,66,132,node4,33,hostSwitchCell
3.78121614456,3547136,0,0,0,node1,33,linkHostHostSwitch
3.08160018921,0,1589248,0,0,node2,33,linkHostHostSwitch
2.30599689484,0,716800,0,0,node3,33,linkHostHostSwitch
2.56180500984,0,1159168,0,0,node4,33,linkHostHostSwitch
9.20855808258,2101248,0,0,0,node1,33,linkHostCellSwitch
8.65157198906,0,2039808,0,0,node2,33,linkHostCellSwitch
6.13806700706,0,536576,0,0,node3,33,linkHostCellSwitch
6.81289696693,0,1736704,0,0,node4,33,linkHostCellSwitch
1.04973387718,643072,0,0,0,0,0,node1,node1,3,linkHostSwitchHostSwitch-local-local
6.22689795494,991232,1253376,0,18,18,0,node1,node2,9,linkHostSwitchHostSwitch-local-remote
5.69297599792,229376,1318912,0,18,18,0,node1,node3,9,linkHostSwitchHostSwitch-local-remote
5.5652410984,389120,905216,0,16,16,0,node1,node4,8,linkHostSwitchHostSwitch-local-remote
1.13396501541,8464,139264,1249280,0,0,0,node4,node4,4,linkHostSwitchHostSwitch-remoteX-remoteX
0.864437818527,8784,1650688,458752,0,0,0,node2,node2,3,linkHostSwitchHostSwitch-remoteX-remoteX
4.79317998886,0,749568,815104,18,18,18,node2,node3,9,linkHostSwitchHostSwitch-remoteX-remoteY
5.29583716393,0,151552,741376,18,18,18,node2,node4,9,linkHostSwitchHostSwitch-remoteX-remoteY
0.746103048325,2384,1429504,790528,0,0,0,node3,node3,3,linkHostSwitchHostSwitch-remoteX-remoteX
4.37487792969,126976,794624,249856,18,18,18,node3,node4,9,linkHostSwitchHostSwitch-remoteX-remoteY
1.00135803223e-05,0,0,0,0,node1,1,start
