0.000323057174683,0,0,0,0,node1,0,topology
0.0644469261169,618496,0,1,0,node1,0,controller
0.265336990356,290816,0,3,0,node1,3,cellSwitch
2.1847410202,2551808,8052736,6,12,node2,3,cellSwitch
2.67177605629,5513216,7815168,6,12,node3,3,cellSwitch
2.39688682556,4747264,8028160,6,12,node4,3,cellSwitch
2.91417717934,39550976,0,33,0,node1,33,hostCell
24.0185351372,58855424,118796288,66,132,node2,33,hostCell
29.5235891342,61464576,117714944,66,132,node3,33,hostCell
26.5521361828,64364544,119963648,66,132,node4,33,hostCell
3.0049738884,20123648,0,33,0,node1,33,hostSwitchCell
24.1496188641,68407296,100081664,66,132,node2,33,hostSwitchCell
29.5690560341,74285056,99844096,66,132,node3,33,hostSwitchCell
26.6509950161,75509760,100253696,66,132,node4,33,hostSwitchCell
0.478839159012,6545408,0,0,0,node1,33,linkHostHostSwitch
0.481774091721,0,2097152,0,0,node2,33,linkHostHostSwitch
0.56804895401,0,2686976,0,0,node3,33,linkHostHostSwitch
0.513665914536,0,2543616,0,0,node4,33,linkHostHostSwitch
2.95764994621,6561792,0,0,0,node1,33,linkHostCellSwitch
0.472306966782,0,4026368,0,0,node2,33,linkHostCellSwitch
0.559036016464,0,2387968,0,0,node3,33,linkHostCellSwitch
0.5198969841,0,3780608,0,0,node4,33,linkHostCellSwitch
0.0445210933685,413696,0,0,0,0,0,node1,node1,3,linkHostSwitchHostSwitch-local-local
19.8959710598,18391040,16470016,0,18,18,0,node1,node2,9,linkHostSwitchHostSwitch-local-remote
24.2869720459,21524480,16220160,0,18,18,0,node1,node3,9,linkHostSwitchHostSwitch-local-remote
19.4733359814,19644416,15659008,0,16,16,0,node1,node4,8,linkHostSwitchHostSwitch-local-remote
0.0643939971924,5088,622592,237568,0,0,0,node4,node4,4,linkHostSwitchHostSwitch-remoteX-remoteX
0.0458278656006,8896,561152,0,0,0,0,node2,node2,3,linkHostSwitchHostSwitch-remoteX-remoteX
41.7309029102,18128896,24862720,16424960,18,18,18,node2,node3,9,linkHostSwitchHostSwitch-remoteX-remoteY
39.4580130577,21794816,24051712,17104896,18,18,18,node2,node4,9,linkHostSwitchHostSwitch-remoteX-remoteY
0.044615983963,416,1257472,798720,0,0,0,node3,node3,3,linkHostSwitchHostSwitch-remoteX-remoteX
44.3013279438,16633856,25354240,16076800,18,18,18,node3,node4,9,linkHostSwitchHostSwitch-remoteX-remoteY
1.40060520172,2871296,0,0,0,node1,1,start
