0.000357151031494,67239936,0,0,0,node1,0,topology
0.0799310207367,16551936,0,1,0,node1,0,controller
0.659168958664,2916352,0,9,0,node1,9,coreSwitch
6.4186937809,12886016,22966272,18,36,node2,9,coreSwitch
7.86242818832,12570624,23506944,18,36,node3,9,coreSwitch
6.30326485634,14684160,24248320,18,36,node4,9,coreSwitch
1.33528399467,10268672,0,18,0,node1,18,aggregateSwitch
12.7804150581,30883840,53145600,36,72,node2,18,aggregateSwitch
15.785451889,32092160,53735424,36,72,node3,18,aggregateSwitch
12.6162650585,32796672,50515968,36,72,node4,18,aggregateSwitch
1.34845495224,10063872,0,18,0,node1,18,edgeSwitch
12.8338518143,32374784,52023296,36,72,node2,18,edgeSwitch
15.8127450943,32927744,52768768,36,72,node3,18,edgeSwitch
12.6359839439,36061184,53633024,36,72,node4,18,edgeSwitch
8.23923707008,145780736,0,108,0,node1,108,host
77.5141761303,249589760,419209216,216,432,node2,108,host
95.6704778671,273850368,413831168,216,432,node3,108,host
76.8297908306,294436864,415256576,216,432,node4,108,host
2.52973604202,13156352,0,0,0,node1,108,linkHostEdge
2.12234210968,0,9621504,0,0,node2,108,linkHostEdge
2.51928019524,0,9244672,0,0,node3,108,linkHostEdge
2.10669708252,0,9539584,0,0,node4,108,linkHostEdge
2.61096811295,9863168,0,0,0,node1,108,linkEdgeAggregate
2.12473893166,0,10211328,0,0,node2,108,linkEdgeAggregate
2.56976819038,0,9535488,0,0,node3,108,linkEdgeAggregate
2.09538698196,0,8609792,0,0,node4,108,linkEdgeAggregate
0.658874034882,2842624,0,0,0,0,0,node1,node1,27,linkAggregateCore-local-local
122.235367775,65536,1826816,0,54,54,0,node1,node2,27,linkAggregateCore-local-remote
149.314915895,1282048,2613248,0,54,54,0,node1,node3,27,linkAggregateCore-local-remote
120.705858946,73728,2514944,0,54,54,0,node1,node4,27,linkAggregateCore-local-remote
123.004759073,1576960,2269184,0,54,54,0,node2,node1,27,linkAggregateCore-remote-local
0.556272029877,76448,3129344,1208320,0,0,0,node2,node2,27,linkAggregateCore-remoteX-remoteX
263.190721989,958464,1232896,528384,54,54,54,node2,node3,27,linkAggregateCore-remoteX-remoteY
234.877607107,1814528,2195456,1069056,54,54,54,node2,node4,27,linkAggregateCore-remoteX-remoteY
150.491174936,2674688,1163264,0,54,54,0,node3,node1,27,linkAggregateCore-remote-local
264.307740211,2871296,2646016,2945024,54,54,54,node3,node2,27,linkAggregateCore-remoteX-remoteY
0.675961971283,89472,3280896,2953216,0,0,0,node3,node3,27,linkAggregateCore-remoteX-remoteX
262.673143864,606208,2469888,1040384,54,54,54,node3,node4,27,linkAggregateCore-remoteX-remoteY
121.61145401,487424,1241088,0,54,54,0,node4,node1,27,linkAggregateCore-remote-local
236.214046001,155648,2748416,1556480,54,54,54,node4,node2,27,linkAggregateCore-remoteX-remoteY
263.458355904,1982464,2592768,1900544,54,54,54,node4,node3,27,linkAggregateCore-remoteX-remoteY
0.551185131073,30336,3686400,2682880,0,0,0,node4,node4,27,linkAggregateCore-remoteX-remoteX
4.94648504257,40960,0,0,0,node1,1,start
