0.000386953353882,0,0,0,0,node1,0,topology
0.0351231098175,770048,0,1,0,node1,0,controller
0.0334000587463,692224,0,1,0,node1,1,cellSwitch
0.633701086044,339968,3063808,2,4,node2,1,cellSwitch
0.669152975082,1970176,3133440,2,4,node3,1,cellSwitch
0.664525985718,204800,1880064,2,4,node4,1,cellSwitch
0.098888874054,4452352,0,3,0,node1,3,hostCell
1.88984513283,2822144,9949184,6,12,node2,3,hostCell
1.87415599823,3837952,10063872,6,12,node3,3,hostCell
1.89843606949,5107712,10547200,6,12,node4,3,hostCell
0.0997219085693,3424256,0,3,0,node1,3,hostSwitchCell
1.90809702873,3735552,8843264,6,12,node2,3,hostSwitchCell
1.94346618652,4763648,8704000,6,12,node3,3,hostSwitchCell
1.88672018051,5160960,8511488,6,12,node4,3,hostSwitchCell
0.0466320514679,2768896,0,0,0,node1,3,linkHostHostSwitch
0.0670781135559,0,888832,0,0,node2,3,linkHostHostSwitch
0.0613889694214,0,1150976,0,0,node3,3,linkHostHostSwitch
0.0600838661194,0,983040,0,0,node4,3,linkHostHostSwitch
0.0490219593048,1077248,0,0,0,node1,3,linkHostCellSwitch
0.0560529232025,0,483328,0,0,node2,3,linkHostCellSwitch
0.0601401329041,0,65536,0,0,node3,3,linkHostCellSwitch
0.0602381229401,0,1712128,0,0,node4,3,linkHostCellSwitch
3.85427498817,1978368,434176,0,2,2,0,node1,node2,1,linkHostSwitchHostSwitch-local-remote
3.79821109772,20480,299008,0,2,2,0,node1,node3,1,linkHostSwitchHostSwitch-local-remote
3.82994794846,425984,1310720,0,2,2,0,node1,node4,1,linkHostSwitchHostSwitch-local-remote
7.43450021744,0,266240,1253376,2,2,2,node2,node3,1,linkHostSwitchHostSwitch-remoteX-remoteY
7.52493405342,729088,573440,1552384,2,2,2,node2,node4,1,linkHostSwitchHostSwitch-remoteX-remoteY
7.49960803986,1736704,909312,507904,2,2,2,node3,node4,1,linkHostSwitchHostSwitch-remoteX-remoteY
0.873258829117,34238464,0,0,0,node1,1,start
