0.000356912612915,0,0,0,0,node1,0,topology
0.0541911125183,1331200,0,1,0,node1,0,controller
0.0731101036072,77824,0,1,0,node1,1,cellSwitch
0.700358867645,466944,1327104,2,4,node2,1,cellSwitch
0.689114093781,1191936,3735552,2,4,node3,1,cellSwitch
0.695810079575,811008,2863104,2,4,node4,1,cellSwitch
0.208292961121,5181440,0,3,0,node1,3,hostCell
2.08289790154,3186688,11759616,6,12,node2,3,hostCell
2.10584497452,4210688,9199616,6,12,node3,3,hostCell
2.08514714241,5640192,9043968,6,12,node4,3,hostCell
0.212730884552,2813952,0,3,0,node1,3,hostSwitchCell
2.07441020012,3547136,8601600,6,12,node2,3,hostSwitchCell
2.102684021,5570560,10473472,6,12,node3,3,hostSwitchCell
2.13631296158,4874240,10461184,6,12,node4,3,hostSwitchCell
0.0587470531464,4161536,0,0,0,node1,3,linkHostHostSwitch
0.0651569366455,0,638976,0,0,node2,3,linkHostHostSwitch
0.0618529319763,0,741376,0,0,node3,3,linkHostHostSwitch
0.0617518424988,0,970752,0,0,node4,3,linkHostHostSwitch
0.0642058849335,638976,0,0,0,node1,3,linkHostCellSwitch
0.0605690479279,0,958464,0,0,node2,3,linkHostCellSwitch
0.063982963562,0,757760,0,0,node3,3,linkHostCellSwitch
0.0614738464355,0,450560,0,0,node4,3,linkHostCellSwitch
4.17603397369,1818624,1073152,0,2,2,0,node1,node2,1,linkHostSwitchHostSwitch-local-remote
4.20902395248,77824,1900544,0,2,2,0,node1,node3,1,linkHostSwitchHostSwitch-local-remote
4.21320104599,94208,1454080,0,2,2,0,node1,node4,1,linkHostSwitchHostSwitch-local-remote
8.10143494606,1163264,634880,872448,2,2,2,node2,node3,1,linkHostSwitchHostSwitch-remoteX-remoteY
8.17006492615,503808,249856,1564672,2,2,2,node2,node4,1,linkHostSwitchHostSwitch-remoteX-remoteY
8.13921093941,462848,249856,614400,2,2,2,node3,node4,1,linkHostSwitchHostSwitch-remoteX-remoteY
0.979042053223,35090432,0,0,0,node1,1,start
