6.02600884438,25677824,0,4,0,node1,2,MaxiNetFrontendServer
3.64779305458,0,14622720,0,3,node2,1,MaxiNetWorker
3.72485589981,0,15286272,0,3,node3,1,MaxiNetWorker
3.67903995514,0,14913536,0,3,node4,1,MaxiNetWorker
2.55981206894,2228224,0,0,0,node1,0,topology
0.403290987015,20664320,0,3,0,node1,3,cellSwitch
0.339739084244,16384,86016,6,12,node2,3,cellSwitch
0.268429994583,0,1060864,6,12,node3,3,cellSwitch
0.304378986359,0,19238912,6,12,node4,3,cellSwitch
1.58637094498,38166528,0,33,0,node1,33,hostCell
1.34325194359,32768,618496,66,132,node2,33,hostCell
1.02192783356,0,270336,66,132,node3,33,hostCell
1.18146085739,0,39813120,66,132,node4,33,hostCell
4.42241501808,19136512,0,33,0,node1,33,hostSwitchCell
3.74369120598,0,69632,66,132,node2,33,hostSwitchCell
3.0222029686,159744,1273856,66,132,node3,33,hostSwitchCell
3.29371786118,8192,18202624,66,132,node4,33,hostSwitchCell
3.54182386398,3170304,0,0,0,node1,33,linkHostHostSwitch
3.44665288925,0,450560,0,0,node2,33,linkHostHostSwitch
2.34675788879,0,954368,0,0,node3,33,linkHostHostSwitch
2.5880048275,0,2183168,0,0,node4,33,linkHostHostSwitch
9.63456296921,3362816,0,0,0,node1,33,linkHostCellSwitch
8.43859505653,0,1163264,0,0,node2,33,linkHostCellSwitch
6.30138301849,0,1396736,0,0,node3,33,linkHostCellSwitch
6.80852103233,0,3448832,0,0,node4,33,linkHostCellSwitch
1.05754899979,1101824,0,0,0,0,0,node1,node1,3,linkHostSwitchHostSwitch-local-local
6.26078820229,880640,2596864,0,18,18,0,node1,node2,9,linkHostSwitchHostSwitch-local-remote
5.6131029129,278528,987136,0,18,18,0,node1,node3,9,linkHostSwitchHostSwitch-local-remote
5.49300694466,212992,1368064,0,16,16,0,node1,node4,8,linkHostSwitchHostSwitch-local-remote
1.08518886566,6970,688128,118784,0,0,0,node4,node4,4,linkHostSwitchHostSwitch-remoteX-remoteX
1.05224895477,6904,999424,106496,0,0,0,node2,node2,3,linkHostSwitchHostSwitch-remoteX-remoteX
4.67584085464,0,430080,471040,18,18,18,node2,node3,9,linkHostSwitchHostSwitch-remoteX-remoteY
5.17694497108,0,1142784,1081344,18,18,18,node2,node4,9,linkHostSwitchHostSwitch-remoteX-remoteY
0.631154060364,6924,303104,245760,0,0,0,node3,node3,3,linkHostSwitchHostSwitch-remoteX-remoteX
4.57120084763,126976,1466368,0,18,18,18,node3,node4,9,linkHostSwitchHostSwitch-remoteX-remoteY
1.09672546387e-05,16384,0,0,0,node1,1,start
