6.02063393593,102883328,0,4,0,node1,2,MaxiNetFrontendServer
3.67780208588,0,49508352,0,3,node2,1,MaxiNetWorker
1.00715708733,13574144,0,0,0,node1,0,topology
1.80051493645,43143168,0,18,0,node1,18,coreSwitch
1.73482918739,32768,42520576,36,72,node2,18,coreSwitch
4.48499894142,18300928,0,36,0,node1,36,aggregateSwitch
4.27628612518,32768,16773120,72,144,node2,36,aggregateSwitch
5.94832396507,12349440,0,36,0,node1,36,edgeSwitch
5.70686101913,380928,20197376,72,144,node2,36,edgeSwitch
8.87055706978,288526336,0,216,0,node1,216,host
8.46123194695,167936,294612992,432,864,node2,216,host
56.8500440121,23838720,0,0,0,node1,216,linkHostEdge
54.9114308357,0,14401536,0,0,node2,216,linkHostEdge
255.413376093,29732864,0,0,0,node1,216,linkEdgeAggregate
261.445182085,0,25161728,0,0,node2,216,linkEdgeAggregate
200.929563999,19079168,0,0,0,0,0,node1,node1,108,linkAggregateCore-local-local
275.958235025,13209600,10477568,0,216,216,0,node1,node2,108,linkAggregateCore-local-remote
310.835580111,13205504,9715712,0,216,216,0,node2,node1,108,linkAggregateCore-remote-local
266.951018095,682064,17195008,16936960,0,0,0,node2,node2,108,linkAggregateCore-remoteX-remoteX
8.82148742676e-06,24576,0,0,0,node1,1,start
