0.000355958938599,67186688,0,0,0,node1,0,topology
0.073982000351,16687104,0,1,0,node1,0,controller
0.54020690918,3350528,0,9,0,node1,9,coreSwitch
6.17298412323,11870208,24539136,18,36,node2,9,coreSwitch
7.76855707169,13275136,25169920,18,36,node3,9,coreSwitch
6.20052099228,13209600,24416256,18,36,node4,9,coreSwitch
1.10116696358,13246464,0,18,0,node1,18,aggregateSwitch
12.3330280781,27938816,51728384,36,72,node2,18,aggregateSwitch
15.5553531647,30552064,50339840,36,72,node3,18,aggregateSwitch
12.4068598747,31555584,53669888,36,72,node4,18,aggregateSwitch
1.11817002296,10977280,0,18,0,node1,18,edgeSwitch
12.327630043,30765056,53743616,36,72,node2,18,edgeSwitch
15.5872499943,33599488,55128064,36,72,node3,18,edgeSwitch
12.4998631477,34877440,51482624,36,72,node4,18,edgeSwitch
6.8955039978,147714048,0,108,0,node1,108,host
74.7391140461,242573312,422268928,216,432,node2,108,host
94.3332271576,264474624,427089920,216,432,node3,108,host
75.3488709927,286658560,425017344,216,432,node4,108,host
2.40572500229,12566528,0,0,0,node1,108,linkHostEdge
2.13349199295,0,7532544,0,0,node2,108,linkHostEdge
2.50345396996,0,11079680,0,0,node3,108,linkHostEdge
2.11385798454,0,8876032,0,0,node4,108,linkHostEdge
2.60115790367,11485184,0,0,0,node1,108,linkEdgeAggregate
2.15850400925,0,10170368,0,0,node2,108,linkEdgeAggregate
2.54047584534,0,10690560,0,0,node3,108,linkEdgeAggregate
2.11696195602,0,8953856,0,0,node4,108,linkEdgeAggregate
0.661367177963,3571712,0,0,0,0,0,node1,node1,27,linkAggregateCore-local-local
119.794397116,864256,4464640,0,54,54,0,node1,node2,27,linkAggregateCore-local-remote
147.067811012,798720,1847296,0,54,54,0,node1,node3,27,linkAggregateCore-local-remote
118.288190842,1187840,1961984,0,54,54,0,node1,node4,27,linkAggregateCore-local-remote
120.489817858,536576,2281472,0,54,54,0,node2,node1,27,linkAggregateCore-remote-local
0.554711103439,2928,3923968,3268608,0,0,0,node2,node2,27,linkAggregateCore-remoteX-remoteX
260.67234683,1912832,2850816,1970176,54,54,54,node2,node3,27,linkAggregateCore-remoteX-remoteY
232.220952988,8437760,3141632,1892352,54,54,54,node2,node4,27,linkAggregateCore-remoteX-remoteY
147.842829943,450560,2052096,0,54,54,0,node3,node1,27,linkAggregateCore-remote-local
261.911162138,466944,4038656,3121152,54,54,54,node3,node2,27,linkAggregateCore-remoteX-remoteY
0.670490026474,5968,3194880,2002944,0,0,0,node3,node3,27,linkAggregateCore-remoteX-remoteX
260.584634066,454656,1318912,3473408,54,54,54,node3,node4,27,linkAggregateCore-remoteX-remoteY
119.298321009,86016,2269184,0,54,54,0,node4,node1,27,linkAggregateCore-remote-local
233.820043087,864256,2904064,3874816,54,54,54,node4,node2,27,linkAggregateCore-remoteX-remoteY
261.500015974,606208,2412544,3104768,54,54,54,node4,node3,27,linkAggregateCore-remoteX-remoteY
0.551092863083,4544,3325952,3432448,0,0,0,node4,node4,27,linkAggregateCore-remoteX-remoteX
4.94350719452,1236992,0,0,0,node1,1,start
