0.000355005264282,66916352,0,0,0,node1,0,topology
0.0890648365021,17551360,0,1,0,node1,0,controller
0.877655982971,2805760,0,9,0,node1,9,coreSwitch
6.58857703209,14049280,24137728,18,36,node2,9,coreSwitch
8.07161688805,14278656,25100288,18,36,node3,9,coreSwitch
7.2969250679,16781312,26017792,18,36,node4,9,coreSwitch
1.76746892929,11157504,0,18,0,node1,18,aggregateSwitch
13.3008499146,30752768,51277824,36,72,node2,18,aggregateSwitch
16.2992041111,34631680,51990528,36,72,node3,18,aggregateSwitch
14.6559460163,34549760,52088832,36,72,node4,18,aggregateSwitch
1.77877998352,10399744,0,18,0,node1,18,edgeSwitch
13.2896428108,34643968,53092352,36,72,node2,18,edgeSwitch
16.2565510273,35659776,52932608,36,72,node3,18,edgeSwitch
14.7234950066,37998592,53460992,36,72,node4,18,edgeSwitch
10.9040880203,143577088,0,108,0,node1,108,host
80.3352711201,268255232,413601792,216,432,node2,108,host
98.4105448723,291049472,415608832,216,432,node3,108,host
88.948941946,309575680,416800768,216,432,node4,108,host
2.41908597946,12304384,0,0,0,node1,108,linkHostEdge
2.09526491165,0,6791168,0,0,node2,108,linkHostEdge
2.55560898781,0,10330112,0,0,node3,108,linkHostEdge
2.33417701721,0,9285632,0,0,node4,108,linkHostEdge
2.62284898758,10637312,0,0,0,node1,108,linkEdgeAggregate
2.17464089394,0,9920512,0,0,node2,108,linkEdgeAggregate
2.56653499603,0,9457664,0,0,node3,108,linkEdgeAggregate
2.35376906395,0,10149888,0,0,node4,108,linkEdgeAggregate
0.677541017532,3559424,0,0,0,0,0,node1,node1,27,linkAggregateCore-local-local
126.325555086,1261568,458752,0,54,54,0,node1,node2,27,linkAggregateCore-local-remote
153.81138587,307200,3690496,0,54,54,0,node1,node3,27,linkAggregateCore-local-remote
139.066760063,1224704,1196032,0,54,54,0,node1,node4,27,linkAggregateCore-local-remote
126.943212032,110592,4444160,0,54,54,0,node2,node1,27,linkAggregateCore-remote-local
0.556504964828,77408,1359872,2322432,0,0,0,node2,node2,27,linkAggregateCore-remoteX-remoteX
267.43908596,2007040,663552,2232320,54,54,54,node2,node3,27,linkAggregateCore-remoteX-remoteY
252.650501966,544768,806912,282624,54,54,54,node2,node4,27,linkAggregateCore-remoteX-remoteY
154.725730181,200704,1531904,0,54,54,0,node3,node1,27,linkAggregateCore-remote-local
268.553563118,937984,905216,2994176,54,54,54,node3,node2,27,linkAggregateCore-remoteX-remoteY
0.667533159256,43680,3309568,3801088,0,0,0,node3,node3,27,linkAggregateCore-remoteX-remoteX
281.186609983,933888,1212416,2596864,54,54,54,node3,node4,27,linkAggregateCore-remoteX-remoteY
140.231216908,634880,2191360,0,54,54,0,node4,node1,27,linkAggregateCore-remote-local
254.307163954,245760,1269760,1822720,54,54,54,node4,node2,27,linkAggregateCore-remoteX-remoteY
282.148260832,663552,2338816,2830336,54,54,54,node4,node3,27,linkAggregateCore-remoteX-remoteY
0.629195213318,22080,1499136,2318336,0,0,0,node4,node4,27,linkAggregateCore-remoteX-remoteX
5.08427619934,3162112,0,0,0,node1,1,start
