6.0179681778,60235776,0,4,0,node1,2,MaxiNetFrontendServer
3.6098151207,0,23945216,0,3,node2,1,MaxiNetWorker
3.64583301544,0,23531520,0,3,node3,1,MaxiNetWorker
3.62068486214,0,22249472,0,3,node4,1,MaxiNetWorker
28.973637104,18202624,0,0,0,node1,0,topology
0.781810998917,83144704,0,9,0,node1,9,coreSwitch
0.754688024521,0,2338816,18,36,node2,9,coreSwitch
0.80205988884,0,1142784,18,36,node3,9,coreSwitch
0.747529983521,8192,36216832,18,36,node4,9,coreSwitch
1.57372689247,11935744,0,18,0,node1,18,aggregateSwitch
1.57708287239,126976,258048,36,72,node2,18,aggregateSwitch
1.63976502419,0,1564672,36,72,node3,18,aggregateSwitch
1.66792702675,0,9859072,36,72,node4,18,aggregateSwitch
1.81717705727,12787712,0,18,0,node1,18,edgeSwitch
2.0008149147,0,917504,36,72,node2,18,edgeSwitch
1.89873886108,126976,253952,36,72,node3,18,edgeSwitch
1.84617590904,16384,11087872,36,72,node4,18,edgeSwitch
3.54969191551,144637952,0,108,0,node1,108,host
3.62221288681,143360,925696,216,432,node2,108,host
3.76426196098,40960,217088,216,432,node3,108,host
3.66719484329,319488,144527360,216,432,node4,108,host
9.50761198997,16261120,0,0,0,node1,108,linkHostEdge
9.98717093468,0,1306624,0,0,node2,108,linkHostEdge
9.85256695747,0,524288,0,0,node3,108,linkHostEdge
9.84385919571,0,19021824,0,0,node4,108,linkHostEdge
33.0801091194,17788928,0,0,0,node1,108,linkEdgeAggregate
37.1310210228,0,516096,0,0,node2,108,linkEdgeAggregate
36.3984930515,0,1298432,0,0,node3,108,linkEdgeAggregate
34.2176198959,0,25284608,0,0,node4,108,linkEdgeAggregate
12.522687912,4653056,0,0,0,0,0,node1,node1,27,linkAggregateCore-local-local
19.7737979889,3018752,888832,0,54,54,0,node1,node2,27,linkAggregateCore-local-remote
19.7776350975,11866112,671744,0,54,54,0,node1,node3,27,linkAggregateCore-local-remote
20.4163751602,593920,1802240,0,54,54,0,node1,node4,27,linkAggregateCore-local-remote
21.0665869713,4255744,1208320,0,54,54,0,node2,node1,27,linkAggregateCore-remote-local
13.7072191238,2448,1482752,413696,0,0,0,node2,node2,27,linkAggregateCore-remoteX-remoteX
22.5221319199,0,2715648,3678208,54,54,54,node2,node3,27,linkAggregateCore-remoteX-remoteY
21.7390210629,126976,1220608,1925120,54,54,54,node2,node4,27,linkAggregateCore-remoteX-remoteY
22.2892208099,1798144,290816,0,54,54,0,node3,node1,27,linkAggregateCore-remote-local
24.05250597,204800,2912256,2813952,54,54,54,node3,node2,27,linkAggregateCore-remoteX-remoteY
13.4750359058,968,188416,737280,0,0,0,node3,node3,27,linkAggregateCore-remoteX-remoteX
23.6334381104,118784,471040,3653632,54,54,54,node3,node4,27,linkAggregateCore-remoteX-remoteY
22.7700471878,3919872,2420736,0,54,54,0,node4,node1,27,linkAggregateCore-remote-local
23.748996973,53248,3313664,192512,54,54,54,node4,node2,27,linkAggregateCore-remoteX-remoteY
24.5703210831,126976,2220032,921600,54,54,54,node4,node3,27,linkAggregateCore-remoteX-remoteY
19.1207680702,240,4804608,4083712,0,0,0,node4,node4,27,linkAggregateCore-remoteX-remoteX
1.09672546387e-05,0,0,0,0,node1,1,start
