0.000349998474121,65552384,0,0,0,node1,0,topology
0.0981907844543,15564800,0,1,0,node1,0,controller
0.970767021179,3063808,0,9,0,node1,9,coreSwitch
6.71476101875,11939840,26169344,18,36,node2,9,coreSwitch
8.18339800835,16384000,24891392,18,36,node3,9,coreSwitch
7.41222500801,15589376,24510464,18,36,node4,9,coreSwitch
1.97827601433,10866688,0,18,0,node1,18,aggregateSwitch
13.4576268196,34537472,51523584,36,72,node2,18,aggregateSwitch
16.3634748459,35336192,54206464,36,72,node3,18,aggregateSwitch
14.8604230881,34144256,53043200,36,72,node4,18,aggregateSwitch
1.97417998314,11534336,0,18,0,node1,18,edgeSwitch
13.5118479729,35319808,53846016,36,72,node2,18,edgeSwitch
16.5024888515,37588992,53260288,36,72,node3,18,edgeSwitch
14.9181191921,39317504,51257344,36,72,node4,18,edgeSwitch
11.8880341053,143863808,0,108,0,node1,108,host
81.3344888687,274137088,414810112,216,432,node2,108,host
99.386412859,299352064,415387648,216,432,node3,108,host
89.9817969799,317116416,414900224,216,432,node4,108,host
2.42486190796,13635584,0,0,0,node1,108,linkHostEdge
2.15437507629,0,9170944,0,0,node2,108,linkHostEdge
2.53613400459,0,9314304,0,0,node3,108,linkHostEdge
2.32025885582,0,8314880,0,0,node4,108,linkHostEdge
2.61619114876,10170368,0,0,0,node1,108,linkEdgeAggregate
2.17160701752,0,9089024,0,0,node2,108,linkEdgeAggregate
2.56414580345,0,7929856,0,0,node3,108,linkEdgeAggregate
2.35020589828,0,10338304,0,0,node4,108,linkEdgeAggregate
0.666337013245,2543616,0,0,0,0,0,node1,node1,27,linkAggregateCore-local-local
128.113986015,831488,1273856,0,54,54,0,node1,node2,27,linkAggregateCore-local-remote
155.656080008,708608,1048576,0,54,54,0,node1,node3,27,linkAggregateCore-local-remote
141.179569006,1191936,1495040,0,54,54,0,node1,node4,27,linkAggregateCore-local-remote
128.927593946,1077248,1835008,0,54,54,0,node2,node1,27,linkAggregateCore-remote-local
0.552716970444,640,2523136,3080192,0,0,0,node2,node2,27,linkAggregateCore-remoteX-remoteX
269.262397051,897024,319488,3641344,54,54,54,node2,node3,27,linkAggregateCore-remoteX-remoteY
254.717363834,679936,90112,1257472,54,54,54,node2,node4,27,linkAggregateCore-remoteX-remoteY
156.568463087,450560,1081344,0,54,54,0,node3,node1,27,linkAggregateCore-remote-local
270.238374949,1007616,2596864,1253376,54,54,54,node3,node2,27,linkAggregateCore-remoteX-remoteY
0.682703971863,8960,1245184,1724416,0,0,0,node3,node3,27,linkAggregateCore-remoteX-remoteX
282.967970848,16384,3354624,3002368,54,54,54,node3,node4,27,linkAggregateCore-remoteX-remoteY
142.145563126,36864,1888256,0,54,54,0,node4,node1,27,linkAggregateCore-remote-local
256.132760048,2416640,3698688,3264512,54,54,54,node4,node2,27,linkAggregateCore-remoteX-remoteY
283.928889036,675840,442368,1703936,54,54,54,node4,node3,27,linkAggregateCore-remoteX-remoteY
0.610601902008,4768,3276800,3633152,0,0,0,node4,node4,27,linkAggregateCore-remoteX-remoteX
4.97588801384,2560000,0,0,0,node1,1,start
