0.000339031219482,0,0,0,0,node1,0,topology
0.061506986618,610304,0,1,0,node1,0,controller
0.779998064041,3559424,0,9,0,node1,9,coreSwitch
6.49067902565,12881920,27389952,18,36,node2,9,coreSwitch
7.99522209167,15507456,27205632,18,36,node3,9,coreSwitch
7.19462108612,15155200,27181056,18,36,node4,9,coreSwitch
1.5624730587,11603968,0,18,0,node1,18,aggregateSwitch
13.0471909046,30474240,52662272,36,72,node2,18,aggregateSwitch
16.0156190395,32256000,54239232,36,72,node3,18,aggregateSwitch
14.4176540375,33644544,51355648,36,72,node4,18,aggregateSwitch
1.56727600098,10461184,0,18,0,node1,18,edgeSwitch
13.0764040947,34000896,53125120,36,72,node2,18,edgeSwitch
16.0624969006,35692544,52936704,36,72,node3,18,edgeSwitch
14.4693219662,37326848,54833152,36,72,node4,18,edgeSwitch
9.56182599068,149467136,0,108,0,node1,108,host
78.9034428596,259870720,420700160,216,432,node2,108,host
96.9880719185,282165248,420761600,216,432,node3,108,host
87.606304884,303595520,421187584,216,432,node4,108,host
1.70114588737,12656640,0,0,0,node1,108,linkHostEdge
1.48575282097,0,9064448,0,0,node2,108,linkHostEdge
1.8107779026,0,8728576,0,0,node3,108,linkHostEdge
1.65301084518,0,11890688,0,0,node4,108,linkHostEdge
2.00018405914,11575296,0,0,0,node1,108,linkEdgeAggregate
1.61498403549,0,10604544,0,0,node2,108,linkEdgeAggregate
1.88386201859,0,10534912,0,0,node3,108,linkEdgeAggregate
1.71437311172,0,10100736,0,0,node4,108,linkEdgeAggregate
0.497642040253,2322432,0,0,0,0,0,node1,node1,27,linkAggregateCore-local-local
61.3758769035,76275712,50757632,0,54,54,0,node1,node2,27,linkAggregateCore-local-remote
74.9193680286,83726336,50733056,0,54,54,0,node1,node3,27,linkAggregateCore-local-remote
67.7014830112,81924096,50626560,0,54,54,0,node1,node4,27,linkAggregateCore-local-remote
61.7169690132,79179776,53231616,0,54,54,0,node2,node1,27,linkAggregateCore-remote-local
0.390805959702,4672,3231744,2985984,0,0,0,node2,node2,27,linkAggregateCore-remoteX-remoteX
129.067823172,80412672,78336000,50880512,54,54,54,node2,node3,27,linkAggregateCore-remoteX-remoteY
121.694880009,82837504,76959744,52301824,54,54,54,node2,node4,27,linkAggregateCore-remoteX-remoteY
75.4916789532,79970304,54185984,0,54,54,0,node3,node1,27,linkAggregateCore-remote-local
130.489961863,80162816,78061568,51372032,54,54,54,node3,node2,27,linkAggregateCore-remoteX-remoteY
0.468546867371,7632,2039808,4857856,0,0,0,node3,node3,27,linkAggregateCore-remoteX-remoteX
137.003834009,82898944,77651968,52686848,54,54,54,node3,node4,27,linkAggregateCore-remoteX-remoteY
68.4315841198,80556032,52314112,0,54,54,0,node4,node1,27,linkAggregateCore-remote-local
123.748409986,81891328,79220736,54136832,54,54,54,node4,node2,27,linkAggregateCore-remoteX-remoteY
136.407567024,80711680,78901248,53587968,54,54,54,node4,node3,27,linkAggregateCore-remoteX-remoteY
0.434828996658,15680,3170304,3858432,0,0,0,node4,node4,27,linkAggregateCore-remoteX-remoteX
4.93483495712,1323008,0,0,0,node1,1,start
