6.01568102837,25272320,0,4,0,node1,2,MaxiNetFrontendServer
3.57822990417,0,14467072,0,3,node2,1,MaxiNetWorker
3.64617586136,0,13373440,0,3,node3,1,MaxiNetWorker
3.57616305351,0,13504512,0,3,node4,1,MaxiNetWorker
1.26378703117,1933312,0,0,0,node1,0,topology
0.126717805862,35131392,0,1,0,node1,1,coreSwitch
0.133514165878,8192,114688,2,4,node2,1,coreSwitch
0.138854026794,0,524288,2,4,node3,1,coreSwitch
0.132288217545,548864,34254848,2,4,node4,1,coreSwitch
0.148806095123,4001792,0,2,0,node1,2,aggregateSwitch
0.16540312767,0,507904,4,8,node2,2,aggregateSwitch
0.151720046997,16384,1228800,4,8,node3,2,aggregateSwitch
0.159566879272,0,1028096,4,8,node4,2,aggregateSwitch
0.149908065796,794624,0,2,0,node1,2,edgeSwitch
0.16838312149,0,1060864,4,8,node2,2,edgeSwitch
0.164611101151,937984,1032192,4,8,node3,2,edgeSwitch
0.154752016068,126976,1114112,4,8,node4,2,edgeSwitch
0.144019842148,3436544,0,4,0,node1,4,host
0.14182305336,0,1458176,8,16,node2,4,host
0.150851964951,0,65536,8,16,node3,4,host
0.146193027496,0,2744320,8,16,node4,4,host
0.181457042694,1986560,0,0,0,node1,4,linkHostEdge
0.196604013443,0,376832,0,0,node2,4,linkHostEdge
0.206613063812,0,266240,0,0,node3,4,linkHostEdge
0.194095849991,0,1007616,0,0,node4,4,linkHostEdge
0.249489068985,122880,0,0,0,node1,4,linkEdgeAggregate
0.25017285347,0,499712,0,0,node2,4,linkEdgeAggregate
0.250380039215,0,221184,0,0,node3,4,linkEdgeAggregate
0.253782987595,0,1593344,0,0,node4,4,linkEdgeAggregate
0.0730121135712,507904,0,0,0,0,0,node1,node1,1,linkAggregateCore-local-local
0.344122886658,200704,393216,0,2,2,0,node1,node2,1,linkAggregateCore-local-remote
0.344230890274,1204224,675840,0,2,2,0,node1,node3,1,linkAggregateCore-local-remote
0.364690065384,237568,270336,0,2,2,0,node1,node4,1,linkAggregateCore-local-remote
0.341242790222,303104,389120,0,2,2,0,node2,node1,1,linkAggregateCore-remote-local
0.0825130939484,98464,286720,86016,0,0,0,node2,node2,1,linkAggregateCore-remoteX-remoteX
0.338769197464,0,221184,1257472,2,2,2,node2,node3,1,linkAggregateCore-remoteX-remoteY
0.343294858932,540672,716800,925696,2,2,2,node2,node4,1,linkAggregateCore-remoteX-remoteY
0.343070030212,4304896,577536,0,2,2,0,node3,node1,1,linkAggregateCore-remote-local
0.350444793701,0,675840,790528,2,2,2,node3,node2,1,linkAggregateCore-remoteX-remoteY
0.0914821624756,95744,1179648,114688,0,0,0,node3,node3,1,linkAggregateCore-remoteX-remoteX
0.348644971848,16384,1114112,12288,2,2,2,node3,node4,1,linkAggregateCore-remoteX-remoteY
0.349881887436,507904,192512,0,2,2,0,node4,node1,1,linkAggregateCore-remote-local
0.349251031876,0,798720,532480,2,2,2,node4,node2,1,linkAggregateCore-remoteX-remoteY
0.357694864273,16384,724992,180224,2,2,2,node4,node3,1,linkAggregateCore-remoteX-remoteY
0.0702888965607,3192,221184,512000,0,0,0,node4,node4,1,linkAggregateCore-remoteX-remoteX
1.00135803223e-05,0,0,0,0,node1,1,start
