0.000358104705811,0,0,0,0,node1,0,topology
0.0694420337677,4165632,0,1,0,node1,0,controller
0.269232988358,131072,0,3,0,node1,3,cellSwitch
2.16722607613,3067904,8015872,6,12,node2,3,cellSwitch
2.66639113426,4202496,8912896,6,12,node3,3,cellSwitch
2.39374685287,4083712,8044544,6,12,node4,3,cellSwitch
2.93870806694,40947712,0,33,0,node1,33,hostCell
24.0216510296,58187776,117964800,66,132,node2,33,hostCell
29.4912729263,61177856,116776960,66,132,node3,33,hostCell
26.5065770149,65712128,118616064,66,132,node4,33,hostCell
3.01425385475,18403328,0,33,0,node1,33,hostSwitchCell
24.1166079044,67858432,99627008,66,132,node2,33,hostSwitchCell
29.5806379318,73809920,102178816,66,132,node3,33,hostSwitchCell
26.6648709774,75923456,99983360,66,132,node4,33,hostSwitchCell
0.692370891571,5918720,0,0,0,node1,33,linkHostHostSwitch
0.688067913055,0,2174976,0,0,node2,33,linkHostHostSwitch
0.781857013702,0,237568,0,0,node3,33,linkHostHostSwitch
0.754115819931,0,3383296,0,0,node4,33,linkHostHostSwitch
5.60155010223,4919296,0,0,0,node1,33,linkHostCellSwitch
0.638579130173,0,2138112,0,0,node2,33,linkHostCellSwitch
0.780371904373,0,1769472,0,0,node3,33,linkHostCellSwitch
0.691989183426,0,1822720,0,0,node4,33,linkHostCellSwitch
0.0635628700256,61440,0,0,0,0,0,node1,node1,3,linkHostSwitchHostSwitch-local-local
40.1465928555,2121728,2519040,0,18,18,0,node1,node2,9,linkHostSwitchHostSwitch-local-remote
49.1772019863,950272,356352,0,18,18,0,node1,node3,9,linkHostSwitchHostSwitch-local-remote
39.2873730659,36864,1654784,0,16,16,0,node1,node4,8,linkHostSwitchHostSwitch-local-remote
0.0913898944855,5120,880640,86016,0,0,0,node4,node4,4,linkHostSwitchHostSwitch-remoteX-remoteX
0.065171957016,4128,761856,532480,0,0,0,node2,node2,3,linkHostSwitchHostSwitch-remoteX-remoteX
85.3205718994,2932736,2301952,753664,18,18,18,node2,node3,9,linkHostSwitchHostSwitch-remoteX-remoteY
80.3833448887,1306624,163840,2367488,18,18,18,node2,node4,9,linkHostSwitchHostSwitch-remoteX-remoteY
0.0770847797394,800,667648,360448,0,0,0,node3,node3,3,linkHostSwitchHostSwitch-remoteX-remoteX
89.4251058102,3530752,151552,2002944,18,18,18,node3,node4,9,linkHostSwitchHostSwitch-remoteX-remoteY
1.34982514381,884736,0,0,0,node1,1,start
