0.000331163406372,0,0,0,0,node1,0,topology
0.0703220367432,729088,0,1,0,node1,0,controller
0.927897930145,2670592,0,9,0,node1,9,coreSwitch
6.63934111595,13164544,25260032,18,36,node2,9,coreSwitch
8.15223789215,17809408,26308608,18,36,node3,9,coreSwitch
7.34007191658,15859712,25407488,18,36,node4,9,coreSwitch
1.85915803909,10612736,0,18,0,node1,18,aggregateSwitch
13.3669691086,32989184,53161984,36,72,node2,18,aggregateSwitch
16.3630180359,34729984,52752384,36,72,node3,18,aggregateSwitch
14.758300066,34848768,54472704,36,72,node4,18,aggregateSwitch
1.87293291092,12390400,0,18,0,node1,18,edgeSwitch
13.408039093,32899072,53428224,36,72,node2,18,edgeSwitch
16.4250719547,38215680,54452224,36,72,node3,18,edgeSwitch
14.7799680233,40292352,54472704,36,72,node4,18,edgeSwitch
11.3296630383,146337792,0,108,0,node1,108,host
80.6337139606,273760256,419147776,216,432,node2,108,host
98.7227540016,295804928,418689024,216,432,node3,108,host
89.3201200962,315039744,417484800,216,432,node4,108,host
1.71545600891,11812864,0,0,0,node1,108,linkHostEdge
1.47129893303,0,9887744,0,0,node2,108,linkHostEdge
1.80887007713,0,10280960,0,0,node3,108,linkHostEdge
1.636895895,0,8839168,0,0,node4,108,linkHostEdge
2.02210092545,12484608,0,0,0,node1,108,linkEdgeAggregate
1.60214090347,0,10895360,0,0,node2,108,linkEdgeAggregate
1.90735697746,0,10858496,0,0,node3,108,linkEdgeAggregate
1.69573402405,0,11100160,0,0,node4,108,linkEdgeAggregate
0.501971960068,1335296,0,0,0,0,0,node1,node1,27,linkAggregateCore-local-local
62.4962339401,80277504,50421760,0,54,54,0,node1,node2,27,linkAggregateCore-local-remote
76.0587000847,84406272,51593216,0,54,54,0,node1,node3,27,linkAggregateCore-local-remote
68.8646531105,85606400,51646464,0,54,54,0,node1,node4,27,linkAggregateCore-local-remote
62.8292148113,81903616,51630080,0,54,54,0,node2,node1,27,linkAggregateCore-remote-local
0.39942407608,6480,3006464,3514368,0,0,0,node2,node2,27,linkAggregateCore-remoteX-remoteX
130.502246857,83116032,78716928,50733056,54,54,54,node2,node3,27,linkAggregateCore-remoteX-remoteY
123.122411013,83935232,78139392,53796864,54,54,54,node2,node4,27,linkAggregateCore-remoteX-remoteY
76.5244960785,83898368,51200000,0,54,54,0,node3,node1,27,linkAggregateCore-remote-local
131.673118114,84271104,76427264,54239232,54,54,54,node3,node2,27,linkAggregateCore-remoteX-remoteY
0.492166996002,8464,2658304,3174400,0,0,0,node3,node3,27,linkAggregateCore-remoteX-remoteX
138.3047719,83939328,76722176,52568064,54,54,54,node3,node4,27,linkAggregateCore-remoteX-remoteY
69.3818998337,83947520,52793344,0,54,54,0,node4,node1,27,linkAggregateCore-remote-local
124.764518023,83869696,78462976,53559296,54,54,54,node4,node2,27,linkAggregateCore-remoteX-remoteY
137.519228935,84185088,78827520,53731328,54,54,54,node4,node3,27,linkAggregateCore-remoteX-remoteY
0.430220842361,47780,3284992,4194304,0,0,0,node4,node4,27,linkAggregateCore-remoteX-remoteX
4.92885088921,1712128,0,0,0,node1,1,start
