6.0150809288,25702400,0,4,0,node1,2,MaxiNetFrontendServer
3.60962104797,0,14409728,0,3,node2,1,MaxiNetWorker
3.57828497887,0,13803520,0,3,node3,1,MaxiNetWorker
3.57767510414,0,12652544,0,3,node4,1,MaxiNetWorker
1.18550109863,442368,0,0,0,node1,0,topology
0.124191999435,35155968,0,1,0,node1,1,coreSwitch
0.127554893494,8192,417792,2,4,node2,1,coreSwitch
0.13579416275,0,1753088,2,4,node3,1,coreSwitch
0.115155935287,3366912,34050048,2,4,node4,1,coreSwitch
0.152583837509,1548288,0,2,0,node1,2,aggregateSwitch
0.161648988724,0,1519616,4,8,node2,2,aggregateSwitch
0.162765979767,16384,57344,4,8,node3,2,aggregateSwitch
0.1574010849,0,450560,4,8,node4,2,aggregateSwitch
0.160531997681,778240,0,2,0,node1,2,edgeSwitch
0.166095018387,0,1191936,4,8,node2,2,edgeSwitch
0.157068014145,0,282624,4,8,node3,2,edgeSwitch
0.152592182159,0,434176,4,8,node4,2,edgeSwitch
0.123281002045,2785280,0,4,0,node1,4,host
0.134341001511,126976,425984,8,16,node2,4,host
0.149238109589,0,1994752,8,16,node3,4,host
0.138873100281,0,3121152,8,16,node4,4,host
0.184057950974,1875968,0,0,0,node1,4,linkHostEdge
0.18713593483,0,245760,0,0,node2,4,linkHostEdge
0.19167304039,0,69632,0,0,node3,4,linkHostEdge
0.185735940933,0,495616,0,0,node4,4,linkHostEdge
0.248600006104,278528,0,0,0,node1,4,linkEdgeAggregate
0.249402046204,0,323584,0,0,node2,4,linkEdgeAggregate
0.237594842911,0,598016,0,0,node3,4,linkEdgeAggregate
0.244445085526,0,1466368,0,0,node4,4,linkEdgeAggregate
0.0725200176239,475136,0,0,0,0,0,node1,node1,1,linkAggregateCore-local-local
0.331299781799,1187840,12288,0,2,2,0,node1,node2,1,linkAggregateCore-local-remote
0.337504863739,749568,110592,0,2,2,0,node1,node3,1,linkAggregateCore-local-remote
0.329319000244,1032192,679936,0,2,2,0,node1,node4,1,linkAggregateCore-local-remote
0.341629981995,380928,61440,0,2,2,0,node2,node1,1,linkAggregateCore-remote-local
0.0817999839783,226726,1015808,1187840,0,0,0,node2,node2,1,linkAggregateCore-remoteX-remoteX
0.338670015335,0,94208,1449984,2,2,2,node2,node3,1,linkAggregateCore-remoteX-remoteY
0.341803789139,0,69632,565248,2,2,2,node2,node4,1,linkAggregateCore-remoteX-remoteY
0.332363128662,250272,1449984,0,2,2,0,node3,node1,1,linkAggregateCore-remote-local
0.339046001434,0,1167360,1437696,2,2,2,node3,node2,1,linkAggregateCore-remoteX-remoteY
0.0761730670929,296928,1503232,847872,0,0,0,node3,node3,1,linkAggregateCore-remoteX-remoteX
0.339745044708,0,237568,12288,2,2,2,node3,node4,1,linkAggregateCore-remoteX-remoteY
0.335383892059,126976,1007616,0,2,2,0,node4,node1,1,linkAggregateCore-remote-local
0.343017101288,0,1228800,585728,2,2,2,node4,node2,1,linkAggregateCore-remoteX-remoteY
0.336777925491,0,835584,311296,2,2,2,node4,node3,1,linkAggregateCore-remoteX-remoteY
0.0734169483185,379144,208896,90112,0,0,0,node4,node4,1,linkAggregateCore-remoteX-remoteX
1.09672546387e-05,0,0,0,0,node1,1,start
