6.01555514336,25772032,0,4,0,node1,2,MaxiNetFrontendServer
3.57399988174,0,13082624,0,3,node2,1,MaxiNetWorker
0.884475946426,438272,0,0,0,node1,0,topology
0.199482917786,35913728,0,2,0,node1,2,coreSwitch
0.201714038849,0,35147776,4,8,node2,2,coreSwitch
0.315536975861,2478080,0,4,0,node1,4,aggregateSwitch
0.297494888306,32768,1814528,8,16,node2,4,aggregateSwitch
0.328845024109,1605632,0,4,0,node1,4,edgeSwitch
0.326821088791,0,2342912,8,16,node2,4,edgeSwitch
0.26366186142,7540736,0,8,0,node1,8,host
0.262438058853,0,6905856,16,32,node2,8,host
0.373248100281,2621440,0,0,0,node1,8,linkHostEdge
0.384113073349,0,798720,0,0,node2,8,linkHostEdge
0.567404985428,507904,0,0,0,node1,8,linkEdgeAggregate
0.562171936035,0,1175552,0,0,node2,8,linkEdgeAggregate
0.307600975037,1036288,0,0,0,0,0,node1,node1,4,linkAggregateCore-local-local
1.3239068985,999424,1581056,0,8,8,0,node1,node2,4,linkAggregateCore-local-remote
1.34505200386,303104,77824,0,8,8,0,node2,node1,4,linkAggregateCore-remote-local
0.311495065689,178119,12288,483328,0,0,0,node2,node2,4,linkAggregateCore-remoteX-remoteX
6.19888305664e-06,0,0,0,0,node1,1,start
