6.02646803856,60633088,0,4,0,node1,2,MaxiNetFrontendServer
3.64779996872,0,15073280,0,3,node2,1,MaxiNetWorker
3.72379207611,0,14323712,0,3,node3,1,MaxiNetWorker
3.67940711975,0,14155776,0,3,node4,1,MaxiNetWorker
2.36529612541,15429632,0,0,0,node1,0,topology
1.1090118885,39497728,0,9,0,node1,9,coreSwitch
0.936476945877,8192,2453504,18,36,node2,9,coreSwitch
0.73184800148,126976,712704,18,36,node3,9,coreSwitch
0.825309991837,0,36962304,18,36,node4,9,coreSwitch
2.36542797089,9195520,0,18,0,node1,18,aggregateSwitch
1.9933578968,0,94208,36,72,node2,18,aggregateSwitch
1.54580998421,0,2179072,36,72,node3,18,aggregateSwitch
1.76748895645,0,8105984,36,72,node4,18,aggregateSwitch
2.79642486572,9396224,0,18,0,node1,18,edgeSwitch
2.32616400719,0,98304,36,72,node2,18,edgeSwitch
1.78121900558,0,114688,36,72,node3,18,edgeSwitch
2.0462679863,0,10653696,36,72,node4,18,edgeSwitch
5.36111307144,138694656,0,108,0,node1,108,host
4.73049402237,81920,786432,216,432,node2,108,host
3.47164201736,114688,1413120,216,432,node3,108,host
4.01234698296,0,142913536,216,432,node4,108,host
18.1186258793,11948032,0,0,0,node1,108,linkHostEdge
16.5733618736,0,507904,0,0,node2,108,linkHostEdge
12.1990411282,0,65536,0,0,node3,108,linkHostEdge
13.1704258919,0,11415552,0,0,node4,108,linkHostEdge
64.2373759747,12255232,0,0,0,node1,108,linkEdgeAggregate
54.2998359203,0,1048576,0,0,node2,108,linkEdgeAggregate
38.1489350796,0,135168,0,0,node3,108,linkEdgeAggregate
47.9039402008,0,13139968,0,0,node4,108,linkEdgeAggregate
21.6844270229,4300800,0,0,0,0,0,node1,node1,27,linkAggregateCore-local-local
32.8314828873,1478656,172032,0,54,54,0,node1,node2,27,linkAggregateCore-local-remote
28.6714558601,1867776,876544,0,54,54,0,node1,node3,27,linkAggregateCore-local-remote
31.9003789425,2056192,2007040,0,54,54,0,node1,node4,27,linkAggregateCore-local-remote
35.0306081772,970752,577536,0,54,54,0,node2,node1,27,linkAggregateCore-remote-local
23.3081328869,688,434176,2555904,0,0,0,node2,node2,27,linkAggregateCore-remoteX-remoteX
31.3745069504,98304,2109440,786432,54,54,54,node2,node3,27,linkAggregateCore-remoteX-remoteY
32.1520979404,253952,479232,1175552,54,54,54,node2,node4,27,linkAggregateCore-remoteX-remoteY
34.7614381313,2355200,1191936,0,54,54,0,node3,node1,27,linkAggregateCore-remote-local
33.2584960461,0,192512,2093056,54,54,54,node3,node2,27,linkAggregateCore-remoteX-remoteY
18.5605490208,6800,458752,1130496,0,0,0,node3,node3,27,linkAggregateCore-remoteX-remoteX
28.6586260796,126976,274432,2658304,54,54,54,node3,node4,27,linkAggregateCore-remoteX-remoteY
36.7623977661,2572288,2682880,0,54,54,0,node4,node1,27,linkAggregateCore-remote-local
35.6159701347,0,2953216,1167360,54,54,54,node4,node2,27,linkAggregateCore-remoteX-remoteY
30.8807899952,380928,651264,1429504,54,54,54,node4,node3,27,linkAggregateCore-remoteX-remoteY
18.0499000549,1424,4702208,4382720,0,0,0,node4,node4,27,linkAggregateCore-remoteX-remoteX
1.00135803223e-05,0,0,0,0,node1,1,start
