0.00040602684021,16384,0,0,0,node1,0,topology
0.0392739772797,1331200,0,1,0,node1,0,controller
0.041531085968,921600,0,1,0,node1,1,coreSwitch
0.634000062943,1093632,2883584,2,4,node2,1,coreSwitch
0.665285110474,1572864,2920448,2,4,node3,1,coreSwitch
0.646039962769,557056,2031616,2,4,node4,1,coreSwitch
0.0905539989471,2899968,0,2,0,node1,2,aggregateSwitch
1.27169704437,1994752,4538368,4,8,node2,2,aggregateSwitch
1.30174994469,2383872,5918720,4,8,node3,2,aggregateSwitch
1.3305311203,3010560,2920448,4,8,node4,2,aggregateSwitch
0.0889329910278,3026944,0,2,0,node1,2,edgeSwitch
1.2747168541,2129920,6574080,4,8,node2,2,edgeSwitch
1.27293801308,3399680,6701056,4,8,node3,2,edgeSwitch
1.26527500153,3272704,5791744,4,8,node4,2,edgeSwitch
0.177316188812,5627904,0,4,0,node1,4,host
2.51176810265,3145728,13225984,8,16,node2,4,host
2.60872483253,6627328,12550144,8,16,node3,4,host
2.60968494415,8228864,13815808,8,16,node4,4,host
0.0612020492554,3506176,0,0,0,node1,4,linkHostEdge
0.0753691196442,0,761856,0,0,node2,4,linkHostEdge
0.0833559036255,0,253952,0,0,node3,4,linkHostEdge
0.0781710147858,0,196608,0,0,node4,4,linkHostEdge
0.0635349750519,1576960,0,0,0,node1,4,linkEdgeAggregate
0.0853400230408,0,90112,0,0,node2,4,linkEdgeAggregate
0.0801200866699,0,1585152,0,0,node3,4,linkEdgeAggregate
0.0788199901581,0,692224,0,0,node4,4,linkEdgeAggregate
0.0185370445251,753664,0,0,0,0,0,node1,node1,1,linkAggregateCore-local-local
3.85893583298,442368,565248,0,2,2,0,node1,node2,1,linkAggregateCore-local-remote
3.85480809212,1282048,12288,0,2,2,0,node1,node3,1,linkAggregateCore-local-remote
3.88223195076,40960,614400,0,2,2,0,node1,node4,1,linkAggregateCore-local-remote
3.86953687668,2740224,348160,0,2,2,0,node2,node1,1,linkAggregateCore-remote-local
0.0247418880463,49664,913408,65536,0,0,0,node2,node2,1,linkAggregateCore-remoteX-remoteX
7.45820188522,1007616,1929216,331776,2,2,2,node2,node3,1,linkAggregateCore-remoteX-remoteY
7.56559896469,1409024,1327104,155648,2,2,2,node2,node4,1,linkAggregateCore-remoteX-remoteY
3.97990608215,1585152,483328,0,2,2,0,node3,node1,1,linkAggregateCore-remote-local
7.53945493698,225280,77824,573440,2,2,2,node3,node2,1,linkAggregateCore-remoteX-remoteY
0.0219039916992,12672,1409024,356352,0,0,0,node3,node3,1,linkAggregateCore-remoteX-remoteX
7.61665606499,1507328,397312,12288,2,2,2,node3,node4,1,linkAggregateCore-remoteX-remoteY
3.90771698952,1150976,49152,0,2,2,0,node4,node1,1,linkAggregateCore-remote-local
7.50754404068,364544,1298432,180224,2,2,2,node4,node2,1,linkAggregateCore-remoteX-remoteY
7.45568203926,770048,831488,1417216,2,2,2,node4,node3,1,linkAggregateCore-remoteX-remoteY
0.0211548805237,47968,221184,131072,0,0,0,node4,node4,1,linkAggregateCore-remoteX-remoteX
1.11851096153,35500032,0,0,0,node1,1,start
