0.000382900238037,0,0,0,0,node1,0,topology
0.0520098209381,593920,0,1,0,node1,0,controller
0.600270032883,3796992,0,9,0,node1,9,coreSwitch
6.29735994339,11493376,26030080,18,36,node2,9,coreSwitch
7.83077001572,15659008,25997312,18,36,node3,9,coreSwitch
6.24038696289,14684160,24043520,18,36,node4,9,coreSwitch
1.21786808968,11493376,0,18,0,node1,18,aggregateSwitch
12.7536029816,29147136,51625984,36,72,node2,18,aggregateSwitch
15.7386369705,33300480,51683328,36,72,node3,18,aggregateSwitch
12.4584958553,31641600,51245056,36,72,node4,18,aggregateSwitch
1.22863101959,12013568,0,18,0,node1,18,edgeSwitch
12.758603096,29126656,54218752,36,72,node2,18,edgeSwitch
15.6977131367,36003840,54120448,36,72,node3,18,edgeSwitch
12.5465841293,35471360,54747136,36,72,node4,18,edgeSwitch
7.51395797729,151252992,0,108,0,node1,108,host
76.7068390846,248647680,422068224,216,432,node2,108,host
94.9105927944,268677120,421085184,216,432,node3,108,host
75.9034609795,291082240,421437440,216,432,node4,108,host
1.6967818737,12734464,0,0,0,node1,108,linkHostEdge
1.51381111145,0,9695232,0,0,node2,108,linkHostEdge
1.82941198349,0,9129984,0,0,node3,108,linkHostEdge
1.47032785416,0,8024064,0,0,node4,108,linkHostEdge
2.00779604912,12337152,0,0,0,node1,108,linkEdgeAggregate
1.56759595871,0,10072064,0,0,node2,108,linkEdgeAggregate
1.8436050415,0,9732096,0,0,node3,108,linkEdgeAggregate
1.53925299644,0,9273344,0,0,node4,108,linkEdgeAggregate
0.490543842316,3022848,0,0,0,0,0,node1,node1,27,linkAggregateCore-local-local
60.0360069275,72675328,52396032,0,54,54,0,node1,node2,27,linkAggregateCore-local-remote
73.4632639885,81047552,51433472,0,54,54,0,node1,node3,27,linkAggregateCore-local-remote
59.1937849522,78180352,51965952,0,54,54,0,node1,node4,27,linkAggregateCore-local-remote
60.3620359898,77283328,49528832,0,54,54,0,node2,node1,27,linkAggregateCore-remote-local
0.398074150085,2624,4087808,2924544,0,0,0,node2,node2,27,linkAggregateCore-remoteX-remoteX
127.886485815,84733952,77180928,51892224,54,54,54,node2,node3,27,linkAggregateCore-remoteX-remoteY
113.409518003,78331904,79175680,50810880,54,54,54,node2,node4,27,linkAggregateCore-remoteX-remoteY
73.9766111374,77582336,53059584,0,54,54,0,node3,node1,27,linkAggregateCore-remote-local
129.005839109,76816384,78917632,53272576,54,54,54,node3,node2,27,linkAggregateCore-remoteX-remoteY
0.467587947845,9696,5128192,4517888,0,0,0,node3,node3,27,linkAggregateCore-remoteX-remoteX
128.304870129,78929920,77602816,53805056,54,54,54,node3,node4,27,linkAggregateCore-remoteX-remoteY
59.767277956,78684160,53407744,0,54,54,0,node4,node1,27,linkAggregateCore-remote-local
113.894635201,78307328,77754368,52183040,54,54,54,node4,node2,27,linkAggregateCore-remoteX-remoteY
127.515911818,78614528,79380480,52170752,54,54,54,node4,node3,27,linkAggregateCore-remoteX-remoteY
0.39847612381,5712,3432448,3334144,0,0,0,node4,node4,27,linkAggregateCore-remoteX-remoteX
4.92574882507,413696,0,0,0,node1,1,start
