0.00902485847473,405504,0,0,0,node1,0,topology
0.0550119876862,905216,0,1,0,node1,0,controller
0.0583519935608,9351168,0,1,0,node1,1,coreSwitch
0.715162038803,20480,4800512,2,4,node2,1,coreSwitch
0.671950101852,57344,3637248,2,4,node3,1,coreSwitch
0.674163103104,1097728,3784704,2,4,node4,1,coreSwitch
0.0603809356689,4845568,0,2,0,node1,2,aggregateSwitch
1.3065290451,1757184,4603904,4,8,node2,2,aggregateSwitch
1.25572299957,2297856,5296128,4,8,node3,2,aggregateSwitch
1.2703230381,3297280,6508544,4,8,node4,2,aggregateSwitch
0.0637989044189,3989504,0,2,0,node1,2,edgeSwitch
1.25307679176,512000,6176768,4,8,node2,2,edgeSwitch
1.2336769104,2752512,7143424,4,8,node3,2,edgeSwitch
1.24552488327,3346432,6987776,4,8,node4,2,edgeSwitch
0.138923168182,7942144,0,4,0,node1,4,host
2.50412487984,5267456,14098432,8,16,node2,4,host
2.53605914116,5304320,14614528,8,16,node3,4,host
2.59665799141,7118848,15175680,8,16,node4,4,host
0.0499489307404,5021696,0,0,0,node1,4,linkHostEdge
0.0644240379333,0,593920,0,0,node2,4,linkHostEdge
0.0664460659027,0,204800,0,0,node3,4,linkHostEdge
0.0590670108795,0,4096,0,0,node4,4,linkHostEdge
0.0447838306427,2621440,0,0,0,node1,4,linkEdgeAggregate
0.0557990074158,0,1847296,0,0,node2,4,linkEdgeAggregate
0.0582599639893,0,1458176,0,0,node3,4,linkEdgeAggregate
0.054680109024,0,770048,0,0,node4,4,linkEdgeAggregate
0.0137660503387,872448,0,0,0,0,0,node1,node1,1,linkAggregateCore-local-local
1.93086504936,647168,724992,0,2,2,0,node1,node2,1,linkAggregateCore-local-remote
1.94706511497,1863680,1122304,0,2,2,0,node1,node3,1,linkAggregateCore-local-remote
1.97956395149,1253376,2060288,0,2,2,0,node1,node4,1,linkAggregateCore-local-remote
1.94955897331,28672,2502656,0,2,2,0,node2,node1,1,linkAggregateCore-remote-local
0.0162332057953,2832,696320,360448,0,0,0,node2,node2,1,linkAggregateCore-remoteX-remoteX
3.79224085808,589824,3751936,2076672,2,2,2,node2,node3,1,linkAggregateCore-remoteX-remoteY
3.68105602264,3321856,1384448,1163264,2,2,2,node2,node4,1,linkAggregateCore-remoteX-remoteY
1.89058113098,135168,1482752,0,2,2,0,node3,node1,1,linkAggregateCore-remote-local
3.79716801643,2105344,3563520,2555904,2,2,2,node3,node2,1,linkAggregateCore-remoteX-remoteY
0.0151228904724,2608,708608,77824,0,0,0,node3,node3,1,linkAggregateCore-remoteX-remoteX
3.73212099075,1114112,1785856,2801664,2,2,2,node3,node4,1,linkAggregateCore-remoteX-remoteY
1.87466788292,528384,1601536,0,2,2,0,node4,node1,1,linkAggregateCore-remote-local
3.84344601631,1617920,3133440,1941504,2,2,2,node4,node2,1,linkAggregateCore-remoteX-remoteY
3.7196149826,1957888,1925120,1167360,2,2,2,node4,node3,1,linkAggregateCore-remoteX-remoteY
0.0221741199493,832,1032192,946176,0,0,0,node4,node4,1,linkAggregateCore-remoteX-remoteX
1.38301110268,82276352,0,0,0,node1,1,start
