0.000364065170288,0,0,0,0,node1,0,topology
0.0574369430542,5406720,0,1,0,node1,0,controller
0.196711063385,413696,0,3,0,node1,3,cellSwitch
2.08997607231,2289664,9363456,6,12,node2,3,cellSwitch
2.57540512085,3837952,8593408,6,12,node3,3,cellSwitch
2.05926322937,4210688,8089600,6,12,node4,3,cellSwitch
2.06981992722,41979904,0,33,0,node1,33,hostCell
23.1393330097,62193664,117977088,66,132,node2,33,hostCell
28.5991079807,59449344,118624256,66,132,node3,33,hostCell
22.6897890568,60198912,119586816,66,132,node4,33,hostCell
2.17047405243,20664320,0,33,0,node1,33,hostSwitchCell
23.3369550705,64798720,100921344,66,132,node2,33,hostSwitchCell
28.773966074,68329472,100941824,66,132,node3,33,hostSwitchCell
22.9697990417,69562368,101675008,66,132,node4,33,hostSwitchCell
0.691820859909,7782400,0,0,0,node1,33,linkHostHostSwitch
0.676354885101,0,2203648,0,0,node2,33,linkHostHostSwitch
0.775054931641,0,528384,0,0,node3,33,linkHostHostSwitch
0.720649003983,0,3608576,0,0,node4,33,linkHostHostSwitch
4.95570993423,5337088,0,0,0,node1,33,linkHostCellSwitch
0.65727186203,0,2752512,0,0,node2,33,linkHostCellSwitch
0.755515098572,0,3670016,0,0,node3,33,linkHostCellSwitch
0.637486219406,0,4681728,0,0,node4,33,linkHostCellSwitch
0.0692110061646,360448,0,0,0,0,0,node1,node1,3,linkHostSwitchHostSwitch-local-local
38.7444808483,1355776,573440,0,18,18,0,node1,node2,9,linkHostSwitchHostSwitch-local-remote
47.5013618469,303104,1781760,0,18,18,0,node1,node3,9,linkHostSwitchHostSwitch-local-remote
33.86181283,983040,831488,0,16,16,0,node1,node4,8,linkHostSwitchHostSwitch-local-remote
0.0841090679169,6832,1363968,225280,0,0,0,node4,node4,4,linkHostSwitchHostSwitch-remoteX-remoteX
0.0641100406647,2560,1929216,532480,0,0,0,node2,node2,3,linkHostSwitchHostSwitch-remoteX-remoteX
83.6789021492,1966080,1794048,1740800,18,18,18,node2,node3,9,linkHostSwitchHostSwitch-remoteX-remoteY
74.368486166,1605632,1261568,1441792,18,18,18,node2,node4,9,linkHostSwitchHostSwitch-remoteX-remoteY
0.0764679908752,5648,372736,438272,0,0,0,node3,node3,3,linkHostSwitchHostSwitch-remoteX-remoteX
83.3165428638,2912256,1060864,1507328,18,18,18,node3,node4,9,linkHostSwitchHostSwitch-remoteX-remoteY
1.38589000702,1781760,0,0,0,node1,1,start
