0.000363826751709,0,0,0,0,node1,0,topology
0.037104845047,1150976,0,1,0,node1,0,controller
0.035905122757,778240,0,1,0,node1,1,coreSwitch
0.623029947281,176128,1347584,2,4,node2,1,coreSwitch
0.660233020782,1183744,1126400,2,4,node3,1,coreSwitch
0.670376062393,1572864,1372160,2,4,node4,1,coreSwitch
0.0734488964081,1875968,0,2,0,node1,2,aggregateSwitch
1.27885508537,1122304,5296128,4,8,node2,2,aggregateSwitch
1.32399702072,2478080,7766016,4,8,node3,2,aggregateSwitch
1.32376980782,2654208,5849088,4,8,node4,2,aggregateSwitch
0.0780839920044,3383296,0,2,0,node1,2,edgeSwitch
1.32099795341,1486848,6344704,4,8,node2,2,edgeSwitch
1.32187700272,2154496,5271552,4,8,node3,2,edgeSwitch
1.24137496948,4677632,5332992,4,8,node4,2,edgeSwitch
0.149875164032,5398528,0,4,0,node1,4,host
2.55184793472,5246976,12546048,8,16,node2,4,host
2.47508788109,5181440,12718080,8,16,node3,4,host
2.56568408012,6569984,14102528,8,16,node4,4,host
0.0603549480438,5246976,0,0,0,node1,4,linkHostEdge
0.0791110992432,0,1114112,0,0,node2,4,linkHostEdge
0.076956987381,0,790528,0,0,node3,4,linkHostEdge
0.0808370113373,0,626688,0,0,node4,4,linkHostEdge
0.0636880397797,753664,0,0,0,node1,4,linkEdgeAggregate
0.0754618644714,0,606208,0,0,node2,4,linkEdgeAggregate
0.0814869403839,0,638976,0,0,node3,4,linkEdgeAggregate
0.0787119865417,0,892928,0,0,node4,4,linkEdgeAggregate
0.0184640884399,724992,0,0,0,0,0,node1,node1,1,linkAggregateCore-local-local
3.8562848568,90112,937984,0,2,2,0,node1,node2,1,linkAggregateCore-local-remote
3.77001309395,847872,397312,0,2,2,0,node1,node3,1,linkAggregateCore-local-remote
3.94214296341,868352,9330688,0,2,2,0,node1,node4,1,linkAggregateCore-local-remote
3.85505580902,1003520,1114112,0,2,2,0,node2,node1,1,linkAggregateCore-remote-local
0.0611760616302,159200,69632,929792,0,0,0,node2,node2,1,linkAggregateCore-remoteX-remoteX
7.58492898941,397312,638976,1155072,2,2,2,node2,node3,1,linkAggregateCore-remoteX-remoteY
7.56813788414,757760,1126400,253952,2,2,2,node2,node4,1,linkAggregateCore-remoteX-remoteY
3.85849809647,1970176,131072,0,2,2,0,node3,node1,1,linkAggregateCore-remote-local
7.45254397392,864256,995328,380928,2,2,2,node3,node2,1,linkAggregateCore-remoteX-remoteY
0.0262610912323,282086,458752,1105920,0,0,0,node3,node3,1,linkAggregateCore-remoteX-remoteX
7.36652493477,376832,339968,245760,2,2,2,node3,node4,1,linkAggregateCore-remoteX-remoteY
3.89133405685,1552384,1556480,0,2,2,0,node4,node1,1,linkAggregateCore-remote-local
7.5419011116,1019904,471040,241664,2,2,2,node4,node2,1,linkAggregateCore-remoteX-remoteY
7.56669306755,2043904,622592,573440,2,2,2,node4,node3,1,linkAggregateCore-remoteX-remoteY
0.0237247943878,100552,884736,741376,0,0,0,node4,node4,1,linkAggregateCore-remoteX-remoteX
1.10890197754,37281792,0,0,0,node1,1,start
