0.000321865081787,0,0,0,0,node1,0,topology
0.0475361347198,483328,0,1,0,node1,0,controller
0.532206058502,2400256,0,9,0,node1,9,coreSwitch
6.18110013008,13283328,27942912,18,36,node2,9,coreSwitch
7.74748396873,14536704,25804800,18,36,node3,9,coreSwitch
6.12992095947,13193216,27217920,18,36,node4,9,coreSwitch
1.07706594467,11276288,0,18,0,node1,18,aggregateSwitch
12.2720768452,28524544,51384320,36,72,node2,18,aggregateSwitch
15.503524065,32296960,53424128,36,72,node3,18,aggregateSwitch
12.4108698368,32325632,51404800,36,72,node4,18,aggregateSwitch
1.10605096817,12115968,0,18,0,node1,18,edgeSwitch
12.4095540047,30666752,55504896,36,72,node2,18,edgeSwitch
15.5323238373,36265984,52219904,36,72,node3,18,edgeSwitch
12.4410600662,34000896,55304192,36,72,node4,18,edgeSwitch
6.79421615601,150433792,0,108,0,node1,108,host
74.583881855,243888128,422678528,216,432,node2,108,host
94.1885950565,266043392,422866944,216,432,node3,108,host
75.3810069561,285499392,421351424,216,432,node4,108,host
1.68639302254,14397440,0,0,0,node1,108,linkHostEdge
1.46145701408,0,8585216,0,0,node2,108,linkHostEdge
1.79064083099,0,9269248,0,0,node3,108,linkHostEdge
1.49510788918,0,9158656,0,0,node4,108,linkHostEdge
1.998721838,13910016,0,0,0,node1,108,linkEdgeAggregate
1.56583499908,0,9707520,0,0,node2,108,linkEdgeAggregate
1.84989285469,0,9818112,0,0,node3,108,linkEdgeAggregate
1.55219292641,0,11124736,0,0,node4,108,linkEdgeAggregate
0.484402894974,4304896,0,0,0,0,0,node1,node1,27,linkAggregateCore-local-local
58.5694189072,74350592,50552832,0,54,54,0,node1,node2,27,linkAggregateCore-local-remote
73.2103619576,78077952,52129792,0,54,54,0,node1,node3,27,linkAggregateCore-local-remote
58.8517308235,76615680,51007488,0,54,54,0,node1,node4,27,linkAggregateCore-local-remote
58.7706751823,77926400,51826688,0,54,54,0,node2,node1,27,linkAggregateCore-remote-local
0.395093917847,8992,2539520,3854336,0,0,0,node2,node2,27,linkAggregateCore-remoteX-remoteX
126.005522013,76402688,78102528,50044928,54,54,54,node2,node3,27,linkAggregateCore-remoteX-remoteY
111.698028088,77316096,88203264,53596160,54,54,54,node2,node4,27,linkAggregateCore-remoteX-remoteY
73.4309649467,76664832,53006336,0,54,54,0,node3,node1,27,linkAggregateCore-remote-local
127.79806304,76697600,89309184,53645312,54,54,54,node3,node2,27,linkAggregateCore-remoteX-remoteY
0.470446825027,6544,3989504,3584000,0,0,0,node3,node3,27,linkAggregateCore-remoteX-remoteX
127.635659933,76316672,75948032,53485568,54,54,54,node3,node4,27,linkAggregateCore-remoteX-remoteY
59.2730259895,76726272,60928000,0,54,54,0,node4,node1,27,linkAggregateCore-remote-local
112.222573042,85970944,79069184,53514240,54,54,54,node4,node2,27,linkAggregateCore-remoteX-remoteY
126.766021013,77504512,77234176,51761152,54,54,54,node4,node3,27,linkAggregateCore-remoteX-remoteY
0.394374132156,1280,3842048,4505600,0,0,0,node4,node4,27,linkAggregateCore-remoteX-remoteX
5.06140899658,356352,0,0,0,node1,1,start
