0.000346183776855,0,0,0,0,node1,0,topology
0.0392138957977,475136,0,1,0,node1,0,controller
0.0392758846283,323584,0,1,0,node1,1,coreSwitch
0.623236894608,1601536,3706880,2,4,node2,1,coreSwitch
0.664964914322,1605632,2572288,2,4,node3,1,coreSwitch
0.612992048264,1232896,1974272,2,4,node4,1,coreSwitch
0.0876309871674,3551232,0,2,0,node1,2,aggregateSwitch
1.32880091667,2011136,5017600,4,8,node2,2,aggregateSwitch
1.28062295914,2592768,6639616,4,8,node3,2,aggregateSwitch
1.2772860527,3588096,5300224,4,8,node4,2,aggregateSwitch
0.0835869312286,3432448,0,2,0,node1,2,edgeSwitch
1.26705789566,966656,6131712,4,8,node2,2,edgeSwitch
1.26400208473,4837376,7581696,4,8,node3,2,edgeSwitch
1.28113007545,2072576,5210112,4,8,node4,2,edgeSwitch
0.16308093071,4874240,0,4,0,node1,4,host
2.5046210289,5406720,14036992,8,16,node2,4,host
2.55643010139,7208960,11948032,8,16,node3,4,host
2.59458804131,6324224,12578816,8,16,node4,4,host
0.0397469997406,5726208,0,0,0,node1,4,linkHostEdge
0.0503680706024,0,135168,0,0,node2,4,linkHostEdge
0.0542550086975,0,299008,0,0,node3,4,linkHostEdge
0.0533277988434,0,241664,0,0,node4,4,linkHostEdge
0.0451118946075,704512,0,0,0,node1,4,linkEdgeAggregate
0.0537309646606,0,1855488,0,0,node2,4,linkEdgeAggregate
0.0563530921936,0,610304,0,0,node3,4,linkEdgeAggregate
0.048168182373,0,712704,0,0,node4,4,linkEdgeAggregate
0.0145480632782,937984,0,0,0,0,0,node1,node1,1,linkAggregateCore-local-local
1.96102714539,565248,1765376,0,2,2,0,node1,node2,1,linkAggregateCore-local-remote
1.90945100784,2707456,2334720,0,2,2,0,node1,node3,1,linkAggregateCore-local-remote
1.94124007225,716800,1765376,0,2,2,0,node1,node4,1,linkAggregateCore-local-remote
1.91439509392,262144,2215936,0,2,2,0,node2,node1,1,linkAggregateCore-remote-local
0.0157299041748,1296,307200,643072,0,0,0,node2,node2,1,linkAggregateCore-remoteX-remoteX
3.72294807434,1294336,2768896,1699840,2,2,2,node2,node3,1,linkAggregateCore-remoteX-remoteY
3.81048607826,880640,2588672,2289664,2,2,2,node2,node4,1,linkAggregateCore-remoteX-remoteY
1.94421386719,1032192,1720320,0,2,2,0,node3,node1,1,linkAggregateCore-remote-local
3.71353793144,200704,1400832,2162688,2,2,2,node3,node2,1,linkAggregateCore-remoteX-remoteY
0.0211479663849,4608,606208,557056,0,0,0,node3,node3,1,linkAggregateCore-remoteX-remoteX
3.78841900826,823296,3358720,1626112,2,2,2,node3,node4,1,linkAggregateCore-remoteX-remoteY
1.94995999336,679936,2097152,0,2,2,0,node4,node1,1,linkAggregateCore-remote-local
3.75018906593,3215360,3866624,1536000,2,2,2,node4,node2,1,linkAggregateCore-remoteX-remoteY
3.7711288929,1687552,2908160,1581056,2,2,2,node4,node3,1,linkAggregateCore-remoteX-remoteY
0.0188179016113,2384,389120,81920,0,0,0,node4,node4,1,linkAggregateCore-remoteX-remoteX
1.10030508041,35201024,0,0,0,node1,1,start
