6.02355694771,62312448,0,4,0,node1,2,MaxiNetFrontendServer
3.61168217659,0,14364672,0,3,node2,1,MaxiNetWorker
3.76212215424,0,12890112,0,3,node3,1,MaxiNetWorker
3.71216893196,0,12943360,0,3,node4,1,MaxiNetWorker
1.67710900307,15495168,0,0,0,node1,0,topology
1.10321116447,37101568,0,9,0,node1,9,coreSwitch
0.929333925247,0,888832,18,36,node2,9,coreSwitch
0.729811906815,0,57344,18,36,node3,9,coreSwitch
0.821840047836,0,37158912,18,36,node4,9,coreSwitch
2.35366606712,8753152,0,18,0,node1,18,aggregateSwitch
1.99045991898,0,417792,36,72,node2,18,aggregateSwitch
1.54183793068,0,872448,36,72,node3,18,aggregateSwitch
1.75668597221,16384,7782400,36,72,node4,18,aggregateSwitch
2.76637291908,9932800,0,18,0,node1,18,edgeSwitch
2.47404694557,0,147456,36,72,node2,18,edgeSwitch
1.77966284752,0,360448,36,72,node3,18,edgeSwitch
2.05149507523,0,8839168,36,72,node4,18,edgeSwitch
5.35860490799,138702848,0,108,0,node1,108,host
4.49582600594,110592,1343488,216,432,node2,108,host
3.45333003998,16384,278528,216,432,node3,108,host
4.00276613235,126976,142573568,216,432,node4,108,host
17.9861199856,13307904,0,0,0,node1,108,linkHostEdge
16.6868751049,0,1642496,0,0,node2,108,linkHostEdge
12.2876110077,0,86016,0,0,node3,108,linkHostEdge
13.1136229038,0,11223040,0,0,node4,108,linkHostEdge
65.537817955,12353536,0,0,0,node1,108,linkEdgeAggregate
54.3296821117,0,1216512,0,0,node2,108,linkEdgeAggregate
37.8332560062,0,524288,0,0,node3,108,linkEdgeAggregate
47.5200150013,0,13516800,0,0,node4,108,linkEdgeAggregate
18.861205101,4603904,0,0,0,0,0,node1,node1,27,linkAggregateCore-local-local
31.9355487823,2998272,421888,0,54,54,0,node1,node2,27,linkAggregateCore-local-remote
29.536659956,294912,1024000,0,54,54,0,node1,node3,27,linkAggregateCore-local-remote
31.5040788651,3178496,1773568,0,54,54,0,node1,node4,27,linkAggregateCore-local-remote
35.7629108429,1937408,471040,0,54,54,0,node2,node1,27,linkAggregateCore-remote-local
23.8304810524,272,643072,962560,0,0,0,node2,node2,27,linkAggregateCore-remoteX-remoteX
31.6561501026,77824,1929216,2232320,54,54,54,node2,node3,27,linkAggregateCore-remoteX-remoteY
34.2445209026,0,958464,2015232,54,54,54,node2,node4,27,linkAggregateCore-remoteX-remoteY
34.7465248108,2408448,2658304,0,54,54,0,node3,node1,27,linkAggregateCore-remote-local
33.4659800529,126976,667648,1564672,54,54,54,node3,node2,27,linkAggregateCore-remoteX-remoteY
18.1463110447,4016,483328,1290240,0,0,0,node3,node3,27,linkAggregateCore-remoteX-remoteX
28.5551400185,126976,745472,1265664,54,54,54,node3,node4,27,linkAggregateCore-remoteX-remoteY
36.7566108704,1699840,1392640,0,54,54,0,node4,node1,27,linkAggregateCore-remote-local
36.0552389622,253952,1961984,741376,54,54,54,node4,node2,27,linkAggregateCore-remoteX-remoteY
31.0517098904,0,901120,266240,54,54,54,node4,node3,27,linkAggregateCore-remoteX-remoteY
17.3726751804,6960,4440064,4190208,0,0,0,node4,node4,27,linkAggregateCore-remoteX-remoteX
8.82148742676e-06,0,0,0,0,node1,1,start
