0.000371932983398,8192,0,0,0,node1,0,topology
0.0331909656525,1130496,0,1,0,node1,0,controller
0.0317838191986,811008,0,1,0,node1,1,coreSwitch
0.707865953445,167936,2867200,2,4,node2,1,coreSwitch
0.708509922028,57344,2719744,2,4,node3,1,coreSwitch
0.659512996674,1200128,3694592,2,4,node4,1,coreSwitch
0.0650510787964,3518464,0,2,0,node1,2,aggregateSwitch
1.27534103394,1503232,5390336,4,8,node2,2,aggregateSwitch
1.31850099564,2375680,3657728,4,8,node3,2,aggregateSwitch
1.29768705368,2646016,6033408,4,8,node4,2,aggregateSwitch
0.0640940666199,2756608,0,2,0,node1,2,edgeSwitch
1.26454401016,860160,5718016,4,8,node2,2,edgeSwitch
1.29324817657,3289088,5902336,4,8,node3,2,edgeSwitch
1.29154396057,2768896,5230592,4,8,node4,2,edgeSwitch
0.127355098724,5951488,0,4,0,node1,4,host
2.58522391319,4894720,12423168,8,16,node2,4,host
2.50569295883,7221248,15065088,8,16,node3,4,host
2.56790804863,5484544,12931072,8,16,node4,4,host
0.0597140789032,4775936,0,0,0,node1,4,linkHostEdge
0.075220823288,0,1486848,0,0,node2,4,linkHostEdge
0.0824220180511,0,1126400,0,0,node3,4,linkHostEdge
0.117260932922,0,745472,0,0,node4,4,linkHostEdge
0.067223072052,303104,0,0,0,node1,4,linkEdgeAggregate
0.0764911174774,0,1409024,0,0,node2,4,linkEdgeAggregate
0.0792889595032,0,1032192,0,0,node3,4,linkEdgeAggregate
0.0780119895935,0,102400,0,0,node4,4,linkEdgeAggregate
0.0211908817291,405504,0,0,0,0,0,node1,node1,1,linkAggregateCore-local-local
3.8971991539,233472,1257472,0,2,2,0,node1,node2,1,linkAggregateCore-local-remote
3.81268715858,307200,516096,0,2,2,0,node1,node3,1,linkAggregateCore-local-remote
3.83377194405,143360,126976,0,2,2,0,node1,node4,1,linkAggregateCore-local-remote
3.80181002617,2895872,1081344,0,2,2,0,node2,node1,1,linkAggregateCore-remote-local
0.0206050872803,43552,24576,45056,0,0,0,node2,node2,1,linkAggregateCore-remoteX-remoteX
7.48666501045,430080,499712,1302528,2,2,2,node2,node3,1,linkAggregateCore-remoteX-remoteY
7.47217988968,729088,892928,303104,2,2,2,node2,node4,1,linkAggregateCore-remoteX-remoteY
3.90686893463,1085440,528384,0,2,2,0,node3,node1,1,linkAggregateCore-remote-local
7.40935921669,290816,376832,786432,2,2,2,node3,node2,1,linkAggregateCore-remoteX-remoteY
0.0236179828644,65728,155648,94208,0,0,0,node3,node3,1,linkAggregateCore-remoteX-remoteX
7.31458210945,237568,376832,708608,2,2,2,node3,node4,1,linkAggregateCore-remoteX-remoteY
3.72937297821,245760,782336,0,2,2,0,node4,node1,1,linkAggregateCore-remote-local
7.50357294083,716800,1875968,49152,2,2,2,node4,node2,1,linkAggregateCore-remoteX-remoteY
7.40533399582,319488,1183744,585728,2,2,2,node4,node3,1,linkAggregateCore-remoteX-remoteY
0.0200529098511,15332,36864,40960,0,0,0,node4,node4,1,linkAggregateCore-remoteX-remoteX
1.11327314377,33021952,0,0,0,node1,1,start
