6.01594018936,26976256,0,4,0,node1,2,MaxiNetFrontendServer
3.61020183563,0,13402112,0,3,node2,1,MaxiNetWorker
3.73079395294,0,13090816,0,3,node3,1,MaxiNetWorker
3.60956478119,0,14581760,0,3,node4,1,MaxiNetWorker
1.3845911026,3411968,0,0,0,node1,0,topology
0.273308992386,35319808,0,3,0,node1,3,cellSwitch
0.338459014893,8192,1445888,6,12,node2,3,cellSwitch
0.297767162323,110592,868352,6,12,node3,3,cellSwitch
0.278635025024,8192,16728064,6,12,node4,3,cellSwitch
1.07731604576,39526400,0,33,0,node1,33,hostCell
1.31866693497,0,1355776,66,132,node2,33,hostCell
1.10413908958,0,913408,66,132,node3,33,hostCell
1.04516506195,0,39579648,66,132,node4,33,hostCell
2.94922208786,18522112,0,33,0,node1,33,hostSwitchCell
3.69747304916,126976,1892352,66,132,node2,33,hostSwitchCell
2.97494006157,0,618496,66,132,node3,33,hostSwitchCell
3.02802395821,0,14286848,66,132,node4,33,hostSwitchCell
2.20464110374,2916352,0,0,0,node1,33,linkHostHostSwitch
3.2353489399,0,299008,0,0,node2,33,linkHostHostSwitch
2.30185890198,0,442368,0,0,node3,33,linkHostHostSwitch
2.19196009636,0,3264512,0,0,node4,33,linkHostHostSwitch
5.45288515091,4538368,0,0,0,node1,33,linkHostCellSwitch
8.32319498062,0,1228800,0,0,node2,33,linkHostCellSwitch
5.87922883034,0,2183168,0,0,node3,33,linkHostCellSwitch
5.2709209919,0,3198976,0,0,node4,33,linkHostCellSwitch
0.588858127594,786432,0,0,0,0,0,node1,node1,3,linkHostSwitchHostSwitch-local-local
5.09501314163,692224,790528,0,18,18,0,node1,node2,9,linkHostSwitchHostSwitch-local-remote
3.99656414986,45056,1376256,0,18,18,0,node1,node3,9,linkHostSwitchHostSwitch-local-remote
3.62917995453,1126400,1433600,0,16,16,0,node1,node4,8,linkHostSwitchHostSwitch-local-remote
0.965045928955,760,102400,987136,0,0,0,node4,node4,4,linkHostSwitchHostSwitch-remoteX-remoteX
0.998571872711,928,532480,319488,0,0,0,node2,node2,3,linkHostSwitchHostSwitch-remoteX-remoteX
5.46272182465,143360,9416704,172032,18,18,18,node2,node3,9,linkHostSwitchHostSwitch-remoteX-remoteY
5.00529193878,253952,892928,32768,18,18,18,node2,node4,9,linkHostSwitchHostSwitch-remoteX-remoteY
0.643111944199,616,1179648,1376256,0,0,0,node3,node3,3,linkHostSwitchHostSwitch-remoteX-remoteX
5.10750198364,49152,647168,983040,18,18,18,node3,node4,9,linkHostSwitchHostSwitch-remoteX-remoteY
1.00135803223e-05,49152,0,0,0,node1,1,start
