0.000359058380127,0,0,0,0,node1,0,topology
0.0340769290924,585728,0,1,0,node1,0,controller
0.0338389873505,1454080,0,1,0,node1,1,coreSwitch
0.615911006927,81920,3596288,2,4,node2,1,coreSwitch
0.63609790802,561152,2568192,2,4,node3,1,coreSwitch
0.661462783813,1826816,2514944,2,4,node4,1,coreSwitch
0.0787799358368,2916352,0,2,0,node1,2,aggregateSwitch
1.25010108948,1859584,5853184,4,8,node2,2,aggregateSwitch
1.27483701706,2551808,5033984,4,8,node3,2,aggregateSwitch
1.30899620056,3575808,3764224,4,8,node4,2,aggregateSwitch
0.0673048496246,1638400,0,2,0,node1,2,edgeSwitch
1.24680304527,2256896,3715072,4,8,node2,2,edgeSwitch
1.30817699432,2531328,5808128,4,8,node3,2,edgeSwitch
1.25565981865,3174400,4907008,4,8,node4,2,edgeSwitch
0.147618055344,7077888,0,4,0,node1,4,host
2.65582609177,4222976,13934592,8,16,node2,4,host
2.57136797905,6643712,12812288,8,16,node3,4,host
2.65946006775,5955584,14671872,8,16,node4,4,host
0.0413951873779,5087232,0,0,0,node1,4,linkHostEdge
0.0552320480347,0,278528,0,0,node2,4,linkHostEdge
0.0520689487457,0,204800,0,0,node3,4,linkHostEdge
0.053377866745,0,1642496,0,0,node4,4,linkHostEdge
0.0447559356689,1990656,0,0,0,node1,4,linkEdgeAggregate
0.0500128269196,0,684032,0,0,node2,4,linkEdgeAggregate
0.0573740005493,0,638976,0,0,node3,4,linkEdgeAggregate
0.0526959896088,0,24576,0,0,node4,4,linkEdgeAggregate
0.0149350166321,872448,0,0,0,0,0,node1,node1,1,linkAggregateCore-local-local
1.87132096291,626688,2371584,0,2,2,0,node1,node2,1,linkAggregateCore-local-remote
1.96599698067,1642496,786432,0,2,2,0,node1,node3,1,linkAggregateCore-local-remote
1.90648889542,765952,1470464,0,2,2,0,node1,node4,1,linkAggregateCore-local-remote
1.91128706932,1220608,3182592,0,2,2,0,node2,node1,1,linkAggregateCore-remote-local
0.0146658420563,64736,24576,1298432,0,0,0,node2,node2,1,linkAggregateCore-remoteX-remoteX
3.81119298935,2752512,2461696,1257472,2,2,2,node2,node3,1,linkAggregateCore-remoteX-remoteY
3.72370696068,1826816,2957312,307200,2,2,2,node2,node4,1,linkAggregateCore-remoteX-remoteY
1.95940518379,466944,1933312,0,2,2,0,node3,node1,1,linkAggregateCore-remote-local
3.79519295692,1609728,2375680,1794048,2,2,2,node3,node2,1,linkAggregateCore-remoteX-remoteY
0.018746137619,6912,167936,655360,0,0,0,node3,node3,1,linkAggregateCore-remoteX-remoteX
3.7901468277,1691648,1912832,1187840,2,2,2,node3,node4,1,linkAggregateCore-remoteX-remoteY
1.89219999313,1290240,1499136,0,2,2,0,node4,node1,1,linkAggregateCore-remote-local
3.76206994057,1433600,2686976,2400256,2,2,2,node4,node2,1,linkAggregateCore-remoteX-remoteY
3.68976283073,1118208,1605632,1523712,2,2,2,node4,node3,1,linkAggregateCore-remoteX-remoteY
0.0174770355225,589184,155648,659456,0,0,0,node4,node4,1,linkAggregateCore-remoteX-remoteX
1.11379814148,36990976,0,0,0,node1,1,start
