6.0185508728,25387008,0,4,0,node1,2,MaxiNetFrontendServer
3.61126208305,0,15572992,0,3,node2,1,MaxiNetWorker
3.61297917366,0,15134720,0,3,node3,1,MaxiNetWorker
3.57874298096,0,13533184,0,3,node4,1,MaxiNetWorker
1.64539003372,442368,0,0,0,node1,0,topology
0.173956155777,34361344,0,1,0,node1,1,cellSwitch
0.149750947952,0,106496,2,4,node2,1,cellSwitch
0.130762815475,0,987136,2,4,node3,1,cellSwitch
0.12006020546,0,34959360,2,4,node4,1,cellSwitch
0.158975839615,4251648,0,3,0,node1,3,hostCell
0.119778871536,0,438272,6,12,node2,3,hostCell
0.118402004242,0,217088,6,12,node3,3,hostCell
0.111595869064,0,2998272,6,12,node4,3,hostCell
0.332242012024,1409024,0,3,0,node1,3,hostSwitchCell
0.235635042191,0,1409024,6,12,node2,3,hostSwitchCell
0.245228052139,126976,4096,6,12,node3,3,hostSwitchCell
0.235201120377,0,1699840,6,12,node4,3,hostSwitchCell
0.181547880173,983040,0,0,0,node1,3,linkHostHostSwitch
0.139034986496,0,1097728,0,0,node2,3,linkHostHostSwitch
0.144765853882,0,229376,0,0,node3,3,linkHostHostSwitch
0.135894060135,0,413696,0,0,node4,3,linkHostHostSwitch
0.249907970428,1064960,0,0,0,node1,3,linkHostCellSwitch
0.184287786484,0,483328,0,0,node2,3,linkHostCellSwitch
0.191854953766,0,1257472,0,0,node3,3,linkHostCellSwitch
0.179188013077,0,159744,0,0,node4,3,linkHostCellSwitch
0.40624499321,0,1323008,0,2,2,0,node1,node2,1,linkHostSwitchHostSwitch-local-remote
0.403598070145,126976,229376,0,2,2,0,node1,node3,1,linkHostSwitchHostSwitch-local-remote
0.398910045624,557056,40960,0,2,2,0,node1,node4,1,linkHostSwitchHostSwitch-local-remote
0.331347942352,16384,749568,159744,2,2,2,node2,node3,1,linkHostSwitchHostSwitch-remoteX-remoteY
0.327075004578,0,745472,1400832,2,2,2,node2,node4,1,linkHostSwitchHostSwitch-remoteX-remoteY
0.321644067764,0,962560,413696,2,2,2,node3,node4,1,linkHostSwitchHostSwitch-remoteX-remoteY
1.00135803223e-05,0,0,0,0,node1,1,start
