0.000368118286133,0,0,0,0,node1,0,topology
0.0604400634766,921600,0,1,0,node1,0,controller
0.0826189517975,438272,0,1,0,node1,1,cellSwitch
0.706305980682,839680,1761280,2,4,node2,1,cellSwitch
0.7008061409,1953792,1638400,2,4,node3,1,cellSwitch
0.713402986526,1064960,3436544,2,4,node4,1,cellSwitch
0.241919994354,5926912,0,3,0,node1,3,hostCell
2.13912701607,3186688,9908224,6,12,node2,3,hostCell
2.14890408516,3014656,8454144,6,12,node3,3,hostCell
2.12517404556,6287360,10637312,6,12,node4,3,hostCell
0.244910955429,3117056,0,3,0,node1,3,hostSwitchCell
2.15277504921,4034560,9375744,6,12,node2,3,hostSwitchCell
2.15874004364,5021696,8523776,6,12,node3,3,hostSwitchCell
2.13909006119,4460544,8663040,6,12,node4,3,hostSwitchCell
0.0598020553589,4653056,0,0,0,node1,3,linkHostHostSwitch
0.0600261688232,0,933888,0,0,node2,3,linkHostHostSwitch
0.075110912323,0,393216,0,0,node3,3,linkHostHostSwitch
0.0634660720825,0,647168,0,0,node4,3,linkHostHostSwitch
0.0662660598755,770048,0,0,0,node1,3,linkHostCellSwitch
0.0603621006012,0,2015232,0,0,node2,3,linkHostCellSwitch
0.0631220340729,0,581632,0,0,node3,3,linkHostCellSwitch
0.0625269412994,0,1040384,0,0,node4,3,linkHostCellSwitch
4.32091808319,1617920,249856,0,2,2,0,node1,node2,1,linkHostSwitchHostSwitch-local-remote
4.29833197594,249856,450560,0,2,2,0,node1,node3,1,linkHostSwitchHostSwitch-local-remote
4.24429607391,618496,561152,0,2,2,0,node1,node4,1,linkHostSwitchHostSwitch-local-remote
8.19037795067,2433024,1146880,393216,2,2,2,node2,node3,1,linkHostSwitchHostSwitch-remoteX-remoteY
8.21263813972,790528,614400,335872,2,2,2,node2,node4,1,linkHostSwitchHostSwitch-remoteX-remoteY
8.17489218712,733184,1249280,720896,2,2,2,node3,node4,1,linkHostSwitchHostSwitch-remoteX-remoteY
0.970263004303,34758656,0,0,0,node1,1,start
