0.000357151031494,65306624,0,0,0,node1,0,topology
0.0964040756226,17186816,0,1,0,node1,0,controller
0.93232011795,2392064,0,9,0,node1,9,coreSwitch
6.65535998344,14045184,26570752,18,36,node2,9,coreSwitch
8.15338802338,14499840,24985600,18,36,node3,9,coreSwitch
7.36399006844,15159296,25063424,18,36,node4,9,coreSwitch
1.88169407845,11579392,0,18,0,node1,18,aggregateSwitch
13.3872060776,33374208,52686848,36,72,node2,18,aggregateSwitch
16.3682749271,34250752,51081216,36,72,node3,18,aggregateSwitch
14.769204855,34910208,51642368,36,72,node4,18,aggregateSwitch
1.87095403671,11898880,0,18,0,node1,18,edgeSwitch
13.383179903,34074624,51712000,36,72,node2,18,edgeSwitch
16.4013080597,35430400,53022720,36,72,node3,18,edgeSwitch
14.7804839611,38354944,52420608,36,72,node4,18,edgeSwitch
11.3896789551,143876096,0,108,0,node1,108,host
80.798334837,271695872,415068160,216,432,node2,108,host
98.8115210533,294813696,414769152,216,432,node3,108,host
89.5083909035,314281984,415182848,216,432,node4,108,host
2.43006491661,11575296,0,0,0,node1,108,linkHostEdge
2.13850903511,0,10014720,0,0,node2,108,linkHostEdge
2.52938389778,0,9940992,0,0,node3,108,linkHostEdge
2.30166482925,0,9510912,0,0,node4,108,linkHostEdge
2.62089014053,11591680,0,0,0,node1,108,linkEdgeAggregate
2.14328503609,0,8773632,0,0,node2,108,linkEdgeAggregate
2.6136879921,0,9207808,0,0,node3,108,linkEdgeAggregate
2.31954598427,0,8548352,0,0,node4,108,linkEdgeAggregate
0.672822952271,2789376,0,0,0,0,0,node1,node1,27,linkAggregateCore-local-local
127.295872927,987136,1515520,0,54,54,0,node1,node2,27,linkAggregateCore-local-remote
154.559654951,1052672,1425408,0,54,54,0,node1,node3,27,linkAggregateCore-local-remote
140.118523121,1298432,3424256,0,54,54,0,node1,node4,27,linkAggregateCore-local-remote
127.769567013,299008,880640,0,54,54,0,node2,node1,27,linkAggregateCore-remote-local
0.576503038406,57800,3170304,3481600,0,0,0,node2,node2,27,linkAggregateCore-remoteX-remoteX
268.036368132,1368064,1257472,1380352,54,54,54,node2,node3,27,linkAggregateCore-remoteX-remoteY
253.779160023,1118208,2523136,577536,54,54,54,node2,node4,27,linkAggregateCore-remoteX-remoteY
155.632716894,401408,3088384,0,54,54,0,node3,node1,27,linkAggregateCore-remote-local
269.418208838,1200128,2859008,729088,54,54,54,node3,node2,27,linkAggregateCore-remoteX-remoteY
0.661338090897,57808,2977792,2084864,0,0,0,node3,node3,27,linkAggregateCore-remoteX-remoteX
281.906515121,2211840,2457600,1785856,54,54,54,node3,node4,27,linkAggregateCore-remoteX-remoteY
141.169695139,1286144,1683456,0,54,54,0,node4,node1,27,linkAggregateCore-remote-local
255.029730082,360448,1036288,2789376,54,54,54,node4,node2,27,linkAggregateCore-remoteX-remoteY
283.008778095,1052672,1249280,1347584,54,54,54,node4,node3,27,linkAggregateCore-remoteX-remoteY
0.621892929077,5774,2142208,3796992,0,0,0,node4,node4,27,linkAggregateCore-remoteX-remoteX
4.91266489029,663552,0,0,0,node1,1,start
