0.000377893447876,0,0,0,0,node1,0,topology
0.0582780838013,602112,0,1,0,node1,0,controller
0.0792629718781,204800,0,1,0,node1,1,coreSwitch
0.701071023941,49152,2789376,2,4,node2,1,coreSwitch
0.705455064774,1843200,2781184,2,4,node3,1,coreSwitch
0.718192100525,843776,3162112,2,4,node4,1,coreSwitch
0.158099889755,2027520,0,2,0,node1,2,aggregateSwitch
1.411921978,1773568,6361088,4,8,node2,2,aggregateSwitch
1.40218710899,3772416,5853184,4,8,node3,2,aggregateSwitch
1.41944694519,2203648,4886528,4,8,node4,2,aggregateSwitch
0.159388065338,2424832,0,2,0,node1,2,edgeSwitch
1.41518783569,2846720,4853760,4,8,node2,2,edgeSwitch
1.41908502579,3911680,5246976,4,8,node3,2,edgeSwitch
1.42937803268,3768320,6868992,4,8,node4,2,edgeSwitch
0.311110019684,6426624,0,4,0,node1,4,host
2.81719708443,6053888,13266944,8,16,node2,4,host
2.80744791031,6807552,14020608,8,16,node3,4,host
2.79978704453,6213632,12525568,8,16,node4,4,host
0.0619609355927,5021696,0,0,0,node1,4,linkHostEdge
0.0550129413605,0,1028096,0,0,node2,4,linkHostEdge
0.0528559684753,0,217088,0,0,node3,4,linkHostEdge
0.0584869384766,0,1843200,0,0,node4,4,linkHostEdge
0.0645651817322,1101824,0,0,0,node1,4,linkEdgeAggregate
0.0567908287048,0,299008,0,0,node2,4,linkEdgeAggregate
0.0510008335114,0,49152,0,0,node3,4,linkEdgeAggregate
0.0540828704834,0,32768,0,0,node4,4,linkEdgeAggregate
0.0128259658813,516096,0,0,0,0,0,node1,node1,1,linkAggregateCore-local-local
2.12491393089,1167360,2457600,0,2,2,0,node1,node2,1,linkAggregateCore-local-remote
2.12565302849,3317760,1765376,0,2,2,0,node1,node3,1,linkAggregateCore-local-remote
2.10943198204,2920448,1351680,0,2,2,0,node1,node4,1,linkAggregateCore-local-remote
2.12946987152,897024,716800,0,2,2,0,node2,node1,1,linkAggregateCore-remote-local
0.016618013382,1600,229376,1687552,0,0,0,node2,node2,1,linkAggregateCore-remoteX-remoteX
3.98243403435,1572864,2596864,1953792,2,2,2,node2,node3,1,linkAggregateCore-remoteX-remoteY
3.9850230217,2129920,3018752,831488,2,2,2,node2,node4,1,linkAggregateCore-remoteX-remoteY
2.11547899246,647168,2228224,0,2,2,0,node3,node1,1,linkAggregateCore-remote-local
4.01675105095,1298432,1261568,1945600,2,2,2,node3,node2,1,linkAggregateCore-remoteX-remoteY
0.0160269737244,160,290816,372736,0,0,0,node3,node3,1,linkAggregateCore-remoteX-remoteX
4.00871300697,348160,1003520,577536,2,2,2,node3,node4,1,linkAggregateCore-remoteX-remoteY
2.12569785118,282624,3686400,0,2,2,0,node4,node1,1,linkAggregateCore-remote-local
3.97124099731,1789952,3964928,2404352,2,2,2,node4,node2,1,linkAggregateCore-remoteX-remoteY
4.00181293488,782336,1912832,3002368,2,2,2,node4,node3,1,linkAggregateCore-remoteX-remoteY
0.0180628299713,5968,454656,872448,0,0,0,node4,node4,1,linkAggregateCore-remoteX-remoteX
1.24279904366,38268928,0,0,0,node1,1,start
