0.000330924987793,0,0,0,0,node1,0,topology
0.0558290481567,86016,0,1,0,node1,0,controller
0.0741891860962,299008,0,1,0,node1,1,coreSwitch
0.682519197464,73728,3248128,2,4,node2,1,coreSwitch
0.70770907402,1105920,3088384,2,4,node3,1,coreSwitch
0.706165075302,1351680,2187264,2,4,node4,1,coreSwitch
0.146935939789,1875968,0,2,0,node1,2,aggregateSwitch
1.40748000145,1765376,5484544,4,8,node2,2,aggregateSwitch
1.39355683327,3526656,5349376,4,8,node3,2,aggregateSwitch
1.41879177094,3567616,5668864,4,8,node4,2,aggregateSwitch
0.147580862045,2940928,0,2,0,node1,2,edgeSwitch
1.40942978859,3305472,5214208,4,8,node2,2,edgeSwitch
1.40535211563,2695168,5410816,4,8,node3,2,edgeSwitch
1.39940500259,3407872,5619712,4,8,node4,2,edgeSwitch
0.292235851288,5767168,0,4,0,node1,4,host
2.77117490768,4898816,14524416,8,16,node2,4,host
2.79391312599,7749632,14827520,8,16,node3,4,host
2.78284692764,6852608,14229504,8,16,node4,4,host
0.0527501106262,4755456,0,0,0,node1,4,linkHostEdge
0.0539658069611,0,352256,0,0,node2,4,linkHostEdge
0.0536661148071,0,339968,0,0,node3,4,linkHostEdge
0.0539298057556,0,729088,0,0,node4,4,linkHostEdge
0.0564379692078,954368,0,0,0,node1,4,linkEdgeAggregate
0.0627408027649,0,1052672,0,0,node2,4,linkEdgeAggregate
0.0545959472656,0,737280,0,0,node3,4,linkEdgeAggregate
0.0530519485474,0,790528,0,0,node4,4,linkEdgeAggregate
0.0148208141327,643072,0,0,0,0,0,node1,node1,1,linkAggregateCore-local-local
2.08620786667,53248,1204224,0,2,2,0,node1,node2,1,linkAggregateCore-local-remote
2.11865401268,1613824,1388544,0,2,2,0,node1,node3,1,linkAggregateCore-local-remote
2.07030391693,2445312,344064,0,2,2,0,node1,node4,1,linkAggregateCore-local-remote
2.11251688004,1847296,1843200,0,2,2,0,node2,node1,1,linkAggregateCore-remote-local
0.0158720016479,7104,634880,151552,0,0,0,node2,node2,1,linkAggregateCore-remoteX-remoteX
3.98370289803,32768,3809280,1544192,2,2,2,node2,node3,1,linkAggregateCore-remoteX-remoteY
4.00719499588,1601536,3235840,1978368,2,2,2,node2,node4,1,linkAggregateCore-remoteX-remoteY
2.12029981613,552960,1740800,0,2,2,0,node3,node1,1,linkAggregateCore-remote-local
4.01631402969,2682880,2310144,2457600,2,2,2,node3,node2,1,linkAggregateCore-remoteX-remoteY
0.0163750648499,5504,630784,393216,0,0,0,node3,node3,1,linkAggregateCore-remoteX-remoteX
3.99305605888,2301952,2797568,1495040,2,2,2,node3,node4,1,linkAggregateCore-remoteX-remoteY
2.11666297913,1179648,1953792,0,2,2,0,node4,node1,1,linkAggregateCore-remote-local
3.95618486404,1355776,4485120,2240512,2,2,2,node4,node2,1,linkAggregateCore-remoteX-remoteY
4.03976511955,614400,1908736,3260416,2,2,2,node4,node3,1,linkAggregateCore-remoteX-remoteY
0.0163450241089,464,274432,491520,0,0,0,node4,node4,1,linkAggregateCore-remoteX-remoteX
1.22178602219,35778560,0,0,0,node1,1,start
