6.01893377304,63971328,0,4,0,node1,2,MaxiNetFrontendServer
3.6116039753,0,13287424,0,3,node2,1,MaxiNetWorker
3.75554895401,0,13250560,0,3,node3,1,MaxiNetWorker
3.60919809341,0,13484032,0,3,node4,1,MaxiNetWorker
2.10557389259,17260544,0,0,0,node1,0,topology
1.11216497421,38752256,0,9,0,node1,9,coreSwitch
0.930251121521,126976,1228800,18,36,node2,9,coreSwitch
0.727796077728,0,716800,18,36,node3,9,coreSwitch
0.757782936096,0,38961152,18,36,node4,9,coreSwitch
2.3373131752,10039296,0,18,0,node1,18,aggregateSwitch
2.02942800522,126976,221184,36,72,node2,18,aggregateSwitch
1.64294695854,8192,1990656,36,72,node3,18,aggregateSwitch
1.62409305573,0,9216000,36,72,node4,18,aggregateSwitch
2.75952219963,8626176,0,18,0,node1,18,edgeSwitch
2.32327985764,0,802816,36,72,node2,18,edgeSwitch
1.78215885162,126976,827392,36,72,node3,18,edgeSwitch
1.83171606064,126976,8069120,36,72,node4,18,edgeSwitch
5.33896899223,141316096,0,108,0,node1,108,host
4.75582504272,8192,917504,216,432,node2,108,host
3.46859788895,16384,176128,216,432,node3,108,host
3.69670200348,159744,142487552,216,432,node4,108,host
17.8489890099,11759616,0,0,0,node1,108,linkHostEdge
16.8398988247,0,688128,0,0,node2,108,linkHostEdge
12.2144470215,0,307200,0,0,node3,108,linkHostEdge
10.5463979244,0,13168640,0,0,node4,108,linkHostEdge
66.6392710209,14049280,0,0,0,node1,108,linkEdgeAggregate
53.4672079086,0,348160,0,0,node2,108,linkEdgeAggregate
37.8409509659,0,876544,0,0,node3,108,linkEdgeAggregate
38.9832031727,0,14069760,0,0,node4,108,linkEdgeAggregate
20.6815571785,4157440,0,0,0,0,0,node1,node1,27,linkAggregateCore-local-local
32.0445859432,1937408,1290240,0,54,54,0,node1,node2,27,linkAggregateCore-local-remote
29.6318359375,1298432,1261568,0,54,54,0,node1,node3,27,linkAggregateCore-local-remote
30.8556170464,2801664,1314816,0,54,54,0,node1,node4,27,linkAggregateCore-local-remote
35.6130199432,1163264,991232,0,54,54,0,node2,node1,27,linkAggregateCore-remote-local
23.419023037,4304,962560,253952,0,0,0,node2,node2,27,linkAggregateCore-remoteX-remoteX
31.8344988823,81920,856064,1064960,54,54,54,node2,node3,27,linkAggregateCore-remoteX-remoteY
31.7413680553,126976,180224,1544192,54,54,54,node2,node4,27,linkAggregateCore-remoteX-remoteY
34.4492168427,2207744,1830912,0,54,54,0,node3,node1,27,linkAggregateCore-remote-local
32.1559691429,253952,2826240,1347584,54,54,54,node3,node2,27,linkAggregateCore-remoteX-remoteY
17.3360769749,7872,577536,258048,0,0,0,node3,node3,27,linkAggregateCore-remoteX-remoteX
28.3883900642,126976,114688,1875968,54,54,54,node3,node4,27,linkAggregateCore-remoteX-remoteY
36.453152895,2482176,86016,0,54,54,0,node4,node1,27,linkAggregateCore-remote-local
34.3221998215,126976,3133440,1134592,54,54,54,node4,node2,27,linkAggregateCore-remoteX-remoteY
29.0370349884,380928,2097152,1732608,54,54,54,node4,node3,27,linkAggregateCore-remoteX-remoteY
14.2550718784,4112,3563520,4694016,0,0,0,node4,node4,27,linkAggregateCore-remoteX-remoteX
1.00135803223e-05,0,0,0,0,node1,1,start
