0.000406980514526,0,0,0,0,node1,0,topology
0.0384991168976,1163264,0,1,0,node1,0,controller
0.040020942688,270336,0,1,0,node1,1,cellSwitch
0.637012958527,77824,1949696,2,4,node2,1,cellSwitch
0.662712097168,692224,3600384,2,4,node3,1,cellSwitch
0.63477897644,1191936,3923968,2,4,node4,1,cellSwitch
0.133308887482,3940352,0,3,0,node1,3,hostCell
1.94488310814,2940928,8937472,6,12,node2,3,hostCell
2.00074601173,4362240,7323648,6,12,node3,3,hostCell
1.91059207916,5488640,7790592,6,12,node4,3,hostCell
0.132040977478,3305472,0,3,0,node1,3,hostSwitchCell
1.90265679359,2699264,8581120,6,12,node2,3,hostSwitchCell
1.89734196663,4878336,10579968,6,12,node3,3,hostSwitchCell
1.91323399544,5689344,7774208,6,12,node4,3,hostSwitchCell
0.0480489730835,12185600,0,0,0,node1,3,linkHostHostSwitch
0.0650329589844,0,499712,0,0,node2,3,linkHostHostSwitch
0.0752539634705,0,1019904,0,0,node3,3,linkHostHostSwitch
0.0595180988312,0,491520,0,0,node4,3,linkHostHostSwitch
0.0463578701019,94208,0,0,0,node1,3,linkHostCellSwitch
0.0601840019226,0,114688,0,0,node2,3,linkHostCellSwitch
0.0631399154663,0,1105920,0,0,node3,3,linkHostCellSwitch
0.0606451034546,0,1339392,0,0,node4,3,linkHostCellSwitch
3.93714404106,1474560,1101824,0,2,2,0,node1,node2,1,linkHostSwitchHostSwitch-local-remote
3.86329102516,585728,126976,0,2,2,0,node1,node3,1,linkHostSwitchHostSwitch-local-remote
3.82931494713,217088,106496,0,2,2,0,node1,node4,1,linkHostSwitchHostSwitch-local-remote
7.48618507385,225280,466944,917504,2,2,2,node2,node3,1,linkHostSwitchHostSwitch-remoteX-remoteY
7.52505421638,1236992,598016,118784,2,2,2,node2,node4,1,linkHostSwitchHostSwitch-remoteX-remoteY
7.50008702278,2035712,217088,9629696,2,2,2,node3,node4,1,linkHostSwitchHostSwitch-remoteX-remoteY
0.879695177078,35618816,0,0,0,node1,1,start
