0.000396013259888,8192,0,0,0,node1,0,topology
0.0444049835205,1261568,0,1,0,node1,0,controller
0.0425860881805,446464,0,1,0,node1,1,cellSwitch
0.643958091736,1093632,2322432,2,4,node2,1,cellSwitch
0.623090982437,684032,1966080,2,4,node3,1,cellSwitch
0.648187875748,1843200,3170304,2,4,node4,1,cellSwitch
0.132180929184,4063232,0,3,0,node1,3,hostCell
2.00325703621,2953216,9916416,6,12,node2,3,hostCell
1.95124387741,5607424,10383360,6,12,node3,3,hostCell
1.88940906525,3895296,10399744,6,12,node4,3,hostCell
0.142976999283,4710400,0,3,0,node1,3,hostSwitchCell
2.01421499252,5124096,9752576,6,12,node2,3,hostSwitchCell
1.91626501083,2351104,7757824,6,12,node3,3,hostSwitchCell
1.97601914406,4960256,7397376,6,12,node4,3,hostSwitchCell
0.0484259128571,3543040,0,0,0,node1,3,linkHostHostSwitch
0.0607931613922,0,319488,0,0,node2,3,linkHostHostSwitch
0.0589561462402,0,966656,0,0,node3,3,linkHostHostSwitch
0.0630960464478,0,61440,0,0,node4,3,linkHostHostSwitch
0.050773859024,1232896,0,0,0,node1,3,linkHostCellSwitch
0.0593678951263,0,24576,0,0,node2,3,linkHostCellSwitch
0.064178943634,0,397312,0,0,node3,3,linkHostCellSwitch
0.0623030662537,0,1282048,0,0,node4,3,linkHostCellSwitch
3.90431690216,1474560,761856,0,2,2,0,node1,node2,1,linkHostSwitchHostSwitch-local-remote
3.88357496262,1875968,430080,0,2,2,0,node1,node3,1,linkHostSwitchHostSwitch-local-remote
3.93136382103,1757184,94208,0,2,2,0,node1,node4,1,linkHostSwitchHostSwitch-local-remote
7.39724087715,487424,1282048,327680,2,2,2,node2,node3,1,linkHostSwitchHostSwitch-remoteX-remoteY
7.63363099098,155648,163840,974848,2,2,2,node2,node4,1,linkHostSwitchHostSwitch-remoteX-remoteY
7.59353804588,237568,90112,147456,2,2,2,node3,node4,1,linkHostSwitchHostSwitch-remoteX-remoteY
0.9069211483,36110336,0,0,0,node1,1,start
