6.01605701447,103407616,0,4,0,node1,2,MaxiNetFrontendServer
3.61151099205,0,56487936,0,3,node2,1,MaxiNetWorker
1.26634693146,12472320,0,0,0,node1,0,topology
1.81449794769,37167104,0,18,0,node1,18,coreSwitch
1.51847100258,16384,41517056,36,72,node2,18,coreSwitch
4.45636510849,17575936,0,36,0,node1,36,aggregateSwitch
3.62579798698,0,18055168,72,144,node2,36,aggregateSwitch
5.95619797707,19611648,0,36,0,node1,36,edgeSwitch
4.85828185081,0,19132416,72,144,node2,36,edgeSwitch
8.88105511665,291459072,0,216,0,node1,216,host
7.38181614876,139264,294301696,432,864,node2,216,host
57.3174390793,25538560,0,0,0,node1,216,linkHostEdge
43.9079151154,0,20828160,0,0,node2,216,linkHostEdge
258.987054825,30343168,0,0,0,node1,216,linkEdgeAggregate
201.147994041,0,25550848,0,0,node2,216,linkEdgeAggregate
201.128726959,22024192,0,0,0,0,0,node1,node1,108,linkAggregateCore-local-local
243.818082094,12365824,10444800,0,216,216,0,node1,node2,108,linkAggregateCore-local-remote
281.503092051,12443648,8982528,0,216,216,0,node2,node1,108,linkAggregateCore-remote-local
221.884248018,169540,16756736,16433152,0,0,0,node2,node2,108,linkAggregateCore-remoteX-remoteX
7.86781311035e-06,118784,0,0,0,node1,1,start
