0.00036096572876,0,0,0,0,node1,0,topology
0.0567710399628,1003520,0,1,0,node1,0,controller
0.0740950107574,856064,0,1,0,node1,1,coreSwitch
0.692883014679,294912,11440128,2,4,node2,1,coreSwitch
0.702442884445,573440,1724416,2,4,node3,1,coreSwitch
0.712826013565,1200128,864256,2,4,node4,1,coreSwitch
0.147334814072,2772992,0,2,0,node1,2,aggregateSwitch
1.42821311951,1859584,4624384,4,8,node2,2,aggregateSwitch
1.40256881714,2011136,13176832,4,8,node3,2,aggregateSwitch
1.386936903,2646016,5525504,4,8,node4,2,aggregateSwitch
0.145853996277,3596288,0,2,0,node1,2,edgeSwitch
1.39700007439,1376256,4710400,4,8,node2,2,edgeSwitch
1.43926906586,2248704,5136384,4,8,node3,2,edgeSwitch
1.42024207115,3100672,7397376,4,8,node4,2,edgeSwitch
0.287132978439,6635520,0,4,0,node1,4,host
2.82176589966,6467584,13938688,8,16,node2,4,host
2.80149412155,6811648,15245312,8,16,node3,4,host
2.79472303391,6598656,13156352,8,16,node4,4,host
0.0813047885895,4104192,0,0,0,node1,4,linkHostEdge
0.0761351585388,0,503808,0,0,node2,4,linkHostEdge
0.0846648216248,0,176128,0,0,node3,4,linkHostEdge
0.0797049999237,0,970752,0,0,node4,4,linkHostEdge
0.0889759063721,720896,0,0,0,node1,4,linkEdgeAggregate
0.0846900939941,0,438272,0,0,node2,4,linkEdgeAggregate
0.0795381069183,0,1310720,0,0,node3,4,linkEdgeAggregate
0.0803289413452,0,36864,0,0,node4,4,linkEdgeAggregate
0.0264358520508,667648,0,0,0,0,0,node1,node1,1,linkAggregateCore-local-local
4.19865202904,421888,368640,0,2,2,0,node1,node2,1,linkAggregateCore-local-remote
4.22566103935,630784,495616,0,2,2,0,node1,node3,1,linkAggregateCore-local-remote
4.20243501663,1011712,364544,0,2,2,0,node1,node4,1,linkAggregateCore-local-remote
4.21695494652,1015808,1028096,0,2,2,0,node2,node1,1,linkAggregateCore-remote-local
0.0245068073273,5968,925696,110592,0,0,0,node2,node2,1,linkAggregateCore-remoteX-remoteX
8.10159802437,40960,847872,520192,2,2,2,node2,node3,1,linkAggregateCore-remoteX-remoteY
8.09641098976,442368,626688,274432,2,2,2,node2,node4,1,linkAggregateCore-remoteX-remoteY
4.21564793587,1265664,77824,0,2,2,0,node3,node1,1,linkAggregateCore-remote-local
8.12521004677,405504,479232,454656,2,2,2,node3,node2,1,linkAggregateCore-remoteX-remoteY
0.0229439735413,8512,491520,69632,0,0,0,node3,node3,1,linkAggregateCore-remoteX-remoteX
8.13454413414,118784,638976,663552,2,2,2,node3,node4,1,linkAggregateCore-remoteX-remoteY
4.23433899879,655360,995328,0,2,2,0,node4,node1,1,linkAggregateCore-remote-local
8.11869382858,1863680,434176,491520,2,2,2,node4,node2,1,linkAggregateCore-remoteX-remoteY
8.15815806389,385024,1683456,458752,2,2,2,node4,node3,1,linkAggregateCore-remoteX-remoteY
0.0207459926605,3024,12288,286720,0,0,0,node4,node4,1,linkAggregateCore-remoteX-remoteX
1.22444415092,37408768,0,0,0,node1,1,start
