0.000350952148438,0,0,0,0,node1,0,topology
0.0628080368042,4100096,0,1,0,node1,0,controller
0.2293009758,131072,0,3,0,node1,3,cellSwitch
2.14091110229,2052096,8503296,6,12,node2,3,cellSwitch
2.63532304764,5218304,8421376,6,12,node3,3,cellSwitch
2.12873315811,3837952,7286784,6,12,node4,3,cellSwitch
2.50593709946,41250816,0,33,0,node1,33,hostCell
23.6382369995,56156160,118759424,66,132,node2,33,hostCell
29.0594539642,59924480,119607296,66,132,node3,33,hostCell
23.2190778255,62468096,117837824,66,132,node4,33,hostCell
2.5881459713,17997824,0,33,0,node1,33,hostSwitchCell
23.7097411156,66203648,100966400,66,132,node2,33,hostSwitchCell
29.2108309269,72396800,102322176,66,132,node3,33,hostSwitchCell
23.3739879131,72691712,100499456,66,132,node4,33,hostSwitchCell
0.694521903992,6619136,0,0,0,node1,33,linkHostHostSwitch
0.692187070847,0,2564096,0,0,node2,33,linkHostHostSwitch
0.784660100937,0,3334144,0,0,node3,33,linkHostHostSwitch
0.680207967758,0,2064384,0,0,node4,33,linkHostHostSwitch
5.00428915024,3264512,0,0,0,node1,33,linkHostCellSwitch
0.65326499939,0,2453504,0,0,node2,33,linkHostCellSwitch
0.771872997284,0,1236992,0,0,node3,33,linkHostCellSwitch
0.643387079239,0,1875968,0,0,node4,33,linkHostCellSwitch
0.0739200115204,1253376,0,0,0,0,0,node1,node1,3,linkHostSwitchHostSwitch-local-local
39.5046410561,1720320,638976,0,18,18,0,node1,node2,9,linkHostSwitchHostSwitch-local-remote
48.2926580906,28672,794624,0,18,18,0,node1,node3,9,linkHostSwitchHostSwitch-local-remote
34.6088218689,147456,532480,0,16,16,0,node1,node4,8,linkHostSwitchHostSwitch-local-remote
0.0855000019073,91648,729088,708608,0,0,0,node4,node4,4,linkHostSwitchHostSwitch-remoteX-remoteX
0.0639419555664,80768,319488,57344,0,0,0,node2,node2,3,linkHostSwitchHostSwitch-remoteX-remoteX
84.6180860996,3592192,2654208,1662976,18,18,18,node2,node3,9,linkHostSwitchHostSwitch-remoteX-remoteY
75.3240139484,413696,503808,520192,18,18,18,node2,node4,9,linkHostSwitchHostSwitch-remoteX-remoteY
0.0797469615936,59584,901120,122880,0,0,0,node3,node3,3,linkHostSwitchHostSwitch-remoteX-remoteX
84.0962238312,3305472,1884160,454656,18,18,18,node3,node4,9,linkHostSwitchHostSwitch-remoteX-remoteY
1.40119409561,1544192,0,0,0,node1,1,start
