6.02284812927,101883904,0,4,0,node1,2,MaxiNetFrontendServer
3.67775583267,0,68374528,0,3,node2,1,MaxiNetWorker
0.991968154907,12681216,0,0,0,node1,0,topology
1.81092190742,37457920,0,18,0,node1,18,coreSwitch
1.72685599327,8192,41201664,36,72,node2,18,coreSwitch
4.47242999077,18632704,0,36,0,node1,36,aggregateSwitch
4.29973506927,126976,17350656,72,144,node2,36,aggregateSwitch
5.97649693489,18407424,0,36,0,node1,36,edgeSwitch
5.8716840744,253952,18878464,72,144,node2,36,edgeSwitch
8.91807103157,284794880,0,216,0,node1,216,host
8.60139894485,266240,295309312,432,864,node2,216,host
58.5985338688,25718784,0,0,0,node1,216,linkHostEdge
55.5013341904,0,20418560,0,0,node2,216,linkHostEdge
253.519044876,28368896,0,0,0,node1,216,linkEdgeAggregate
260.172088146,0,27652096,0,0,node2,216,linkEdgeAggregate
199.158406019,19918848,0,0,0,0,0,node1,node1,108,linkAggregateCore-local-local
277.860570908,13717504,8294400,0,216,216,0,node1,node2,108,linkAggregateCore-local-remote
309.59651494,12038144,9154560,0,216,216,0,node2,node1,108,linkAggregateCore-remote-local
279.412991047,166656,16134144,18259968,0,0,0,node2,node2,108,linkAggregateCore-remoteX-remoteX
9.05990600586e-06,126976,0,0,0,node1,1,start
