0.000364065170288,0,0,0,0,node1,0,topology
0.0331449508667,221184,0,1,0,node1,0,controller
0.0324931144714,1597440,0,1,0,node1,1,cellSwitch
0.657991886139,339968,3674112,2,4,node2,1,cellSwitch
0.654218912125,225280,3653632,2,4,node3,1,cellSwitch
0.624324083328,937984,4694016,2,4,node4,1,cellSwitch
0.104947090149,5976064,0,3,0,node1,3,hostCell
1.88221001625,1982464,11382784,6,12,node2,3,hostCell
1.88598513603,4362240,6950912,6,12,node3,3,hostCell
1.91257381439,4706304,7401472,6,12,node4,3,hostCell
0.10572719574,4927488,0,3,0,node1,3,hostSwitchCell
1.94476389885,2174976,7987200,6,12,node2,3,hostSwitchCell
1.89890503883,4681728,9392128,6,12,node3,3,hostSwitchCell
1.95284700394,5050368,8839168,6,12,node4,3,hostSwitchCell
0.0276479721069,4931584,0,0,0,node1,3,linkHostHostSwitch
0.0397751331329,0,561152,0,0,node2,3,linkHostHostSwitch
0.0417280197144,0,1634304,0,0,node3,3,linkHostHostSwitch
0.046669960022,0,1712128,0,0,node4,3,linkHostHostSwitch
0.0311150550842,471040,0,0,0,node1,3,linkHostCellSwitch
0.0441091060638,0,638976,0,0,node2,3,linkHostCellSwitch
0.0482339859009,0,577536,0,0,node3,3,linkHostCellSwitch
0.0391328334808,0,565248,0,0,node4,3,linkHostCellSwitch
1.96033000946,970752,1761280,0,2,2,0,node1,node2,1,linkHostSwitchHostSwitch-local-remote
1.8985118866,2215936,2220032,0,2,2,0,node1,node3,1,linkHostSwitchHostSwitch-local-remote
1.95201587677,823296,2183168,0,2,2,0,node1,node4,1,linkHostSwitchHostSwitch-local-remote
3.79417991638,1265664,4067328,1409024,2,2,2,node2,node3,1,linkHostSwitchHostSwitch-remoteX-remoteY
3.77725100517,1499136,2699264,1204224,2,2,2,node2,node4,1,linkHostSwitchHostSwitch-remoteX-remoteY
3.65231895447,1265664,1421312,1921024,2,2,2,node3,node4,1,linkHostSwitchHostSwitch-remoteX-remoteY
0.892535924911,37232640,0,0,0,node1,1,start
