0.000367879867554,0,0,0,0,node1,0,topology
0.0766620635986,5361664,0,1,0,node1,0,controller
0.305475950241,274432,0,3,0,node1,3,cellSwitch
2.20283198357,3702784,7548928,6,12,node2,3,cellSwitch
2.71380782127,4591616,9064448,6,12,node3,3,cellSwitch
2.42480111122,4472832,8306688,6,12,node4,3,cellSwitch
3.32568502426,40067072,0,33,0,node1,33,hostCell
24.3829820156,61435904,121008128,66,132,node2,33,hostCell
29.8741390705,62853120,119271424,66,132,node3,33,hostCell
26.9542028904,66093056,117231616,66,132,node4,33,hostCell
3.37602901459,19685376,0,33,0,node1,33,hostSwitchCell
24.5548808575,69828608,100192256,66,132,node2,33,hostSwitchCell
29.9957680702,76845056,101371904,66,132,node3,33,hostSwitchCell
27.0537970066,76247040,98869248,66,132,node4,33,hostSwitchCell
0.688434839249,6873088,0,0,0,node1,33,linkHostHostSwitch
0.676622867584,0,2195456,0,0,node2,33,linkHostHostSwitch
0.815712928772,0,1785856,0,0,node3,33,linkHostHostSwitch
0.700334787369,0,2342912,0,0,node4,33,linkHostHostSwitch
5.68677687645,5013504,0,0,0,node1,33,linkHostCellSwitch
0.628158092499,0,3657728,0,0,node2,33,linkHostCellSwitch
0.736228942871,0,2945024,0,0,node3,33,linkHostCellSwitch
0.688267946243,0,2973696,0,0,node4,33,linkHostCellSwitch
0.0667378902435,180224,0,0,0,0,0,node1,node1,3,linkHostSwitchHostSwitch-local-local
40.9176659584,3452928,172032,0,18,18,0,node1,node2,9,linkHostSwitchHostSwitch-local-remote
49.8265719414,2154496,970752,0,18,18,0,node1,node3,9,linkHostSwitchHostSwitch-local-remote
39.9914689064,155648,172032,0,16,16,0,node1,node4,8,linkHostSwitchHostSwitch-local-remote
0.115597009659,66880,569344,118784,0,0,0,node4,node4,4,linkHostSwitchHostSwitch-remoteX-remoteX
0.06516289711,60384,356352,1454080,0,0,0,node2,node2,3,linkHostSwitchHostSwitch-remoteX-remoteX
85.9687960148,2203648,1839104,479232,18,18,18,node2,node3,9,linkHostSwitchHostSwitch-remoteX-remoteY
81.2556071281,163840,1298432,1634304,18,18,18,node2,node4,9,linkHostSwitchHostSwitch-remoteX-remoteY
0.0760090351105,66188,679936,81920,0,0,0,node3,node3,3,linkHostSwitchHostSwitch-remoteX-remoteX
90.212556839,6508544,2117632,1454080,18,18,18,node3,node4,9,linkHostSwitchHostSwitch-remoteX-remoteY
1.42603111267,1884160,0,0,0,node1,1,start
