0.000329971313477,0,0,0,0,node1,0,topology
0.074588060379,1499136,0,1,0,node1,0,controller
0.973552942276,4820992,0,9,0,node1,9,coreSwitch
6.72485995293,13238272,25587712,18,36,node2,9,coreSwitch
8.21148610115,16359424,26079232,18,36,node3,9,coreSwitch
7.37664890289,17018880,26894336,18,36,node4,9,coreSwitch
1.96250700951,12357632,0,18,0,node1,18,aggregateSwitch
13.4496328831,31944704,50589696,36,72,node2,18,aggregateSwitch
16.4180140495,35651584,54124544,36,72,node3,18,aggregateSwitch
14.8410310745,34193408,51150848,36,72,node4,18,aggregateSwitch
1.95842504501,12341248,0,18,0,node1,18,edgeSwitch
13.5328950882,35352576,51773440,36,72,node2,18,edgeSwitch
16.4644060135,38375424,53497856,36,72,node3,18,edgeSwitch
14.8764431477,39776256,55152640,36,72,node4,18,edgeSwitch
11.9040849209,146804736,0,108,0,node1,108,host
81.388725996,276566016,420544512,216,432,node2,108,host
99.4424798489,298835968,420175872,216,432,node3,108,host
89.9367611408,318230528,420974592,216,432,node4,108,host
1.71103906631,13676544,0,0,0,node1,108,linkHostEdge
1.46519303322,0,8392704,0,0,node2,108,linkHostEdge
1.83428907394,0,8388608,0,0,node3,108,linkHostEdge
1.66284108162,0,10416128,0,0,node4,108,linkHostEdge
2.00275397301,11235328,0,0,0,node1,108,linkEdgeAggregate
1.57239294052,0,11575296,0,0,node2,108,linkEdgeAggregate
1.86357212067,0,10219520,0,0,node3,108,linkEdgeAggregate
1.70393013954,0,9969664,0,0,node4,108,linkEdgeAggregate
0.497478961945,2678784,0,0,0,0,0,node1,node1,27,linkAggregateCore-local-local
62.8697059155,82333696,51888128,0,54,54,0,node1,node2,27,linkAggregateCore-local-remote
76.4525120258,85114880,49930240,0,54,54,0,node1,node3,27,linkAggregateCore-local-remote
69.2252111435,85544960,51826688,0,54,54,0,node1,node4,27,linkAggregateCore-local-remote
63.0451169014,83935232,51843072,0,54,54,0,node2,node1,27,linkAggregateCore-remote-local
0.400149822235,4448,2863104,4096000,0,0,0,node2,node2,27,linkAggregateCore-remoteX-remoteX
130.61709404,84099072,75784192,52326400,54,54,54,node2,node3,27,linkAggregateCore-remoteX-remoteY
123.430400848,83742720,78450688,51032064,54,54,54,node2,node4,27,linkAggregateCore-remoteX-remoteY
76.8266618252,85663744,53825536,0,54,54,0,node3,node1,27,linkAggregateCore-remote-local
132.282960892,85237760,78336000,52121600,54,54,54,node3,node2,27,linkAggregateCore-remoteX-remoteY
0.485171079636,80256,5332992,4308992,0,0,0,node3,node3,27,linkAggregateCore-remoteX-remoteX
138.565624952,84062208,76132352,52568064,54,54,54,node3,node4,27,linkAggregateCore-remoteX-remoteY
69.6915791035,84480000,52899840,0,54,54,0,node4,node1,27,linkAggregateCore-remote-local
125.06286788,84779008,78721024,53354496,54,54,54,node4,node2,27,linkAggregateCore-remoteX-remoteY
137.904933929,86773760,79904768,52387840,54,54,54,node4,node3,27,linkAggregateCore-remoteX-remoteY
0.425348997116,84896,2609152,4120576,0,0,0,node4,node4,27,linkAggregateCore-remoteX-remoteX
4.93626594543,499712,0,0,0,node1,1,start
