0.00035285949707,0,0,0,0,node1,0,topology
0.0597817897797,737280,0,1,0,node1,0,controller
0.247434139252,1392640,0,3,0,node1,3,cellSwitch
2.15525698662,3616768,7786496,6,12,node2,3,cellSwitch
2.63923811913,4530176,7979008,6,12,node3,3,cellSwitch
2.37505698204,5996544,8278016,6,12,node4,3,cellSwitch
2.69113397598,41357312,0,33,0,node1,33,hostCell
23.7567181587,56950784,119795712,66,132,node2,33,hostCell
29.2319397926,60547072,117940224,66,132,node3,33,hostCell
26.3133120537,61771776,119418880,66,132,node4,33,hostCell
2.79288983345,19554304,0,33,0,node1,33,hostSwitchCell
23.9276540279,67575808,101580800,66,132,node2,33,hostSwitchCell
29.4451010227,73551872,98750464,66,132,node3,33,hostSwitchCell
26.4476470947,73883648,100147200,66,132,node4,33,hostSwitchCell
0.473179101944,6897664,0,0,0,node1,33,linkHostHostSwitch
0.477097034454,0,1703936,0,0,node2,33,linkHostHostSwitch
0.575302124023,0,3166208,0,0,node3,33,linkHostHostSwitch
0.521534919739,0,2195456,0,0,node4,33,linkHostHostSwitch
2.92734789848,6471680,0,0,0,node1,33,linkHostCellSwitch
0.490658044815,0,3395584,0,0,node2,33,linkHostCellSwitch
0.551624059677,0,3719168,0,0,node3,33,linkHostCellSwitch
0.510860919952,0,2871296,0,0,node4,33,linkHostCellSwitch
0.0460119247437,901120,0,0,0,0,0,node1,node1,3,linkHostSwitchHostSwitch-local-local
19.7371439934,17887232,15507456,0,18,18,0,node1,node2,9,linkHostSwitchHostSwitch-local-remote
24.1069068909,20963328,16814080,0,18,18,0,node1,node3,9,linkHostSwitchHostSwitch-local-remote
19.3143239021,20295680,15372288,0,16,16,0,node1,node4,8,linkHostSwitchHostSwitch-local-remote
0.0636930465698,81760,147456,618496,0,0,0,node4,node4,4,linkHostSwitchHostSwitch-remoteX-remoteX
0.0425298213959,96032,262144,1011712,0,0,0,node2,node2,3,linkHostSwitchHostSwitch-remoteX-remoteX
41.7115218639,16855040,25747456,15405056,18,18,18,node2,node3,9,linkHostSwitchHostSwitch-remoteX-remoteY
39.2846548557,21045248,26320896,15654912,18,18,18,node2,node4,9,linkHostSwitchHostSwitch-remoteX-remoteY
0.0497779846191,2960,139264,77824,0,0,0,node3,node3,3,linkHostSwitchHostSwitch-remoteX-remoteX
44.1301400661,16990208,25751552,17817600,18,18,18,node3,node4,9,linkHostSwitchHostSwitch-remoteX-remoteY
1.37690591812,1323008,0,0,0,node1,1,start
