0.00033712387085,0,0,0,0,node1,0,topology
0.0548930168152,221184,0,1,0,node1,0,controller
0.655557155609,1908736,0,9,0,node1,9,coreSwitch
6.39724707603,13422592,26243072,18,36,node2,9,coreSwitch
7.88275790215,14000128,25772032,18,36,node3,9,coreSwitch
6.29444408417,15745024,28114944,18,36,node4,9,coreSwitch
1.32257294655,11644928,0,18,0,node1,18,aggregateSwitch
12.8029360771,29413376,54976512,36,72,node2,18,aggregateSwitch
15.8146231174,32534528,52183040,36,72,node3,18,aggregateSwitch
12.5777740479,32718848,52162560,36,72,node4,18,aggregateSwitch
1.34120607376,10321920,0,18,0,node1,18,edgeSwitch
12.8530168533,34713600,54951936,36,72,node2,18,edgeSwitch
15.8116998672,33017856,53784576,36,72,node3,18,edgeSwitch
12.6174449921,35696640,54947840,36,72,node4,18,edgeSwitch
8.18075895309,150712320,0,108,0,node1,108,host
77.4521410465,252178432,419082240,216,432,node2,108,host
95.5873789787,274345984,420184064,216,432,node3,108,host
76.5591850281,293273600,420548608,216,432,node4,108,host
1.6999027729,12652544,0,0,0,node1,108,linkHostEdge
1.51774501801,0,7958528,0,0,node2,108,linkHostEdge
1.79146814346,0,8982528,0,0,node3,108,linkHostEdge
1.48039197922,0,10588160,0,0,node4,108,linkHostEdge
2.0112221241,13053952,0,0,0,node1,108,linkEdgeAggregate
1.57750797272,0,8347648,0,0,node2,108,linkEdgeAggregate
1.86712098122,0,9887744,0,0,node3,108,linkEdgeAggregate
1.5551211834,0,9932800,0,0,node4,108,linkEdgeAggregate
0.482139110565,1712128,0,0,0,0,0,node1,node1,27,linkAggregateCore-local-local
60.4790370464,76865536,50212864,0,54,54,0,node1,node2,27,linkAggregateCore-local-remote
73.8906710148,78786560,49750016,0,54,54,0,node1,node3,27,linkAggregateCore-local-remote
59.6198058128,79872000,50745344,0,54,54,0,node1,node4,27,linkAggregateCore-local-remote
60.8861000538,78082048,52359168,0,54,54,0,node2,node1,27,linkAggregateCore-remote-local
0.410752058029,88736,3420160,3870720,0,0,0,node2,node2,27,linkAggregateCore-remoteX-remoteX
128.082617998,78438400,76713984,52830208,54,54,54,node2,node3,27,linkAggregateCore-remoteX-remoteY
113.74368906,78872576,77975552,51949568,54,54,54,node2,node4,27,linkAggregateCore-remoteX-remoteY
74.438835144,77762560,52121600,0,54,54,0,node3,node1,27,linkAggregateCore-remote-local
129.452883959,79536128,78700544,52805632,54,54,54,node3,node2,27,linkAggregateCore-remoteX-remoteY
0.463334083557,50432,4800512,3780608,0,0,0,node3,node3,27,linkAggregateCore-remoteX-remoteX
129.008581877,269803520,77299712,53727232,54,54,54,node3,node4,27,linkAggregateCore-remoteX-remoteY
60.1392049789,77631488,53760000,0,54,54,0,node4,node1,27,linkAggregateCore-remote-local
114.534664869,80465920,79126528,53538816,54,54,54,node4,node2,27,linkAggregateCore-remoteX-remoteY
128.168268919,79679488,80220160,53448704,54,54,54,node4,node3,27,linkAggregateCore-remoteX-remoteY
0.405493974686,41376,3571712,3538944,0,0,0,node4,node4,27,linkAggregateCore-remoteX-remoteX
4.95819401741,970752,0,0,0,node1,1,start
