0.000350952148438,16384,0,0,0,node1,0,topology
0.039430141449,339968,0,1,0,node1,0,controller
0.0353169441223,446464,0,1,0,node1,1,coreSwitch
0.607855081558,454656,3268608,2,4,node2,1,coreSwitch
0.655941009521,1073152,3727360,2,4,node3,1,coreSwitch
0.657045841217,708608,3117056,2,4,node4,1,coreSwitch
0.0704400539398,2527232,0,2,0,node1,2,aggregateSwitch
1.28625798225,462848,4435968,4,8,node2,2,aggregateSwitch
1.23907494545,3964928,5439488,4,8,node3,2,aggregateSwitch
1.25178408623,2457600,5292032,4,8,node4,2,aggregateSwitch
0.0809009075165,5050368,0,2,0,node1,2,edgeSwitch
1.29808521271,917504,5783552,4,8,node2,2,edgeSwitch
1.27085208893,3219456,6000640,4,8,node3,2,edgeSwitch
1.29189300537,2252800,4694016,4,8,node4,2,edgeSwitch
0.148447036743,6156288,0,4,0,node1,4,host
2.56530308723,5791744,14974976,8,16,node2,4,host
2.57434082031,5484544,13254656,8,16,node3,4,host
2.63176298141,7430144,15482880,8,16,node4,4,host
0.0417699813843,4681728,0,0,0,node1,4,linkHostEdge
0.0536229610443,0,1945600,0,0,node2,4,linkHostEdge
0.0551149845123,0,524288,0,0,node3,4,linkHostEdge
0.0792610645294,0,1486848,0,0,node4,4,linkHostEdge
0.0478270053864,1044480,0,0,0,node1,4,linkEdgeAggregate
0.0542180538177,0,32768,0,0,node2,4,linkEdgeAggregate
0.0536730289459,0,245760,0,0,node3,4,linkEdgeAggregate
0.0513191223145,0,557056,0,0,node4,4,linkEdgeAggregate
0.017119884491,454656,0,0,0,0,0,node1,node1,1,linkAggregateCore-local-local
1.89428687096,356352,3743744,0,2,2,0,node1,node2,1,linkAggregateCore-local-remote
1.87061715126,1957888,2596864,0,2,2,0,node1,node3,1,linkAggregateCore-local-remote
1.99285197258,929792,1904640,0,2,2,0,node1,node4,1,linkAggregateCore-local-remote
1.88374114037,249856,3547136,0,2,2,0,node2,node1,1,linkAggregateCore-remote-local
0.0146100521088,5312,454656,1708032,0,0,0,node2,node2,1,linkAggregateCore-remoteX-remoteX
3.69987201691,839680,4108288,1712128,2,2,2,node2,node3,1,linkAggregateCore-remoteX-remoteY
3.71519494057,1294336,3649536,360448,2,2,2,node2,node4,1,linkAggregateCore-remoteX-remoteY
1.96750807762,1003520,1282048,0,2,2,0,node3,node1,1,linkAggregateCore-remote-local
3.75874495506,1597440,2162688,2768896,2,2,2,node3,node2,1,linkAggregateCore-remoteX-remoteY
0.0165932178497,3840,126976,598016,0,0,0,node3,node3,1,linkAggregateCore-remoteX-remoteX
3.70680904388,1433600,1748992,860160,2,2,2,node3,node4,1,linkAggregateCore-remoteX-remoteY
1.93461990356,483328,2527232,0,2,2,0,node4,node1,1,linkAggregateCore-remote-local
3.74077010155,733184,2228224,806912,2,2,2,node4,node2,1,linkAggregateCore-remoteX-remoteY
3.76233911514,2158592,598016,2748416,2,2,2,node4,node3,1,linkAggregateCore-remoteX-remoteY
0.0130059719086,512,741376,409600,0,0,0,node4,node4,1,linkAggregateCore-remoteX-remoteX
1.09816002846,37965824,0,0,0,node1,1,start
