0.000384092330933,0,0,0,0,node1,0,topology
0.0377180576324,1073152,0,1,0,node1,0,controller
0.0385029315948,593920,0,1,0,node1,1,cellSwitch
0.673936843872,159744,4423680,2,4,node2,1,cellSwitch
0.620355844498,1073152,2428928,2,4,node3,1,cellSwitch
0.656002998352,684032,954368,2,4,node4,1,cellSwitch
0.118029117584,6029312,0,3,0,node1,3,hostCell
1.89925909042,2678784,10661888,6,12,node2,3,hostCell
1.96763205528,3584000,10080256,6,12,node3,3,hostCell
1.97980308533,4632576,10293248,6,12,node4,3,hostCell
0.113457918167,3194880,0,3,0,node1,3,hostSwitchCell
1.90339684486,4399104,8634368,6,12,node2,3,hostSwitchCell
1.93013501167,4050944,7680000,6,12,node3,3,hostSwitchCell
1.90887618065,5115904,9494528,6,12,node4,3,hostSwitchCell
0.045068025589,4415488,0,0,0,node1,3,linkHostHostSwitch
0.0623729228973,0,1552384,0,0,node2,3,linkHostHostSwitch
0.0630609989166,0,966656,0,0,node3,3,linkHostHostSwitch
0.0588421821594,0,479232,0,0,node4,3,linkHostHostSwitch
0.0476851463318,696320,0,0,0,node1,3,linkHostCellSwitch
0.067085981369,0,397312,0,0,node2,3,linkHostCellSwitch
0.0618798732758,0,565248,0,0,node3,3,linkHostCellSwitch
0.0606968402863,0,823296,0,0,node4,3,linkHostCellSwitch
3.86441993713,3538944,143360,0,2,2,0,node1,node2,1,linkHostSwitchHostSwitch-local-remote
3.76262784004,1531904,724992,0,2,2,0,node1,node3,1,linkHostSwitchHostSwitch-local-remote
3.90614104271,1007616,258048,0,2,2,0,node1,node4,1,linkHostSwitchHostSwitch-local-remote
7.486287117,589824,1024000,557056,2,2,2,node2,node3,1,linkHostSwitchHostSwitch-remoteX-remoteY
7.48148798943,1052672,1589248,352256,2,2,2,node2,node4,1,linkHostSwitchHostSwitch-remoteX-remoteY
7.46523809433,851968,868352,86016,2,2,2,node3,node4,1,linkHostSwitchHostSwitch-remoteX-remoteY
0.905000925064,34824192,0,0,0,node1,1,start
