6.01494288445,26562560,0,4,0,node1,2,MaxiNetFrontendServer
3.57640695572,0,14290944,0,3,node2,1,MaxiNetWorker
0.773582935333,45056,0,0,0,node1,0,topology
0.197885036469,35487744,0,2,0,node1,2,coreSwitch
0.189306020737,8192,34754560,4,8,node2,2,coreSwitch
0.315161943436,2535424,0,4,0,node1,4,aggregateSwitch
0.300148010254,0,1036288,8,16,node2,4,aggregateSwitch
0.333118915558,987136,0,4,0,node1,4,edgeSwitch
0.313179969788,380928,217088,8,16,node2,4,edgeSwitch
0.261039018631,9289728,0,8,0,node1,8,host
0.267975091934,16384,8241152,16,32,node2,8,host
0.378873825073,876544,0,0,0,node1,8,linkHostEdge
0.42146897316,0,446464,0,0,node2,8,linkHostEdge
0.568293809891,1384448,0,0,0,node1,8,linkEdgeAggregate
0.566552877426,0,221184,0,0,node2,8,linkEdgeAggregate
0.308074951172,1339392,0,0,0,0,0,node1,node1,4,linkAggregateCore-local-local
1.33664679527,151552,1269760,0,8,8,0,node1,node2,4,linkAggregateCore-local-remote
1.37368488312,36864,1257472,0,8,8,0,node2,node1,4,linkAggregateCore-remote-local
0.313014984131,178199,2109440,221184,0,0,0,node2,node2,4,linkAggregateCore-remoteX-remoteX
7.15255737305e-06,0,0,0,0,node1,1,start
