0.0002760887146,32768,0,0,0,node1,0,topology
0.0397570133209,348160,0,1,0,node1,0,controller
0.0472400188446,552960,0,1,0,node1,1,cellSwitch
0.625764846802,700416,2101248,2,4,node2,1,cellSwitch
0.643932819366,208896,3534848,2,4,node3,1,cellSwitch
0.636162996292,1064960,2392064,2,4,node4,1,cellSwitch
0.133680105209,5292032,0,3,0,node1,3,hostCell
1.96865487099,1839104,9383936,6,12,node2,3,hostCell
1.90133094788,5541888,8613888,6,12,node3,3,hostCell
2.00405788422,5783552,9457664,6,12,node4,3,hostCell
0.1341381073,2932736,0,3,0,node1,3,hostSwitchCell
1.8813700676,3268608,7815168,6,12,node2,3,hostSwitchCell
1.9788351059,4124672,6754304,6,12,node3,3,hostSwitchCell
1.89248800278,6664192,7933952,6,12,node4,3,hostSwitchCell
0.029657125473,2818048,0,0,0,node1,3,linkHostHostSwitch
0.0451519489288,0,479232,0,0,node2,3,linkHostHostSwitch
0.0627419948578,0,77824,0,0,node3,3,linkHostHostSwitch
0.0421469211578,0,4096,0,0,node4,3,linkHostHostSwitch
0.0315370559692,1654784,0,0,0,node1,3,linkHostCellSwitch
0.0418388843536,0,1015808,0,0,node2,3,linkHostCellSwitch
0.0595228672028,0,126976,0,0,node3,3,linkHostCellSwitch
0.0406768321991,0,696320,0,0,node4,3,linkHostCellSwitch
1.92055892944,1146880,2605056,0,2,2,0,node1,node2,1,linkHostSwitchHostSwitch-local-remote
1.93476200104,1081344,2052096,0,2,2,0,node1,node3,1,linkHostSwitchHostSwitch-local-remote
1.93734884262,1679360,675840,0,2,2,0,node1,node4,1,linkHostSwitchHostSwitch-local-remote
3.70991706848,1159168,2637824,3231744,2,2,2,node2,node3,1,linkHostSwitchHostSwitch-remoteX-remoteY
3.74253201485,1241088,2433024,1331200,2,2,2,node2,node4,1,linkHostSwitchHostSwitch-remoteX-remoteY
3.78605604172,3141632,1458176,1556480,2,2,2,node3,node4,1,linkHostSwitchHostSwitch-remoteX-remoteY
0.914144992828,35860480,0,0,0,node1,1,start
