0.000361919403076,0,0,0,0,node1,0,topology
0.0790150165558,4616192,0,1,0,node1,0,controller
0.323669910431,1527808,0,3,0,node1,3,cellSwitch
2.24229598045,4718592,7032832,6,12,node2,3,cellSwitch
2.71472501755,4845568,8642560,6,12,node3,3,cellSwitch
2.46548318863,4972544,7061504,6,12,node4,3,cellSwitch
3.49187111855,39182336,0,33,0,node1,33,hostCell
24.5335450172,60583936,116805632,66,132,node2,33,hostCell
30.093834877,65843200,118026240,66,132,node3,33,hostCell
27.1918501854,67338240,119881728,66,132,node4,33,hostCell
3.58375501633,18636800,0,33,0,node1,33,hostSwitchCell
24.672134161,72982528,101232640,66,132,node2,33,hostSwitchCell
30.1260900497,76894208,100769792,66,132,node3,33,hostSwitchCell
27.1256260872,78503936,100564992,66,132,node4,33,hostSwitchCell
0.688647985458,6094848,0,0,0,node1,33,linkHostHostSwitch
0.689944028854,0,3465216,0,0,node2,33,linkHostHostSwitch
0.806720018387,0,2428928,0,0,node3,33,linkHostHostSwitch
0.724156141281,0,1073152,0,0,node4,33,linkHostHostSwitch
5.72904109955,5251072,0,0,0,node1,33,linkHostCellSwitch
0.63601899147,0,2797568,0,0,node2,33,linkHostCellSwitch
0.760272026062,0,2912256,0,0,node3,33,linkHostCellSwitch
0.688585996628,0,3452928,0,0,node4,33,linkHostCellSwitch
0.0679709911346,782336,0,0,0,0,0,node1,node1,3,linkHostSwitchHostSwitch-local-local
41.1714987755,1085440,2961408,0,18,18,0,node1,node2,9,linkHostSwitchHostSwitch-local-remote
50.1066918373,962560,495616,0,18,18,0,node1,node3,9,linkHostSwitchHostSwitch-local-remote
40.2820620537,126976,77824,0,16,16,0,node1,node4,8,linkHostSwitchHostSwitch-local-remote
0.0904660224915,6504,286720,581632,0,0,0,node4,node4,4,linkHostSwitchHostSwitch-remoteX-remoteX
0.0670251846313,6864,77824,241664,0,0,0,node2,node2,3,linkHostSwitchHostSwitch-remoteX-remoteX
86.4331710339,2166784,2199552,2043904,18,18,18,node2,node3,9,linkHostSwitchHostSwitch-remoteX-remoteY
81.4993731976,1249280,258048,929792,18,18,18,node2,node4,9,linkHostSwitchHostSwitch-remoteX-remoteY
0.0767030715942,6582,602112,995328,0,0,0,node3,node3,3,linkHostSwitchHostSwitch-remoteX-remoteX
90.383054018,2977792,86016,139264,18,18,18,node3,node4,9,linkHostSwitchHostSwitch-remoteX-remoteY
1.39536905289,790528,0,0,0,node1,1,start
