0.000350952148438,0,0,0,0,node1,0,topology
0.0719470977783,610304,0,1,0,node1,0,controller
0.317530870438,241664,0,3,0,node1,3,cellSwitch
2.21334195137,3260416,8925184,6,12,node2,3,cellSwitch
2.71007490158,4632576,6283264,6,12,node3,3,cellSwitch
2.45276999474,5648384,8134656,6,12,node4,3,cellSwitch
3.47110700607,40013824,0,33,0,node1,33,hostCell
24.5395710468,61046784,116555776,66,132,node2,33,hostCell
30.0344669819,65945600,120233984,66,132,node3,33,hostCell
27.0967478752,65351680,118521856,66,132,node4,33,hostCell
3.58182001114,18731008,0,33,0,node1,33,hostSwitchCell
24.6316020489,73506816,101494784,66,132,node2,33,hostSwitchCell
30.1188499928,76488704,99667968,66,132,node3,33,hostSwitchCell
27.2319598198,79118336,101699584,66,132,node4,33,hostSwitchCell
0.474057912827,6422528,0,0,0,node1,33,linkHostHostSwitch
0.482386827469,0,3878912,0,0,node2,33,linkHostHostSwitch
0.550385951996,0,2953216,0,0,node3,33,linkHostHostSwitch
0.521480083466,0,4354048,0,0,node4,33,linkHostHostSwitch
2.99928402901,6873088,0,0,0,node1,33,linkHostCellSwitch
0.468523979187,0,2867200,0,0,node2,33,linkHostCellSwitch
0.56656908989,0,2408448,0,0,node3,33,linkHostCellSwitch
0.511697053909,0,2461696,0,0,node4,33,linkHostCellSwitch
0.0446598529816,155648,0,0,0,0,0,node1,node1,3,linkHostSwitchHostSwitch-local-local
20.2349560261,20557824,16302080,0,18,18,0,node1,node2,9,linkHostSwitchHostSwitch-local-remote
24.7141420841,21835776,16068608,0,18,18,0,node1,node3,9,linkHostSwitchHostSwitch-local-remote
19.8377408981,19116032,15028224,0,16,16,0,node1,node4,8,linkHostSwitchHostSwitch-local-remote
0.0742218494415,6584,20480,1409024,0,0,0,node4,node4,4,linkHostSwitchHostSwitch-remoteX-remoteX
0.0466501712799,6696,2363392,528384,0,0,0,node2,node2,3,linkHostSwitchHostSwitch-remoteX-remoteX
42.2791531086,19582976,24174592,16150528,18,18,18,node2,node3,9,linkHostSwitchHostSwitch-remoteX-remoteY
39.8066811562,22745088,26095616,15994880,18,18,18,node2,node4,9,linkHostSwitchHostSwitch-remoteX-remoteY
0.0497431755066,64168,655360,1175552,0,0,0,node3,node3,3,linkHostSwitchHostSwitch-remoteX-remoteX
44.669686079,19308544,23597056,15544320,18,18,18,node3,node4,9,linkHostSwitchHostSwitch-remoteX-remoteY
1.44245696068,2306048,0,0,0,node1,1,start
