6.02247595787,26419200,0,4,0,node1,2,MaxiNetFrontendServer
3.61113500595,0,14737408,0,3,node2,1,MaxiNetWorker
3.72167301178,0,12316672,0,3,node3,1,MaxiNetWorker
3.67911195755,0,13852672,0,3,node4,1,MaxiNetWorker
2.37989997864,2969600,0,0,0,node1,0,topology
0.40296292305,36073472,0,3,0,node1,3,cellSwitch
0.33971619606,16384,847872,6,12,node2,3,cellSwitch
0.268569946289,0,172032,6,12,node3,3,cellSwitch
0.303719043732,0,18513920,6,12,node4,3,cellSwitch
1.58604192734,38723584,0,33,0,node1,33,hostCell
1.32792115211,0,774144,66,132,node2,33,hostCell
1.03405499458,0,2117632,66,132,node3,33,hostCell
1.17776417732,634880,38047744,66,132,node4,33,hostCell
4.40529990196,671744,0,33,0,node1,33,hostSwitchCell
3.72491693497,126976,1044480,66,132,node2,33,hostSwitchCell
2.96847510338,135168,1056768,66,132,node3,33,hostSwitchCell
3.29668998718,126976,18096128,66,132,node4,33,hostSwitchCell
3.51955485344,4349952,0,0,0,node1,33,linkHostHostSwitch
3.27037787437,0,126976,0,0,node2,33,linkHostHostSwitch
2.29842114449,0,622592,0,0,node3,33,linkHostHostSwitch
2.5914580822,0,4124672,0,0,node4,33,linkHostHostSwitch
9.41777300835,3260416,0,0,0,node1,33,linkHostCellSwitch
8.73708105087,0,1847296,0,0,node2,33,linkHostCellSwitch
6.1791369915,0,937984,0,0,node3,33,linkHostCellSwitch
6.72645878792,0,3891200,0,0,node4,33,linkHostCellSwitch
1.04479312897,450560,0,0,0,0,0,node1,node1,3,linkHostSwitchHostSwitch-local-local
6.4520740509,36864,1208320,0,18,18,0,node1,node2,9,linkHostSwitchHostSwitch-local-remote
5.68684887886,978944,495616,0,18,18,0,node1,node3,9,linkHostSwitchHostSwitch-local-remote
5.46253705025,135168,532480,0,16,16,0,node1,node4,8,linkHostSwitchHostSwitch-local-remote
1.1195230484,2368,1204224,798720,0,0,0,node4,node4,4,linkHostSwitchHostSwitch-remoteX-remoteX
1.10806798935,2352,839680,413696,0,0,0,node2,node2,3,linkHostSwitchHostSwitch-remoteX-remoteX
4.88787603378,126976,40960,798720,18,18,18,node2,node3,9,linkHostSwitchHostSwitch-remoteX-remoteY
5.25255203247,126976,724992,1302528,18,18,18,node2,node4,9,linkHostSwitchHostSwitch-remoteX-remoteY
0.720152139664,4192,757760,368640,0,0,0,node3,node3,3,linkHostSwitchHostSwitch-remoteX-remoteX
4.92814993858,126976,1314816,995328,18,18,18,node3,node4,9,linkHostSwitchHostSwitch-remoteX-remoteY
1.00135803223e-05,0,0,0,0,node1,1,start
