0.000396966934204,0,0,0,0,node1,0,topology
0.0529210567474,1204224,0,1,0,node1,0,controller
0.0686919689178,327680,0,1,0,node1,1,coreSwitch
0.700165987015,221184,1687552,2,4,node2,1,coreSwitch
0.698362112045,1318912,3379200,2,4,node3,1,coreSwitch
0.687882900238,1454080,2318336,2,4,node4,1,coreSwitch
0.137159824371,2256896,0,2,0,node1,2,aggregateSwitch
1.36841702461,2248704,6299648,4,8,node2,2,aggregateSwitch
1.41647601128,2129920,6062080,4,8,node3,2,aggregateSwitch
1.38240695,3162112,5742592,4,8,node4,2,aggregateSwitch
0.13698387146,2510848,0,2,0,node1,2,edgeSwitch
1.3719599247,1241088,6041600,4,8,node2,2,edgeSwitch
1.38220000267,3018752,4509696,4,8,node3,2,edgeSwitch
1.41399788857,3186688,5808128,4,8,node4,2,edgeSwitch
0.267650127411,6660096,0,4,0,node1,4,host
2.74968194962,5091328,13864960,8,16,node2,4,host
2.78201293945,6434816,14290944,8,16,node3,4,host
2.79565215111,6713344,12382208,8,16,node4,4,host
0.0802688598633,3887104,0,0,0,node1,4,linkHostEdge
0.0780911445618,0,368640,0,0,node2,4,linkHostEdge
0.0822010040283,0,311296,0,0,node3,4,linkHostEdge
0.0839600563049,0,614400,0,0,node4,4,linkHostEdge
0.0834968090057,1540096,0,0,0,node1,4,linkEdgeAggregate
0.0775258541107,0,921600,0,0,node2,4,linkEdgeAggregate
0.0793600082397,0,573440,0,0,node3,4,linkEdgeAggregate
0.0786249637604,0,1503232,0,0,node4,4,linkEdgeAggregate
0.0258798599243,643072,0,0,0,0,0,node1,node1,1,linkAggregateCore-local-local
4.17792892456,1986560,389120,0,2,2,0,node1,node2,1,linkAggregateCore-local-remote
4.13143801689,155648,950272,0,2,2,0,node1,node3,1,linkAggregateCore-local-remote
4.16528201103,643072,1417216,0,2,2,0,node1,node4,1,linkAggregateCore-local-remote
4.1855700016,1761280,720896,0,2,2,0,node2,node1,1,linkAggregateCore-remote-local
0.0234940052032,576,716800,806912,0,0,0,node2,node2,1,linkAggregateCore-remoteX-remoteX
8.07350802422,348160,319488,237568,2,2,2,node2,node3,1,linkAggregateCore-remoteX-remoteY
8.0300450325,1646592,2252800,573440,2,2,2,node2,node4,1,linkAggregateCore-remoteX-remoteY
4.20495390892,1245184,487424,0,2,2,0,node3,node1,1,linkAggregateCore-remote-local
8.08909010887,528384,409600,409600,2,2,2,node3,node2,1,linkAggregateCore-remoteX-remoteY
0.0221440792084,544,212992,561152,0,0,0,node3,node3,1,linkAggregateCore-remoteX-remoteX
8.11784386635,532480,86016,634880,2,2,2,node3,node4,1,linkAggregateCore-remoteX-remoteY
4.16984200478,393216,430080,0,2,2,0,node4,node1,1,linkAggregateCore-remote-local
8.07900309563,458752,684032,20480,2,2,2,node4,node2,1,linkAggregateCore-remoteX-remoteY
8.0981528759,741376,184320,24576,2,2,2,node4,node3,1,linkAggregateCore-remoteX-remoteY
0.0203499794006,640,1155072,741376,0,0,0,node4,node4,1,linkAggregateCore-remoteX-remoteX
1.22934889793,35303424,0,0,0,node1,1,start
