0.000302076339722,0,0,0,0,node1,0,topology
0.0384681224823,3584000,0,1,0,node1,0,controller
0.103890895844,372736,0,3,0,node1,3,cellSwitch
1.86831593513,1789952,8556544,6,12,node2,3,cellSwitch
2.41199302673,4337664,9052160,6,12,node3,3,cellSwitch
1.90198206902,4591616,7307264,6,12,node4,3,cellSwitch
1.26804900169,40468480,0,33,0,node1,33,hostCell
20.9941401482,53723136,119042048,66,132,node2,33,hostCell
26.5151150227,56963072,117297152,66,132,node3,33,hostCell
20.9627189636,62492672,120168448,66,132,node4,33,hostCell
1.32990002632,20459520,0,33,0,node1,33,hostSwitchCell
21.0899968147,62324736,100806656,66,132,node2,33,hostSwitchCell
26.6498689651,67481600,100909056,66,132,node3,33,hostSwitchCell
21.0913670063,68386816,100868096,66,132,node4,33,hostSwitchCell
0.49027299881,6311936,0,0,0,node1,33,linkHostHostSwitch
0.712256908417,0,3809280,0,0,node2,33,linkHostHostSwitch
0.77136516571,0,569344,0,0,node3,33,linkHostHostSwitch
0.688045024872,0,311296,0,0,node4,33,linkHostHostSwitch
4.24249911308,5451776,0,0,0,node1,33,linkHostCellSwitch
0.63386797905,0,2379776,0,0,node2,33,linkHostCellSwitch
0.754572153091,0,2920448,0,0,node3,33,linkHostCellSwitch
0.641738891602,0,2875392,0,0,node4,33,linkHostCellSwitch
0.0510740280151,966656,0,0,0,0,0,node1,node1,3,linkHostSwitchHostSwitch-local-local
34.3028669357,2146304,1581056,0,18,18,0,node1,node2,9,linkHostSwitchHostSwitch-local-remote
43.7360870838,913408,1863680,0,18,18,0,node1,node3,9,linkHostSwitchHostSwitch-local-remote
30.5808489323,1249280,888832,0,16,16,0,node1,node4,8,linkHostSwitchHostSwitch-local-remote
0.0827059745789,448,126976,405504,0,0,0,node4,node4,4,linkHostSwitchHostSwitch-remoteX-remoteX
0.0650088787079,320,274432,4096,0,0,0,node2,node2,3,linkHostSwitchHostSwitch-remoteX-remoteX
76.8520710468,1843200,466944,733184,18,18,18,node2,node3,9,linkHostSwitchHostSwitch-remoteX-remoteY
67.4754889011,8015872,1277952,1335296,18,18,18,node2,node4,9,linkHostSwitchHostSwitch-remoteX-remoteY
0.0757830142975,432,184320,286720,0,0,0,node3,node3,3,linkHostSwitchHostSwitch-remoteX-remoteX
77.0117068291,2105344,724992,1445888,18,18,18,node3,node4,9,linkHostSwitchHostSwitch-remoteX-remoteY
1.33618211746,1298432,0,0,0,node1,1,start
