6.01562285423,30138368,0,4,0,node1,2,MaxiNetFrontendServer
3.61195206642,0,20791296,0,3,node2,1,MaxiNetWorker
3.61184310913,0,23736320,0,3,node3,1,MaxiNetWorker
3.63465499878,0,24485888,0,3,node4,1,MaxiNetWorker
29.0601379871,499712,0,0,0,node1,0,topology
0.123876094818,36028416,0,1,0,node1,1,coreSwitch
0.135503053665,0,983040,2,4,node2,1,coreSwitch
0.132443189621,389120,1482752,2,4,node3,1,coreSwitch
0.115041017532,0,33157120,2,4,node4,1,coreSwitch
0.149072885513,315392,0,2,0,node1,2,aggregateSwitch
0.166646957397,0,573440,4,8,node2,2,aggregateSwitch
0.161217927933,0,2363392,4,8,node3,2,aggregateSwitch
0.158528089523,0,1015808,4,8,node4,2,aggregateSwitch
0.150613069534,2015232,0,2,0,node1,2,edgeSwitch
0.175472974777,0,155648,4,8,node2,2,edgeSwitch
0.17590713501,0,45056,4,8,node3,2,edgeSwitch
0.158508062363,0,593920,4,8,node4,2,edgeSwitch
0.142773866653,5144576,0,4,0,node1,4,host
0.147378921509,0,307200,8,16,node2,4,host
0.147716999054,0,540672,8,16,node3,4,host
0.128265857697,110592,4157440,8,16,node4,4,host
0.188291072845,462848,0,0,0,node1,4,linkHostEdge
0.19141292572,0,364544,0,0,node2,4,linkHostEdge
0.199472904205,0,282624,0,0,node3,4,linkHostEdge
0.19969701767,0,1994752,0,0,node4,4,linkHostEdge
0.249275922775,1122304,0,0,0,node1,4,linkEdgeAggregate
0.24725484848,0,1282048,0,0,node2,4,linkEdgeAggregate
0.244770050049,0,299008,0,0,node3,4,linkEdgeAggregate
0.243120908737,0,393216,0,0,node4,4,linkEdgeAggregate
0.0701739788055,839680,0,0,0,0,0,node1,node1,1,linkAggregateCore-local-local
0.358303070068,507904,204800,0,2,2,0,node1,node2,1,linkAggregateCore-local-remote
0.351963996887,65536,512000,0,2,2,0,node1,node3,1,linkAggregateCore-local-remote
0.338449001312,270336,1544192,0,2,2,0,node1,node4,1,linkAggregateCore-local-remote
0.33793592453,421888,159744,0,2,2,0,node2,node1,1,linkAggregateCore-remote-local
0.0707499980927,4416,1552384,159744,0,0,0,node2,node2,1,linkAggregateCore-remoteX-remoteX
0.327977895737,0,962560,282624,2,2,2,node2,node3,1,linkAggregateCore-remoteX-remoteY
0.320230960846,0,823296,712704,2,2,2,node2,node4,1,linkAggregateCore-remoteX-remoteY
0.341058015823,524288,598016,0,2,2,0,node3,node1,1,linkAggregateCore-remote-local
0.343482017517,0,487424,147456,2,2,2,node3,node2,1,linkAggregateCore-remoteX-remoteY
0.0721089839935,0832,1597440,1855488,0,0,0,node3,node3,1,linkAggregateCore-remoteX-remoteX
0.345594167709,0,688128,77824,2,2,2,node3,node4,1,linkAggregateCore-remoteX-remoteY
0.321913957596,327680,327680,0,2,2,0,node4,node1,1,linkAggregateCore-remote-local
0.357806921005,0,503808,790528,2,2,2,node4,node2,1,linkAggregateCore-remoteX-remoteY
0.341763019562,0,1986560,724992,2,2,2,node4,node3,1,linkAggregateCore-remoteX-remoteY
0.0683250427246,6752,1265664,180224,0,0,0,node4,node4,1,linkAggregateCore-remoteX-remoteX
8.10623168945e-06,0,0,0,0,node1,1,start
