6.02304005623,26644480,0,4,0,node1,2,MaxiNetFrontendServer
3.61144185066,0,13373440,0,3,node2,1,MaxiNetWorker
3.72258377075,0,14397440,0,3,node3,1,MaxiNetWorker
3.64715600014,0,14548992,0,3,node4,1,MaxiNetWorker
2.26697492599,3223552,0,0,0,node1,0,topology
0.399084091187,37015552,0,3,0,node1,3,cellSwitch
0.342471122742,65536,1515520,6,12,node2,3,cellSwitch
0.267024040222,0,1097728,6,12,node3,3,cellSwitch
0.30366897583,0,15433728,6,12,node4,3,cellSwitch
1.59889602661,36425728,0,33,0,node1,33,hostCell
1.34277915955,8192,57344,66,132,node2,33,hostCell
1.02680397034,0,962560,66,132,node3,33,hostCell
1.18754482269,0,36986880,66,132,node4,33,hostCell
4.38722085953,2834432,0,33,0,node1,33,hostSwitchCell
3.72674894333,126976,405504,66,132,node2,33,hostSwitchCell
2.87668919563,0,499712,66,132,node3,33,hostSwitchCell
3.2820649147,126976,17678336,66,132,node4,33,hostSwitchCell
3.56320214272,1830912,0,0,0,node1,33,linkHostHostSwitch
3.15580201149,0,1978368,0,0,node2,33,linkHostHostSwitch
2.26137709618,0,319488,0,0,node3,33,linkHostHostSwitch
2.60655498505,0,2568192,0,0,node4,33,linkHostHostSwitch
9.46843290329,7147520,0,0,0,node1,33,linkHostCellSwitch
8.74336981773,0,1380352,0,0,node2,33,linkHostCellSwitch
6.12034916878,0,647168,0,0,node3,33,linkHostCellSwitch
6.72754502296,0,3694592,0,0,node4,33,linkHostCellSwitch
1.04547810555,1974272,0,0,0,0,0,node1,node1,3,linkHostSwitchHostSwitch-local-local
5.91110301018,499712,884736,0,18,18,0,node1,node2,9,linkHostSwitchHostSwitch-local-remote
5.30694413185,1290240,872448,0,18,18,0,node1,node3,9,linkHostSwitchHostSwitch-local-remote
5.20241189003,2134016,1286144,0,16,16,0,node1,node4,8,linkHostSwitchHostSwitch-local-remote
1.17812395096,6528,585728,106496,0,0,0,node4,node4,4,linkHostSwitchHostSwitch-remoteX-remoteX
1.00708413124,40,1622016,1056768,0,0,0,node2,node2,3,linkHostSwitchHostSwitch-remoteX-remoteX
5.19530200958,0,479232,1048576,18,18,18,node2,node3,9,linkHostSwitchHostSwitch-remoteX-remoteY
6.05602002144,126976,45056,16384,18,18,18,node2,node4,9,linkHostSwitchHostSwitch-remoteX-remoteY
0.705502986908,2624,757760,81920,0,0,0,node3,node3,3,linkHostSwitchHostSwitch-remoteX-remoteX
4.8560090065,16384,102400,622592,18,18,18,node3,node4,9,linkHostSwitchHostSwitch-remoteX-remoteY
9.77516174316e-06,16384,0,0,0,node1,1,start
