0.0108578205109,253952,0,0,0,node1,0,topology
0.0547270774841,819200,0,1,0,node1,0,controller
0.0522930622101,9396224,0,1,0,node1,1,coreSwitch
0.674520969391,692224,1277952,2,4,node2,1,coreSwitch
0.717533111572,1105920,3186688,2,4,node3,1,coreSwitch
0.704995155334,851968,3629056,2,4,node4,1,coreSwitch
0.068167924881,3723264,0,2,0,node1,2,aggregateSwitch
1.24559020996,1519616,7376896,4,8,node2,2,aggregateSwitch
1.29000997543,2789376,6365184,4,8,node3,2,aggregateSwitch
1.28726291656,3686400,7094272,4,8,node4,2,aggregateSwitch
0.063068151474,1282048,0,2,0,node1,2,edgeSwitch
1.30998301506,1974272,4931584,4,8,node2,2,edgeSwitch
1.30458402634,1212416,5373952,4,8,node3,2,edgeSwitch
1.3103659153,5165056,5574656,4,8,node4,2,edgeSwitch
0.1366751194,2568192,0,4,0,node1,4,host
2.5735001564,5455872,14622720,8,16,node2,4,host
2.50466012955,5808128,15151104,8,16,node3,4,host
2.4909889698,6983680,15417344,8,16,node4,4,host
0.0516719818115,5173248,0,0,0,node1,4,linkHostEdge
0.0671410560608,0,696320,0,0,node2,4,linkHostEdge
0.0672240257263,0,1220608,0,0,node3,4,linkHostEdge
0.0691339969635,0,1585152,0,0,node4,4,linkHostEdge
0.0426089763641,1720320,0,0,0,node1,4,linkEdgeAggregate
0.0521070957184,0,483328,0,0,node2,4,linkEdgeAggregate
0.0546820163727,0,1200128,0,0,node3,4,linkEdgeAggregate
0.071995973587,0,266240,0,0,node4,4,linkEdgeAggregate
0.0154891014099,872448,0,0,0,0,0,node1,node1,1,linkAggregateCore-local-local
1.89267277718,299008,3379200,0,2,2,0,node1,node2,1,linkAggregateCore-local-remote
1.87216305733,2011136,2211840,0,2,2,0,node1,node3,1,linkAggregateCore-local-remote
1.88904595375,1187840,2846720,0,2,2,0,node1,node4,1,linkAggregateCore-local-remote
1.97257685661,73728,2715648,0,2,2,0,node2,node1,1,linkAggregateCore-remote-local
0.0214579105377,17344,540672,765952,0,0,0,node2,node2,1,linkAggregateCore-remoteX-remoteX
3.84704995155,733184,1818624,2592768,2,2,2,node2,node3,1,linkAggregateCore-remoteX-remoteY
3.63469195366,2813952,3452928,1298432,2,2,2,node2,node4,1,linkAggregateCore-remoteX-remoteY
1.88047790527,827392,24576,0,2,2,0,node3,node1,1,linkAggregateCore-remote-local
3.63164806366,299008,1830912,1839104,2,2,2,node3,node2,1,linkAggregateCore-remoteX-remoteY
0.0329151153564,544256,483328,905216,0,0,0,node3,node3,1,linkAggregateCore-remoteX-remoteX
3.80607485771,2514944,2138112,2211840,2,2,2,node3,node4,1,linkAggregateCore-remoteX-remoteY
1.92849302292,2129920,3555328,0,2,2,0,node4,node1,1,linkAggregateCore-remote-local
3.76765704155,679936,4571136,569344,2,2,2,node4,node2,1,linkAggregateCore-remoteX-remoteY
3.65006899834,1863680,2985984,1429504,2,2,2,node4,node3,1,linkAggregateCore-remoteX-remoteY
0.0154042243958,127500,1040384,323584,0,0,0,node4,node4,1,linkAggregateCore-remoteX-remoteX
1.37114405632,80912384,0,0,0,node1,1,start
