0.00034499168396,0,0,0,0,node1,0,topology
0.0512218475342,212992,0,1,0,node1,0,controller
0.188550949097,421888,0,3,0,node1,3,cellSwitch
2.08284115791,2887680,7749632,6,12,node2,3,cellSwitch
2.59553694725,4284416,7749632,6,12,node3,3,cellSwitch
2.05276298523,4009984,8052736,6,12,node4,3,cellSwitch
2.05976295471,40730624,0,33,0,node1,33,hostCell
23.0553531647,55607296,119062528,66,132,node2,33,hostCell
28.5400362015,57896960,119898112,66,132,node3,33,hostCell
22.6887438297,62660608,118726656,66,132,node4,33,hostCell
2.17756104469,20148224,0,33,0,node1,33,hostSwitchCell
23.2556920052,63598592,101027840,66,132,node2,33,hostSwitchCell
28.8079390526,68988928,99667968,66,132,node3,33,hostSwitchCell
22.929861784,71266304,101036032,66,132,node4,33,hostSwitchCell
0.47443985939,8216576,0,0,0,node1,33,linkHostHostSwitch
0.454212188721,0,647168,0,0,node2,33,linkHostHostSwitch
0.541937828064,0,1794048,0,0,node3,33,linkHostHostSwitch
0.486480951309,0,2985984,0,0,node4,33,linkHostHostSwitch
2.61050486565,6983680,0,0,0,node1,33,linkHostCellSwitch
0.470165014267,0,3235840,0,0,node2,33,linkHostCellSwitch
0.549129009247,0,1703936,0,0,node3,33,linkHostCellSwitch
0.458896875381,0,3694592,0,0,node4,33,linkHostCellSwitch
0.052099943161,425984,0,0,0,0,0,node1,node1,3,linkHostSwitchHostSwitch-local-local
19.3012328148,17272832,19517440,0,18,18,0,node1,node2,9,linkHostSwitchHostSwitch-local-remote
23.7264101505,19357696,16547840,0,18,18,0,node1,node3,9,linkHostSwitchHostSwitch-local-remote
16.9571330547,19046400,16064512,0,16,16,0,node1,node4,8,linkHostSwitchHostSwitch-local-remote
0.0598709583282,7120,790528,495616,0,0,0,node4,node4,4,linkHostSwitchHostSwitch-remoteX-remoteX
0.0448639392853,1104,1552384,86016,0,0,0,node2,node2,3,linkHostSwitchHostSwitch-remoteX-remoteX
41.1704690456,17879040,24518656,15650816,18,18,18,node2,node3,9,linkHostSwitchHostSwitch-remoteX-remoteY
36.4627459049,16773120,24604672,16330752,18,18,18,node2,node4,9,linkHostSwitchHostSwitch-remoteX-remoteY
0.0545818805695,2784,462848,1323008,0,0,0,node3,node3,3,linkHostSwitchHostSwitch-remoteX-remoteX
41.2246351242,16920576,22622208,16588800,18,18,18,node3,node4,9,linkHostSwitchHostSwitch-remoteX-remoteY
1.41600394249,2322432,0,0,0,node1,1,start
