0.000344038009644,0,0,0,0,node1,0,topology
0.066269159317,221184,0,1,0,node1,0,controller
0.285311222076,749568,0,3,0,node1,3,cellSwitch
2.19291496277,2686976,8675328,6,12,node2,3,cellSwitch
2.68337702751,3997696,9547776,6,12,node3,3,cellSwitch
2.4072060585,4227072,8359936,6,12,node4,3,cellSwitch
3.10339593887,41091072,0,33,0,node1,33,hostCell
24.2057900429,60121088,117190656,66,132,node2,33,hostCell
29.6431288719,62754816,118419456,66,132,node3,33,hostCell
26.7804682255,65224704,118489088,66,132,node4,33,hostCell
3.18599700928,19148800,0,33,0,node1,33,hostSwitchCell
24.3146979809,70701056,99303424,66,132,node2,33,hostSwitchCell
29.8559310436,74649600,99749888,66,132,node3,33,hostSwitchCell
26.9545240402,75374592,99913728,66,132,node4,33,hostSwitchCell
0.468869924545,6610944,0,0,0,node1,33,linkHostHostSwitch
0.471929073334,0,1458176,0,0,node2,33,linkHostHostSwitch
0.553765058517,0,5238784,0,0,node3,33,linkHostHostSwitch
0.497818946838,0,1290240,0,0,node4,33,linkHostHostSwitch
2.96189880371,8224768,0,0,0,node1,33,linkHostCellSwitch
0.48655295372,0,4517888,0,0,node2,33,linkHostCellSwitch
0.544232845306,0,2461696,0,0,node3,33,linkHostCellSwitch
0.493853092194,0,3493888,0,0,node4,33,linkHostCellSwitch
0.0505318641663,315392,0,0,0,0,0,node1,node1,3,linkHostSwitchHostSwitch-local-local
20.0606589317,18792448,17108992,0,18,18,0,node1,node2,9,linkHostSwitchHostSwitch-local-remote
24.4298839569,22110208,16138240,0,18,18,0,node1,node3,9,linkHostSwitchHostSwitch-local-remote
19.5876200199,18616320,15347712,0,16,16,0,node1,node4,8,linkHostSwitchHostSwitch-local-remote
0.0765330791473,4016,966656,237568,0,0,0,node4,node4,4,linkHostSwitchHostSwitch-remoteX-remoteX
0.0497210025787,9488,364544,1900544,0,0,0,node2,node2,3,linkHostSwitchHostSwitch-remoteX-remoteX
41.9906690121,17915904,26099712,17502208,18,18,18,node2,node3,9,linkHostSwitchHostSwitch-remoteX-remoteY
39.5815849304,21377024,25321472,18104320,18,18,18,node2,node4,9,linkHostSwitchHostSwitch-remoteX-remoteY
0.0415108203888,6240,696320,36864,0,0,0,node3,node3,3,linkHostSwitchHostSwitch-remoteX-remoteX
44.3786711693,18132992,24895488,18096128,18,18,18,node3,node4,9,linkHostSwitchHostSwitch-remoteX-remoteY
1.41457104683,1667072,0,0,0,node1,1,start
