6.01431918144,30060544,0,4,0,node1,2,MaxiNetFrontendServer
3.61313319206,0,24338432,0,3,node2,1,MaxiNetWorker
3.64981293678,0,22175744,0,3,node3,1,MaxiNetWorker
3.64577102661,0,21737472,0,3,node4,1,MaxiNetWorker
29.3200509548,376832,0,0,0,node1,0,topology
0.114789009094,36519936,0,1,0,node1,1,coreSwitch
0.133901119232,0,1363968,2,4,node2,1,coreSwitch
0.142810821533,126976,1019904,2,4,node3,1,coreSwitch
0.119587182999,0,33898496,2,4,node4,1,coreSwitch
0.150640964508,208896,0,2,0,node1,2,aggregateSwitch
0.157727003098,0,913408,4,8,node2,2,aggregateSwitch
0.166598081589,0,1372160,4,8,node3,2,aggregateSwitch
0.149204969406,0,360448,4,8,node4,2,aggregateSwitch
0.168737888336,2478080,0,2,0,node1,2,edgeSwitch
0.172073841095,0,1789952,4,8,node2,2,edgeSwitch
0.164921045303,0,450560,4,8,node3,2,edgeSwitch
0.151177167892,126976,32768,4,8,node4,2,edgeSwitch
0.124054908752,3350528,0,4,0,node1,4,host
0.150449991226,0,552960,8,16,node2,4,host
0.150372028351,0,335872,8,16,node3,4,host
0.132964849472,0,4911104,8,16,node4,4,host
0.192446947098,589824,0,0,0,node1,4,linkHostEdge
0.203253030777,0,303104,0,0,node2,4,linkHostEdge
0.195567131042,0,245760,0,0,node3,4,linkHostEdge
0.187910079956,0,1421312,0,0,node4,4,linkHostEdge
0.243714809418,348160,0,0,0,node1,4,linkEdgeAggregate
0.249617815018,0,290816,0,0,node2,4,linkEdgeAggregate
0.261937141418,0,45056,0,0,node3,4,linkEdgeAggregate
0.245225906372,0,565248,0,0,node4,4,linkEdgeAggregate
0.0738761425018,307200,0,0,0,0,0,node1,node1,1,linkAggregateCore-local-local
0.339823007584,507904,860160,0,2,2,0,node1,node2,1,linkAggregateCore-local-remote
0.329091072083,802816,1413120,0,2,2,0,node1,node3,1,linkAggregateCore-local-remote
0.360784053802,176128,962560,0,2,2,0,node1,node4,1,linkAggregateCore-local-remote
0.347342967987,724992,401408,0,2,2,0,node2,node1,1,linkAggregateCore-remote-local
0.07137799263,719744,61440,180224,0,0,0,node2,node2,1,linkAggregateCore-remoteX-remoteX
0.351932048798,0,266240,2621440,2,2,2,node2,node3,1,linkAggregateCore-remoteX-remoteY
0.329580068588,0,163840,561152,2,2,2,node2,node4,1,linkAggregateCore-remoteX-remoteY
0.347718954086,729088,159744,0,2,2,0,node3,node1,1,linkAggregateCore-remote-local
0.333369016647,0,913408,167936,2,2,2,node3,node2,1,linkAggregateCore-remoteX-remoteY
0.100424051285,781027,307200,479232,0,0,0,node3,node3,1,linkAggregateCore-remoteX-remoteX
0.338762998581,110592,1024000,28672,2,2,2,node3,node4,1,linkAggregateCore-remoteX-remoteY
0.338110923767,110592,593920,0,2,2,0,node4,node1,1,linkAggregateCore-remote-local
0.341700077057,8192,180224,40960,2,2,2,node4,node2,1,linkAggregateCore-remoteX-remoteY
0.340017080307,0,794624,1056768,2,2,2,node4,node3,1,linkAggregateCore-remoteX-remoteY
0.0741190910339,64384,520192,458752,0,0,0,node4,node4,1,linkAggregateCore-remoteX-remoteX
1.09672546387e-05,0,0,0,0,node1,1,start
