6.01435208321,25837568,0,4,0,node1,2,MaxiNetFrontendServer
3.57820391655,0,14413824,0,3,node2,1,MaxiNetWorker
1.03414511681,851968,0,0,0,node1,0,topology
0.199404001236,36343808,0,2,0,node1,2,coreSwitch
0.186235904694,16384,34271232,4,8,node2,2,coreSwitch
0.313377141953,1511424,0,4,0,node1,4,aggregateSwitch
0.30758190155,0,929792,8,16,node2,4,aggregateSwitch
0.324644088745,1622016,0,4,0,node1,4,edgeSwitch
0.327590942383,0,3117056,8,16,node2,4,edgeSwitch
0.262017011642,9318400,0,8,0,node1,8,host
0.266906023026,57344,9420800,16,32,node2,8,host
0.379763126373,1368064,0,0,0,node1,8,linkHostEdge
0.385988950729,0,1142784,0,0,node2,8,linkHostEdge
0.565888166428,1560576,0,0,0,node1,8,linkEdgeAggregate
0.564629077911,0,1294336,0,0,node2,8,linkEdgeAggregate
0.307958126068,81920,0,0,0,0,0,node1,node1,4,linkAggregateCore-local-local
1.35163998604,233472,1527808,0,8,8,0,node1,node2,4,linkAggregateCore-local-remote
1.34199094772,413696,868352,0,8,8,0,node2,node1,4,linkAggregateCore-remote-local
0.313804864883,178374,397312,561152,0,0,0,node2,node2,4,linkAggregateCore-remoteX-remoteX
6.91413879395e-06,0,0,0,0,node1,1,start
