0.000362873077393,8192,0,0,0,node1,0,topology
0.0593369007111,1216512,0,1,0,node1,0,controller
0.080127954483,856064,0,1,0,node1,1,coreSwitch
0.738886833191,176128,1552384,2,4,node2,1,coreSwitch
0.718500852585,1327104,1630208,2,4,node3,1,coreSwitch
0.712123155594,1445888,499712,2,4,node4,1,coreSwitch
0.158761978149,2375680,0,2,0,node1,2,aggregateSwitch
1.40299391747,217088,5771264,4,8,node2,2,aggregateSwitch
1.38615107536,4161536,5632000,4,8,node3,2,aggregateSwitch
1.41183996201,1875968,5935104,4,8,node4,2,aggregateSwitch
0.158185005188,4517888,0,2,0,node1,2,edgeSwitch
1.39859104156,2256896,5529600,4,8,node2,2,edgeSwitch
1.38516902924,2838528,6651904,4,8,node3,2,edgeSwitch
1.42801499367,3203072,5984256,4,8,node4,2,edgeSwitch
0.312402009964,6225920,0,4,0,node1,4,host
2.8348710537,4939776,13545472,8,16,node2,4,host
2.78166294098,7495680,13127680,8,16,node3,4,host
2.80562496185,6737920,13225984,8,16,node4,4,host
0.0799221992493,4861952,0,0,0,node1,4,linkHostEdge
0.0822620391846,0,946176,0,0,node2,4,linkHostEdge
0.0807249546051,0,225280,0,0,node3,4,linkHostEdge
0.0776271820068,0,454656,0,0,node4,4,linkHostEdge
0.0863800048828,712704,0,0,0,node1,4,linkEdgeAggregate
0.0763561725616,0,1101824,0,0,node2,4,linkEdgeAggregate
0.0788159370422,0,835584,0,0,node3,4,linkEdgeAggregate
0.0810220241547,0,557056,0,0,node4,4,linkEdgeAggregate
0.0273160934448,151552,0,0,0,0,0,node1,node1,1,linkAggregateCore-local-local
4.22819805145,3076096,352256,0,2,2,0,node1,node2,1,linkAggregateCore-local-remote
4.25402784348,733184,1155072,0,2,2,0,node1,node3,1,linkAggregateCore-local-remote
4.23365283012,163840,495616,0,2,2,0,node1,node4,1,linkAggregateCore-local-remote
4.2541539669,1880064,774144,0,2,2,0,node2,node1,1,linkAggregateCore-remote-local
0.023848772049,840,286720,307200,0,0,0,node2,node2,1,linkAggregateCore-remoteX-remoteX
8.22468900681,196608,364544,208896,2,2,2,node2,node3,1,linkAggregateCore-remoteX-remoteY
8.19065904617,36864,1417216,1429504,2,2,2,node2,node4,1,linkAggregateCore-remoteX-remoteY
4.27144289017,2736128,868352,0,2,2,0,node3,node1,1,linkAggregateCore-remote-local
8.21071195602,409600,397312,1478656,2,2,2,node3,node2,1,linkAggregateCore-remoteX-remoteY
0.0215499401093,7024,331776,1183744,0,0,0,node3,node3,1,linkAggregateCore-remoteX-remoteX
8.16706585884,274432,1150976,1314816,2,2,2,node3,node4,1,linkAggregateCore-remoteX-remoteY
4.26917910576,1282048,1507328,0,2,2,0,node4,node1,1,linkAggregateCore-remote-local
8.14007806778,745472,311296,98304,2,2,2,node4,node2,1,linkAggregateCore-remoteX-remoteY
8.14348912239,958464,880640,1937408,2,2,2,node4,node3,1,linkAggregateCore-remoteX-remoteY
0.0207300186157,376,122880,532480,0,0,0,node4,node4,1,linkAggregateCore-remoteX-remoteX
1.209608078,33157120,0,0,0,node1,1,start
