6.01756191254,105250816,0,4,0,node1,2,MaxiNetFrontendServer
3.57771801949,0,27762688,0,3,node2,1,MaxiNetWorker
15.4897890091,11874304,0,0,0,node1,0,topology
1.53183913231,85495808,0,18,0,node1,18,coreSwitch
1.49441218376,135168,40660992,36,72,node2,18,coreSwitch
3.69932389259,18087936,0,36,0,node1,36,aggregateSwitch
3.66119003296,0,19173376,72,144,node2,36,aggregateSwitch
4.66159081459,19984384,0,36,0,node1,36,edgeSwitch
4.68939709663,8192,19554304,72,144,node2,36,edgeSwitch
7.21832108498,294895616,0,216,0,node1,216,host
7.46869206429,286720,295063552,432,864,node2,216,host
41.0354499817,32952320,0,0,0,node1,216,linkHostEdge
42.3424069881,0,27791360,0,0,node2,216,linkHostEdge
194.108226061,48197632,0,0,0,node1,216,linkEdgeAggregate
177.867861986,0,33669120,0,0,node2,216,linkEdgeAggregate
118.566085815,23027712,0,0,0,0,0,node1,node1,108,linkAggregateCore-local-local
195.970808983,13512704,11665408,0,216,216,0,node1,node2,108,linkAggregateCore-local-remote
236.484506845,14794752,24489984,0,216,216,0,node2,node1,108,linkAggregateCore-remote-local
174.857373953,147458,20017152,19140608,0,0,0,node2,node2,108,linkAggregateCore-remoteX-remoteX
8.10623168945e-06,16384,0,0,0,node1,1,start
