0.000336885452271,0,0,0,0,node1,0,topology
0.0652070045471,356352,0,1,0,node1,0,controller
0.830012798309,5091328,0,9,0,node1,9,coreSwitch
6.56289887428,11870208,26660864,18,36,node2,9,coreSwitch
8.04212498665,16072704,27439104,18,36,node3,9,coreSwitch
7.22964191437,15519744,23977984,18,36,node4,9,coreSwitch
1.67258810997,11214848,0,18,0,node1,18,aggregateSwitch
13.1479671001,31711232,50200576,36,72,node2,18,aggregateSwitch
16.1122248173,33464320,52817920,36,72,node3,18,aggregateSwitch
14.556096077,34508800,54046720,36,72,node4,18,aggregateSwitch
1.67978000641,10461184,0,18,0,node1,18,edgeSwitch
13.1584539413,34267136,53370880,36,72,node2,18,edgeSwitch
16.1440839767,36720640,53149696,36,72,node3,18,edgeSwitch
14.5607120991,37036032,51429376,36,72,node4,18,edgeSwitch
10.1823909283,149729280,0,108,0,node1,108,host
79.5596599579,265830400,421830656,216,432,node2,108,host
97.9130499363,284749824,419086336,216,432,node3,108,host
88.1890192032,307625984,421052416,216,432,node4,108,host
1.70422005653,13516800,0,0,0,node1,108,linkHostEdge
1.49421405792,0,9928704,0,0,node2,108,linkHostEdge
1.79566788673,0,10145792,0,0,node3,108,linkHostEdge
1.64779496193,0,8728576,0,0,node4,108,linkHostEdge
1.99690318108,10633216,0,0,0,node1,108,linkEdgeAggregate
1.60910391808,0,9637888,0,0,node2,108,linkEdgeAggregate
1.8609790802,0,11390976,0,0,node3,108,linkEdgeAggregate
1.70654606819,0,11128832,0,0,node4,108,linkEdgeAggregate
0.492093801498,2777088,0,0,0,0,0,node1,node1,27,linkAggregateCore-local-local
61.8930881023,77975552,52871168,0,54,54,0,node1,node2,27,linkAggregateCore-local-remote
75.4766430855,81473536,50593792,0,54,54,0,node1,node3,27,linkAggregateCore-local-remote
68.1629071236,83484672,50995200,0,54,54,0,node1,node4,27,linkAggregateCore-local-remote
62.0007929802,82579456,51802112,0,54,54,0,node2,node1,27,linkAggregateCore-remote-local
0.416213035583,8608,2449408,1499136,0,0,0,node2,node2,27,linkAggregateCore-remoteX-remoteX
129.522027016,79638528,78852096,51814400,54,54,54,node2,node3,27,linkAggregateCore-remoteX-remoteY
122.389611959,82501632,78147584,52547584,54,54,54,node2,node4,27,linkAggregateCore-remoteX-remoteY
75.7942490578,81367040,53223424,0,54,54,0,node3,node1,27,linkAggregateCore-remote-local
130.894207001,80228352,78163968,52645888,54,54,54,node3,node2,27,linkAggregateCore-remoteX-remoteY
0.478657960892,3600,2994176,2084864,0,0,0,node3,node3,27,linkAggregateCore-remoteX-remoteX
137.560728073,83820544,77185024,51539968,54,54,54,node3,node4,27,linkAggregateCore-remoteX-remoteY
68.8270630836,81948672,53153792,0,54,54,0,node4,node1,27,linkAggregateCore-remote-local
123.901417971,83730432,78016512,52899840,54,54,54,node4,node2,27,linkAggregateCore-remoteX-remoteY
136.861615896,81838080,78114816,52727808,54,54,54,node4,node3,27,linkAggregateCore-remoteX-remoteY
0.435302019119,1136,4251648,4714496,0,0,0,node4,node4,27,linkAggregateCore-remoteX-remoteX
4.93610692024,2039808,0,0,0,node1,1,start
