6.01792693138,25419776,0,4,0,node1,2,MaxiNetFrontendServer
3.61052203178,0,12869632,0,3,node2,1,MaxiNetWorker
3.61095809937,0,14061568,0,3,node3,1,MaxiNetWorker
3.61106300354,0,13090816,0,3,node4,1,MaxiNetWorker
1.55297207832,835584,0,0,0,node1,0,topology
0.173326969147,35377152,0,1,0,node1,1,cellSwitch
0.144546985626,0,827392,2,4,node2,1,cellSwitch
0.118221998215,0,995328,2,4,node3,1,cellSwitch
0.118019104004,0,34893824,2,4,node4,1,cellSwitch
0.158007860184,3584000,0,3,0,node1,3,hostCell
0.114594936371,0,8192,6,12,node2,3,hostCell
0.102520942688,0,659456,6,12,node3,3,hostCell
0.11473608017,0,2596864,6,12,node4,3,hostCell
0.333982944489,1597440,0,3,0,node1,3,hostSwitchCell
0.237636089325,0,540672,6,12,node2,3,hostSwitchCell
0.22341299057,0,147456,6,12,node3,3,hostSwitchCell
0.235322952271,0,1912832,6,12,node4,3,hostSwitchCell
0.181561946869,438272,0,0,0,node1,3,linkHostHostSwitch
0.144513845444,0,1232896,0,0,node2,3,linkHostHostSwitch
0.155273914337,0,888832,0,0,node3,3,linkHostHostSwitch
0.131966114044,0,626688,0,0,node4,3,linkHostHostSwitch
0.246790885925,253952,0,0,0,node1,3,linkHostCellSwitch
0.190332889557,0,1703936,0,0,node2,3,linkHostCellSwitch
0.165352106094,0,57344,0,0,node3,3,linkHostCellSwitch
0.177685022354,0,552960,0,0,node4,3,linkHostCellSwitch
0.401855945587,102400,1155072,0,2,2,0,node1,node2,1,linkHostSwitchHostSwitch-local-remote
0.386327028275,131072,864256,0,2,2,0,node1,node3,1,linkHostSwitchHostSwitch-local-remote
0.391674995422,397312,417792,0,2,2,0,node1,node4,1,linkHostSwitchHostSwitch-local-remote
0.309291124344,32768,1118208,90112,2,2,2,node2,node3,1,linkHostSwitchHostSwitch-remoteX-remoteY
0.334513902664,0,212992,581632,2,2,2,node2,node4,1,linkHostSwitchHostSwitch-remoteX-remoteY
0.330680847168,0,704512,757760,2,2,2,node3,node4,1,linkHostSwitchHostSwitch-remoteX-remoteY
1.00135803223e-05,0,0,0,0,node1,1,start
