0.000332832336426,0,0,0,0,node1,0,topology
0.0543758869171,720896,0,1,0,node1,0,controller
0.0695781707764,438272,0,1,0,node1,1,cellSwitch
0.697215080261,458752,3661824,2,4,node2,1,cellSwitch
0.696825027466,2113536,2039808,2,4,node3,1,cellSwitch
0.717539072037,1318912,3051520,2,4,node4,1,cellSwitch
0.20775604248,4124672,0,3,0,node1,3,hostCell
2.06558203697,4640768,10010624,6,12,node2,3,hostCell
2.09268307686,3207168,11198464,6,12,node3,3,hostCell
2.06603217125,5246976,10317824,6,12,node4,3,hostCell
0.21135187149,3506176,0,3,0,node1,3,hostSwitchCell
2.11024594307,4718592,8118272,6,12,node2,3,hostSwitchCell
2.15010380745,4763648,9478144,6,12,node3,3,hostSwitchCell
2.10884308815,4128768,8830976,6,12,node4,3,hostSwitchCell
0.0414800643921,4567040,0,0,0,node1,3,linkHostHostSwitch
0.0413811206818,0,1953792,0,0,node2,3,linkHostHostSwitch
0.0444059371948,0,16384,0,0,node3,3,linkHostHostSwitch
0.0430610179901,0,442368,0,0,node4,3,linkHostHostSwitch
0.0457220077515,1290240,0,0,0,node1,3,linkHostCellSwitch
0.0383751392365,0,925696,0,0,node2,3,linkHostCellSwitch
0.0416622161865,0,520192,0,0,node3,3,linkHostCellSwitch
0.0404660701752,0,1486848,0,0,node4,3,linkHostCellSwitch
2.07524299622,319488,1630208,0,2,2,0,node1,node2,1,linkHostSwitchHostSwitch-local-remote
2.09789800644,823296,1740800,0,2,2,0,node1,node3,1,linkHostSwitchHostSwitch-local-remote
2.13987112045,2306048,1073152,0,2,2,0,node1,node4,1,linkHostSwitchHostSwitch-local-remote
3.98546385765,1736704,1650688,1798144,2,2,2,node2,node3,1,linkHostSwitchHostSwitch-remoteX-remoteY
4.01577401161,2048000,1413120,1073152,2,2,2,node2,node4,1,linkHostSwitchHostSwitch-remoteX-remoteY
3.98918890953,12288,3780608,712704,2,2,2,node3,node4,1,linkHostSwitchHostSwitch-remoteX-remoteY
0.966680049896,35872768,0,0,0,node1,1,start
