0.000458955764771,0,0,0,0,node1,0,topology
0.0384781360626,761856,0,1,0,node1,0,controller
0.0345079898834,565248,0,1,0,node1,1,cellSwitch
0.673007011414,1204224,1740800,2,4,node2,1,cellSwitch
0.64491891861,811008,3026944,2,4,node3,1,cellSwitch
0.627265930176,1327104,2015232,2,4,node4,1,cellSwitch
0.105468034744,4960256,0,3,0,node1,3,hostCell
1.89393496513,2957312,10649600,6,12,node2,3,hostCell
1.92274093628,3440640,8536064,6,12,node3,3,hostCell
1.89009308815,4988928,11038720,6,12,node4,3,hostCell
0.107948064804,4321280,0,3,0,node1,3,hostSwitchCell
1.92067503929,3084288,9543680,6,12,node2,3,hostSwitchCell
1.89721989632,4419584,8777728,6,12,node3,3,hostSwitchCell
1.9591691494,5079040,6586368,6,12,node4,3,hostSwitchCell
0.0522902011871,4612096,0,0,0,node1,3,linkHostHostSwitch
0.0584380626678,0,1814528,0,0,node2,3,linkHostHostSwitch
0.0626881122589,0,770048,0,0,node3,3,linkHostHostSwitch
0.0656950473785,0,565248,0,0,node4,3,linkHostHostSwitch
0.0505909919739,94208,0,0,0,node1,3,linkHostCellSwitch
0.0649440288544,0,745472,0,0,node2,3,linkHostCellSwitch
0.0591180324554,0,1814528,0,0,node3,3,linkHostCellSwitch
0.0584051609039,0,1044480,0,0,node4,3,linkHostCellSwitch
3.81715607643,2318336,1335296,0,2,2,0,node1,node2,1,linkHostSwitchHostSwitch-local-remote
3.86826491356,962560,81920,0,2,2,0,node1,node3,1,linkHostSwitchHostSwitch-local-remote
3.92179489136,282624,159744,0,2,2,0,node1,node4,1,linkHostSwitchHostSwitch-local-remote
7.45251083374,589824,311296,1171456,2,2,2,node2,node3,1,linkHostSwitchHostSwitch-remoteX-remoteY
7.47502112389,1458176,40960,1433600,2,2,2,node2,node4,1,linkHostSwitchHostSwitch-remoteX-remoteY
7.4510140419,716800,757760,733184,2,2,2,node3,node4,1,linkHostSwitchHostSwitch-remoteX-remoteY
0.879304885864,36507648,0,0,0,node1,1,start
