6.02135896683,-63545344,0,4,0,node1,2,MaxiNetFrontendServer
3.61105394363,0,13905920,0,3,node2,1,MaxiNetWorker
3.72808218002,0,14184448,0,3,node3,1,MaxiNetWorker
3.61106109619,0,13025280,0,3,node4,1,MaxiNetWorker
1.71511101723,14766080,0,0,0,node1,0,topology
1.09391093254,37855232,0,9,0,node1,9,coreSwitch
0.928031921387,0,757760,18,36,node2,9,coreSwitch
0.723906993866,0,794624,18,36,node3,9,coreSwitch
0.743970870972,0,37658624,18,36,node4,9,coreSwitch
2.34756302834,9412608,0,18,0,node1,18,aggregateSwitch
1.98689508438,0,24576,36,72,node2,18,aggregateSwitch
1.54340410233,126976,225280,36,72,node3,18,aggregateSwitch
1.65277791023,8192,7815168,36,72,node4,18,aggregateSwitch
2.75974917412,12042240,0,18,0,node1,18,edgeSwitch
2.31870603561,118784,2080768,36,72,node2,18,edgeSwitch
1.78407287598,0,888832,36,72,node3,18,edgeSwitch
1.82796907425,126976,7528448,36,72,node4,18,edgeSwitch
5.35131502151,138047488,0,108,0,node1,108,host
4.5067179203,135168,454656,216,432,node2,108,host
3.46467685699,32768,536576,216,432,node3,108,host
3.69227600098,225280,145334272,216,432,node4,108,host
17.5971801281,11669504,0,0,0,node1,108,linkHostEdge
17.0529899597,0,819200,0,0,node2,108,linkHostEdge
12.0150139332,0,282624,0,0,node3,108,linkHostEdge
10.8937520981,0,8351744,0,0,node4,108,linkHostEdge
66.0117838383,12328960,0,0,0,node1,108,linkEdgeAggregate
55.166205883,0,143360,0,0,node2,108,linkEdgeAggregate
37.7947108746,0,327680,0,0,node3,108,linkEdgeAggregate
39.0532660484,0,11915264,0,0,node4,108,linkEdgeAggregate
20.714140892,4251648,0,0,0,0,0,node1,node1,27,linkAggregateCore-local-local
32.5006849766,2625536,774144,0,54,54,0,node1,node2,27,linkAggregateCore-local-remote
29.3330850601,2174976,278528,0,54,54,0,node1,node3,27,linkAggregateCore-local-remote
31.597522974,1269760,2490368,0,54,54,0,node1,node4,27,linkAggregateCore-local-remote
35.4479210377,2232320,1064960,0,54,54,0,node2,node1,27,linkAggregateCore-remote-local
23.6829371452,84800,937984,389120,0,0,0,node2,node2,27,linkAggregateCore-remoteX-remoteX
31.145813942,241664,1527808,634880,54,54,54,node2,node3,27,linkAggregateCore-remoteX-remoteY
31.3187870979,126976,827392,114688,54,54,54,node2,node4,27,linkAggregateCore-remoteX-remoteY
35.0710320473,1314816,610304,0,54,54,0,node3,node1,27,linkAggregateCore-remote-local
34.1317529678,126976,1568768,2260992,54,54,54,node3,node2,27,linkAggregateCore-remoteX-remoteY
18.079146862,50368,614400,987136,0,0,0,node3,node3,27,linkAggregateCore-remoteX-remoteX
28.4165291786,126976,94208,2822144,54,54,54,node3,node4,27,linkAggregateCore-remoteX-remoteY
36.1802310944,1642496,581632,0,54,54,0,node4,node1,27,linkAggregateCore-remote-local
33.6464271545,245760,1843200,2392064,54,54,54,node4,node2,27,linkAggregateCore-remoteX-remoteY
29.4140648842,118784,491520,884736,54,54,54,node4,node3,27,linkAggregateCore-remoteX-remoteY
14.558962822,12000,4177920,4169728,0,0,0,node4,node4,27,linkAggregateCore-remoteX-remoteX
1.00135803223e-05,0,0,0,0,node1,1,start
