6.01521086693,24788992,0,4,0,node1,2,MaxiNetFrontendServer
3.57690501213,0,13877248,0,3,node2,1,MaxiNetWorker
3.60933899879,0,14331904,0,3,node3,1,MaxiNetWorker
3.60869288445,0,13840384,0,3,node4,1,MaxiNetWorker
1.67166900635,1708032,0,0,0,node1,0,topology
0.115926027298,36302848,0,1,0,node1,1,cellSwitch
0.132946968079,0,1073152,2,4,node2,1,cellSwitch
0.142002820969,0,335872,2,4,node3,1,cellSwitch
0.116670846939,0,34934784,2,4,node4,1,cellSwitch
0.107079982758,4083712,0,3,0,node1,3,hostCell
0.122563838959,0,1040384,6,12,node2,3,hostCell
0.114053010941,126976,327680,6,12,node3,3,hostCell
0.100563049316,0,1388544,6,12,node4,3,hostCell
0.223145961761,1097728,0,3,0,node1,3,hostSwitchCell
0.229182958603,0,1355776,6,12,node2,3,hostSwitchCell
0.229923009872,16384,499712,6,12,node3,3,hostSwitchCell
0.234303951263,0,1789952,6,12,node4,3,hostSwitchCell
0.132756948471,1081344,0,0,0,node1,3,linkHostHostSwitch
0.136819839478,0,65536,0,0,node2,3,linkHostHostSwitch
0.143532037735,0,1433600,0,0,node3,3,linkHostHostSwitch
0.129861116409,0,798720,0,0,node4,3,linkHostHostSwitch
0.180501937866,229376,0,0,0,node1,3,linkHostCellSwitch
0.177808046341,0,249856,0,0,node2,3,linkHostCellSwitch
0.183975934982,0,450560,0,0,node3,3,linkHostCellSwitch
0.178884983063,0,1138688,0,0,node4,3,linkHostCellSwitch
0.337466001511,446464,880640,0,2,2,0,node1,node2,1,linkHostSwitchHostSwitch-local-remote
0.340489864349,417792,557056,0,2,2,0,node1,node3,1,linkHostSwitchHostSwitch-local-remote
0.324379205704,475136,438272,0,2,2,0,node1,node4,1,linkHostSwitchHostSwitch-local-remote
0.329996109009,0,1130496,937984,2,2,2,node2,node3,1,linkHostSwitchHostSwitch-remoteX-remoteY
0.333076953888,0,1630208,299008,2,2,2,node2,node4,1,linkHostSwitchHostSwitch-remoteX-remoteY
0.337941884995,0,106496,561152,2,2,2,node3,node4,1,linkHostSwitchHostSwitch-remoteX-remoteY
1.00135803223e-05,0,0,0,0,node1,1,start
