0.000329971313477,0,0,0,0,node1,0,topology
0.059515953064,94208,0,1,0,node1,0,controller
0.0823810100555,880640,0,1,0,node1,1,cellSwitch
0.718252897263,208896,1892352,2,4,node2,1,cellSwitch
0.70041179657,1445888,1925120,2,4,node3,1,cellSwitch
0.709599971771,1064960,2179072,2,4,node4,1,cellSwitch
0.240978002548,4284416,0,3,0,node1,3,hostCell
2.14329504967,2674688,10506240,6,12,node2,3,hostCell
2.1607670784,6266880,10256384,6,12,node3,3,hostCell
2.14900994301,5545984,11563008,6,12,node4,3,hostCell
0.245604991913,2846720,0,3,0,node1,3,hostSwitchCell
2.14470601082,4370432,7942144,6,12,node2,3,hostSwitchCell
2.14696407318,4538368,9687040,6,12,node3,3,hostSwitchCell
2.12066102028,5689344,7913472,6,12,node4,3,hostSwitchCell
0.0416049957275,3670016,0,0,0,node1,3,linkHostHostSwitch
0.0397069454193,0,720896,0,0,node2,3,linkHostHostSwitch
0.0432529449463,0,831488,0,0,node3,3,linkHostHostSwitch
0.0423080921173,0,626688,0,0,node4,3,linkHostHostSwitch
0.0429248809814,1216512,0,0,0,node1,3,linkHostCellSwitch
0.0405361652374,0,405504,0,0,node2,3,linkHostCellSwitch
0.0440518856049,0,1802240,0,0,node3,3,linkHostCellSwitch
0.0412490367889,0,290816,0,0,node4,3,linkHostCellSwitch
2.11157393456,159744,917504,0,2,2,0,node1,node2,1,linkHostSwitchHostSwitch-local-remote
2.12209105492,1310720,1404928,0,2,2,0,node1,node3,1,linkHostSwitchHostSwitch-local-remote
2.11172294617,2543616,1495040,0,2,2,0,node1,node4,1,linkHostSwitchHostSwitch-local-remote
4.01888990402,2097152,1642496,720896,2,2,2,node2,node3,1,linkHostSwitchHostSwitch-remoteX-remoteY
4.00932002068,2383872,2162688,2686976,2,2,2,node2,node4,1,linkHostSwitchHostSwitch-remoteX-remoteY
3.95175695419,274432,1671168,901120,2,2,2,node3,node4,1,linkHostSwitchHostSwitch-remoteX-remoteY
0.963195800781,36159488,0,0,0,node1,1,start
