0.000411987304688,0,0,0,0,node1,0,topology
0.0810420513153,4833280,0,1,0,node1,0,controller
0.334353923798,1273856,0,3,0,node1,3,cellSwitch
2.22224903107,2932736,6856704,6,12,node2,3,cellSwitch
2.7494289875,4464640,7528448,6,12,node3,3,cellSwitch
2.47950387001,4603904,8130560,6,12,node4,3,cellSwitch
3.66270399094,40472576,0,33,0,node1,33,hostCell
24.7690618038,61239296,120107008,66,132,node2,33,hostCell
30.1985170841,66478080,117415936,66,132,node3,33,hostCell
27.2826690674,69406720,117092352,66,132,node4,33,hostCell
3.72724318504,17596416,0,33,0,node1,33,hostSwitchCell
24.9180819988,75522048,98021376,66,132,node2,33,hostSwitchCell
30.4162800312,75972608,100663296,66,132,node3,33,hostSwitchCell
27.3815529346,81522688,100679680,66,132,node4,33,hostSwitchCell
0.702136039734,5292032,0,0,0,node1,33,linkHostHostSwitch
0.679594993591,0,2322432,0,0,node2,33,linkHostHostSwitch
0.769578933716,0,2105344,0,0,node3,33,linkHostHostSwitch
0.70330786705,0,3682304,0,0,node4,33,linkHostHostSwitch
5.78046107292,4562944,0,0,0,node1,33,linkHostCellSwitch
0.66473197937,0,5439488,0,0,node2,33,linkHostCellSwitch
0.770577907562,0,2887680,0,0,node3,33,linkHostCellSwitch
0.697843074799,0,2707456,0,0,node4,33,linkHostCellSwitch
0.0712070465088,200704,0,0,0,0,0,node1,node1,3,linkHostSwitchHostSwitch-local-local
41.6097958088,1224704,12288,0,18,18,0,node1,node2,9,linkHostSwitchHostSwitch-local-remote
50.3322150707,536576,499712,0,18,18,0,node1,node3,9,linkHostSwitchHostSwitch-local-remote
40.5337350368,430080,536576,0,16,16,0,node1,node4,8,linkHostSwitchHostSwitch-local-remote
0.089359998703,8832,786432,135168,0,0,0,node4,node4,4,linkHostSwitchHostSwitch-remoteX-remoteX
0.0647459030151,9008,315392,1155072,0,0,0,node2,node2,3,linkHostSwitchHostSwitch-remoteX-remoteX
86.6188440323,3108864,1433600,1273856,18,18,18,node2,node3,9,linkHostSwitchHostSwitch-remoteX-remoteY
81.7330060005,1159168,770048,106496,18,18,18,node2,node4,9,linkHostSwitchHostSwitch-remoteX-remoteY
0.0756189823151,704,200704,114688,0,0,0,node3,node3,3,linkHostSwitchHostSwitch-remoteX-remoteX
90.7052919865,2224128,1118208,368640,18,18,18,node3,node4,9,linkHostSwitchHostSwitch-remoteX-remoteY
1.38363718987,512000,0,0,0,node1,1,start
