0.00036096572876,8192,0,0,0,node1,0,topology
0.0519740581512,1052672,0,1,0,node1,0,controller
0.0650601387024,753664,0,1,0,node1,1,cellSwitch
0.705241918564,675840,2990080,2,4,node2,1,cellSwitch
0.718060970306,311296,1638400,2,4,node3,1,cellSwitch
0.689685106277,684032,1003520,2,4,node4,1,cellSwitch
0.193881988525,5672960,0,3,0,node1,3,hostCell
2.1015150547,3448832,9482240,6,12,node2,3,hostCell
2.05795502663,4599808,10870784,6,12,node3,3,hostCell
2.05937886238,4001792,11677696,6,12,node4,3,hostCell
0.197017908096,3743744,0,3,0,node1,3,hostSwitchCell
2.09239196777,2924544,8359936,6,12,node2,3,hostSwitchCell
2.06622695923,3870720,8515584,6,12,node3,3,hostSwitchCell
2.08478403091,5218304,7589888,6,12,node4,3,hostSwitchCell
0.060427904129,4947968,0,0,0,node1,3,linkHostHostSwitch
0.0631551742554,0,299008,0,0,node2,3,linkHostHostSwitch
0.0615170001984,0,610304,0,0,node3,3,linkHostHostSwitch
0.0628340244293,0,1290240,0,0,node4,3,linkHostHostSwitch
0.0628519058228,1437696,0,0,0,node1,3,linkHostCellSwitch
0.0595979690552,0,1380352,0,0,node2,3,linkHostCellSwitch
0.061322927475,0,167936,0,0,node3,3,linkHostCellSwitch
0.0683228969574,0,454656,0,0,node4,3,linkHostCellSwitch
4.18580985069,2785280,438272,0,2,2,0,node1,node2,1,linkHostSwitchHostSwitch-local-remote
4.1829020977,401408,311296,0,2,2,0,node1,node3,1,linkHostSwitchHostSwitch-local-remote
4.15206003189,417792,1437696,0,2,2,0,node1,node4,1,linkHostSwitchHostSwitch-local-remote
8.07874202728,835584,98304,679936,2,2,2,node2,node3,1,linkHostSwitchHostSwitch-remoteX-remoteY
8.04291605949,9179136,430080,1368064,2,2,2,node2,node4,1,linkHostSwitchHostSwitch-remoteX-remoteY
8.10670089722,339968,847872,7892992,2,2,2,node3,node4,1,linkHostSwitchHostSwitch-remoteX-remoteY
0.97647190094,35221504,0,0,0,node1,1,start
