6.01483893394,24977408,0,4,0,node1,2,MaxiNetFrontendServer
3.57627010345,0,13193216,0,3,node2,1,MaxiNetWorker
3.57796597481,0,12566528,0,3,node3,1,MaxiNetWorker
3.61376309395,0,14344192,0,3,node4,1,MaxiNetWorker
1.22440385818,1445888,0,0,0,node1,0,topology
0.12082195282,35344384,0,1,0,node1,1,cellSwitch
0.13542509079,0,1372160,2,4,node2,1,cellSwitch
0.130009889603,0,249856,2,4,node3,1,cellSwitch
0.115859985352,0,34271232,2,4,node4,1,cellSwitch
0.102679014206,3268608,0,3,0,node1,3,hostCell
0.117552042007,0,278528,6,12,node2,3,hostCell
0.115213155746,0,659456,6,12,node3,3,hostCell
0.114598989487,0,2588672,6,12,node4,3,hostCell
0.222054004669,2756608,0,3,0,node1,3,hostSwitchCell
0.241142988205,0,1458176,6,12,node2,3,hostSwitchCell
0.241239070892,0,2248704,6,12,node3,3,hostSwitchCell
0.225377082825,0,73728,6,12,node4,3,hostSwitchCell
0.135855913162,565248,0,0,0,node1,3,linkHostHostSwitch
0.1388630867,0,802816,0,0,node2,3,linkHostHostSwitch
0.132449865341,0,970752,0,0,node3,3,linkHostHostSwitch
0.133460044861,0,954368,0,0,node4,3,linkHostHostSwitch
0.17835187912,221184,0,0,0,node1,3,linkHostCellSwitch
0.177941083908,0,610304,0,0,node2,3,linkHostCellSwitch
0.178276062012,0,8192,0,0,node3,3,linkHostCellSwitch
0.180326938629,0,724992,0,0,node4,3,linkHostCellSwitch
0.329821109772,446464,389120,0,2,2,0,node1,node2,1,linkHostSwitchHostSwitch-local-remote
0.343642950058,872448,106496,0,2,2,0,node1,node3,1,linkHostSwitchHostSwitch-local-remote
0.328765869141,94208,434176,0,2,2,0,node1,node4,1,linkHostSwitchHostSwitch-local-remote
0.332761049271,8192,811008,954368,2,2,2,node2,node3,1,linkHostSwitchHostSwitch-remoteX-remoteY
0.323218822479,0,561152,655360,2,2,2,node2,node4,1,linkHostSwitchHostSwitch-remoteX-remoteY
0.338136911392,0,368640,1126400,2,2,2,node3,node4,1,linkHostSwitchHostSwitch-remoteX-remoteY
1.00135803223e-05,0,0,0,0,node1,1,start
