0.000362157821655,65536,0,0,0,node1,0,topology
0.0387938022614,704512,0,1,0,node1,0,controller
0.0407159328461,94208,0,1,0,node1,1,cellSwitch
0.675285100937,40960,4669440,2,4,node2,1,cellSwitch
0.642299890518,344064,3080192,2,4,node3,1,cellSwitch
0.628126859665,987136,614400,2,4,node4,1,cellSwitch
0.114260911942,5308416,0,3,0,node1,3,hostCell
1.93988609314,2949120,11190272,6,12,node2,3,hostCell
1.90358090401,3301376,9736192,6,12,node3,3,hostCell
1.9323849678,4280320,12107776,6,12,node4,3,hostCell
0.123733997345,4632576,0,3,0,node1,3,hostSwitchCell
1.90117406845,3104768,8990720,6,12,node2,3,hostSwitchCell
1.92234301567,4423680,7524352,6,12,node3,3,hostSwitchCell
1.87665081024,5836800,8429568,6,12,node4,3,hostSwitchCell
0.0324108600616,3821568,0,0,0,node1,3,linkHostHostSwitch
0.0472450256348,0,1179648,0,0,node2,3,linkHostHostSwitch
0.0489299297333,0,933888,0,0,node3,3,linkHostHostSwitch
0.0447449684143,0,90112,0,0,node4,3,linkHostHostSwitch
0.0345098972321,1417216,0,0,0,node1,3,linkHostCellSwitch
0.0429399013519,0,335872,0,0,node2,3,linkHostCellSwitch
0.0466101169586,0,221184,0,0,node3,3,linkHostCellSwitch
0.0461311340332,0,606208,0,0,node4,3,linkHostCellSwitch
1.97437000275,675840,2355200,0,2,2,0,node1,node2,1,linkHostSwitchHostSwitch-local-remote
1.96495485306,1687552,3280896,0,2,2,0,node1,node3,1,linkHostSwitchHostSwitch-local-remote
1.9615650177,1089536,3469312,0,2,2,0,node1,node4,1,linkHostSwitchHostSwitch-local-remote
3.6786839962,1060864,1708032,2420736,2,2,2,node2,node3,1,linkHostSwitchHostSwitch-remoteX-remoteY
3.78430080414,290816,3063808,2686976,2,2,2,node2,node4,1,linkHostSwitchHostSwitch-remoteX-remoteY
3.75758695602,1134592,4890624,1241088,2,2,2,node3,node4,1,linkHostSwitchHostSwitch-remoteX-remoteY
0.902040958405,35553280,0,0,0,node1,1,start
