0.000337839126587,0,0,0,0,node1,0,topology
0.0579659938812,839680,0,1,0,node1,0,controller
0.228231906891,995328,0,3,0,node1,3,cellSwitch
2.11751914024,2584576,8523776,6,12,node2,3,cellSwitch
2.61851215363,4743168,10289152,6,12,node3,3,cellSwitch
2.11030507088,5312512,6193152,6,12,node4,3,cellSwitch
2.48959589005,41254912,0,33,0,node1,33,hostCell
23.6273760796,56049664,118853632,66,132,node2,33,hostCell
29.0896430016,60002304,119308288,66,132,node3,33,hostCell
23.1625459194,61329408,117784576,66,132,node4,33,hostCell
2.60644006729,19099648,0,33,0,node1,33,hostSwitchCell
23.7040901184,67780608,98758656,66,132,node2,33,hostSwitchCell
29.1686620712,69943296,101347328,66,132,node3,33,hostSwitchCell
23.2531080246,73998336,100466688,66,132,node4,33,hostSwitchCell
0.47985291481,7491584,0,0,0,node1,33,linkHostHostSwitch
0.48229598999,0,3371008,0,0,node2,33,linkHostHostSwitch
0.536133050919,0,2551808,0,0,node3,33,linkHostHostSwitch
0.459314107895,0,1294336,0,0,node4,33,linkHostHostSwitch
2.6488199234,7434240,0,0,0,node1,33,linkHostCellSwitch
0.463111162186,0,2453504,0,0,node2,33,linkHostCellSwitch
0.548627138138,0,3231744,0,0,node3,33,linkHostCellSwitch
0.468581914902,0,2707456,0,0,node4,33,linkHostCellSwitch
0.0433878898621,536576,0,0,0,0,0,node1,node1,3,linkHostSwitchHostSwitch-local-local
19.6120538712,19156992,16920576,0,18,18,0,node1,node2,9,linkHostSwitchHostSwitch-local-remote
24.0558831692,20791296,18382848,0,18,18,0,node1,node3,9,linkHostSwitchHostSwitch-local-remote
17.1711010933,17367040,16310272,0,16,16,0,node1,node4,8,linkHostSwitchHostSwitch-local-remote
0.0623071193695,89184,430080,753664,0,0,0,node4,node4,4,linkHostSwitchHostSwitch-remoteX-remoteX
0.0447540283203,60384,1757184,274432,0,0,0,node2,node2,3,linkHostSwitchHostSwitch-remoteX-remoteX
41.4100821018,15450112,24584192,16236544,18,18,18,node2,node3,9,linkHostSwitchHostSwitch-remoteX-remoteY
36.7688269615,22118400,25370624,16130048,18,18,18,node2,node4,9,linkHostSwitchHostSwitch-remoteX-remoteY
0.0522530078888,61408,704512,393216,0,0,0,node3,node3,3,linkHostSwitchHostSwitch-remoteX-remoteX
41.5040268898,15917056,25780224,16601088,18,18,18,node3,node4,9,linkHostSwitchHostSwitch-remoteX-remoteY
1.42646694183,1929216,0,0,0,node1,1,start
