6.02294898033,64098304,0,4,0,node1,2,MaxiNetFrontendServer
3.60834503174,0,13062144,0,3,node2,1,MaxiNetWorker
3.72327494621,0,15056896,0,3,node3,1,MaxiNetWorker
3.61114883423,0,13262848,0,3,node4,1,MaxiNetWorker
1.78175902367,16453632,0,0,0,node1,0,topology
1.09889388084,38871040,0,9,0,node1,9,coreSwitch
0.934183120728,0,81920,18,36,node2,9,coreSwitch
0.724706888199,0,598016,18,36,node3,9,coreSwitch
0.73349905014,0,38793216,18,36,node4,9,coreSwitch
2.35675907135,8364032,0,18,0,node1,18,aggregateSwitch
1.99644804001,0,1253376,36,72,node2,18,aggregateSwitch
1.63174080849,0,401408,36,72,node3,18,aggregateSwitch
1.58806705475,0,9609216,36,72,node4,18,aggregateSwitch
2.75805687904,9752576,0,18,0,node1,18,edgeSwitch
2.32081604004,0,2584576,36,72,node2,18,edgeSwitch
1.89451479912,0,606208,36,72,node3,18,edgeSwitch
1.84570503235,0,7593984,36,72,node4,18,edgeSwitch
5.35627198219,140865536,0,108,0,node1,108,host
4.67049884796,0,253952,216,432,node2,108,host
3.46530914307,1093632,729088,216,432,node3,108,host
3.77135276794,0,146337792,216,432,node4,108,host
17.661272049,11759616,0,0,0,node1,108,linkHostEdge
16.8473830223,0,892928,0,0,node2,108,linkHostEdge
12.1983730793,0,1445888,0,0,node3,108,linkHostEdge
10.7822799683,0,8589312,0,0,node4,108,linkHostEdge
66.1731119156,12214272,0,0,0,node1,108,linkEdgeAggregate
54.9093160629,0,1101824,0,0,node2,108,linkEdgeAggregate
37.745800972,0,25870336,0,0,node3,108,linkEdgeAggregate
39.3956298828,0,12402688,0,0,node4,108,linkEdgeAggregate
20.0179159641,4231168,0,0,0,0,0,node1,node1,27,linkAggregateCore-local-local
31.7356739044,1638400,25804800,0,54,54,0,node1,node2,27,linkAggregateCore-local-remote
29.4879791737,2506752,1359872,0,54,54,0,node1,node3,27,linkAggregateCore-local-remote
31.3335289955,1843200,3358720,0,54,54,0,node1,node4,27,linkAggregateCore-local-remote
34.8381130695,2387968,159744,0,54,54,0,node2,node1,27,linkAggregateCore-remote-local
22.7656459808,9056,860160,933888,0,0,0,node2,node2,27,linkAggregateCore-remoteX-remoteX
31.4154469967,36864,978944,1212416,54,54,54,node2,node3,27,linkAggregateCore-remoteX-remoteY
29.8909451962,507904,143360,176128,54,54,54,node2,node4,27,linkAggregateCore-remoteX-remoteY
34.5580148697,2273280,1032192,0,54,54,0,node3,node1,27,linkAggregateCore-remote-local
34.013158083,8192,2093056,184320,54,54,54,node3,node2,27,linkAggregateCore-remoteX-remoteY
18.0477199554,5936,122880,667648,0,0,0,node3,node3,27,linkAggregateCore-remoteX-remoteX
29.3303670883,507904,1449984,1429504,54,54,54,node3,node4,27,linkAggregateCore-remoteX-remoteY
36.2780399323,1028096,2052096,0,54,54,0,node4,node1,27,linkAggregateCore-remote-local
34.1629428864,126976,1191936,868352,54,54,54,node4,node2,27,linkAggregateCore-remoteX-remoteY
29.5343248844,0,2273280,421888,54,54,54,node4,node3,27,linkAggregateCore-remoteX-remoteY
14.1333839893,4720,3588096,4526080,0,0,0,node4,node4,27,linkAggregateCore-remoteX-remoteX
4.10079956055e-05,0,0,0,0,node1,1,start
