0.000303983688354,0,0,0,0,node1,0,topology
0.033900976181,86016,0,1,0,node1,0,controller
0.106076002121,20480,0,3,0,node1,3,cellSwitch
1.9120631218,3084288,8417280,6,12,node2,3,cellSwitch
2.39378499985,4227072,8015872,6,12,node3,3,cellSwitch
1.91982507706,4710400,7159808,6,12,node4,3,cellSwitch
1.22141003609,41750528,0,33,0,node1,33,hostCell
20.9770388603,54214656,118771712,66,132,node2,33,hostCell
26.6053388119,60424192,118779904,66,132,node3,33,hostCell
21.0376081467,61833216,119914496,66,132,node4,33,hostCell
1.36236405373,20078592,0,33,0,node1,33,hostSwitchCell
21.1824729443,62058496,100966400,66,132,node2,33,hostSwitchCell
26.6265480518,67678208,100970496,66,132,node3,33,hostSwitchCell
20.9764590263,69111808,100929536,66,132,node4,33,hostSwitchCell
0.33796787262,9236480,0,0,0,node1,33,linkHostHostSwitch
0.464111089706,0,4444160,0,0,node2,33,linkHostHostSwitch
0.522742986679,0,4550656,0,0,node3,33,linkHostHostSwitch
0.45642209053,0,2301952,0,0,node4,33,linkHostHostSwitch
2.27678203583,8634368,0,0,0,node1,33,linkHostCellSwitch
0.465192079544,0,3846144,0,0,node2,33,linkHostCellSwitch
0.547940015793,0,4399104,0,0,node3,33,linkHostCellSwitch
0.463712930679,0,6705152,0,0,node4,33,linkHostCellSwitch
0.0353548526764,892928,0,0,0,0,0,node1,node1,3,linkHostSwitchHostSwitch-local-local
17.163351059,17137664,16883712,0,18,18,0,node1,node2,9,linkHostSwitchHostSwitch-local-remote
21.7968428135,19968000,18186240,0,18,18,0,node1,node3,9,linkHostSwitchHostSwitch-local-remote
15.5274300575,18452480,16404480,0,16,16,0,node1,node4,8,linkHostSwitchHostSwitch-local-remote
0.0554029941559,528,925696,331776,0,0,0,node4,node4,4,linkHostSwitchHostSwitch-remoteX-remoteX
0.0443048477173,880,2211840,327680,0,0,0,node2,node2,3,linkHostSwitchHostSwitch-remoteX-remoteX
38.1785850525,15822848,32559104,26042368,18,18,18,node2,node3,9,linkHostSwitchHostSwitch-remoteX-remoteY
33.5090429783,19927040,26005504,25165824,18,18,18,node2,node4,9,linkHostSwitchHostSwitch-remoteX-remoteY
0.0494480133057,664,1388544,847872,0,0,0,node3,node3,3,linkHostSwitchHostSwitch-remoteX-remoteX
38.6891570091,16093184,25010176,16007168,18,18,18,node3,node4,9,linkHostSwitchHostSwitch-remoteX-remoteY
1.30853295326,1306624,0,0,0,node1,1,start
