-- FATTREE --
        -- cluster_nodes:4
        -- array_cluster_nodes:[3, 3, 3, 3]
        -- total_pod:12
        -- total_switch_core:36
        -- total_switch_aggregate:72
        -- total_switch_edge:72
        -- total_host:432
        -- switch_aggregate_per_pod:6
        -- switch_edge_per_pod:6
        -- host_per_pod:36
        -- switch_core_per_cluster_node:[['s10', 'node1', 0], ['s11', 'node1', 0], ['s12', 'node1', 0], ['s13', 'node1', 0], ['s14', 'node1', 0], ['s15', 'node1', 0], ['s16', 'node1', 0], ['s17', 'node1', 0], ['s18', 'node1', 0], ['s19', 'node2', 1], ['s110', 'node2', 1], ['s111', 'node2', 1], ['s112', 'node2', 1], ['s113', 'node2', 1], ['s114', 'node2', 1], ['s115', 'node2', 1], ['s116', 'node2', 1], ['s117', 'node2', 1], ['s118', 'node3', 2], ['s119', 'node3', 2], ['s120', 'node3', 2], ['s121', 'node3', 2], ['s122', 'node3', 2], ['s123', 'node3', 2], ['s124', 'node3', 2], ['s125', 'node3', 2], ['s126', 'node3', 2], ['s127', 'node4', 3], ['s128', 'node4', 3], ['s129', 'node4', 3], ['s130', 'node4', 3], ['s131', 'node4', 3], ['s132', 'node4', 3], ['s133', 'node4', 3], ['s134', 'node4', 3], ['s135', 'node4', 3]]
        
Line structure:
        - time: time spent on task execution (seconds)
        - local memory: number of memory used to execute the task on local cluster node (bytes)
        - remote memory: number of memory used to execute the task on remote cluster node (bytes)
        - local processes: number of persistent processes created to execute the task on local cluster node
        - remote processes: number of persistent processes created to execute the task on remote cluster node
        - cluster node: the name of the cluster node on which the task is running
        - amount: amount of elements created (hosts, switches, links) on the task
        - description: a description that describe the what the task does

-<MininetCluster>-
--<RemoteSSHLink>--
0.000329971313477,0,0,0,0,node1,0,topology
0.074588060379,1499136,0,1,0,node1,0,controller
0.973552942276,4820992,0,9,0,node1,9,coreSwitch
6.72485995293,13238272,25587712,18,36,node2,9,coreSwitch
8.21148610115,16359424,26079232,18,36,node3,9,coreSwitch
7.37664890289,17018880,26894336,18,36,node4,9,coreSwitch
1.96250700951,12357632,0,18,0,node1,18,aggregateSwitch
13.4496328831,31944704,50589696,36,72,node2,18,aggregateSwitch
16.4180140495,35651584,54124544,36,72,node3,18,aggregateSwitch
14.8410310745,34193408,51150848,36,72,node4,18,aggregateSwitch
1.95842504501,12341248,0,18,0,node1,18,edgeSwitch
13.5328950882,35352576,51773440,36,72,node2,18,edgeSwitch
16.4644060135,38375424,53497856,36,72,node3,18,edgeSwitch
14.8764431477,39776256,55152640,36,72,node4,18,edgeSwitch
11.9040849209,146804736,0,108,0,node1,108,host
81.388725996,276566016,420544512,216,432,node2,108,host
99.4424798489,298835968,420175872,216,432,node3,108,host
89.9367611408,318230528,420974592,216,432,node4,108,host
1.71103906631,13676544,0,0,0,node1,108,linkHostEdge
1.46519303322,0,8392704,0,0,node2,108,linkHostEdge
1.83428907394,0,8388608,0,0,node3,108,linkHostEdge
1.66284108162,0,10416128,0,0,node4,108,linkHostEdge
2.00275397301,11235328,0,0,0,node1,108,linkEdgeAggregate
1.57239294052,0,11575296,0,0,node2,108,linkEdgeAggregate
1.86357212067,0,10219520,0,0,node3,108,linkEdgeAggregate
1.70393013954,0,9969664,0,0,node4,108,linkEdgeAggregate
0.497478961945,2678784,0,0,0,0,0,node1,node1,27,linkAggregateCore-local-local
62.8697059155,82333696,51888128,0,54,54,0,node1,node2,27,linkAggregateCore-local-remote
76.4525120258,85114880,49930240,0,54,54,0,node1,node3,27,linkAggregateCore-local-remote
69.2252111435,85544960,51826688,0,54,54,0,node1,node4,27,linkAggregateCore-local-remote
63.0451169014,83935232,51843072,0,54,54,0,node2,node1,27,linkAggregateCore-remote-local
0.400149822235,4448,2863104,4096000,0,0,0,node2,node2,27,linkAggregateCore-remoteX-remoteX
130.61709404,84099072,75784192,52326400,54,54,54,node2,node3,27,linkAggregateCore-remoteX-remoteY
123.430400848,83742720,78450688,51032064,54,54,54,node2,node4,27,linkAggregateCore-remoteX-remoteY
76.8266618252,85663744,53825536,0,54,54,0,node3,node1,27,linkAggregateCore-remote-local
132.282960892,85237760,78336000,52121600,54,54,54,node3,node2,27,linkAggregateCore-remoteX-remoteY
0.485171079636,80256,5332992,4308992,0,0,0,node3,node3,27,linkAggregateCore-remoteX-remoteX
138.565624952,84062208,76132352,52568064,54,54,54,node3,node4,27,linkAggregateCore-remoteX-remoteY
69.6915791035,84480000,52899840,0,54,54,0,node4,node1,27,linkAggregateCore-remote-local
125.06286788,84779008,78721024,53354496,54,54,54,node4,node2,27,linkAggregateCore-remoteX-remoteY
137.904933929,86773760,79904768,52387840,54,54,54,node4,node3,27,linkAggregateCore-remoteX-remoteY
0.425348997116,84896,2609152,4120576,0,0,0,node4,node4,27,linkAggregateCore-remoteX-remoteX
4.93626594543,499712,0,0,0,node1,1,start
-<MininetCluster>-
--<RemoteGRELink>--
0.000349998474121,65552384,0,0,0,node1,0,topology
0.0981907844543,15564800,0,1,0,node1,0,controller
0.970767021179,3063808,0,9,0,node1,9,coreSwitch
6.71476101875,11939840,26169344,18,36,node2,9,coreSwitch
8.18339800835,16384000,24891392,18,36,node3,9,coreSwitch
7.41222500801,15589376,24510464,18,36,node4,9,coreSwitch
1.97827601433,10866688,0,18,0,node1,18,aggregateSwitch
13.4576268196,34537472,51523584,36,72,node2,18,aggregateSwitch
16.3634748459,35336192,54206464,36,72,node3,18,aggregateSwitch
14.8604230881,34144256,53043200,36,72,node4,18,aggregateSwitch
1.97417998314,11534336,0,18,0,node1,18,edgeSwitch
13.5118479729,35319808,53846016,36,72,node2,18,edgeSwitch
16.5024888515,37588992,53260288,36,72,node3,18,edgeSwitch
14.9181191921,39317504,51257344,36,72,node4,18,edgeSwitch
11.8880341053,143863808,0,108,0,node1,108,host
81.3344888687,274137088,414810112,216,432,node2,108,host
99.386412859,299352064,415387648,216,432,node3,108,host
89.9817969799,317116416,414900224,216,432,node4,108,host
2.42486190796,13635584,0,0,0,node1,108,linkHostEdge
2.15437507629,0,9170944,0,0,node2,108,linkHostEdge
2.53613400459,0,9314304,0,0,node3,108,linkHostEdge
2.32025885582,0,8314880,0,0,node4,108,linkHostEdge
2.61619114876,10170368,0,0,0,node1,108,linkEdgeAggregate
2.17160701752,0,9089024,0,0,node2,108,linkEdgeAggregate
2.56414580345,0,7929856,0,0,node3,108,linkEdgeAggregate
2.35020589828,0,10338304,0,0,node4,108,linkEdgeAggregate
0.666337013245,2543616,0,0,0,0,0,node1,node1,27,linkAggregateCore-local-local
128.113986015,831488,1273856,0,54,54,0,node1,node2,27,linkAggregateCore-local-remote
155.656080008,708608,1048576,0,54,54,0,node1,node3,27,linkAggregateCore-local-remote
141.179569006,1191936,1495040,0,54,54,0,node1,node4,27,linkAggregateCore-local-remote
128.927593946,1077248,1835008,0,54,54,0,node2,node1,27,linkAggregateCore-remote-local
0.552716970444,640,2523136,3080192,0,0,0,node2,node2,27,linkAggregateCore-remoteX-remoteX
269.262397051,897024,319488,3641344,54,54,54,node2,node3,27,linkAggregateCore-remoteX-remoteY
254.717363834,679936,90112,1257472,54,54,54,node2,node4,27,linkAggregateCore-remoteX-remoteY
156.568463087,450560,1081344,0,54,54,0,node3,node1,27,linkAggregateCore-remote-local
270.238374949,1007616,2596864,1253376,54,54,54,node3,node2,27,linkAggregateCore-remoteX-remoteY
0.682703971863,8960,1245184,1724416,0,0,0,node3,node3,27,linkAggregateCore-remoteX-remoteX
282.967970848,16384,3354624,3002368,54,54,54,node3,node4,27,linkAggregateCore-remoteX-remoteY
142.145563126,36864,1888256,0,54,54,0,node4,node1,27,linkAggregateCore-remote-local
256.132760048,2416640,3698688,3264512,54,54,54,node4,node2,27,linkAggregateCore-remoteX-remoteY
283.928889036,675840,442368,1703936,54,54,54,node4,node3,27,linkAggregateCore-remoteX-remoteY
0.610601902008,4768,3276800,3633152,0,0,0,node4,node4,27,linkAggregateCore-remoteX-remoteX
4.97588801384,2560000,0,0,0,node1,1,start
-<MaxiNet>-
6.02646803856,60633088,0,4,0,node1,2,MaxiNetFrontendServer
3.64779996872,0,15073280,0,3,node2,1,MaxiNetWorker
3.72379207611,0,14323712,0,3,node3,1,MaxiNetWorker
3.67940711975,0,14155776,0,3,node4,1,MaxiNetWorker
2.36529612541,15429632,0,0,0,node1,0,topology
1.1090118885,39497728,0,9,0,node1,9,coreSwitch
0.936476945877,8192,2453504,18,36,node2,9,coreSwitch
0.73184800148,126976,712704,18,36,node3,9,coreSwitch
0.825309991837,0,36962304,18,36,node4,9,coreSwitch
2.36542797089,9195520,0,18,0,node1,18,aggregateSwitch
1.9933578968,0,94208,36,72,node2,18,aggregateSwitch
1.54580998421,0,2179072,36,72,node3,18,aggregateSwitch
1.76748895645,0,8105984,36,72,node4,18,aggregateSwitch
2.79642486572,9396224,0,18,0,node1,18,edgeSwitch
2.32616400719,0,98304,36,72,node2,18,edgeSwitch
1.78121900558,0,114688,36,72,node3,18,edgeSwitch
2.0462679863,0,10653696,36,72,node4,18,edgeSwitch
5.36111307144,138694656,0,108,0,node1,108,host
4.73049402237,81920,786432,216,432,node2,108,host
3.47164201736,114688,1413120,216,432,node3,108,host
4.01234698296,0,142913536,216,432,node4,108,host
18.1186258793,11948032,0,0,0,node1,108,linkHostEdge
16.5733618736,0,507904,0,0,node2,108,linkHostEdge
12.1990411282,0,65536,0,0,node3,108,linkHostEdge
13.1704258919,0,11415552,0,0,node4,108,linkHostEdge
64.2373759747,12255232,0,0,0,node1,108,linkEdgeAggregate
54.2998359203,0,1048576,0,0,node2,108,linkEdgeAggregate
38.1489350796,0,135168,0,0,node3,108,linkEdgeAggregate
47.9039402008,0,13139968,0,0,node4,108,linkEdgeAggregate
21.6844270229,4300800,0,0,0,0,0,node1,node1,27,linkAggregateCore-local-local
32.8314828873,1478656,172032,0,54,54,0,node1,node2,27,linkAggregateCore-local-remote
28.6714558601,1867776,876544,0,54,54,0,node1,node3,27,linkAggregateCore-local-remote
31.9003789425,2056192,2007040,0,54,54,0,node1,node4,27,linkAggregateCore-local-remote
35.0306081772,970752,577536,0,54,54,0,node2,node1,27,linkAggregateCore-remote-local
23.3081328869,688,434176,2555904,0,0,0,node2,node2,27,linkAggregateCore-remoteX-remoteX
31.3745069504,98304,2109440,786432,54,54,54,node2,node3,27,linkAggregateCore-remoteX-remoteY
32.1520979404,253952,479232,1175552,54,54,54,node2,node4,27,linkAggregateCore-remoteX-remoteY
34.7614381313,2355200,1191936,0,54,54,0,node3,node1,27,linkAggregateCore-remote-local
33.2584960461,0,192512,2093056,54,54,54,node3,node2,27,linkAggregateCore-remoteX-remoteY
18.5605490208,6800,458752,1130496,0,0,0,node3,node3,27,linkAggregateCore-remoteX-remoteX
28.6586260796,126976,274432,2658304,54,54,54,node3,node4,27,linkAggregateCore-remoteX-remoteY
36.7623977661,2572288,2682880,0,54,54,0,node4,node1,27,linkAggregateCore-remote-local
35.6159701347,0,2953216,1167360,54,54,54,node4,node2,27,linkAggregateCore-remoteX-remoteY
30.8807899952,380928,651264,1429504,54,54,54,node4,node3,27,linkAggregateCore-remoteX-remoteY
18.0499000549,1424,4702208,4382720,0,0,0,node4,node4,27,linkAggregateCore-remoteX-remoteX
1.00135803223e-05,0,0,0,0,node1,1,start
-- DCELL --
        -- total_cell:12
        -- total_hosts:132
        -- total_host_switches:132
        -- hosts_per_cell:11
        -- host_switches_per_cell:11


Line structure:
        - time: time spent on task execution (seconds)
        - local memory: number of memory used to execute the task on local cluster node (bytes)
        - remote memory: number of memory used to execute the task on remote cluster node (bytes)
        - local processes: number of persistent processes created to execute the task on local cluster node
        - remote processes: number of persistent processes created to execute the task on remote cluster node
        - cluster node: the name of the cluster node on which the task is running
        - amount: amount of elements created (hosts, switches, links) on the task
        - description: a description that describe the what the task does

-<MininetCluster>-
--<RemoteSSHLink>--
0.000339031219482,0,0,0,0,node1,0,topology
0.0740270614624,610304,0,1,0,node1,0,controller
0.335562944412,1044480,0,3,0,node1,3,cellSwitch
2.22868394852,2711552,10551296,6,12,node2,3,cellSwitch
2.72984600067,5476352,8273920,6,12,node3,3,cellSwitch
2.47697591782,3919872,8798208,6,12,node4,3,cellSwitch
3.64903593063,39047168,0,33,0,node1,33,hostCell
24.78510499,64237568,116797440,66,132,node2,33,hostCell
30.2463850975,65417216,118730752,66,132,node3,33,hostCell
27.2702579498,67305472,117239808,66,132,node4,33,hostCell
3.74258112907,19324928,0,33,0,node1,33,hostSwitchCell
24.955286026,73433088,100757504,66,132,node2,33,hostSwitchCell
30.3921821117,78360576,98963456,66,132,node3,33,hostSwitchCell
27.4456620216,79745024,98979840,66,132,node4,33,hostSwitchCell
0.472826957703,7294976,0,0,0,node1,33,linkHostHostSwitch
0.49424290657,0,2408448,0,0,node2,33,linkHostHostSwitch
0.557883024216,0,2449408,0,0,node3,33,linkHostHostSwitch
0.537106990814,0,4075520,0,0,node4,33,linkHostHostSwitch
2.99916791916,6909952,0,0,0,node1,33,linkHostCellSwitch
0.471391201019,0,4796416,0,0,node2,33,linkHostCellSwitch
0.569494962692,0,4108288,0,0,node3,33,linkHostCellSwitch
0.524714946747,0,3190784,0,0,node4,33,linkHostCellSwitch
0.0478401184082,495616,0,0,0,0,0,node1,node1,3,linkHostSwitchHostSwitch-local-local
20.3657839298,19722240,17272832,0,18,18,0,node1,node2,9,linkHostSwitchHostSwitch-local-remote
24.7649581432,23019520,17551360,0,18,18,0,node1,node3,9,linkHostSwitchHostSwitch-local-remote
19.9742789268,20697088,14327808,0,16,16,0,node1,node4,8,linkHostSwitchHostSwitch-local-remote
0.0664918422699,53728,229376,409600,0,0,0,node4,node4,4,linkHostSwitchHostSwitch-remoteX-remoteX
0.0442349910736,5136,217088,798720,0,0,0,node2,node2,3,linkHostSwitchHostSwitch-remoteX-remoteX
42.3833179474,21004288,23740416,15577088,18,18,18,node2,node3,9,linkHostSwitchHostSwitch-remoteX-remoteY
40.0405430794,21741568,23699456,18137088,18,18,18,node2,node4,9,linkHostSwitchHostSwitch-remoteX-remoteY
0.0549590587616,9200,28672,122880,0,0,0,node3,node3,3,linkHostSwitchHostSwitch-remoteX-remoteX
44.8311138153,20037632,23482368,18104320,18,18,18,node3,node4,9,linkHostSwitchHostSwitch-remoteX-remoteY
1.4447991848,1904640,0,0,0,node1,1,start
-<MininetCluster>-
--<RemoteGRELink>--
0.000411987304688,0,0,0,0,node1,0,topology
0.0810420513153,4833280,0,1,0,node1,0,controller
0.334353923798,1273856,0,3,0,node1,3,cellSwitch
2.22224903107,2932736,6856704,6,12,node2,3,cellSwitch
2.7494289875,4464640,7528448,6,12,node3,3,cellSwitch
2.47950387001,4603904,8130560,6,12,node4,3,cellSwitch
3.66270399094,40472576,0,33,0,node1,33,hostCell
24.7690618038,61239296,120107008,66,132,node2,33,hostCell
30.1985170841,66478080,117415936,66,132,node3,33,hostCell
27.2826690674,69406720,117092352,66,132,node4,33,hostCell
3.72724318504,17596416,0,33,0,node1,33,hostSwitchCell
24.9180819988,75522048,98021376,66,132,node2,33,hostSwitchCell
30.4162800312,75972608,100663296,66,132,node3,33,hostSwitchCell
27.3815529346,81522688,100679680,66,132,node4,33,hostSwitchCell
0.702136039734,5292032,0,0,0,node1,33,linkHostHostSwitch
0.679594993591,0,2322432,0,0,node2,33,linkHostHostSwitch
0.769578933716,0,2105344,0,0,node3,33,linkHostHostSwitch
0.70330786705,0,3682304,0,0,node4,33,linkHostHostSwitch
5.78046107292,4562944,0,0,0,node1,33,linkHostCellSwitch
0.66473197937,0,5439488,0,0,node2,33,linkHostCellSwitch
0.770577907562,0,2887680,0,0,node3,33,linkHostCellSwitch
0.697843074799,0,2707456,0,0,node4,33,linkHostCellSwitch
0.0712070465088,200704,0,0,0,0,0,node1,node1,3,linkHostSwitchHostSwitch-local-local
41.6097958088,1224704,12288,0,18,18,0,node1,node2,9,linkHostSwitchHostSwitch-local-remote
50.3322150707,536576,499712,0,18,18,0,node1,node3,9,linkHostSwitchHostSwitch-local-remote
40.5337350368,430080,536576,0,16,16,0,node1,node4,8,linkHostSwitchHostSwitch-local-remote
0.089359998703,8832,786432,135168,0,0,0,node4,node4,4,linkHostSwitchHostSwitch-remoteX-remoteX
0.0647459030151,9008,315392,1155072,0,0,0,node2,node2,3,linkHostSwitchHostSwitch-remoteX-remoteX
86.6188440323,3108864,1433600,1273856,18,18,18,node2,node3,9,linkHostSwitchHostSwitch-remoteX-remoteY
81.7330060005,1159168,770048,106496,18,18,18,node2,node4,9,linkHostSwitchHostSwitch-remoteX-remoteY
0.0756189823151,704,200704,114688,0,0,0,node3,node3,3,linkHostSwitchHostSwitch-remoteX-remoteX
90.7052919865,2224128,1118208,368640,18,18,18,node3,node4,9,linkHostSwitchHostSwitch-remoteX-remoteY
1.38363718987,512000,0,0,0,node1,1,start
-<MaxiNet>-
6.02625894547,24449024,0,4,0,node1,2,MaxiNetFrontendServer
3.61165189743,0,14970880,0,3,node2,1,MaxiNetWorker
3.72451591492,0,12582912,0,3,node3,1,MaxiNetWorker
3.67959713936,0,12943360,0,3,node4,1,MaxiNetWorker
1.94904088974,3317760,0,0,0,node1,0,topology
0.405938863754,19881984,0,3,0,node1,3,cellSwitch
0.341582775116,16384,143360,6,12,node2,3,cellSwitch
0.2685110569,8192,516096,6,12,node3,3,cellSwitch
0.303861856461,8192,16695296,6,12,node4,3,cellSwitch
1.60062599182,37928960,0,33,0,node1,33,hostCell
1.32875204086,0,1409024,66,132,node2,33,hostCell
1.02661108971,0,741376,66,132,node3,33,hostCell
1.19194698334,0,36466688,66,132,node4,33,hostCell
4.41846299171,19324928,0,33,0,node1,33,hostSwitchCell
3.73740410805,0,176128,66,132,node2,33,hostSwitchCell
2.98224401474,0,1839104,66,132,node3,33,hostSwitchCell
3.29070591927,0,17801216,66,132,node4,33,hostSwitchCell
3.78121614456,3547136,0,0,0,node1,33,linkHostHostSwitch
3.08160018921,0,1589248,0,0,node2,33,linkHostHostSwitch
2.30599689484,0,716800,0,0,node3,33,linkHostHostSwitch
2.56180500984,0,1159168,0,0,node4,33,linkHostHostSwitch
9.20855808258,2101248,0,0,0,node1,33,linkHostCellSwitch
8.65157198906,0,2039808,0,0,node2,33,linkHostCellSwitch
6.13806700706,0,536576,0,0,node3,33,linkHostCellSwitch
6.81289696693,0,1736704,0,0,node4,33,linkHostCellSwitch
1.04973387718,643072,0,0,0,0,0,node1,node1,3,linkHostSwitchHostSwitch-local-local
6.22689795494,991232,1253376,0,18,18,0,node1,node2,9,linkHostSwitchHostSwitch-local-remote
5.69297599792,229376,1318912,0,18,18,0,node1,node3,9,linkHostSwitchHostSwitch-local-remote
5.5652410984,389120,905216,0,16,16,0,node1,node4,8,linkHostSwitchHostSwitch-local-remote
1.13396501541,8464,139264,1249280,0,0,0,node4,node4,4,linkHostSwitchHostSwitch-remoteX-remoteX
0.864437818527,8784,1650688,458752,0,0,0,node2,node2,3,linkHostSwitchHostSwitch-remoteX-remoteX
4.79317998886,0,749568,815104,18,18,18,node2,node3,9,linkHostSwitchHostSwitch-remoteX-remoteY
5.29583716393,0,151552,741376,18,18,18,node2,node4,9,linkHostSwitchHostSwitch-remoteX-remoteY
0.746103048325,2384,1429504,790528,0,0,0,node3,node3,3,linkHostSwitchHostSwitch-remoteX-remoteX
4.37487792969,126976,794624,249856,18,18,18,node3,node4,9,linkHostSwitchHostSwitch-remoteX-remoteY
1.00135803223e-05,0,0,0,0,node1,1,start
