-- FATTREE --
        -- cluster_nodes:4
        -- array_cluster_nodes:[3, 3, 3, 3]
        -- total_pod:12
        -- total_switch_core:36
        -- total_switch_aggregate:72
        -- total_switch_edge:72
        -- total_host:432
        -- switch_aggregate_per_pod:6
        -- switch_edge_per_pod:6
        -- host_per_pod:36
        -- switch_core_per_cluster_node:[['s10', 'node1', 0], ['s11', 'node1', 0], ['s12', 'node1', 0], ['s13', 'node1', 0], ['s14', 'node1', 0], ['s15', 'node1', 0], ['s16', 'node1', 0], ['s17', 'node1', 0], ['s18', 'node1', 0], ['s19', 'node2', 1], ['s110', 'node2', 1], ['s111', 'node2', 1], ['s112', 'node2', 1], ['s113', 'node2', 1], ['s114', 'node2', 1], ['s115', 'node2', 1], ['s116', 'node2', 1], ['s117', 'node2', 1], ['s118', 'node3', 2], ['s119', 'node3', 2], ['s120', 'node3', 2], ['s121', 'node3', 2], ['s122', 'node3', 2], ['s123', 'node3', 2], ['s124', 'node3', 2], ['s125', 'node3', 2], ['s126', 'node3', 2], ['s127', 'node4', 3], ['s128', 'node4', 3], ['s129', 'node4', 3], ['s130', 'node4', 3], ['s131', 'node4', 3], ['s132', 'node4', 3], ['s133', 'node4', 3], ['s134', 'node4', 3], ['s135', 'node4', 3]]
        
Line structure:
        - time: time spent on task execution (seconds)
        - local memory: number of memory used to execute the task on local cluster node (bytes)
        - remote memory: number of memory used to execute the task on remote cluster node (bytes)
        - local processes: number of persistent processes created to execute the task on local cluster node
        - remote processes: number of persistent processes created to execute the task on remote cluster node
        - cluster node: the name of the cluster node on which the task is running
        - amount: amount of elements created (hosts, switches, links) on the task
        - description: a description that describe the what the task does

-<MininetCluster>-
--<RemoteSSHLink>--
0.000340938568115,0,0,0,0,node1,0,topology
0.0676300525665,737280,0,1,0,node1,0,controller
0.882390022278,3162112,0,9,0,node1,9,coreSwitch
6.62723016739,12263424,24502272,18,36,node2,9,coreSwitch
8.07093310356,16732160,26775552,18,36,node3,9,coreSwitch
7.30222582817,16613376,25165824,18,36,node4,9,coreSwitch
1.77496194839,11665408,0,18,0,node1,18,aggregateSwitch
13.2696471214,30482432,52498432,36,72,node2,18,aggregateSwitch
16.2195749283,35995648,53260288,36,72,node3,18,aggregateSwitch
14.6602201462,34476032,50786304,36,72,node4,18,aggregateSwitch
1.77841901779,11534336,0,18,0,node1,18,edgeSwitch
13.2984080315,33095680,53264384,36,72,node2,18,edgeSwitch
16.2675130367,35897344,51449856,36,72,node3,18,edgeSwitch
14.6644740105,38416384,52658176,36,72,node4,18,edgeSwitch
10.8113920689,148738048,0,108,0,node1,108,host
80.2266829014,267923456,421638144,216,432,node2,108,host
98.4646821022,291143680,418861056,216,432,node3,108,host
88.8729941845,310312960,420065280,216,432,node4,108,host
1.70797085762,12738560,0,0,0,node1,108,linkHostEdge
1.49357295036,0,9138176,0,0,node2,108,linkHostEdge
1.80832219124,0,8081408,0,0,node3,108,linkHostEdge
1.66180801392,0,8527872,0,0,node4,108,linkHostEdge
2.01354694366,12218368,0,0,0,node1,108,linkEdgeAggregate
1.67692399025,0,10088448,0,0,node2,108,linkEdgeAggregate
1.85488915443,0,11067392,0,0,node3,108,linkEdgeAggregate
1.6982460022,0,9162752,0,0,node4,108,linkEdgeAggregate
0.486968994141,1826816,0,0,0,0,0,node1,node1,27,linkAggregateCore-local-local
62.3083188534,79540224,50065408,0,54,54,0,node1,node2,27,linkAggregateCore-local-remote
75.7899489403,82763776,50188288,0,54,54,0,node1,node3,27,linkAggregateCore-local-remote
68.5041267872,84119552,52129792,0,54,54,0,node1,node4,27,linkAggregateCore-local-remote
62.564399004,81838080,51445760,0,54,54,0,node2,node1,27,linkAggregateCore-remote-local
0.395828962326,3856,3481600,3563520,0,0,0,node2,node2,27,linkAggregateCore-remoteX-remoteX
130.044620037,83632128,78778368,52404224,54,54,54,node2,node3,27,linkAggregateCore-remoteX-remoteY
123.059736013,82268160,78708736,52731904,54,54,54,node2,node4,27,linkAggregateCore-remoteX-remoteY
76.3541300297,83177472,52019200,0,54,54,0,node3,node1,27,linkAggregateCore-remote-local
131.625125885,81928192,77783040,52019200,54,54,54,node3,node2,27,linkAggregateCore-remoteX-remoteY
0.472188949585,47360,2658304,2830336,0,0,0,node3,node3,27,linkAggregateCore-remoteX-remoteX
137.784888983,82939904,77807616,52158464,54,54,54,node3,node4,27,linkAggregateCore-remoteX-remoteY
69.2026429176,85569536,52879360,0,54,54,0,node4,node1,27,linkAggregateCore-remote-local
124.430141211,81657856,79626240,53653504,54,54,54,node4,node2,27,linkAggregateCore-remoteX-remoteY
137.276648998,83550208,80052224,52604928,54,54,54,node4,node3,27,linkAggregateCore-remoteX-remoteY
0.437516927719,1744,4001792,2936832,0,0,0,node4,node4,27,linkAggregateCore-remoteX-remoteX
4.97669482231,2158592,0,0,0,node1,1,start
-<MininetCluster>-
--<RemoteGRELink>--
0.000355005264282,66916352,0,0,0,node1,0,topology
0.0890648365021,17551360,0,1,0,node1,0,controller
0.877655982971,2805760,0,9,0,node1,9,coreSwitch
6.58857703209,14049280,24137728,18,36,node2,9,coreSwitch
8.07161688805,14278656,25100288,18,36,node3,9,coreSwitch
7.2969250679,16781312,26017792,18,36,node4,9,coreSwitch
1.76746892929,11157504,0,18,0,node1,18,aggregateSwitch
13.3008499146,30752768,51277824,36,72,node2,18,aggregateSwitch
16.2992041111,34631680,51990528,36,72,node3,18,aggregateSwitch
14.6559460163,34549760,52088832,36,72,node4,18,aggregateSwitch
1.77877998352,10399744,0,18,0,node1,18,edgeSwitch
13.2896428108,34643968,53092352,36,72,node2,18,edgeSwitch
16.2565510273,35659776,52932608,36,72,node3,18,edgeSwitch
14.7234950066,37998592,53460992,36,72,node4,18,edgeSwitch
10.9040880203,143577088,0,108,0,node1,108,host
80.3352711201,268255232,413601792,216,432,node2,108,host
98.4105448723,291049472,415608832,216,432,node3,108,host
88.948941946,309575680,416800768,216,432,node4,108,host
2.41908597946,12304384,0,0,0,node1,108,linkHostEdge
2.09526491165,0,6791168,0,0,node2,108,linkHostEdge
2.55560898781,0,10330112,0,0,node3,108,linkHostEdge
2.33417701721,0,9285632,0,0,node4,108,linkHostEdge
2.62284898758,10637312,0,0,0,node1,108,linkEdgeAggregate
2.17464089394,0,9920512,0,0,node2,108,linkEdgeAggregate
2.56653499603,0,9457664,0,0,node3,108,linkEdgeAggregate
2.35376906395,0,10149888,0,0,node4,108,linkEdgeAggregate
0.677541017532,3559424,0,0,0,0,0,node1,node1,27,linkAggregateCore-local-local
126.325555086,1261568,458752,0,54,54,0,node1,node2,27,linkAggregateCore-local-remote
153.81138587,307200,3690496,0,54,54,0,node1,node3,27,linkAggregateCore-local-remote
139.066760063,1224704,1196032,0,54,54,0,node1,node4,27,linkAggregateCore-local-remote
126.943212032,110592,4444160,0,54,54,0,node2,node1,27,linkAggregateCore-remote-local
0.556504964828,77408,1359872,2322432,0,0,0,node2,node2,27,linkAggregateCore-remoteX-remoteX
267.43908596,2007040,663552,2232320,54,54,54,node2,node3,27,linkAggregateCore-remoteX-remoteY
252.650501966,544768,806912,282624,54,54,54,node2,node4,27,linkAggregateCore-remoteX-remoteY
154.725730181,200704,1531904,0,54,54,0,node3,node1,27,linkAggregateCore-remote-local
268.553563118,937984,905216,2994176,54,54,54,node3,node2,27,linkAggregateCore-remoteX-remoteY
0.667533159256,43680,3309568,3801088,0,0,0,node3,node3,27,linkAggregateCore-remoteX-remoteX
281.186609983,933888,1212416,2596864,54,54,54,node3,node4,27,linkAggregateCore-remoteX-remoteY
140.231216908,634880,2191360,0,54,54,0,node4,node1,27,linkAggregateCore-remote-local
254.307163954,245760,1269760,1822720,54,54,54,node4,node2,27,linkAggregateCore-remoteX-remoteY
282.148260832,663552,2338816,2830336,54,54,54,node4,node3,27,linkAggregateCore-remoteX-remoteY
0.629195213318,22080,1499136,2318336,0,0,0,node4,node4,27,linkAggregateCore-remoteX-remoteX
5.08427619934,3162112,0,0,0,node1,1,start
-<MaxiNet>-
6.02307415009,61181952,0,4,0,node1,2,MaxiNetFrontendServer
3.61164498329,0,12800000,0,3,node2,1,MaxiNetWorker
3.73628091812,0,14274560,0,3,node3,1,MaxiNetWorker
3.68062496185,0,14221312,0,3,node4,1,MaxiNetWorker
2.08152604103,16515072,0,0,0,node1,0,topology
1.10330510139,38928384,0,9,0,node1,9,coreSwitch
0.933007955551,0,884736,18,36,node2,9,coreSwitch
0.726225852966,0,2072576,18,36,node3,9,coreSwitch
0.83291387558,8192,39739392,18,36,node4,9,coreSwitch
2.35140585899,9437184,0,18,0,node1,18,aggregateSwitch
2.0004119873,126976,1531904,36,72,node2,18,aggregateSwitch
1.6802520752,0,385024,36,72,node3,18,aggregateSwitch
1.76107907295,0,7577600,36,72,node4,18,aggregateSwitch
2.770373106,8740864,0,18,0,node1,18,edgeSwitch
2.50159096718,0,647168,36,72,node2,18,edgeSwitch
1.78213191032,0,1875968,36,72,node3,18,edgeSwitch
2.05407595634,0,7069696,36,72,node4,18,edgeSwitch
5.38728308678,140271616,0,108,0,node1,108,host
4.50152611732,16384,573440,216,432,node2,108,host
3.48854780197,77824,106496,216,432,node3,108,host
4.03284502029,118784,143155200,216,432,node4,108,host
17.9774558544,11935744,0,0,0,node1,108,linkHostEdge
16.7349760532,0,1478656,0,0,node2,108,linkHostEdge
12.272495985,0,1126400,0,0,node3,108,linkHostEdge
13.058442831,0,11661312,0,0,node4,108,linkHostEdge
67.5275781155,12767232,0,0,0,node1,108,linkEdgeAggregate
54.4323689938,0,1736704,0,0,node2,108,linkEdgeAggregate
38.1115908623,0,180224,0,0,node3,108,linkEdgeAggregate
46.3572289944,0,11800576,0,0,node4,108,linkEdgeAggregate
18.652941227,1576960,0,0,0,0,0,node1,node1,27,linkAggregateCore-local-local
33.1287071705,3227648,405504,0,54,54,0,node1,node2,27,linkAggregateCore-local-remote
29.977214098,1720320,1527808,0,54,54,0,node1,node3,27,linkAggregateCore-local-remote
31.6220440865,2289664,1339392,0,54,54,0,node1,node4,27,linkAggregateCore-local-remote
37.151006937,2826240,761856,0,54,54,0,node2,node1,27,linkAggregateCore-remote-local
23.3677868843,61184,86016,159744,0,0,0,node2,node2,27,linkAggregateCore-remoteX-remoteX
30.8906168938,131072,2056192,2478080,54,54,54,node2,node3,27,linkAggregateCore-remoteX-remoteY
32.0830090046,253952,1138688,208896,54,54,54,node2,node4,27,linkAggregateCore-remoteX-remoteY
34.9519529343,2506752,233472,0,54,54,0,node3,node1,27,linkAggregateCore-remote-local
34.3003411293,126976,1130496,1789952,54,54,54,node3,node2,27,linkAggregateCore-remoteX-remoteY
18.979183197,68016,348160,1323008,0,0,0,node3,node3,27,linkAggregateCore-remoteX-remoteX
28.5360209942,0,655360,3100672,54,54,54,node3,node4,27,linkAggregateCore-remoteX-remoteY
36.8779881001,2289664,704512,0,54,54,0,node4,node1,27,linkAggregateCore-remote-local
35.4810369015,0,1871872,180224,54,54,54,node4,node2,27,linkAggregateCore-remoteX-remoteY
30.7814638615,253952,3305472,847872,54,54,54,node4,node3,27,linkAggregateCore-remoteX-remoteY
17.9820728302,6832,3166208,5304320,0,0,0,node4,node4,27,linkAggregateCore-remoteX-remoteX
1.00135803223e-05,0,0,0,0,node1,1,start
-- DCELL --
        -- total_cell:12
        -- total_hosts:132
        -- total_host_switches:132
        -- hosts_per_cell:11
        -- host_switches_per_cell:11


Line structure:
        - time: time spent on task execution (seconds)
        - local memory: number of memory used to execute the task on local cluster node (bytes)
        - remote memory: number of memory used to execute the task on remote cluster node (bytes)
        - local processes: number of persistent processes created to execute the task on local cluster node
        - remote processes: number of persistent processes created to execute the task on remote cluster node
        - cluster node: the name of the cluster node on which the task is running
        - amount: amount of elements created (hosts, switches, links) on the task
        - description: a description that describe the what the task does

-<MininetCluster>-
--<RemoteSSHLink>--
0.000347852706909,0,0,0,0,node1,0,topology
0.0686848163605,151552,0,1,0,node1,0,controller
0.304885864258,376832,0,3,0,node1,3,cellSwitch
2.20496296883,2744320,8298496,6,12,node2,3,cellSwitch
2.70025086403,5005312,8396800,6,12,node3,3,cellSwitch
2.42950606346,5214208,7421952,6,12,node4,3,cellSwitch
3.28552103043,39972864,0,33,0,node1,33,hostCell
24.3856179714,62144512,117747712,66,132,node2,33,hostCell
29.829613924,62582784,118091776,66,132,node3,33,hostCell
26.8710780144,66269184,119738368,66,132,node4,33,hostCell
3.36818313599,17674240,0,33,0,node1,33,hostSwitchCell
24.529392004,72863744,98852864,66,132,node2,33,hostSwitchCell
29.983412981,75644928,99659776,66,132,node3,33,hostSwitchCell
27.0436019897,78336000,100032512,66,132,node4,33,hostSwitchCell
0.478895902634,5591040,0,0,0,node1,33,linkHostHostSwitch
0.498659133911,0,2924544,0,0,node2,33,linkHostHostSwitch
0.567523956299,0,3407872,0,0,node3,33,linkHostHostSwitch
0.513729095459,0,909312,0,0,node4,33,linkHostHostSwitch
2.99822616577,7528448,0,0,0,node1,33,linkHostCellSwitch
0.466423034668,0,1925120,0,0,node2,33,linkHostCellSwitch
0.552248001099,0,3620864,0,0,node3,33,linkHostCellSwitch
0.507724046707,0,2707456,0,0,node4,33,linkHostCellSwitch
0.0451321601868,790528,0,0,0,0,0,node1,node1,3,linkHostSwitchHostSwitch-local-local
20.20469594,21557248,17358848,0,18,18,0,node1,node2,9,linkHostSwitchHostSwitch-local-remote
24.5743079185,20660224,15978496,0,18,18,0,node1,node3,9,linkHostSwitchHostSwitch-local-remote
19.6789138317,19865600,14643200,0,16,16,0,node1,node4,8,linkHostSwitchHostSwitch-local-remote
0.0660519599915,65634,1048576,1245184,0,0,0,node4,node4,4,linkHostSwitchHostSwitch-remoteX-remoteX
0.0476801395416,08096,126976,536576,0,0,0,node2,node2,3,linkHostSwitchHostSwitch-remoteX-remoteX
42.0471351147,18886656,24088576,16818176,18,18,18,node2,node3,9,linkHostSwitchHostSwitch-remoteX-remoteY
39.6519360542,22179840,25579520,17338368,18,18,18,node2,node4,9,linkHostSwitchHostSwitch-remoteX-remoteY
0.0466179847717,65352,1183744,380928,0,0,0,node3,node3,3,linkHostSwitchHostSwitch-remoteX-remoteX
44.5394570827,20291584,26017792,17924096,18,18,18,node3,node4,9,linkHostSwitchHostSwitch-remoteX-remoteY
1.42782187462,204800,0,0,0,node1,1,start
-<MininetCluster>-
--<RemoteGRELink>--
0.000367879867554,0,0,0,0,node1,0,topology
0.0766620635986,5361664,0,1,0,node1,0,controller
0.305475950241,274432,0,3,0,node1,3,cellSwitch
2.20283198357,3702784,7548928,6,12,node2,3,cellSwitch
2.71380782127,4591616,9064448,6,12,node3,3,cellSwitch
2.42480111122,4472832,8306688,6,12,node4,3,cellSwitch
3.32568502426,40067072,0,33,0,node1,33,hostCell
24.3829820156,61435904,121008128,66,132,node2,33,hostCell
29.8741390705,62853120,119271424,66,132,node3,33,hostCell
26.9542028904,66093056,117231616,66,132,node4,33,hostCell
3.37602901459,19685376,0,33,0,node1,33,hostSwitchCell
24.5548808575,69828608,100192256,66,132,node2,33,hostSwitchCell
29.9957680702,76845056,101371904,66,132,node3,33,hostSwitchCell
27.0537970066,76247040,98869248,66,132,node4,33,hostSwitchCell
0.688434839249,6873088,0,0,0,node1,33,linkHostHostSwitch
0.676622867584,0,2195456,0,0,node2,33,linkHostHostSwitch
0.815712928772,0,1785856,0,0,node3,33,linkHostHostSwitch
0.700334787369,0,2342912,0,0,node4,33,linkHostHostSwitch
5.68677687645,5013504,0,0,0,node1,33,linkHostCellSwitch
0.628158092499,0,3657728,0,0,node2,33,linkHostCellSwitch
0.736228942871,0,2945024,0,0,node3,33,linkHostCellSwitch
0.688267946243,0,2973696,0,0,node4,33,linkHostCellSwitch
0.0667378902435,180224,0,0,0,0,0,node1,node1,3,linkHostSwitchHostSwitch-local-local
40.9176659584,3452928,172032,0,18,18,0,node1,node2,9,linkHostSwitchHostSwitch-local-remote
49.8265719414,2154496,970752,0,18,18,0,node1,node3,9,linkHostSwitchHostSwitch-local-remote
39.9914689064,155648,172032,0,16,16,0,node1,node4,8,linkHostSwitchHostSwitch-local-remote
0.115597009659,66880,569344,118784,0,0,0,node4,node4,4,linkHostSwitchHostSwitch-remoteX-remoteX
0.06516289711,60384,356352,1454080,0,0,0,node2,node2,3,linkHostSwitchHostSwitch-remoteX-remoteX
85.9687960148,2203648,1839104,479232,18,18,18,node2,node3,9,linkHostSwitchHostSwitch-remoteX-remoteY
81.2556071281,163840,1298432,1634304,18,18,18,node2,node4,9,linkHostSwitchHostSwitch-remoteX-remoteY
0.0760090351105,66188,679936,81920,0,0,0,node3,node3,3,linkHostSwitchHostSwitch-remoteX-remoteX
90.212556839,6508544,2117632,1454080,18,18,18,node3,node4,9,linkHostSwitchHostSwitch-remoteX-remoteY
1.42603111267,1884160,0,0,0,node1,1,start
-<MaxiNet>-
6.02747511864,25006080,0,4,0,node1,2,MaxiNetFrontendServer
3.61163282394,0,13783040,0,3,node2,1,MaxiNetWorker
3.73314499855,0,13144064,0,3,node3,1,MaxiNetWorker
3.6800429821,0,14016512,0,3,node4,1,MaxiNetWorker
2.39705204964,3379200,0,0,0,node1,0,topology
0.40212392807,35274752,0,3,0,node1,3,cellSwitch
0.342607975006,73728,1507328,6,12,node2,3,cellSwitch
0.268099069595,0,1171456,6,12,node3,3,cellSwitch
0.308449029922,0,19918848,6,12,node4,3,cellSwitch
1.5791349411,39071744,0,33,0,node1,33,hostCell
1.3354549408,40960,385024,66,132,node2,33,hostCell
1.02831506729,0,86016,66,132,node3,33,hostCell
1.1818459034,126976,37470208,66,132,node4,33,hostCell
4.40776920319,450560,0,33,0,node1,33,hostSwitchCell
3.73662304878,0,507904,66,132,node2,33,hostSwitchCell
3.02962207794,0,524288,66,132,node3,33,hostSwitchCell
3.28711390495,0,13647872,66,132,node4,33,hostSwitchCell
3.5289618969,3895296,0,0,0,node1,33,linkHostHostSwitch
3.37935996056,0,405504,0,0,node2,33,linkHostHostSwitch
2.33429121971,0,1208320,0,0,node3,33,linkHostHostSwitch
2.5722990036,0,2543616,0,0,node4,33,linkHostHostSwitch
9.55909109116,4636672,0,0,0,node1,33,linkHostCellSwitch
8.77370095253,0,1179648,0,0,node2,33,linkHostCellSwitch
6.21560311317,0,319488,0,0,node3,33,linkHostCellSwitch
6.77061510086,0,2781184,0,0,node4,33,linkHostCellSwitch
1.05840682983,40960,0,0,0,0,0,node1,node1,3,linkHostSwitchHostSwitch-local-local
6.21651291847,151552,471040,0,18,18,0,node1,node2,9,linkHostSwitchHostSwitch-local-remote
5.1532959938,962560,532480,0,18,18,0,node1,node3,9,linkHostSwitchHostSwitch-local-remote
4.89962387085,483328,1425408,0,16,16,0,node1,node4,8,linkHostSwitchHostSwitch-local-remote
1.13441801071,19872,1015808,1232896,0,0,0,node4,node4,4,linkHostSwitchHostSwitch-remoteX-remoteX
1.19341087341,17760,200704,532480,0,0,0,node2,node2,3,linkHostSwitchHostSwitch-remoteX-remoteX
4.8341588974,0,241664,1261568,18,18,18,node2,node3,9,linkHostSwitchHostSwitch-remoteX-remoteY
5.03063702583,126976,778240,499712,18,18,18,node2,node4,9,linkHostSwitchHostSwitch-remoteX-remoteY
0.724644899368,55904,1277952,585728,0,0,0,node3,node3,3,linkHostSwitchHostSwitch-remoteX-remoteX
4.93052601814,16384,475136,1314816,18,18,18,node3,node4,9,linkHostSwitchHostSwitch-remoteX-remoteY
1.00135803223e-05,16384,0,0,0,node1,1,start
