-- FATTREE --
        -- cluster_nodes:4
        -- array_cluster_nodes:[1, 1, 1, 1]
        -- total_pod:4
        -- total_switch_core:4
        -- total_switch_aggregate:8
        -- total_switch_edge:8
        -- total_host:16
        -- switch_aggregate_per_pod:2
        -- switch_edge_per_pod:2
        -- host_per_pod:4
        -- switch_core_per_cluster_node:[['s10', 'node1', 0], ['s11', 'node2', 1], ['s12', 'node3', 2], ['s13', 'node4', 3]]
        
Line structure:
        - time: time spent on task execution (seconds)
        - local memory: number of memory used to execute the task on local cluster node (bytes)
        - remote memory: number of memory used to execute the task on remote cluster node (bytes)
        - local processes: number of persistent processes created to execute the task on local cluster node
        - remote processes: number of persistent processes created to execute the task on remote cluster node
        - cluster node: the name of the cluster node on which the task is running
        - amount: amount of elements created (hosts, switches, links) on the task
        - description: a description that describe the what the task does

-<MininetCluster>-
--<RemoteSSHLink>--
0.000356912612915,0,0,0,0,node1,0,topology
0.0419631004333,212992,0,1,0,node1,0,controller
0.0408999919891,929792,0,1,0,node1,1,coreSwitch
0.68877696991,311296,2670592,2,4,node2,1,coreSwitch
0.636608123779,1368064,2899968,2,4,node3,1,coreSwitch
0.651846170425,962560,2338816,2,4,node4,1,coreSwitch
0.0870468616486,2613248,0,2,0,node1,2,aggregateSwitch
1.29926514626,1527808,4661248,4,8,node2,2,aggregateSwitch
1.26321601868,2871296,5894144,4,8,node3,2,aggregateSwitch
1.27075910568,3006464,7327744,4,8,node4,2,aggregateSwitch
0.0811419487,3440640,0,2,0,node1,2,edgeSwitch
1.2733809948,1073152,5292032,4,8,node2,2,edgeSwitch
1.2934961319,2613248,7577600,4,8,node3,2,edgeSwitch
1.27741312981,3215360,5693440,4,8,node4,2,edgeSwitch
0.160639047623,5558272,0,4,0,node1,4,host
2.61719417572,5058560,13590528,8,16,node2,4,host
2.53221678734,7610368,12591104,8,16,node3,4,host
2.57120108604,7532544,12840960,8,16,node4,4,host
0.042051076889,4042752,0,0,0,node1,4,linkHostEdge
0.0550100803375,0,274432,0,0,node2,4,linkHostEdge
0.0559439659119,0,524288,0,0,node3,4,linkHostEdge
0.0617029666901,0,585728,0,0,node4,4,linkHostEdge
0.0435199737549,1454080,0,0,0,node1,4,linkEdgeAggregate
0.0542459487915,0,258048,0,0,node2,4,linkEdgeAggregate
0.0541939735413,0,954368,0,0,node3,4,linkEdgeAggregate
0.052994966507,0,786432,0,0,node4,4,linkEdgeAggregate
0.0180909633636,1314816,0,0,0,0,0,node1,node1,1,linkAggregateCore-local-local
1.97835922241,901120,794624,0,2,2,0,node1,node2,1,linkAggregateCore-local-remote
1.94680809975,1077248,2191360,0,2,2,0,node1,node3,1,linkAggregateCore-local-remote
1.9667699337,2318336,4009984,0,2,2,0,node1,node4,1,linkAggregateCore-local-remote
1.9042699337,237568,2142208,0,2,2,0,node2,node1,1,linkAggregateCore-remote-local
0.0145461559296,245056,512000,204800,0,0,0,node2,node2,1,linkAggregateCore-remoteX-remoteX
3.79822182655,1527808,2621440,712704,2,2,2,node2,node3,1,linkAggregateCore-remoteX-remoteY
3.70417189598,1486848,4132864,1863680,2,2,2,node2,node4,1,linkAggregateCore-remoteX-remoteY
1.92774510384,335872,1429504,0,2,2,0,node3,node1,1,linkAggregateCore-remote-local
3.76573395729,1699840,2461696,1384448,2,2,2,node3,node2,1,linkAggregateCore-remoteX-remoteY
0.01411485672,591872,815104,389120,0,0,0,node3,node3,1,linkAggregateCore-remoteX-remoteX
3.67017698288,368640,2646016,2068480,2,2,2,node3,node4,1,linkAggregateCore-remoteX-remoteY
1.95648908615,1425408,1904640,0,2,2,0,node4,node1,1,linkAggregateCore-remote-local
3.79280114174,1982464,2564096,1101824,2,2,2,node4,node2,1,linkAggregateCore-remoteX-remoteY
3.69400906563,2019328,1978368,2801664,2,2,2,node4,node3,1,linkAggregateCore-remoteX-remoteY
0.0174920558929,387008,356352,917504,0,0,0,node4,node4,1,linkAggregateCore-remoteX-remoteX
1.11188220978,37326848,0,0,0,node1,1,start
-<MininetCluster>-
--<RemoteGRELink>--
0.00040602684021,16384,0,0,0,node1,0,topology
0.0392739772797,1331200,0,1,0,node1,0,controller
0.041531085968,921600,0,1,0,node1,1,coreSwitch
0.634000062943,1093632,2883584,2,4,node2,1,coreSwitch
0.665285110474,1572864,2920448,2,4,node3,1,coreSwitch
0.646039962769,557056,2031616,2,4,node4,1,coreSwitch
0.0905539989471,2899968,0,2,0,node1,2,aggregateSwitch
1.27169704437,1994752,4538368,4,8,node2,2,aggregateSwitch
1.30174994469,2383872,5918720,4,8,node3,2,aggregateSwitch
1.3305311203,3010560,2920448,4,8,node4,2,aggregateSwitch
0.0889329910278,3026944,0,2,0,node1,2,edgeSwitch
1.2747168541,2129920,6574080,4,8,node2,2,edgeSwitch
1.27293801308,3399680,6701056,4,8,node3,2,edgeSwitch
1.26527500153,3272704,5791744,4,8,node4,2,edgeSwitch
0.177316188812,5627904,0,4,0,node1,4,host
2.51176810265,3145728,13225984,8,16,node2,4,host
2.60872483253,6627328,12550144,8,16,node3,4,host
2.60968494415,8228864,13815808,8,16,node4,4,host
0.0612020492554,3506176,0,0,0,node1,4,linkHostEdge
0.0753691196442,0,761856,0,0,node2,4,linkHostEdge
0.0833559036255,0,253952,0,0,node3,4,linkHostEdge
0.0781710147858,0,196608,0,0,node4,4,linkHostEdge
0.0635349750519,1576960,0,0,0,node1,4,linkEdgeAggregate
0.0853400230408,0,90112,0,0,node2,4,linkEdgeAggregate
0.0801200866699,0,1585152,0,0,node3,4,linkEdgeAggregate
0.0788199901581,0,692224,0,0,node4,4,linkEdgeAggregate
0.0185370445251,753664,0,0,0,0,0,node1,node1,1,linkAggregateCore-local-local
3.85893583298,442368,565248,0,2,2,0,node1,node2,1,linkAggregateCore-local-remote
3.85480809212,1282048,12288,0,2,2,0,node1,node3,1,linkAggregateCore-local-remote
3.88223195076,40960,614400,0,2,2,0,node1,node4,1,linkAggregateCore-local-remote
3.86953687668,2740224,348160,0,2,2,0,node2,node1,1,linkAggregateCore-remote-local
0.0247418880463,49664,913408,65536,0,0,0,node2,node2,1,linkAggregateCore-remoteX-remoteX
7.45820188522,1007616,1929216,331776,2,2,2,node2,node3,1,linkAggregateCore-remoteX-remoteY
7.56559896469,1409024,1327104,155648,2,2,2,node2,node4,1,linkAggregateCore-remoteX-remoteY
3.97990608215,1585152,483328,0,2,2,0,node3,node1,1,linkAggregateCore-remote-local
7.53945493698,225280,77824,573440,2,2,2,node3,node2,1,linkAggregateCore-remoteX-remoteY
0.0219039916992,12672,1409024,356352,0,0,0,node3,node3,1,linkAggregateCore-remoteX-remoteX
7.61665606499,1507328,397312,12288,2,2,2,node3,node4,1,linkAggregateCore-remoteX-remoteY
3.90771698952,1150976,49152,0,2,2,0,node4,node1,1,linkAggregateCore-remote-local
7.50754404068,364544,1298432,180224,2,2,2,node4,node2,1,linkAggregateCore-remoteX-remoteY
7.45568203926,770048,831488,1417216,2,2,2,node4,node3,1,linkAggregateCore-remoteX-remoteY
0.0211548805237,47968,221184,131072,0,0,0,node4,node4,1,linkAggregateCore-remoteX-remoteX
1.11851096153,35500032,0,0,0,node1,1,start
-<MaxiNet>-
6.01835298538,25411584,0,4,0,node1,2,MaxiNetFrontendServer
3.61031198502,0,14864384,0,3,node2,1,MaxiNetWorker
3.60867094994,0,13828096,0,3,node3,1,MaxiNetWorker
3.61200499535,0,13836288,0,3,node4,1,MaxiNetWorker
1.24772405624,1376256,0,0,0,node1,0,topology
0.121218919754,36614144,0,1,0,node1,1,coreSwitch
0.143682003021,0,106496,2,4,node2,1,coreSwitch
0.138150215149,0,1052672,2,4,node3,1,coreSwitch
0.124418973923,0,34684928,2,4,node4,1,coreSwitch
0.149835109711,2088960,0,2,0,node1,2,aggregateSwitch
0.159764051437,0,679936,4,8,node2,2,aggregateSwitch
0.160998106003,16384,770048,4,8,node3,2,aggregateSwitch
0.150013923645,0,413696,4,8,node4,2,aggregateSwitch
0.150809049606,458752,0,2,0,node1,2,edgeSwitch
0.163161039352,0,1945600,4,8,node2,2,edgeSwitch
0.159368991852,0,790528,4,8,node3,2,edgeSwitch
0.15661907196,126976,2134016,4,8,node4,2,edgeSwitch
0.134124994278,4259840,0,4,0,node1,4,host
0.155079126358,0,1671168,8,16,node2,4,host
0.16236782074,0,409600,8,16,node3,4,host
0.137028932571,0,3801088,8,16,node4,4,host
0.180956125259,2113536,0,0,0,node1,4,linkHostEdge
0.191651821136,0,16384,0,0,node2,4,linkHostEdge
0.18376994133,0,294912,0,0,node3,4,linkHostEdge
0.182155132294,0,1626112,0,0,node4,4,linkHostEdge
0.241970062256,430080,0,0,0,node1,4,linkEdgeAggregate
0.265995025635,0,1257472,0,0,node2,4,linkEdgeAggregate
0.255676984787,0,65536,0,0,node3,4,linkEdgeAggregate
0.248596906662,0,245760,0,0,node4,4,linkEdgeAggregate
0.0692729949951,475136,0,0,0,0,0,node1,node1,1,linkAggregateCore-local-local
0.331804037094,299008,548864,0,2,2,0,node1,node2,1,linkAggregateCore-local-remote
0.344210147858,913408,1802240,0,2,2,0,node1,node3,1,linkAggregateCore-local-remote
0.357008934021,782336,1249280,0,2,2,0,node1,node4,1,linkAggregateCore-local-remote
0.362026929855,319488,81920,0,2,2,0,node2,node1,1,linkAggregateCore-remote-local
0.0717651844025,3984,892928,774144,0,0,0,node2,node2,1,linkAggregateCore-remoteX-remoteX
0.358406066895,0,413696,286720,2,2,2,node2,node3,1,linkAggregateCore-remoteX-remoteY
0.345973014832,0,667648,77824,2,2,2,node2,node4,1,linkAggregateCore-remoteX-remoteY
0.341608047485,557056,1052672,0,2,2,0,node3,node1,1,linkAggregateCore-remote-local
0.364204883575,0,593920,516096,2,2,2,node3,node2,1,linkAggregateCore-remoteX-remoteY
0.0697090625763,9600,122880,303104,0,0,0,node3,node3,1,linkAggregateCore-remoteX-remoteX
0.344160079956,16384,937984,299008,2,2,2,node3,node4,1,linkAggregateCore-remoteX-remoteY
0.361394882202,380928,1220608,0,2,2,0,node4,node1,1,linkAggregateCore-remote-local
0.361071109772,0,462848,1261568,2,2,2,node4,node2,1,linkAggregateCore-remoteX-remoteY
0.335213899612,45056,1925120,1306624,2,2,2,node4,node3,1,linkAggregateCore-remoteX-remoteY
0.0773160457611,1616,282624,753664,0,0,0,node4,node4,1,linkAggregateCore-remoteX-remoteX
1.00135803223e-05,0,0,0,0,node1,1,start
-- DCELL --
        -- total_cell:4
        -- total_hosts:12
        -- total_host_switches:12
        -- hosts_per_cell:3
        -- host_switches_per_cell:3


Line structure:
        - time: time spent on task execution (seconds)
        - local memory: number of memory used to execute the task on local cluster node (bytes)
        - remote memory: number of memory used to execute the task on remote cluster node (bytes)
        - local processes: number of persistent processes created to execute the task on local cluster node
        - remote processes: number of persistent processes created to execute the task on remote cluster node
        - cluster node: the name of the cluster node on which the task is running
        - amount: amount of elements created (hosts, switches, links) on the task
        - description: a description that describe the what the task does

-<MininetCluster>-
--<RemoteSSHLink>--
0.000309944152832,0,0,0,0,node1,0,topology
0.035492181778,458752,0,1,0,node1,0,controller
0.0495309829712,32768,0,1,0,node1,1,cellSwitch
0.676694869995,49152,2662400,2,4,node2,1,cellSwitch
0.628538131714,1249280,2572288,2,4,node3,1,cellSwitch
0.634392023087,868352,3649536,2,4,node4,1,cellSwitch
0.139606952667,4370432,0,3,0,node1,3,hostCell
1.91617083549,3633152,10186752,6,12,node2,3,hostCell
1.93992209435,3923968,8417280,6,12,node3,3,hostCell
1.90093684196,5357568,9969664,6,12,node4,3,hostCell
0.137979030609,3244032,0,3,0,node1,3,hostSwitchCell
1.92059397697,3723264,8097792,6,12,node2,3,hostSwitchCell
1.91229295731,5181440,10104832,6,12,node3,3,hostSwitchCell
1.95182490349,3358720,7131136,6,12,node4,3,hostSwitchCell
0.0298290252686,4964352,0,0,0,node1,3,linkHostHostSwitch
0.0421879291534,0,1118208,0,0,node2,3,linkHostHostSwitch
0.0417590141296,0,1052672,0,0,node3,3,linkHostHostSwitch
0.0480830669403,0,32768,0,0,node4,3,linkHostHostSwitch
0.0372149944305,950272,0,0,0,node1,3,linkHostCellSwitch
0.0393860340118,0,102400,0,0,node2,3,linkHostCellSwitch
0.041540145874,0,1269760,0,0,node3,3,linkHostCellSwitch
0.0553979873657,0,831488,0,0,node4,3,linkHostCellSwitch
1.93152809143,225280,1409024,0,2,2,0,node1,node2,1,linkHostSwitchHostSwitch-local-remote
1.95560598373,1671168,1732608,0,2,2,0,node1,node3,1,linkHostSwitchHostSwitch-local-remote
1.99730706215,1167360,2134016,0,2,2,0,node1,node4,1,linkHostSwitchHostSwitch-local-remote
3.66732788086,806912,3608576,2584576,2,2,2,node2,node3,1,linkHostSwitchHostSwitch-remoteX-remoteY
3.71276092529,3219456,3719168,1880064,2,2,2,node2,node4,1,linkHostSwitchHostSwitch-remoteX-remoteY
3.74463510513,1544192,1822720,1572864,2,2,2,node3,node4,1,linkHostSwitchHostSwitch-remoteX-remoteY
0.881072044373,36249600,0,0,0,node1,1,start
-<MininetCluster>-
--<RemoteGRELink>--
0.000396013259888,8192,0,0,0,node1,0,topology
0.0444049835205,1261568,0,1,0,node1,0,controller
0.0425860881805,446464,0,1,0,node1,1,cellSwitch
0.643958091736,1093632,2322432,2,4,node2,1,cellSwitch
0.623090982437,684032,1966080,2,4,node3,1,cellSwitch
0.648187875748,1843200,3170304,2,4,node4,1,cellSwitch
0.132180929184,4063232,0,3,0,node1,3,hostCell
2.00325703621,2953216,9916416,6,12,node2,3,hostCell
1.95124387741,5607424,10383360,6,12,node3,3,hostCell
1.88940906525,3895296,10399744,6,12,node4,3,hostCell
0.142976999283,4710400,0,3,0,node1,3,hostSwitchCell
2.01421499252,5124096,9752576,6,12,node2,3,hostSwitchCell
1.91626501083,2351104,7757824,6,12,node3,3,hostSwitchCell
1.97601914406,4960256,7397376,6,12,node4,3,hostSwitchCell
0.0484259128571,3543040,0,0,0,node1,3,linkHostHostSwitch
0.0607931613922,0,319488,0,0,node2,3,linkHostHostSwitch
0.0589561462402,0,966656,0,0,node3,3,linkHostHostSwitch
0.0630960464478,0,61440,0,0,node4,3,linkHostHostSwitch
0.050773859024,1232896,0,0,0,node1,3,linkHostCellSwitch
0.0593678951263,0,24576,0,0,node2,3,linkHostCellSwitch
0.064178943634,0,397312,0,0,node3,3,linkHostCellSwitch
0.0623030662537,0,1282048,0,0,node4,3,linkHostCellSwitch
3.90431690216,1474560,761856,0,2,2,0,node1,node2,1,linkHostSwitchHostSwitch-local-remote
3.88357496262,1875968,430080,0,2,2,0,node1,node3,1,linkHostSwitchHostSwitch-local-remote
3.93136382103,1757184,94208,0,2,2,0,node1,node4,1,linkHostSwitchHostSwitch-local-remote
7.39724087715,487424,1282048,327680,2,2,2,node2,node3,1,linkHostSwitchHostSwitch-remoteX-remoteY
7.63363099098,155648,163840,974848,2,2,2,node2,node4,1,linkHostSwitchHostSwitch-remoteX-remoteY
7.59353804588,237568,90112,147456,2,2,2,node3,node4,1,linkHostSwitchHostSwitch-remoteX-remoteY
0.9069211483,36110336,0,0,0,node1,1,start
-<MaxiNet>-
6.01923298836,25165824,0,4,0,node1,2,MaxiNetFrontendServer
3.57689285278,0,14147584,0,3,node2,1,MaxiNetWorker
3.57526707649,0,13189120,0,3,node3,1,MaxiNetWorker
3.57524585724,0,16687104,0,3,node4,1,MaxiNetWorker
1.19724416733,811008,0,0,0,node1,0,topology
0.126358032227,36630528,0,1,0,node1,1,cellSwitch
0.139478206635,0,1798144,2,4,node2,1,cellSwitch
0.127959012985,0,442368,2,4,node3,1,cellSwitch
0.115160942078,253952,35299328,2,4,node4,1,cellSwitch
0.102352142334,2576384,0,3,0,node1,3,hostCell
0.124836921692,0,1064960,6,12,node2,3,hostCell
0.112162828445,0,1650688,6,12,node3,3,hostCell
0.119814872742,0,2625536,6,12,node4,3,hostCell
0.223577976227,1916928,0,3,0,node1,3,hostSwitchCell
0.244283914566,0,1064960,6,12,node2,3,hostSwitchCell
0.234575986862,0,741376,6,12,node3,3,hostSwitchCell
0.226918935776,0,1794048,6,12,node4,3,hostSwitchCell
0.139477968216,1667072,0,0,0,node1,3,linkHostHostSwitch
0.143254041672,0,163840,0,0,node2,3,linkHostHostSwitch
0.151529073715,0,503808,0,0,node3,3,linkHostHostSwitch
0.134598016739,0,577536,0,0,node4,3,linkHostHostSwitch
0.181679010391,262144,0,0,0,node1,3,linkHostCellSwitch
0.180208921432,0,684032,0,0,node2,3,linkHostCellSwitch
0.184855937958,0,1728512,0,0,node3,3,linkHostCellSwitch
0.177139997482,0,323584,0,0,node4,3,linkHostCellSwitch
0.33665895462,270336,962560,0,2,2,0,node1,node2,1,linkHostSwitchHostSwitch-local-remote
0.347724199295,368640,1654784,0,2,2,0,node1,node3,1,linkHostSwitchHostSwitch-local-remote
0.324515104294,364544,1163264,0,2,2,0,node1,node4,1,linkHostSwitchHostSwitch-local-remote
0.336123943329,0,626688,536576,2,2,2,node2,node3,1,linkHostSwitchHostSwitch-remoteX-remoteY
0.31856584549,0,589824,172032,2,2,2,node2,node4,1,linkHostSwitchHostSwitch-remoteX-remoteY
0.336297035217,0,557056,557056,2,2,2,node3,node4,1,linkHostSwitchHostSwitch-remoteX-remoteY
1.00135803223e-05,0,0,0,0,node1,1,start
